1
glueing
Genus of
[6 3]
[3 6]
Signature:  (2, 0)
Genus symbol at 2:    1^-2
Genus symbol at 3:     3^-1 9^-1
and
Genus of
[-6  3]
[ 3 -6]
Signature:  (0, 2)
Genus symbol at 2:    1^-2
Genus symbol at 3:     3^1 9^1
above 2
3^1 * 2 -- 3^1
Genus of
[ 6  3  0  0]
[ 3  6  0  0]
[ 0  0 -6  3]
[ 0  0  3 -6]
Signature:  (2, 2)
Genus symbol at 2:    1^4
Genus symbol at 3:     3^-2 9^-2
glueing
Genus of
[-18]
Signature:  (0, 1)
Genus symbol at 2:    [2^1]_7
Genus symbol at 3:     9^1
and
Genus of
[2]
Signature:  (1, 0)
Genus symbol at 2:    [2^1]_1
above 2
Found an isometry of order: 6
glueing
Genus of
[12  6]
[ 6 12]
Signature:  (2, 0)
Genus symbol at 2:    2^-2
Genus symbol at 3:     3^1 9^1
and
Genus of
[-12   6]
[  6 -12]
Signature:  (0, 2)
Genus symbol at 2:    2^-2
Genus symbol at 3:     3^-1 9^-1
above 2
3^1 * 2 -- 3^1
Genus of
[  0   3  -6   3]
[  3   0   3  -6]
[ -6   3 -12   6]
[  3  -6   6 -12]
Signature:  (2, 2)
Genus symbol at 2:    1^4
Genus symbol at 3:     3^-2 9^-2
Found an isometry of order: 6
glueing
Genus of
[-18]
Signature:  (0, 1)
Genus symbol at 2:    [2^1]_7
Genus symbol at 3:     9^1
and
Genus of
[2]
Signature:  (1, 0)
Genus symbol at 2:    [2^1]_1
above 2
3^1 * 2 -- 3^1
Genus of
[-12  -6  -6  -3]
[ -6 -12  -3  -6]
[ -6  -3   0   0]
[ -3  -6   0   0]
Signature:  (2, 2)
Genus symbol at 2:    1^4
Genus symbol at 3:     3^-2 9^-2
glueing
Genus of
[-18]
Signature:  (0, 1)
Genus symbol at 2:    [2^1]_7
Genus symbol at 3:     9^1
and
Genus of
[2]
Signature:  (1, 0)
Genus symbol at 2:    [2^1]_1
above 2
Found an isometry of order: 6
