1
3^1 * 2 -- 3^1
Genus of
[8 4]
[4 8]
Signature:  (2, 0)
Genus symbol at 2:    4^-2
Genus symbol at 3:     1^-1 3^-1
glueing
Genus of
[-4]
Signature:  (0, 1)
Genus symbol at 2:    [4^1]_7
and
Genus of
[ 0  0  0  0  4]
[ 0 -2 -1  0  0]
[ 0 -1 -2  0  0]
[ 0  0  0 -4  0]
[ 4  0  0  0  0]
Signature:  (1, 4)
Genus symbol at 2:    1^-2:[4^3]_7
Genus symbol at 3:     1^4 3^1
above 2
glueing
Genus of
[-4]
Signature:  (0, 1)
Genus symbol at 2:    [4^1]_7
and
Genus of
[ 0  0  0  0  1]
[ 0 -4  0  0  0]
[ 0  0 -8 -4  0]
[ 0  0 -4 -8  0]
[ 1  0  0  0  0]
Signature:  (1, 4)
Genus symbol at 2:    1^2:[4^-3]_7
Genus symbol at 3:     1^4 3^1
above 2
glueing
Genus of
[-6]
Signature:  (0, 1)
Genus symbol at 2:    [2^-1]_5
Genus symbol at 3:     3^1
and
Genus of
[ 0  0  0  0  4]
[ 0 -2  0  0  0]
[ 0  0 -2  0  0]
[ 0  0  0 -2  0]
[ 4  0  0  0  0]
Signature:  (1, 4)
Genus symbol at 2:    [2^3]_5 4^2
above 2
Found an isometry of order: 6
glueing
Genus of
[-8]
Signature:  (0, 1)
Genus symbol at 2:    [8^1]_7
and
Genus of
[-2 -1  0  0  0]
[-1 -2  0  0  0]
[ 0  0 -2  0  0]
[ 0  0  0 -2  2]
[ 0  0  0  2  6]
Signature:  (1, 4)
Genus symbol at 2:    1^-2 [2^2]_6 [8^1]_1
Genus symbol at 3:     1^-4 3^1
above 2
glueing
Genus of
[-24]
Signature:  (0, 1)
Genus symbol at 2:    [8^-1]_5
Genus symbol at 3:     3^1
and
Genus of
[ 2  0  0  0  1]
[ 0 -2  0  0  0]
[ 0  0 -2  0  0]
[ 0  0  0 -2  1]
[ 1  0  0  1 -2]
Signature:  (1, 4)
Genus symbol at 2:    1^2 [2^2]_6 [8^1]_7
above 2
Found an isometry of order: 6
glueing
Genus of
[-8 -4]
[-4 -8]
Signature:  (0, 2)
Genus symbol at 2:    4^-2
Genus symbol at 3:     1^1 3^1
and
Genus of
[ 0  0  0  1]
[ 0 -2  0  0]
[ 0  0 -2  0]
[ 1  0  0  0]
Signature:  (1, 3)
Genus symbol at 2:    1^2 [2^2]_6
above 2
Found an isometry of order: 6
glueing
Genus of
[-4  0]
[ 0 -4]
Signature:  (0, 2)
Genus symbol at 2:    [4^2]_6
and
Genus of
[ 0  0  0  4]
[ 0 -2 -1  0]
[ 0 -1 -2  0]
[ 4  0  0  0]
Signature:  (1, 3)
Genus symbol at 2:    1^-2:4^2
Genus symbol at 3:     1^-3 3^1
above 2
glueing
Genus of
[-4  0]
[ 0 -4]
Signature:  (0, 2)
Genus symbol at 2:    [4^2]_6
and
Genus of
[-2 -1  0  0]
[-1 -2  0  0]
[ 0  0 -4  0]
[ 0  0  0  4]
Signature:  (1, 3)
Genus symbol at 2:    1^-2:[4^2]_0
Genus symbol at 3:     1^-3 3^1
above 2
glueing
Genus of
[-4  0]
[ 0 -4]
Signature:  (0, 2)
Genus symbol at 2:    [4^2]_6
and
Genus of
[ 0  0  0  1]
[ 0 -8 -4  0]
[ 0 -4 -8  0]
[ 1  0  0  0]
Signature:  (1, 3)
Genus symbol at 2:    1^2:4^-2
Genus symbol at 3:     1^-3 3^1
above 2
glueing
Genus of
[-8 -4]
[-4 -8]
Signature:  (0, 2)
Genus symbol at 2:    4^-2
Genus symbol at 3:     1^1 3^1
and
Genus of
[ 0  0  0  2]
[ 0 -2  0  1]
[ 0  0 -2  1]
[ 2  1  1  2]
Signature:  (1, 3)
Genus symbol at 2:    1^-2:[4^-2]_6
above 2
glueing
Genus of
[-8 -4]
[-4 -8]
Signature:  (0, 2)
Genus symbol at 2:    4^-2
Genus symbol at 3:     1^1 3^1
and
Genus of
[ 0  0  0  1]
[ 0 -4  0  0]
[ 0  0 -4  0]
[ 1  0  0  0]
Signature:  (1, 3)
Genus symbol at 2:    1^2:[4^2]_6
above 2
glueing
Genus of
[-8 -4]
[-4 -8]
Signature:  (0, 2)
Genus symbol at 2:    4^-2
Genus symbol at 3:     1^1 3^1
and
Genus of
[ 0  0  0  2]
[ 0 -2  0  0]
[ 0  0 -2  0]
[ 2  0  0  0]
Signature:  (1, 3)
Genus symbol at 2:    [2^4]_6
above 2
Found an isometry of order: 6
glueing
Genus of
[-4  0]
[ 0 -4]
Signature:  (0, 2)
Genus symbol at 2:    [4^2]_6
and
Genus of
[ 0  0  0  4]
[ 0 -2  0  0]
[ 0  0 -6  0]
[ 4  0  0  4]
Signature:  (1, 3)
Genus symbol at 2:    [2^-2 4^2]_4
Genus symbol at 3:     1^-3 3^1
above 2
glueing
Genus of
[-4  0]
[ 0 -4]
Signature:  (0, 2)
Genus symbol at 2:    [4^2]_6
and
Genus of
[ 0  0  0  2]
[ 0 -8 -4  0]
[ 0 -4 -8  0]
[ 2  0  0  0]
Signature:  (1, 3)
Genus symbol at 2:    2^2:4^-2
Genus symbol at 3:     1^-3 3^1
above 2
glueing
Genus of
[-4  0]
[ 0 -4]
Signature:  (0, 2)
Genus symbol at 2:    [4^2]_6
and
Genus of
[ 2  0  0  0]
[ 0 -2  0  0]
[ 0  0 -8 -4]
[ 0  0 -4 -8]
Signature:  (1, 3)
Genus symbol at 2:    [2^-2]_4 4^2
Genus symbol at 3:     1^-3 3^1
above 2
glueing
Genus of
[-4  0]
[ 0 -6]
Signature:  (0, 2)
Genus symbol at 2:    [2^-1 4^1]_4
Genus symbol at 3:     1^-1 3^1
and
Genus of
[ 0  0  0  4]
[ 0 -2  0  0]
[ 0  0 -4  0]
[ 4  0  0  0]
Signature:  (1, 3)
Genus symbol at 2:    [2^1 4^3]_6
above 2
Found an isometry of order: 6
Found an isometry of order: 6
glueing
Genus of
[-4  0]
[ 0 -8]
Signature:  (0, 2)
Genus symbol at 2:    [4^1 8^1]_6
and
Genus of
[ 2  0  0  1]
[ 0 -2  0  1]
[ 0  0 -4  0]
[ 1  1  0 -6]
Signature:  (1, 3)
Genus symbol at 2:    1^-2:[4^1 8^1]_0
Genus symbol at 3:     1^3 3^1
above 2
glueing
Genus of
[-4  0]
[ 0 -8]
Signature:  (0, 2)
Genus symbol at 2:    [4^1 8^1]_6
and
Genus of
[  0   0   0   1]
[  0  -4   0   0]
[  0   0 -24   0]
[  1   0   0   0]
Signature:  (1, 3)
Genus symbol at 2:    1^2:[4^-1 8^1]_0
Genus symbol at 3:     1^3 3^1
above 2
glueing
Genus of
[-6  0]
[ 0 -8]
Signature:  (0, 2)
Genus symbol at 2:    [2^-1]_5 [8^1]_7
Genus symbol at 3:     1^1 3^1
and
Genus of
[ 0  0  0  4]
[ 0 -2  0  0]
[ 0  0 -2  0]
[ 4  0  0 -2]
Signature:  (1, 3)
Genus symbol at 2:    [2^3]_5 [8^1]_1
above 2
Found an isometry of order: 6
glueing
Genus of
[-8 -4]
[-4 -8]
Signature:  (0, 2)
Genus symbol at 2:    4^-2
Genus symbol at 3:     1^1 3^1
and
Genus of
[-2  0  0  0]
[ 0 -2  0  0]
[ 0  0 -4  0]
[ 0  0  0  4]
Signature:  (1, 3)
Genus symbol at 2:    [2^2 4^2]_6
above 2
glueing
Genus of
[-8 -4]
[-4 -8]
Signature:  (0, 2)
Genus symbol at 2:    4^-2
Genus symbol at 3:     1^1 3^1
and
Genus of
[ 0  0  0  4]
[ 0 -2  0  0]
[ 0  0 -2  0]
[ 4  0  0  0]
Signature:  (1, 3)
Genus symbol at 2:    [2^2]_6 4^2
above 2
glueing
Genus of
[-8 -4]
[-4 -8]
Signature:  (0, 2)
Genus symbol at 2:    4^-2
Genus symbol at 3:     1^1 3^1
and
Genus of
[ 0  0  0  2]
[ 0 -4  0  0]
[ 0  0 -4  0]
[ 2  0  0  0]
Signature:  (1, 3)
Genus symbol at 2:    2^2 [4^2]_6
above 2
glueing
Genus of
[ -4   0]
[  0 -24]
Signature:  (0, 2)
Genus symbol at 2:    [4^-1 8^1]_0
Genus symbol at 3:     1^-1 3^1
and
Genus of
[ 2  0  1  0]
[ 0 -2  1  0]
[ 1  1 -2  0]
[ 0  0  0 -4]
Signature:  (1, 3)
Genus symbol at 2:    1^-2:[4^-1 8^1]_6
above 2
Found an isometry of order: 6
glueing
Genus of
[ -4   0]
[  0 -24]
Signature:  (0, 2)
Genus symbol at 2:    [4^-1 8^1]_0
Genus symbol at 3:     1^-1 3^1
and
Genus of
[ 0  0  0  1]
[ 0 -4  0  0]
[ 0  0 -8  0]
[ 1  0  0  0]
Signature:  (1, 3)
Genus symbol at 2:    1^2:[4^1 8^1]_6
above 2
Found an isometry of order: 6
glueing
Genus of
[-4  0  0]
[ 0 -4  0]
[ 0  0 -4]
Signature:  (0, 3)
Genus symbol at 2:    [4^3]_5
and
Genus of
[-2 -1  0]
[-1 -2  0]
[ 0  0  4]
Signature:  (1, 2)
Genus symbol at 2:    1^-2:[4^1]_1
Genus symbol at 3:     1^2 3^1
above 2
glueing
Genus of
[-4  0  0]
[ 0 -8  4]
[ 0  4 -8]
Signature:  (0, 3)
Genus symbol at 2:    [4^-3]_7
Genus symbol at 3:     1^-2 3^1
and
Genus of
[ 0  0  1]
[ 0 -4  0]
[ 1  0  0]
Signature:  (1, 2)
Genus symbol at 2:    1^2:[4^1]_7
above 2
Found an isometry of order: 6
glueing
Genus of
[-4 -2 -2]
[-2 -4 -2]
[-2 -2 -4]
Signature:  (0, 3)
Genus symbol at 2:    2^-2:[8^-1]_5
and
Genus of
[-4  0  2]
[ 0  4  2]
[ 2  2 -6]
Signature:  (1, 2)
Genus symbol at 2:    [2^-2]_6 [8^1]_7
Genus symbol at 3:     1^-2 3^1
above 2
glueing
Genus of
[-4  0  0]
[ 0 -4  0]
[ 0  0 -4]
Signature:  (0, 3)
Genus symbol at 2:    [4^3]_5
and
Genus of
[-2  0  0]
[ 0  4  0]
[ 0  0 -6]
Signature:  (1, 2)
Genus symbol at 2:    [2^-2 4^1]_5
Genus symbol at 3:     1^2 3^1
above 2
glueing
Genus of
[-4  0  0]
[ 0 -4  0]
[ 0  0 -6]
Signature:  (0, 3)
Genus symbol at 2:    [2^-1 4^2]_3
Genus symbol at 3:     1^2 3^1
and
Genus of
[ 2  0  0]
[ 0 -4  0]
[ 0  0 -4]
Signature:  (1, 2)
Genus symbol at 2:    [2^1 4^2]_7
above 2
Found an isometry of order: 6
Found an isometry of order: 6
glueing
Genus of
[-4  0  0]
[ 0 -4  0]
[ 0  0 -6]
Signature:  (0, 3)
Genus symbol at 2:    [2^-1 4^2]_3
Genus symbol at 3:     1^2 3^1
and
Genus of
[ 0  0  4]
[ 0 -2  0]
[ 4  0  0]
Signature:  (1, 2)
Genus symbol at 2:    [2^1]_7 4^2
above 2
glueing
Genus of
[-4  0 -2]
[ 0 -4 -2]
[-2 -2 -8]
Signature:  (0, 3)
Genus symbol at 2:    2^2:[8^-1]_3
Genus symbol at 3:     1^2 3^1
and
Genus of
[-2  0  0]
[ 0 -2  2]
[ 0  2  6]
Signature:  (1, 2)
Genus symbol at 2:    [2^2]_6 [8^1]_1
above 2
Found an isometry of order: 6
glueing
Genus of
[-4  0  0]
[ 0 -8  4]
[ 0  4 -8]
Signature:  (0, 3)
Genus symbol at 2:    [4^-3]_7
Genus symbol at 3:     1^-2 3^1
and
Genus of
[ 0  0  2]
[ 0 -4  0]
[ 2  0  2]
Signature:  (1, 2)
Genus symbol at 2:    [2^2 4^1]_7
above 2
Found an isometry of order: 6
glueing
Genus of
[-4  0  0]
[ 0 -8  4]
[ 0  4 -8]
Signature:  (0, 3)
Genus symbol at 2:    [4^-3]_7
Genus symbol at 3:     1^-2 3^1
and
Genus of
[ 0  0  2]
[ 0 -4  0]
[ 2  0  0]
Signature:  (1, 2)
Genus symbol at 2:    2^2 [4^1]_7
above 2
Found an isometry of order: 6
glueing
Genus of
[-4  0  0]
[ 0 -4  0]
[ 0  0 -4]
Signature:  (0, 3)
Genus symbol at 2:    [4^3]_5
and
Genus of
[ 4  0  0]
[ 0 -8 -4]
[ 0 -4 -8]
Signature:  (1, 2)
Genus symbol at 2:    [4^-3]_1
Genus symbol at 3:     1^2 3^1
above 2
glueing
Genus of
[-4  0  0]
[ 0 -6  0]
[ 0  0 -8]
Signature:  (0, 3)
Genus symbol at 2:    [2^-1 4^1 8^1]_3
Genus symbol at 3:     1^-2 3^1
and
Genus of
[ 0  0  4]
[ 0 -4  0]
[ 4  0  2]
Signature:  (1, 2)
Genus symbol at 2:    [2^1 4^1 8^1]_7
above 2
Found an isometry of order: 6
Found an isometry of order: 6
glueing
Genus of
[-4  0  0]
[ 0 -8  4]
[ 0  4 -8]
Signature:  (0, 3)
Genus symbol at 2:    [4^-3]_7
Genus symbol at 3:     1^-2 3^1
and
Genus of
[ 0  0  4]
[ 0 -4  0]
[ 4  0  0]
Signature:  (1, 2)
Genus symbol at 2:    [4^3]_7
above 2
glueing
Genus of
[-4 -2 -2 -2]
[-2 -4  0  0]
[-2  0 -4  0]
[-2  0  0 -4]
Signature:  (0, 4)
Genus symbol at 2:    2^-2:4^-2
and
Genus of
[ 2  2]
[ 2 -4]
Signature:  (1, 1)
Genus symbol at 2:    [2^-2]_6
Genus symbol at 3:     1^-1 3^1
above 2
glueing
Genus of
[-4 -2 -2 -2]
[-2 -4  0  0]
[-2  0 -4  0]
[-2  0  0 -4]
Signature:  (0, 4)
Genus symbol at 2:    2^-2:4^-2
and
Genus of
[-4  4]
[ 4  8]
Signature:  (1, 1)
Genus symbol at 2:    [4^-2]_2
Genus symbol at 3:     1^-1 3^1
above 2
glueing
Genus of
[-4  2 -2 -2]
[ 2 -4  0  2]
[-2  0 -4 -2]
[-2  2 -2 -8]
Signature:  (0, 4)
Genus symbol at 2:    2^-2 [4^2]_2
Genus symbol at 3:     1^3 3^1
and
Genus of
[0 4]
[4 0]
Signature:  (1, 1)
Genus symbol at 2:    4^2
above 2
glueing
Genus of
[-4  2 -2 -2]
[ 2 -4  0  2]
[-2  0 -4 -2]
[-2  2 -2 -8]
Signature:  (0, 4)
Genus symbol at 2:    2^-2 [4^2]_2
Genus symbol at 3:     1^3 3^1
and
Genus of
[4 4]
[4 0]
Signature:  (1, 1)
Genus symbol at 2:    [4^2]_0
above 2
Found an isometry of order: 6
glueing
Genus of
[-4 -2 -2  0]
[-2 -4 -2  0]
[-2 -2 -4  0]
[ 0  0  0 -6]
Signature:  (0, 4)
Genus symbol at 2:    [2^-3]_1 [8^1]_1
Genus symbol at 3:     1^3 3^1
and
Genus of
[2 4]
[4 0]
Signature:  (1, 1)
Genus symbol at 2:    [2^1]_1 [8^1]_7
above 2
Found an isometry of order: 6
glueing
Genus of
[-4  0  0  0]
[ 0 -4  0  0]
[ 0  0 -4  0]
[ 0  0  0 -6]
Signature:  (0, 4)
Genus symbol at 2:    [2^-1 4^3]_2
Genus symbol at 3:     1^-3 3^1
and
Genus of
[ 2  2]
[ 2 -2]
Signature:  (1, 1)
Genus symbol at 2:    [2^1 4^1]_0
above 2
Found an isometry of order: 6
Found an isometry of order: 6
glueing
Genus of
[-4 -2 -2 -2  0]
[-2 -4  0  0  0]
[-2  0 -4  0  0]
[-2  0  0 -4  0]
[ 0  0  0  0 -6]
Signature:  (0, 5)
Genus symbol at 2:    [2^-3]_1 4^2
Genus symbol at 3:     1^4 3^1
and
Genus of
[2]
Signature:  (1, 0)
Genus symbol at 2:    [2^1]_1
above 2
Found an isometry of order: 6
