1
3^1 * 2 -- 3^1
Genus of
[10  5]
[ 5 10]
Signature:  (2, 0)
Genus symbol at 2:    1^-2
Genus symbol at 3:     1^1 3^1
Genus symbol at 5:     5^-2
glueing
Genus of
[-10]
Signature:  (0, 1)
Genus symbol at 2:    [2^-1]_3
Genus symbol at 5:     5^-1
and
Genus of
[  0   0   1]
[  0 -30   0]
[  1   0   0]
Signature:  (1, 2)
Genus symbol at 2:    1^2 [2^1]_1
Genus symbol at 3:     1^-2 3^-1
Genus symbol at 5:     1^2 5^1
above 2
glueing
Genus of
[-30]
Signature:  (0, 1)
Genus symbol at 2:    [2^1]_1
Genus symbol at 3:     3^-1
Genus symbol at 5:     5^1
and
Genus of
[  0   0   1]
[  0 -10   0]
[  1   0   0]
Signature:  (1, 2)
Genus symbol at 2:    1^-2 [2^1]_7
Genus symbol at 5:     1^2 5^-1
above 2
Found an isometry of order: 6
glueing
Genus of
[-10  -5]
[ -5 -10]
Signature:  (0, 2)
Genus symbol at 2:    1^-2
Genus symbol at 3:     1^-1 3^-1
Genus symbol at 5:     5^-2
and
Genus of
[0 1]
[1 0]
Signature:  (1, 1)
Genus symbol at 2:    1^2
above 2
Found an isometry of order: 6
glueing
Genus of
[-4 -2]
[-2 -6]
Signature:  (0, 2)
Genus symbol at 2:    [2^-2]_6
Genus symbol at 5:     1^1 5^1
and
Genus of
[-4  6]
[ 6  6]
Signature:  (1, 1)
Genus symbol at 2:    [2^2]_6
Genus symbol at 3:     1^-1 3^-1
Genus symbol at 5:     1^1 5^-1
above 2
glueing
Genus of
[-10   0]
[  0 -30]
Signature:  (0, 2)
Genus symbol at 2:    [2^-2]_4
Genus symbol at 3:     1^-1 3^-1
Genus symbol at 5:     5^-2
and
Genus of
[2 2]
[2 0]
Signature:  (1, 1)
Genus symbol at 2:    [2^2]_0
above 2
Found an isometry of order: 6
glueing
Genus of
[-4 -1 -1]
[-1 -4  1]
[-1  1 -4]
Signature:  (0, 3)
Genus symbol at 2:    1^2 [2^1]_1
Genus symbol at 5:     1^1 5^-2
and
Genus of
[6]
Signature:  (1, 0)
Genus symbol at 2:    [2^-1]_3
Genus symbol at 3:     3^-1
above 2
