1
3^1 * 2 -- 3^1
Genus of
[2 1]
[1 2]
Signature:  (2, 0)
Genus symbol at 2:    1^-2
Genus symbol at 3:     1^-1 3^-1
glueing
Genus of
[-6]
Signature:  (0, 1)
Genus symbol at 2:    [2^-1]_5
Genus symbol at 3:     3^1
and
Genus of
[ 0  0  0  0  0  0  3]
[ 0 -4  2  1  1 -2 -1]
[ 0  2 -4  1 -2  1 -1]
[ 0  1  1 -4 -1 -1  1]
[ 0  1 -2 -1 -4 -1  1]
[ 0 -2  1 -1 -1 -4  1]
[ 3 -1 -1  1  1  1  2]
Signature:  (1, 6)
Genus symbol at 2:    1^6 [2^1]_7
Genus symbol at 3:     1^-1 3^6
above 2
Found an isometry of order: 6
glueing
Genus of
[-4 -2]
[-2 -4]
Signature:  (0, 2)
Genus symbol at 2:    2^-2
Genus symbol at 3:     1^-1 3^-1
and
Genus of
[ 0  0  0  0  0  3]
[ 0 -6  3 -3  3  0]
[ 0  3 -6  3  0  0]
[ 0 -3  3 -6  3  0]
[ 0  3  0  3 -6  0]
[ 3  0  0  0  0  0]
Signature:  (1, 5)
Genus symbol at 2:    1^-4:2^-2
Genus symbol at 3:     3^-6
above 2
glueing
Genus of
[-6  0]
[ 0 -6]
Signature:  (0, 2)
Genus symbol at 2:    [2^2]_2
Genus symbol at 3:     3^2
and
Genus of
[ 0  0  0  0  0  3]
[ 0 -4  2  1 -1 -1]
[ 0  2 -4 -2  2 -1]
[ 0  1 -2 -4  1  1]
[ 0 -1  2  1 -4 -1]
[ 3 -1 -1  1 -1  2]
Signature:  (1, 5)
Genus symbol at 2:    1^-4 [2^2]_6
Genus symbol at 3:     1^-1 3^5
above 2
Found an isometry of order: 6
glueing
Genus of
[-4  2  0]
[ 2 -4  0]
[ 0  0 -6]
Signature:  (0, 3)
Genus symbol at 2:    [2^3]_5
Genus symbol at 3:     1^-1 3^-2
and
Genus of
[ 0  0  0  0  3]
[ 0 -6  0  0  0]
[ 0  0 -6  0  0]
[ 0  0  0 -6  0]
[ 3  0  0  0  0]
Signature:  (1, 4)
Genus symbol at 2:    1^-2 [2^3]_3
Genus symbol at 3:     3^-5
above 2
Found an isometry of order: 6
glueing
Genus of
[-6  0  0]
[ 0 -6  0]
[ 0  0 -6]
Signature:  (0, 3)
Genus symbol at 2:    [2^-3]_7
Genus symbol at 3:     3^3
and
Genus of
[ 0  0  0  0  3]
[ 0 -4 -2  0  1]
[ 0 -2 -4  0 -4]
[ 0  0  0 -6 -3]
[ 3  1 -4 -3  2]
Signature:  (1, 4)
Genus symbol at 2:    1^2 [2^3]_5
Genus symbol at 3:     1^-1 3^4
above 2
Found an isometry of order: 6
glueing
Genus of
[-4 -2  1 -1]
[-2 -4  2 -2]
[ 1  2 -4  1]
[-1 -2  1 -4]
Signature:  (0, 4)
Genus symbol at 2:    1^-2 [2^2]_6
Genus symbol at 3:     1^-1 3^-3
and
Genus of
[ 0  0  0  3]
[ 0 -6  0  0]
[ 0  0 -6  0]
[ 3  0  0  0]
Signature:  (1, 3)
Genus symbol at 2:    1^2 [2^2]_2
Genus symbol at 3:     3^-4
above 2
Found an isometry of order: 6
glueing
Genus of
[-6 -3 -3 -3]
[-3 -6  0  0]
[-3  0 -6  0]
[-3  0  0 -6]
Signature:  (0, 4)
Genus symbol at 2:    1^-2:2^-2
Genus symbol at 3:     3^4
and
Genus of
[ 0  0  0  3]
[ 0 -4  2 -1]
[ 0  2 -4 -1]
[ 3 -1 -1  2]
Signature:  (1, 3)
Genus symbol at 2:    1^2:2^-2
Genus symbol at 3:     1^-1 3^3
above 2
Found an isometry of order: 6
glueing
Genus of
[-4 -2  0  0]
[-2 -4  0  0]
[ 0  0 -6  0]
[ 0  0  0 -6]
Signature:  (0, 4)
Genus symbol at 2:    [2^-4]_2
Genus symbol at 3:     1^-1 3^-3
and
Genus of
[ 0  0  0  6]
[ 0 -6  0  0]
[ 0  0 -6  0]
[ 6  0  0  0]
Signature:  (1, 3)
Genus symbol at 2:    [2^4]_2
Genus symbol at 3:     3^-4
above 2
Found an isometry of order: 6
Found an isometry of order: 6
glueing
Genus of
[-6  0  0  0]
[ 0 -6  0  0]
[ 0  0 -6  0]
[ 0  0  0 -6]
Signature:  (0, 4)
Genus symbol at 2:    [2^4]_4
Genus symbol at 3:     3^4
and
Genus of
[ 2  4  0  0]
[ 4  2  0  0]
[ 0  0 -6  0]
[ 0  0  0 -6]
Signature:  (1, 3)
Genus symbol at 2:    [2^-4]_0
Genus symbol at 3:     1^-1 3^3
above 2
Found an isometry of order: 6
Found an isometry of order: 6
glueing
Genus of
[-4 -2 -1  2 -1]
[-2 -4 -2  1  1]
[-1 -2 -4 -1 -1]
[ 2  1 -1 -4 -1]
[-1  1 -1 -1 -4]
Signature:  (0, 5)
Genus symbol at 2:    1^4 [2^1]_7
Genus symbol at 3:     1^-1 3^-4
and
Genus of
[ 0  0  3]
[ 0 -6  0]
[ 3  0  0]
Signature:  (1, 2)
Genus symbol at 2:    1^-2 [2^1]_1
Genus symbol at 3:     3^-3
above 2
Found an isometry of order: 6
glueing
Genus of
[-4  2  1 -1  0]
[ 2 -4 -2  2  0]
[ 1 -2 -4  1  0]
[-1  2  1 -4  0]
[ 0  0  0  0 -6]
Signature:  (0, 5)
Genus symbol at 2:    1^2 [2^3]_7
Genus symbol at 3:     1^-1 3^-4
and
Genus of
[ 0  0  6]
[ 0 -6  0]
[ 6  0  0]
Signature:  (1, 2)
Genus symbol at 2:    [2^-3]_5
Genus symbol at 3:     3^-3
above 2
Found an isometry of order: 6
Found an isometry of order: 6
Found an isometry of order: 6
glueing
Genus of
[-6 -3  3 -3  0]
[-3 -6  0  0  0]
[ 3  0 -6  0  0]
[-3  0  0 -6  0]
[ 0  0  0  0 -6]
Signature:  (0, 5)
Genus symbol at 2:    1^-2 [2^3]_5
Genus symbol at 3:     3^5
and
Genus of
[ 2  0  0]
[ 0 -6  0]
[ 0  0 -6]
Signature:  (1, 2)
Genus symbol at 2:    [2^3]_3
Genus symbol at 3:     1^-1 3^2
above 2
Found an isometry of order: 6
Found an isometry of order: 6
Found an isometry of order: 6
glueing
Genus of
[-4  2 -1  2  1  1]
[ 2 -4 -1 -1 -2 -2]
[-1 -1 -4 -1  1 -2]
[ 2 -1 -1 -4  1 -2]
[ 1 -2  1  1 -4 -1]
[ 1 -2 -2 -2 -1 -4]
Signature:  (0, 6)
Genus symbol at 2:    1^-6
Genus symbol at 3:     1^-1 3^-5
and
Genus of
[0 3]
[3 0]
Signature:  (1, 1)
Genus symbol at 2:    1^2
Genus symbol at 3:     3^-2
above 2
Found an isometry of order: 6
glueing
Genus of
[-4  2 -1 -1 -1 -1]
[ 2 -4 -1 -1 -1 -1]
[-1 -1 -4 -1 -1 -1]
[-1 -1 -1 -4 -1 -1]
[-1 -1 -1 -1 -4 -1]
[-1 -1 -1 -1 -1 -4]
Signature:  (0, 6)
Genus symbol at 2:    1^-4:2^2
Genus symbol at 3:     1^-1 3^-5
and
Genus of
[0 6]
[6 0]
Signature:  (1, 1)
Genus symbol at 2:    2^2
Genus symbol at 3:     3^-2
above 2
Found an isometry of order: 6
Found an isometry of order: 6
glueing
Genus of
[-4 -2 -1 -1 -2  0]
[-2 -4 -2  1 -1  0]
[-1 -2 -4 -1 -2  0]
[-1  1 -1 -4 -2  0]
[-2 -1 -2 -2 -4  0]
[ 0  0  0  0  0 -6]
Signature:  (0, 6)
Genus symbol at 2:    1^-4 [2^2]_0
Genus symbol at 3:     1^-1 3^-5
and
Genus of
[6 6]
[6 0]
Signature:  (1, 1)
Genus symbol at 2:    [2^2]_0
Genus symbol at 3:     3^-2
above 2
Found an isometry of order: 6
Found an isometry of order: 6
Found an isometry of order: 6
glueing
Genus of
[-6  3  3 -3  3  3]
[ 3 -6 -3  3  0 -3]
[ 3 -3 -6  0  0 -3]
[-3  3  0 -6  3  0]
[ 3  0  0  3 -6  0]
[ 3 -3 -3  0  0 -6]
Signature:  (0, 6)
Genus symbol at 2:    1^4 [2^2]_6
Genus symbol at 3:     3^6
and
Genus of
[ 2  2]
[ 2 -4]
Signature:  (1, 1)
Genus symbol at 2:    [2^-2]_6
Genus symbol at 3:     1^-1 3^1
above 2
Found an isometry of order: 6
Found an isometry of order: 6
glueing
Genus of
[-4  2  1  1 -2  2  0]
[ 2 -4 -2  1  1 -1  0]
[ 1 -2 -4  2 -1  1  0]
[ 1  1  2 -4  2 -2  0]
[-2  1 -1  2 -4  1  0]
[ 2 -1  1 -2  1 -4  0]
[ 0  0  0  0  0  0 -6]
Signature:  (0, 7)
Genus symbol at 2:    1^6 [2^1]_1
Genus symbol at 3:     1^-1 3^-6
and
Genus of
[6]
Signature:  (1, 0)
Genus symbol at 2:    [2^-1]_3
Genus symbol at 3:     3^-1
above 2
Found an isometry of order: 6
Found an isometry of order: 6
Found an isometry of order: 6
glueing
Genus of
[-6  3  3  3  0  3 -3]
[ 3 -6 -3 -3  3 -3  3]
[ 3 -3 -6  0  3 -3  3]
[ 3 -3  0 -6  0 -3  3]
[ 0  3  3  0 -6  0 -3]
[ 3 -3 -3 -3  0 -6  3]
[-3  3  3  3 -3  3 -6]
Signature:  (0, 7)
Genus symbol at 2:    1^-6 [2^1]_7
Genus symbol at 3:     3^7
and
Genus of
[2]
Signature:  (1, 0)
Genus symbol at 2:    [2^1]_1
above 2
Found an isometry of order: 6
Found an isometry of order: 6
