1
3^1 * 2 -- 3^1
Genus of
[2 1]
[1 2]
Signature:  (2, 0)
Genus symbol at 2:    1^-2
Genus symbol at 3:     1^-1 3^-1
glueing
Genus of
[-4]
Signature:  (0, 1)
Genus symbol at 2:    [4^1]_7
and
Genus of
[ 0  0  0  0  0  0  0  0  0  0  2]
[ 0 -2  0  0  0 -1 -1  0  0  0  0]
[ 0  0 -2  0  0 -1  1  0  0  0  0]
[ 0  0  0 -2  0  1 -1  0  0  0  0]
[ 0  0  0  0 -2  1  1  0  0  0  0]
[ 0 -1 -1  1  1 -4 -1  1  0  0  0]
[ 0 -1  1 -1  1 -1 -4  1  0  0  0]
[ 0  0  0  0  0  1  1 -2  0  0  0]
[ 0  0  0  0  0  0  0  0 -2 -1  0]
[ 0  0  0  0  0  0  0  0 -1 -2  0]
[ 2  0  0  0  0  0  0  0  0  0  0]
Signature:  (1, 10)
Genus symbol at 2:    1^-4:2^6 [4^1]_1
Genus symbol at 3:     1^10 3^1
above 2
glueing
Genus of
[-6]
Signature:  (0, 1)
Genus symbol at 2:    [2^-1]_5
Genus symbol at 3:     3^1
and
Genus of
[ 0  0  0  0  0  0  0  0  0  0  1]
[ 0 -4 -2  2 -2  2 -2  2 -2  0  0]
[ 0 -2 -4  2 -2  2  0  2 -2  0  0]
[ 0  2  2 -4  0 -2  0 -2  0  0  0]
[ 0 -2 -2  0 -4  2 -2  0 -2  0  0]
[ 0  2  2 -2  2 -4  2  0  2  0  0]
[ 0 -2  0  0 -2  2 -4  0 -2  0  0]
[ 0  2  2 -2  0  0  0 -4  0  0  0]
[ 0 -2 -2  0 -2  2 -2  0 -4  0  0]
[ 0  0  0  0  0  0  0  0  0 -2  0]
[ 1  0  0  0  0  0  0  0  0  0  0]
Signature:  (1, 10)
Genus symbol at 2:    1^2 [2^9]_7
above 2
Found an isometry of order: 6
glueing
Genus of
[-4  0]
[ 0 -4]
Signature:  (0, 2)
Genus symbol at 2:    [4^2]_6
and
Genus of
[ 0  0  0  0  0  0  0  0  0  1]
[ 0 -2 -1  0  0  0  0  0  0  0]
[ 0 -1 -2  0  0  0  0  0  0  0]
[ 0  0  0 -4  2  2  2 -2  2  0]
[ 0  0  0  2 -4 -2 -2  2 -2  0]
[ 0  0  0  2 -2 -4  0  0  0  0]
[ 0  0  0  2 -2  0 -4  2 -2  0]
[ 0  0  0 -2  2  0  2 -4  2  0]
[ 0  0  0  2 -2  0 -2  2 -4  0]
[ 1  0  0  0  0  0  0  0  0  0]
Signature:  (1, 9)
Genus symbol at 2:    1^-4:2^4 [4^2]_2
Genus symbol at 3:     1^-9 3^1
above 2
glueing
Genus of
[-4  0]
[ 0 -6]
Signature:  (0, 2)
Genus symbol at 2:    [2^-1 4^1]_4
Genus symbol at 3:     1^-1 3^1
and
Genus of
[ 0  0  0  0  0  0  0  0  0  1]
[ 0 -4  2 -2  2  2  2  2  0  0]
[ 0  2 -4  2  0 -2 -2  0  0  0]
[ 0 -2  2 -4  2  2  2  0  0  0]
[ 0  2  0  2 -4 -2  0 -2  0  0]
[ 0  2 -2  2 -2 -4 -2  0  0  0]
[ 0  2 -2  2  0 -2 -4  0  0  0]
[ 0  2  0  0 -2  0  0 -4  0  0]
[ 0  0  0  0  0  0  0  0 -2  0]
[ 1  0  0  0  0  0  0  0  0  0]
Signature:  (1, 9)
Genus symbol at 2:    1^2 [2^7 4^1]_0
above 2
Found an isometry of order: 6
glueing
Genus of
[-8 -4]
[-4 -8]
Signature:  (0, 2)
Genus symbol at 2:    4^-2
Genus symbol at 3:     1^1 3^1
and
Genus of
[ 0  0  0  0  0  0  0  0  0  1]
[ 0 -2  1 -1 -1  0  0  0  0  0]
[ 0  1 -2  0  0  0  0  0  0  0]
[ 0 -1  0 -2  0  0  0  0  0  0]
[ 0 -1  0  0 -2  0  0  0  0  0]
[ 0  0  0  0  0 -4 -2 -2  2  0]
[ 0  0  0  0  0 -2 -4 -2  2  0]
[ 0  0  0  0  0 -2 -2 -4  0  0]
[ 0  0  0  0  0  2  2  0 -4  0]
[ 1  0  0  0  0  0  0  0  0  0]
Signature:  (1, 9)
Genus symbol at 2:    1^-4:2^4:4^-2
above 2
Found an isometry of order: 6
glueing
Genus of
[-4  0  0]
[ 0 -4  0]
[ 0  0 -4]
Signature:  (0, 3)
Genus symbol at 2:    [4^3]_5
and
Genus of
[-2  1 -1  1  0  0  0  0  0]
[ 1 -2  1 -1  0  0  0  0  0]
[-1  1 -2  0  0  0  0  0  0]
[ 1 -1  0 -2  0  0  0  0  0]
[ 0  0  0  0  2  0 -1 -1  1]
[ 0  0  0  0  0 -4  2  2 -2]
[ 0  0  0  0 -1  2 -4  1  2]
[ 0  0  0  0 -1  2  1 -4  1]
[ 0  0  0  0  1 -2  2  1 -4]
Signature:  (1, 8)
Genus symbol at 2:    1^-4:2^2 [4^3]_3
Genus symbol at 3:     1^8 3^1
above 2
glueing
Genus of
[-4  0  0]
[ 0 -4  0]
[ 0  0 -6]
Signature:  (0, 3)
Genus symbol at 2:    [2^-1 4^2]_3
Genus symbol at 3:     1^2 3^1
and
Genus of
[ 0  0  0  0  0  0  0  0  2]
[ 0 -2  0  0  0 -1  1  0  0]
[ 0  0 -2  0  0 -1  1  0  0]
[ 0  0  0 -2  0 -1  1  0  0]
[ 0  0  0  0 -2 -1  1  0  0]
[ 0 -1 -1 -1 -1 -4  2  0  0]
[ 0  1  1  1  1  2 -4  0  0]
[ 0  0  0  0  0  0  0 -2  0]
[ 2  0  0  0  0  0  0  0  0]
Signature:  (1, 8)
Genus symbol at 2:    1^2 [2^5 4^2]_1
above 2
Found an isometry of order: 6
glueing
Genus of
[-4  0  0]
[ 0 -8  4]
[ 0  4 -8]
Signature:  (0, 3)
Genus symbol at 2:    [4^-3]_7
Genus symbol at 3:     1^-2 3^1
and
Genus of
[ 0  0  0  0  0  0  0  0  1]
[ 0 -2  1 -1  1  0  0  0  0]
[ 0  1 -2  0 -1  0  0  0  0]
[ 0 -1  0 -2  1  0  0  0  0]
[ 0  1 -1  1 -2  0  0  0  0]
[ 0  0  0  0  0 -4  0  0  0]
[ 0  0  0  0  0  0 -4  0  0]
[ 0  0  0  0  0  0  0 -4  0]
[ 1  0  0  0  0  0  0  0  0]
Signature:  (1, 8)
Genus symbol at 2:    1^-4:2^-2 [4^3]_5
above 2
Found an isometry of order: 6
glueing
Genus of
[-4 -2 -2 -2]
[-2 -4  0  0]
[-2  0 -4  0]
[-2  0  0 -4]
Signature:  (0, 4)
Genus symbol at 2:    2^-2:4^-2
and
Genus of
[ 0  0  0  0  0  0  0  1]
[ 0 -2 -1 -1  1  0  0  0]
[ 0 -1 -2  0  1  0  0  0]
[ 0 -1  0 -2  1  0  0  0]
[ 0  1  1  1 -2  0  0  0]
[ 0  0  0  0  0 -8 -4  0]
[ 0  0  0  0  0 -4 -8  0]
[ 1  0  0  0  0  0  0  0]
Signature:  (1, 7)
Genus symbol at 2:    1^-4:2^-2:4^-2
Genus symbol at 3:     1^-7 3^1
above 2
glueing
Genus of
[-4  2 -2 -2]
[ 2 -4  0  2]
[-2  0 -4 -2]
[-2  2 -2 -8]
Signature:  (0, 4)
Genus symbol at 2:    2^-2 [4^2]_2
Genus symbol at 3:     1^3 3^1
and
Genus of
[ 0  0  0  0  0  0  0  2]
[ 0 -2 -1  1 -1 -1  0  0]
[ 0 -1 -2  1 -1 -1  0  0]
[ 0  1  1 -2  0  1  0  0]
[ 0 -1 -1  0 -2 -1  0  0]
[ 0 -1 -1  1 -1 -2  0  0]
[ 0  0  0  0  0  0 -4  0]
[ 2  0  0  0  0  0  0  0]
Signature:  (1, 7)
Genus symbol at 2:    1^-4:2^-2 [4^2]_6
above 2
Found an isometry of order: 6
glueing
Genus of
[-4 -2 -2 -2]
[-2 -4  0  0]
[-2  0 -4  0]
[-2  0  0 -4]
Signature:  (0, 4)
Genus symbol at 2:    2^-2:4^-2
and
Genus of
[ 0  0  0  0  0  0  0  2]
[ 0 -2 -1 -1  1  0  0  0]
[ 0 -1 -2 -1  1  0  0  0]
[ 0 -1 -1 -2  0  0  0  0]
[ 0  1  1  0 -2  0  0  0]
[ 0  0  0  0  0 -8 -4  0]
[ 0  0  0  0  0 -4 -8  0]
[ 2  0  0  0  0  0  0  0]
Signature:  (1, 7)
Genus symbol at 2:    1^-2:2^-4:4^-2
Genus symbol at 3:     1^-7 3^1
above 2
glueing
Genus of
[-4 -2 -2 -2]
[-2 -4  0  0]
[-2  0 -4  0]
[-2  0  0 -4]
Signature:  (0, 4)
Genus symbol at 2:    2^-2:4^-2
and
Genus of
[ 0  0  0  0  0  0  0  1]
[ 0 -2  0  0  0  0  0  0]
[ 0  0 -2  0  0  0  0  0]
[ 0  0  0 -2  0  0  0  0]
[ 0  0  0  0 -2  0  0  0]
[ 0  0  0  0  0 -8 -4  0]
[ 0  0  0  0  0 -4 -8  0]
[ 1  0  0  0  0  0  0  0]
Signature:  (1, 7)
Genus symbol at 2:    1^-2 [2^4]_4 4^2
Genus symbol at 3:     1^-7 3^1
above 2
glueing
Genus of
[-4 -2 -2 -2]
[-2 -4  0  0]
[-2  0 -4  0]
[-2  0  0 -4]
Signature:  (0, 4)
Genus symbol at 2:    2^-2:4^-2
and
Genus of
[ 0  0  0  0  0  0  0  1]
[ 0 -4  2  2 -2 -2 -2  0]
[ 0  2 -4 -2  2  2  2  0]
[ 0  2 -2 -4  0  2  2  0]
[ 0 -2  2  0 -4 -2 -2  0]
[ 0 -2  2  2 -2 -4 -2  0]
[ 0 -2  2  2 -2 -2 -8  0]
[ 1  0  0  0  0  0  0  0]
Signature:  (1, 7)
Genus symbol at 2:    1^2:2^-4:4^2
Genus symbol at 3:     1^-7 3^1
above 2
glueing
Genus of
[-4  2 -2 -2]
[ 2 -4  0  2]
[-2  0 -4 -2]
[-2  2 -2 -8]
Signature:  (0, 4)
Genus symbol at 2:    2^-2 [4^2]_2
Genus symbol at 3:     1^3 3^1
and
Genus of
[ 0  0  0  0  0  0  0  2]
[ 0 -2 -1  1 -1  0  0  0]
[ 0 -1 -2  1 -1  0  0  0]
[ 0  1  1 -2  0  0  0  0]
[ 0 -1 -1  0 -2  0  0  0]
[ 0  0  0  0  0 -4  0  0]
[ 0  0  0  0  0  0 -4  0]
[ 2  0  0  0  0  0  0  0]
Signature:  (1, 7)
Genus symbol at 2:    1^-2:2^-4 [4^2]_6
above 2
Found an isometry of order: 6
glueing
Genus of
[-4  2 -2 -2]
[ 2 -4  0  2]
[-2  0 -4 -2]
[-2  2 -2 -8]
Signature:  (0, 4)
Genus symbol at 2:    2^-2 [4^2]_2
Genus symbol at 3:     1^3 3^1
and
Genus of
[ 0  0  0  0  0  0  0  2]
[ 0 -2  0  0  0 -1  1  0]
[ 0  0 -2  0  0 -1 -1  0]
[ 0  0  0 -2  0 -1  1  0]
[ 0  0  0  0 -2  1  1  0]
[ 0 -1 -1 -1  1 -4  0  0]
[ 0  1 -1  1  1  0 -4  0]
[ 2  0  0  0  0  0  0  0]
Signature:  (1, 7)
Genus symbol at 2:    1^2:2^4 [4^2]_2
above 2
glueing
Genus of
[-4  2 -2 -2]
[ 2 -4  0  2]
[-2  0 -4 -2]
[-2  2 -2 -8]
Signature:  (0, 4)
Genus symbol at 2:    2^-2 [4^2]_2
Genus symbol at 3:     1^3 3^1
and
Genus of
[ 0  0  0  0  0  0  0  2]
[ 0 -2  0  0  0  0  0  0]
[ 0  0 -2 -1 -1  0  0  0]
[ 0  0 -1 -2 -1  0  0  0]
[ 0  0 -1 -1 -2  0  0  0]
[ 0  0  0  0  0 -2  0  0]
[ 0  0  0  0  0  0 -4  0]
[ 2  0  0  0  0  0  0  0]
Signature:  (1, 7)
Genus symbol at 2:    1^2 [2^4 4^2]_2
above 2
glueing
Genus of
[-4 -2 -2 -2]
[-2 -4  0  0]
[-2  0 -4  0]
[-2  0  0 -4]
Signature:  (0, 4)
Genus symbol at 2:    2^-2:4^-2
and
Genus of
[ 0  0  0  0  0  0  0  2]
[ 0 -4 -2  2 -2 -2 -2  0]
[ 0 -2 -4  2  0  0 -2  0]
[ 0  2  2 -4  2  0  2  0]
[ 0 -2  0  2 -4  0 -2  0]
[ 0 -2  0  0  0 -4  0  0]
[ 0 -2 -2  2 -2  0 -8  0]
[ 2  0  0  0  0  0  0  0]
Signature:  (1, 7)
Genus symbol at 2:    2^-6:4^2
Genus symbol at 3:     1^-7 3^1
above 2
glueing
Genus of
[-4 -2 -2 -2]
[-2 -4  0  0]
[-2  0 -4  0]
[-2  0  0 -4]
Signature:  (0, 4)
Genus symbol at 2:    2^-2:4^-2
and
Genus of
[ 0  0  0  0  0  0  0  2]
[ 0 -2  0  0  0  0  0  0]
[ 0  0 -2  0  0  0  0  0]
[ 0  0  0 -2  0  0  0  0]
[ 0  0  0  0 -2  0  0  0]
[ 0  0  0  0  0 -8 -4  0]
[ 0  0  0  0  0 -4 -8  0]
[ 2  0  0  0  0  0  0  0]
Signature:  (1, 7)
Genus symbol at 2:    [2^-6]_0 4^2
Genus symbol at 3:     1^-7 3^1
above 2
glueing
Genus of
[-4  2 -2 -2]
[ 2 -4  0  2]
[-2  0 -4 -2]
[-2  2 -2 -8]
Signature:  (0, 4)
Genus symbol at 2:    2^-2 [4^2]_2
Genus symbol at 3:     1^3 3^1
and
Genus of
[ 0  0  0  0  0  0  0  2]
[ 0 -4 -2 -2 -2 -2 -2  0]
[ 0 -2 -4  0 -2  0  0  0]
[ 0 -2  0 -4 -2 -2 -2  0]
[ 0 -2 -2 -2 -4 -2 -2  0]
[ 0 -2  0 -2 -2 -4 -2  0]
[ 0 -2  0 -2 -2 -2 -4  0]
[ 2  0  0  0  0  0  0  0]
Signature:  (1, 7)
Genus symbol at 2:    2^6 [4^2]_2
above 2
glueing
Genus of
[-4  2 -2 -2]
[ 2 -4  0  2]
[-2  0 -4 -2]
[-2  2 -2 -8]
Signature:  (0, 4)
Genus symbol at 2:    2^-2 [4^2]_2
Genus symbol at 3:     1^3 3^1
and
Genus of
[ 0  0  0  0  0  0  0  2]
[ 0 -2  0  0  0  0  0  0]
[ 0  0 -2  0  0  0  0  0]
[ 0  0  0 -2  0  0  0  0]
[ 0  0  0  0 -2  0  0  0]
[ 0  0  0  0  0 -4  0  0]
[ 0  0  0  0  0  0 -4  0]
[ 2  0  0  0  0  0  0  0]
Signature:  (1, 7)
Genus symbol at 2:    [2^6 4^2]_2
above 2
glueing
Genus of
[-4  0  0  0]
[ 0 -4  0  0]
[ 0  0 -4  0]
[ 0  0  0 -4]
Signature:  (0, 4)
Genus symbol at 2:    [4^4]_4
and
Genus of
[ 0  0  0  0  0  0  0  1]
[ 0 -2 -1 -1  0  0  0  0]
[ 0 -1 -2  0  0  0  0  0]
[ 0 -1  0 -2  0  0  0  0]
[ 0  0  0  0 -4  0  0  0]
[ 0  0  0  0  0 -8 -4  0]
[ 0  0  0  0  0 -4 -8  0]
[ 1  0  0  0  0  0  0  0]
Signature:  (1, 7)
Genus symbol at 2:    1^-4:[4^4]_4
Genus symbol at 3:     1^-7 3^1
above 2
glueing
Genus of
[-4  0  0  0]
[ 0 -4  0  0]
[ 0  0 -4  0]
[ 0  0  0 -6]
Signature:  (0, 4)
Genus symbol at 2:    [2^-1 4^3]_2
Genus symbol at 3:     1^-3 3^1
and
Genus of
[ 0  0  0  0  0  0  0  4]
[ 0 -2 -1 -1  1  0  0  0]
[ 0 -1 -2  0  1  0  0  0]
[ 0 -1  0 -2  1  0  0  0]
[ 0  1  1  1 -2  0  0  0]
[ 0  0  0  0  0 -2  0  0]
[ 0  0  0  0  0  0 -4  0]
[ 4  0  0  0  0  0  0  0]
Signature:  (1, 7)
Genus symbol at 2:    1^2 [2^3 4^3]_2
above 2
Found an isometry of order: 6
glueing
Genus of
[-4  0  0  0]
[ 0 -4  0  0]
[ 0  0 -8  4]
[ 0  0  4 -8]
Signature:  (0, 4)
Genus symbol at 2:    [4^-4]_6
Genus symbol at 3:     1^3 3^1
and
Genus of
[ 0  0  0  0  0  0  0  4]
[ 0 -2  1 -1 -1 -1  0  0]
[ 0  1 -2  0  1  1  0  0]
[ 0 -1  0 -2 -1 -1  0  0]
[ 0 -1  1 -1 -2 -1  0  0]
[ 0 -1  1 -1 -1 -2  0  0]
[ 0  0  0  0  0  0 -4  0]
[ 4  0  0  0  0  0  0  0]
Signature:  (1, 7)
Genus symbol at 2:    1^-4:[4^-4]_2
above 2
Found an isometry of order: 6
glueing
Genus of
[-4 -2 -2 -2 -2]
[-2 -4  0  0 -2]
[-2  0 -4 -2  0]
[-2  0 -2 -4  0]
[-2 -2  0  0 -4]
Signature:  (0, 5)
Genus symbol at 2:    2^-4 [4^1]_1
Genus symbol at 3:     1^-4 3^1
and
Genus of
[ 0  0  0  0  0  0  2]
[ 0 -2 -1  1 -1 -1  0]
[ 0 -1 -2  1 -1  0  0]
[ 0  1  1 -2  0  0  0]
[ 0 -1 -1  0 -2  0  0]
[ 0 -1  0  0  0 -2  0]
[ 2  0  0  0  0  0  0]
Signature:  (1, 6)
Genus symbol at 2:    1^-4:2^-2 [4^1]_7
above 2
Found an isometry of order: 6
glueing
Genus of
[-4 -2 -2 -2 -2]
[-2 -4  0  0 -2]
[-2  0 -4 -2  0]
[-2  0 -2 -4  0]
[-2 -2  0  0 -4]
Signature:  (0, 5)
Genus symbol at 2:    2^-4 [4^1]_1
Genus symbol at 3:     1^-4 3^1
and
Genus of
[ 0  0  0  0  0  0  2]
[ 0 -2 -1 -1 -1  0  0]
[ 0 -1 -2 -1  0  0  0]
[ 0 -1 -1 -2 -1  0  0]
[ 0 -1  0 -1 -2  0  0]
[ 0  0  0  0  0 -4  0]
[ 2  0  0  0  0  0  0]
Signature:  (1, 6)
Genus symbol at 2:    1^-2:2^-4 [4^1]_7
above 2
Found an isometry of order: 6
glueing
Genus of
[-4 -2 -2 -2 -2]
[-2 -4  0  0 -2]
[-2  0 -4 -2  0]
[-2  0 -2 -4  0]
[-2 -2  0  0 -4]
Signature:  (0, 5)
Genus symbol at 2:    2^-4 [4^1]_1
Genus symbol at 3:     1^-4 3^1
and
Genus of
[ 0  0  0  0  0  0  2]
[ 0 -2  0  0  0  0  0]
[ 0  0 -2 -1 -1  0  0]
[ 0  0 -1 -2 -1  0  0]
[ 0  0 -1 -1 -2  0  0]
[ 0  0  0  0  0 -2  0]
[ 2  0  0  0  0  0  0]
Signature:  (1, 6)
Genus symbol at 2:    1^2 [2^4 4^1]_3
above 2
glueing
Genus of
[-4 -2 -2 -2 -2]
[-2 -4  0  0 -2]
[-2  0 -4 -2  0]
[-2  0 -2 -4  0]
[-2 -2  0  0 -4]
Signature:  (0, 5)
Genus symbol at 2:    2^-4 [4^1]_1
Genus symbol at 3:     1^-4 3^1
and
Genus of
[ 0  0  0  0  0  0  2]
[ 0 -2  0  0  0  0  0]
[ 0  0 -2  0  0  0  0]
[ 0  0  0 -2  0  0  0]
[ 0  0  0  0 -2  0  0]
[ 0  0  0  0  0 -4  0]
[ 2  0  0  0  0  0  0]
Signature:  (1, 6)
Genus symbol at 2:    [2^6 4^1]_3
above 2
glueing
Genus of
[-4 -2 -2 -2  0]
[-2 -4  0  0  0]
[-2  0 -4  0  0]
[-2  0  0 -4  0]
[ 0  0  0  0 -4]
Signature:  (0, 5)
Genus symbol at 2:    2^2 [4^3]_3
and
Genus of
[ 0  0  0  0  0  0  1]
[ 0 -2 -1 -1  0  0  0]
[ 0 -1 -2 -1  0  0  0]
[ 0 -1 -1 -2  0  0  0]
[ 0  0  0  0 -8 -4  0]
[ 0  0  0  0 -4 -8  0]
[ 1  0  0  0  0  0  0]
Signature:  (1, 6)
Genus symbol at 2:    1^-4:[4^3]_5
Genus symbol at 3:     1^6 3^1
above 2
glueing
Genus of
[-4 -2 -2 -2  0]
[-2 -4  0  0  0]
[-2  0 -4  0  0]
[-2  0  0 -4  0]
[ 0  0  0  0 -6]
Signature:  (0, 5)
Genus symbol at 2:    [2^-3]_1 4^2
Genus symbol at 3:     1^4 3^1
and
Genus of
[ 0  0  0  0  0  0  1]
[ 0 -2  0  0  0  0  0]
[ 0  0 -4 -2 -2 -2  0]
[ 0  0 -2 -4  0 -2  0]
[ 0  0 -2  0 -4 -2  0]
[ 0  0 -2 -2 -2 -4  0]
[ 1  0  0  0  0  0  0]
Signature:  (1, 6)
Genus symbol at 2:    1^2 [2^3]_3 4^2
above 2
Found an isometry of order: 6
glueing
Genus of
[-4  0  0  0  0]
[ 0 -4  2  2 -2]
[ 0  2 -4 -2  0]
[ 0  2 -2 -4  2]
[ 0 -2  0  2 -8]
Signature:  (0, 5)
Genus symbol at 2:    2^-2 [4^3]_1
Genus symbol at 3:     1^-4 3^1
and
Genus of
[ 0  0  0  0  0  0  4]
[ 0 -2  1 -1 -1  1  0]
[ 0  1 -2  0  1 -1  0]
[ 0 -1  0 -2 -1  1  0]
[ 0 -1  1 -1 -2  1  0]
[ 0  1 -1  1  1 -2  0]
[ 4  0  0  0  0  0  0]
Signature:  (1, 6)
Genus symbol at 2:    1^-4:[4^-3]_3
above 2
Found an isometry of order: 6
glueing
Genus of
[-4 -2 -2 -2  0]
[-2 -4  0  0  0]
[-2  0 -4  0  0]
[-2  0  0 -4  0]
[ 0  0  0  0 -4]
Signature:  (0, 5)
Genus symbol at 2:    2^2 [4^3]_3
and
Genus of
[ 0  0  0  0  0  0  2]
[ 0 -2 -1 -1  0  0  0]
[ 0 -1 -2 -1  0  0  0]
[ 0 -1 -1 -2  0  0  0]
[ 0  0  0  0 -8 -4  0]
[ 0  0  0  0 -4 -8  0]
[ 2  0  0  0  0  0  0]
Signature:  (1, 6)
Genus symbol at 2:    1^-2:2^2 [4^3]_5
Genus symbol at 3:     1^6 3^1
above 2
glueing
Genus of
[-4 -2 -2 -2  0]
[-2 -4  0  0  0]
[-2  0 -4  0  0]
[-2  0  0 -4  0]
[ 0  0  0  0 -4]
Signature:  (0, 5)
Genus symbol at 2:    2^2 [4^3]_3
and
Genus of
[ 0  0  0  0  0  0  1]
[ 0 -2  0  0  0  0  0]
[ 0  0 -4  0  0  0  0]
[ 0  0  0 -4  0  0  0]
[ 0  0  0  0 -4  0  0]
[ 0  0  0  0  0 -6  0]
[ 1  0  0  0  0  0  0]
Signature:  (1, 6)
Genus symbol at 2:    1^-2 [2^2 4^3]_5
Genus symbol at 3:     1^6 3^1
above 2
glueing
Genus of
[-4 -2 -2 -2  0]
[-2 -4  0  0  0]
[-2  0 -4  0  0]
[-2  0  0 -4  0]
[ 0  0  0  0 -4]
Signature:  (0, 5)
Genus symbol at 2:    2^2 [4^3]_3
and
Genus of
[ 0  0  0  0  0  0  1]
[ 0 -4  2 -2  0  2  0]
[ 0  2 -4  2  0 -2  0]
[ 0 -2  2 -4  0  0  0]
[ 0  0  0  0 -4  0  0]
[ 0  2 -2  0  0 -8  0]
[ 1  0  0  0  0  0  0]
Signature:  (1, 6)
Genus symbol at 2:    1^2:2^-2 [4^3]_1
Genus symbol at 3:     1^6 3^1
above 2
glueing
Genus of
[-4 -2 -2 -2  0]
[-2 -4  0  0  0]
[-2  0 -4  0  0]
[-2  0  0 -4  0]
[ 0  0  0  0 -6]
Signature:  (0, 5)
Genus symbol at 2:    [2^-3]_1 4^2
Genus symbol at 3:     1^4 3^1
and
Genus of
[ 0  0  0  0  0  0  2]
[ 0 -2  0  0  0  0  0]
[ 0  0 -4 -2 -2  2  0]
[ 0  0 -2 -4 -2  0  0]
[ 0  0 -2 -2 -4  2  0]
[ 0  0  2  0  2 -4  0]
[ 2  0  0  0  0  0  0]
Signature:  (1, 6)
Genus symbol at 2:    [2^5]_3 4^2
above 2
Found an isometry of order: 6
glueing
Genus of
[-4  0  0  0  0]
[ 0 -4  2  2 -2]
[ 0  2 -4 -2  0]
[ 0  2 -2 -4  2]
[ 0 -2  0  2 -8]
Signature:  (0, 5)
Genus symbol at 2:    2^-2 [4^3]_1
Genus symbol at 3:     1^-4 3^1
and
Genus of
[ 0  0  0  0  0  0  4]
[ 0 -2  1 -1 -1  0  0]
[ 0  1 -2  0  1  0  0]
[ 0 -1  0 -2 -1  0  0]
[ 0 -1  1 -1 -2  0  0]
[ 0  0  0  0  0 -4  0]
[ 4  0  0  0  0  0  0]
Signature:  (1, 6)
Genus symbol at 2:    1^-2:2^-2 [4^3]_7
above 2
Found an isometry of order: 6
glueing
Genus of
[-4  0  0  0  0]
[ 0 -4  2  2 -2]
[ 0  2 -4 -2  0]
[ 0  2 -2 -4  2]
[ 0 -2  0  2 -8]
Signature:  (0, 5)
Genus symbol at 2:    2^-2 [4^3]_1
Genus symbol at 3:     1^-4 3^1
and
Genus of
[ 0  0  0  0  0  0  4]
[ 0 -2 -1 -1  0  0  0]
[ 0 -1 -2 -1  0  0  0]
[ 0 -1 -1 -2  0  0  0]
[ 0  0  0  0 -2  0  0]
[ 0  0  0  0  0 -2  0]
[ 4  0  0  0  0  0  0]
Signature:  (1, 6)
Genus symbol at 2:    1^2 [2^2 4^3]_3
above 2
glueing
Genus of
[-4  0  0  0  0]
[ 0 -4  2  2 -2]
[ 0  2 -4 -2  0]
[ 0  2 -2 -4  2]
[ 0 -2  0  2 -8]
Signature:  (0, 5)
Genus symbol at 2:    2^-2 [4^3]_1
Genus symbol at 3:     1^-4 3^1
and
Genus of
[ 0  0  0  0  0  0  2]
[ 0 -2  0 -1 -1  1  0]
[ 0  0 -2  1  1 -1  0]
[ 0 -1  1 -4  0  0  0]
[ 0 -1  1  0 -4  0  0]
[ 0  1 -1  0  0 -4  0]
[ 2  0  0  0  0  0  0]
Signature:  (1, 6)
Genus symbol at 2:    1^2:2^2 [4^3]_3
above 2
glueing
Genus of
[-4 -2 -2 -2  0]
[-2 -4  0  0  0]
[-2  0 -4  0  0]
[-2  0  0 -4  0]
[ 0  0  0  0 -4]
Signature:  (0, 5)
Genus symbol at 2:    2^2 [4^3]_3
and
Genus of
[ 0  0  0  0  0  0  2]
[ 0 -4  0  0  0  0  0]
[ 0  0 -4 -2  2 -2  0]
[ 0  0 -2 -4  2 -2  0]
[ 0  0  2  2 -4  0  0]
[ 0  0 -2 -2  0 -8  0]
[ 2  0  0  0  0  0  0]
Signature:  (1, 6)
Genus symbol at 2:    2^-4 [4^3]_1
Genus symbol at 3:     1^6 3^1
above 2
glueing
Genus of
[-4 -2 -2 -2  0]
[-2 -4  0  0  0]
[-2  0 -4  0  0]
[-2  0  0 -4  0]
[ 0  0  0  0 -4]
Signature:  (0, 5)
Genus symbol at 2:    2^2 [4^3]_3
and
Genus of
[ 0  0  0  0  0  0  2]
[ 0 -2  0  0  0  0  0]
[ 0  0 -4  0  0  0  0]
[ 0  0  0 -4  0  0  0]
[ 0  0  0  0 -4  0  0]
[ 0  0  0  0  0 -6  0]
[ 2  0  0  0  0  0  0]
Signature:  (1, 6)
Genus symbol at 2:    [2^-4 4^3]_1
Genus symbol at 3:     1^6 3^1
above 2
glueing
Genus of
[-4  0  0  0  0]
[ 0 -4  2  2 -2]
[ 0  2 -4 -2  0]
[ 0  2 -2 -4  2]
[ 0 -2  0  2 -8]
Signature:  (0, 5)
Genus symbol at 2:    2^-2 [4^3]_1
Genus symbol at 3:     1^-4 3^1
and
Genus of
[ 0  0  0  0  0  0  2]
[ 0 -4 -2 -2 -2  0  0]
[ 0 -2 -4 -2 -2  0  0]
[ 0 -2 -2 -4  0  0  0]
[ 0 -2 -2  0 -4  0  0]
[ 0  0  0  0  0 -4  0]
[ 2  0  0  0  0  0  0]
Signature:  (1, 6)
Genus symbol at 2:    2^4 [4^3]_3
above 2
glueing
Genus of
[-4  0  0  0  0]
[ 0 -4  2  2 -2]
[ 0  2 -4 -2  0]
[ 0  2 -2 -4  2]
[ 0 -2  0  2 -8]
Signature:  (0, 5)
Genus symbol at 2:    2^-2 [4^3]_1
Genus symbol at 3:     1^-4 3^1
and
Genus of
[ 0  0  0  0  0  0  4]
[ 0 -2  0  0  0  0  0]
[ 0  0 -2  0  0  0  0]
[ 0  0  0 -2  0  0  0]
[ 0  0  0  0 -2  0  0]
[ 0  0  0  0  0 -4  0]
[ 4  0  0  0  0  0  0]
Signature:  (1, 6)
Genus symbol at 2:    [2^4 4^3]_3
above 2
glueing
Genus of
[-4  0  0  0  0]
[ 0 -4  0  0  0]
[ 0  0 -4  0  0]
[ 0  0  0 -4  0]
[ 0  0  0  0 -6]
Signature:  (0, 5)
Genus symbol at 2:    [2^-1 4^4]_1
Genus symbol at 3:     1^4 3^1
and
Genus of
[ 0  0  0  0  0  0  1]
[ 0 -2  0  0  0  0  0]
[ 0  0 -4  0  0  0  0]
[ 0  0  0 -4  0  0  0]
[ 0  0  0  0 -4  0  0]
[ 0  0  0  0  0 -4  0]
[ 1  0  0  0  0  0  0]
Signature:  (1, 6)
Genus symbol at 2:    1^2 [2^1 4^4]_3
above 2
Found an isometry of order: 6
glueing
Genus of
[-4  0  0 -2  0  0]
[ 0 -4  0 -2  0 -2]
[ 0  0 -4 -2  2  0]
[-2 -2 -2 -4  2 -2]
[ 0  0  2  2 -4  0]
[ 0 -2  0 -2  0 -4]
Signature:  (0, 6)
Genus symbol at 2:    2^-6
Genus symbol at 3:     1^5 3^1
and
Genus of
[ 0  0  0  0  0  1]
[ 0 -2 -1 -1 -1  0]
[ 0 -1 -2 -1  0  0]
[ 0 -1 -1 -2 -1  0]
[ 0 -1  0 -1 -2  0]
[ 1  0  0  0  0  0]
Signature:  (1, 5)
Genus symbol at 2:    1^-4:2^-2
above 2
Found an isometry of order: 6
glueing
Genus of
[-4  2  2  0 -2 -2]
[ 2 -4 -2  2  2  2]
[ 2 -2 -4  2  2  2]
[ 0  2  2 -4 -2  0]
[-2  2  2 -2 -4 -2]
[-2  2  2  0 -2 -4]
Signature:  (0, 6)
Genus symbol at 2:    2^-6
Genus symbol at 3:     1^5 3^1
and
Genus of
[ 0  0  0  0  0  2]
[ 0 -2 -1 -1 -1  0]
[ 0 -1 -2 -1  0  0]
[ 0 -1 -1 -2 -1  0]
[ 0 -1  0 -1 -2  0]
[ 2  0  0  0  0  0]
Signature:  (1, 5)
Genus symbol at 2:    1^-2:2^-4
above 2
Found an isometry of order: 6
Found an isometry of order: 6
glueing
Genus of
[-4  2  2  0 -2 -2]
[ 2 -4 -2  2  2  2]
[ 2 -2 -4  2  2  2]
[ 0  2  2 -4 -2  0]
[-2  2  2 -2 -4 -2]
[-2  2  2  0 -2 -4]
Signature:  (0, 6)
Genus symbol at 2:    2^-6
Genus symbol at 3:     1^5 3^1
and
Genus of
[ 0  0  0  0  0  1]
[ 0 -2  0  0  0  0]
[ 0  0 -2  0  0  0]
[ 0  0  0 -2  0  0]
[ 0  0  0  0 -2  0]
[ 1  0  0  0  0  0]
Signature:  (1, 5)
Genus symbol at 2:    1^2 [2^4]_4
above 2
glueing
Genus of
[-4  2  2 -2 -2 -2]
[ 2 -4 -2  2  2  2]
[ 2 -2 -4  0  2  2]
[-2  2  0 -4 -2  0]
[-2  2  2 -2 -4 -2]
[-2  2  2  0 -2 -4]
Signature:  (0, 6)
Genus symbol at 2:    2^-6
Genus symbol at 3:     1^5 3^1
and
Genus of
[ 0  0  0  0  0  2]
[ 0 -2  0  0  0  0]
[ 0  0 -2  0  0  0]
[ 0  0  0 -2  0  0]
[ 0  0  0  0 -2  0]
[ 2  0  0  0  0  0]
Signature:  (1, 5)
Genus symbol at 2:    [2^6]_4
above 2
glueing
Genus of
[-4  0 -2 -2  0  0]
[ 0 -4 -2 -2 -2 -2]
[-2 -2 -4 -2 -2 -2]
[-2 -2 -2 -4 -2 -2]
[ 0 -2 -2 -2 -4 -2]
[ 0 -2 -2 -2 -2 -4]
Signature:  (0, 6)
Genus symbol at 2:    2^4 [4^2]_2
and
Genus of
[ 0  0  0  0  0  1]
[ 0 -2 -1  0  0  0]
[ 0 -1 -2  0  0  0]
[ 0  0  0 -4  0  0]
[ 0  0  0  0 -4  0]
[ 1  0  0  0  0  0]
Signature:  (1, 5)
Genus symbol at 2:    1^-4:[4^2]_6
Genus symbol at 3:     1^-5 3^1
above 2
glueing
Genus of
[-4  2 -2 -2  0 -2]
[ 2 -4  2  2  0  2]
[-2  2 -4 -2  0 -2]
[-2  2 -2 -4  0 -2]
[ 0  0  0  0 -4  0]
[-2  2 -2 -2  0 -4]
Signature:  (0, 6)
Genus symbol at 2:    2^-4 [4^2]_0
Genus symbol at 3:     1^5 3^1
and
Genus of
[ 0  0  0  0  0  1]
[ 0 -2 -1 -1  0  0]
[ 0 -1 -2  0  0  0]
[ 0 -1  0 -2  0  0]
[ 0  0  0  0 -4  0]
[ 1  0  0  0  0  0]
Signature:  (1, 5)
Genus symbol at 2:    1^-4:[4^-2]_4
above 2
Found an isometry of order: 6
glueing
Genus of
[-4 -2 -2 -2 -2 -2]
[-2 -4  0 -2 -2 -2]
[-2  0 -4 -2  0  0]
[-2 -2 -2 -4 -2 -2]
[-2 -2  0 -2 -4 -2]
[-2 -2  0 -2 -2 -4]
Signature:  (0, 6)
Genus symbol at 2:    2^4 [4^2]_2
and
Genus of
[ 0  0  0  0  0  2]
[ 0 -2 -1  0  0  0]
[ 0 -1 -2  0  0  0]
[ 0  0  0 -4  0  0]
[ 0  0  0  0 -4  0]
[ 2  0  0  0  0  0]
Signature:  (1, 5)
Genus symbol at 2:    1^-2:2^2 [4^2]_6
Genus symbol at 3:     1^-5 3^1
above 2
glueing
Genus of
[-4 -2 -2 -2 -2 -2]
[-2 -4  0 -2 -2 -2]
[-2  0 -4 -2  0  0]
[-2 -2 -2 -4 -2 -2]
[-2 -2  0 -2 -4 -2]
[-2 -2  0 -2 -2 -4]
Signature:  (0, 6)
Genus symbol at 2:    2^4 [4^2]_2
and
Genus of
[ 0  0  0  0  0  1]
[ 0 -4  2  2 -2  0]
[ 0  2 -4  0  2  0]
[ 0  2  0 -4  2  0]
[ 0 -2  2  2 -8  0]
[ 1  0  0  0  0  0]
Signature:  (1, 5)
Genus symbol at 2:    1^2:2^-2 [4^2]_2
Genus symbol at 3:     1^-5 3^1
above 2
glueing
Genus of
[-4 -2 -2 -2 -2 -2]
[-2 -4  0 -2 -2 -2]
[-2  0 -4 -2  0  0]
[-2 -2 -2 -4 -2 -2]
[-2 -2  0 -2 -4 -2]
[-2 -2  0 -2 -2 -4]
Signature:  (0, 6)
Genus symbol at 2:    2^4 [4^2]_2
and
Genus of
[ 0  0  0  0  0  1]
[ 0 -2  0  0  0  0]
[ 0  0 -4  0  0  0]
[ 0  0  0 -4  0  0]
[ 0  0  0  0 -6  0]
[ 1  0  0  0  0  0]
Signature:  (1, 5)
Genus symbol at 2:    1^-2 [2^2 4^2]_6
Genus symbol at 3:     1^-5 3^1
above 2
glueing
Genus of
[-4  2  2 -2  2 -2]
[ 2 -4 -2  2 -2  2]
[ 2 -2 -4  0  0  0]
[-2  2  0 -4  2 -2]
[ 2 -2  0  2 -4  2]
[-2  2  0 -2  2 -8]
Signature:  (0, 6)
Genus symbol at 2:    2^-4:4^2
Genus symbol at 3:     1^5 3^1
and
Genus of
[ 0  0  0  0  0  4]
[ 0 -2 -1  1 -1  0]
[ 0 -1 -2  1 -1  0]
[ 0  1  1 -2  0  0]
[ 0 -1 -1  0 -2  0]
[ 4  0  0  0  0  0]
Signature:  (1, 5)
Genus symbol at 2:    1^-2:2^-2:4^2
above 2
Found an isometry of order: 6
glueing
Genus of
[-4  2  2 -2  2 -2]
[ 2 -4 -2  2 -2  2]
[ 2 -2 -4  0  0  0]
[-2  2  0 -4  2 -2]
[ 2 -2  0  2 -4  2]
[-2  2  0 -2  2 -8]
Signature:  (0, 6)
Genus symbol at 2:    2^-4:4^2
Genus symbol at 3:     1^5 3^1
and
Genus of
[ 0  0  0  0  0  1]
[ 0 -4 -2 -2 -2  0]
[ 0 -2 -4  0  0  0]
[ 0 -2  0 -4  0  0]
[ 0 -2  0  0 -4  0]
[ 1  0  0  0  0  0]
Signature:  (1, 5)
Genus symbol at 2:    1^2:2^-2:4^-2
above 2
glueing
Genus of
[-4  2 -2 -2  0 -2]
[ 2 -4  2  2  0  2]
[-2  2 -4 -2  0 -2]
[-2  2 -2 -4  0 -2]
[ 0  0  0  0 -4  0]
[-2  2 -2 -2  0 -4]
Signature:  (0, 6)
Genus symbol at 2:    2^-4 [4^2]_0
Genus symbol at 3:     1^5 3^1
and
Genus of
[-2 -1 -1 -1  0  0]
[-1 -2 -1  0  0  0]
[-1 -1 -2 -1  0  0]
[-1  0 -1 -2  0  0]
[ 0  0  0  0 -4  0]
[ 0  0  0  0  0  4]
Signature:  (1, 5)
Genus symbol at 2:    1^-2:2^-2 [4^2]_0
above 2
Found an isometry of order: 6
glueing
Genus of
[-4  2 -2 -2  0 -2]
[ 2 -4  2  2  0  2]
[-2  2 -4 -2  0 -2]
[-2  2 -2 -4  0 -2]
[ 0  0  0  0 -4  0]
[-2  2 -2 -2  0 -4]
Signature:  (0, 6)
Genus symbol at 2:    2^-4 [4^2]_0
Genus symbol at 3:     1^5 3^1
and
Genus of
[ 0  0  0  0  0  1]
[ 0 -2  0  0  0  0]
[ 0  0 -2  0  0  0]
[ 0  0  0 -4  0  0]
[ 0  0  0  0 -4  0]
[ 1  0  0  0  0  0]
Signature:  (1, 5)
Genus symbol at 2:    1^2 [2^2 4^2]_4
above 2
glueing
Genus of
[-4 -2  0 -2 -2 -2]
[-2 -4  0 -2 -2 -2]
[ 0  0 -4 -2  0 -2]
[-2 -2 -2 -4 -2 -2]
[-2 -2  0 -2 -4 -2]
[-2 -2 -2 -2 -2 -4]
Signature:  (0, 6)
Genus symbol at 2:    2^4 [4^2]_2
and
Genus of
[ 0  0  0  0  0  2]
[ 0 -2  0  0  0  0]
[ 0  0 -4  0  0  0]
[ 0  0  0 -4  0  0]
[ 0  0  0  0 -6  0]
[ 2  0  0  0  0  0]
Signature:  (1, 5)
Genus symbol at 2:    [2^-4 4^2]_2
Genus symbol at 3:     1^-5 3^1
above 2
glueing
Genus of
[-4 -2  0 -2 -2 -2]
[-2 -4  0 -2 -2 -2]
[ 0  0 -4 -2  0 -2]
[-2 -2 -2 -4 -2 -2]
[-2 -2  0 -2 -4 -2]
[-2 -2 -2 -2 -2 -4]
Signature:  (0, 6)
Genus symbol at 2:    2^4 [4^2]_2
and
Genus of
[ 0  0  0  0  0  2]
[ 0 -4  2  2 -2  0]
[ 0  2 -4  0  2  0]
[ 0  2  0 -4  2  0]
[ 0 -2  2  2 -8  0]
[ 2  0  0  0  0  0]
Signature:  (1, 5)
Genus symbol at 2:    2^-4 [4^2]_2
Genus symbol at 3:     1^-5 3^1
above 2
glueing
Genus of
[-4  2 -1  1 -1  0]
[ 2 -4  1 -1  1 -2]
[-1  1 -4  2  0  1]
[ 1 -1  2 -4  2 -1]
[-1  1  0  2 -4  1]
[ 0 -2  1 -1  1 -4]
Signature:  (0, 6)
Genus symbol at 2:    1^2:[4^-4]_4
Genus symbol at 3:     1^5 3^1
and
Genus of
[ 0  0  0  0  0  4]
[ 0 -2 -1  1  0  0]
[ 0 -1 -2  1  0  0]
[ 0  1  1 -2  0  0]
[ 0  0  0  0 -4  0]
[ 4  0  0  0  0  0]
Signature:  (1, 5)
Genus symbol at 2:    1^-2:[4^-4]_4
above 2
Found an isometry of order: 6
glueing
Genus of
[-4 -2  0  2  2  2]
[-2 -4 -2  2  2  2]
[ 0 -2 -4  0  2  0]
[ 2  2  0 -4 -2 -2]
[ 2  2  2 -2 -4 -2]
[ 2  2  0 -2 -2 -8]
Signature:  (0, 6)
Genus symbol at 2:    2^-4:4^2
Genus symbol at 3:     1^5 3^1
and
Genus of
[ 0  0  0  0  0  2]
[ 0 -4 -2  2  2  0]
[ 0 -2 -4  2  2  0]
[ 0  2  2 -4  0  0]
[ 0  2  2  0 -4  0]
[ 2  0  0  0  0  0]
Signature:  (1, 5)
Genus symbol at 2:    2^-4:4^-2
above 2
glueing
Genus of
[-4 -2  0  2  2  2]
[-2 -4 -2  2  2  2]
[ 0 -2 -4  0  2  0]
[ 2  2  0 -4 -2 -2]
[ 2  2  2 -2 -4 -2]
[ 2  2  0 -2 -2 -8]
Signature:  (0, 6)
Genus symbol at 2:    2^-4:4^2
Genus symbol at 3:     1^5 3^1
and
Genus of
[ 2  0  0  0  0  0]
[ 0 -2  0  0  0  0]
[ 0  0 -4 -2 -2 -2]
[ 0  0 -2 -4  0  0]
[ 0  0 -2  0 -4  0]
[ 0  0 -2  0  0 -4]
Signature:  (1, 5)
Genus symbol at 2:    [2^4]_4 4^2
above 2
glueing
Genus of
[-4  2 -2 -2 -2  0]
[ 2 -4  2  2  2  0]
[-2  2 -4 -2 -2  0]
[-2  2 -2 -4 -2  0]
[-2  2 -2 -2 -4  0]
[ 0  0  0  0  0 -4]
Signature:  (0, 6)
Genus symbol at 2:    2^-4 [4^2]_0
Genus symbol at 3:     1^5 3^1
and
Genus of
[ 0  0  0  0  0  2]
[ 0 -2  0  0  0  0]
[ 0  0 -2  0  0  0]
[ 0  0  0 -4  0  0]
[ 0  0  0  0 -4  0]
[ 2  0  0  0  0  0]
Signature:  (1, 5)
Genus symbol at 2:    [2^4 4^2]_4
above 2
glueing
Genus of
[-4  0  2  2  2  0]
[ 0 -4  0  0  0  0]
[ 2  0 -4 -2 -2  0]
[ 2  0 -2 -4  0  0]
[ 2  0 -2  0 -4  0]
[ 0  0  0  0  0 -6]
Signature:  (0, 6)
Genus symbol at 2:    [2^-3 4^3]_0
Genus symbol at 3:     1^-5 3^1
and
Genus of
[ 0  0  0  0  0  4]
[ 0 -2 -1  1  0  0]
[ 0 -1 -2  1  0  0]
[ 0  1  1 -2  0  0]
[ 0  0  0  0 -2  0]
[ 4  0  0  0  0  0]
Signature:  (1, 5)
Genus symbol at 2:    1^2 [2^1 4^3]_4
above 2
Found an isometry of order: 6
glueing
Genus of
[-4  2  2 -2  0  0]
[ 2 -4 -2  2  0  0]
[ 2 -2 -4  0  0  0]
[-2  2  0 -4  0  0]
[ 0  0  0  0 -4  0]
[ 0  0  0  0  0 -6]
Signature:  (0, 6)
Genus symbol at 2:    [2^-3 4^3]_0
Genus symbol at 3:     1^-5 3^1
and
Genus of
[ 0  0  0  0  0  2]
[ 0 -2  0  0  0  0]
[ 0  0 -4  0  0  0]
[ 0  0  0 -4  0  0]
[ 0  0  0  0 -4  0]
[ 2  0  0  0  0  0]
Signature:  (1, 5)
Genus symbol at 2:    [2^3 4^3]_4
above 2
Found an isometry of order: 6
glueing
Genus of
[-4  0  0 -2  2 -2]
[ 0 -4  0 -2  2 -2]
[ 0  0 -4 -2  2  2]
[-2 -2 -2 -6  4 -2]
[ 2  2  2  4 -6  0]
[-2 -2  2 -2  0 -6]
Signature:  (0, 6)
Genus symbol at 2:    [2^2]_2 4^4
and
Genus of
[ 0  0  0  0  0  4]
[ 0 -2  0  0  0  0]
[ 0  0 -2  0  0  0]
[ 0  0  0 -8 -4  0]
[ 0  0  0 -4 -8  0]
[ 4  0  0  0  0  0]
Signature:  (1, 5)
Genus symbol at 2:    [2^-2]_2 4^4
Genus symbol at 3:     1^-5 3^1
above 2
glueing
Genus of
[-4  2 -2  0  0  0]
[ 2 -4  2  0 -2  0]
[-2  2 -4  0  2  0]
[ 0  0  0 -4  0  0]
[ 0 -2  2  0 -4  0]
[ 0  0  0  0  0 -4]
Signature:  (0, 6)
Genus symbol at 2:    2^2 [4^4]_2
and
Genus of
[ 0  0  0  0  0  2]
[ 0 -4  0  0  0  0]
[ 0  0 -4  0  0  0]
[ 0  0  0 -8 -4  0]
[ 0  0  0 -4 -8  0]
[ 2  0  0  0  0  0]
Signature:  (1, 5)
Genus symbol at 2:    2^-2 [4^4]_2
Genus symbol at 3:     1^-5 3^1
above 2
glueing
Genus of
[-4  2 -2  0  0  0]
[ 2 -4  2  0 -2  0]
[-2  2 -4  0  2  0]
[ 0  0  0 -4  0  0]
[ 0 -2  2  0 -4  0]
[ 0  0  0  0  0 -4]
Signature:  (0, 6)
Genus symbol at 2:    2^2 [4^4]_2
and
Genus of
[ 0  0  0  0  0  4]
[ 0 -2  0  0  0  0]
[ 0  0 -4  0  0  0]
[ 0  0  0 -4  0  0]
[ 0  0  0  0 -6  0]
[ 4  0  0  0  0  0]
Signature:  (1, 5)
Genus symbol at 2:    [2^-2 4^4]_2
Genus symbol at 3:     1^-5 3^1
above 2
glueing
Genus of
[-4  2  0  2  0  0]
[ 2 -4  2 -2  0  0]
[ 0  2 -4  2  0  0]
[ 2 -2  2 -4  0  0]
[ 0  0  0  0 -8  4]
[ 0  0  0  0  4 -8]
Signature:  (0, 6)
Genus symbol at 2:    2^-2:4^4
Genus symbol at 3:     1^5 3^1
and
Genus of
[ 0  0  0  0  0  4]
[ 0 -4 -2  2  2  0]
[ 0 -2 -4  2  2  0]
[ 0  2  2 -4  0  0]
[ 0  2  2  0 -4  0]
[ 4  0  0  0  0  0]
Signature:  (1, 5)
Genus symbol at 2:    2^-2:4^-4
above 2
glueing
Genus of
[-4 -2  0 -2  0  0]
[-2 -4  0 -2  0 -2]
[ 0  0 -4  0  0  0]
[-2 -2  0 -4  0 -2]
[ 0  0  0  0 -4  0]
[ 0 -2  0 -2  0 -8]
Signature:  (0, 6)
Genus symbol at 2:    2^-2 [4^4]_0
Genus symbol at 3:     1^5 3^1
and
Genus of
[ 0  0  0  0  0  4]
[ 0 -2  0  0  0  0]
[ 0  0 -2  0  0  0]
[ 0  0  0 -4  0  0]
[ 0  0  0  0 -4  0]
[ 4  0  0  0  0  0]
Signature:  (1, 5)
Genus symbol at 2:    [2^2 4^4]_4
above 2
glueing
Genus of
[-4 -2  0 -2  0  0]
[-2 -4  0 -2  0 -2]
[ 0  0 -4  0  0  0]
[-2 -2  0 -4  0 -2]
[ 0  0  0  0 -4  0]
[ 0 -2  0 -2  0 -8]
Signature:  (0, 6)
Genus symbol at 2:    2^-2 [4^4]_0
Genus symbol at 3:     1^5 3^1
and
Genus of
[ 0  0  0  0  0  2]
[ 0 -4  0  0  0  0]
[ 0  0 -4  0  0  0]
[ 0  0  0 -4  0  0]
[ 0  0  0  0 -4  0]
[ 2  0  0  0  0  0]
Signature:  (1, 5)
Genus symbol at 2:    2^2 [4^4]_4
above 2
glueing
Genus of
[ -4   0   0   2   2  -2]
[  0  -4   0   2   2  -2]
[  0   0  -4   2   2  -2]
[  2   2   2  -6  -4   4]
[  2   2   2  -4  -6   2]
[ -2  -2  -2   4   2 -10]
Signature:  (0, 6)
Genus symbol at 2:    [2^-2 4^4]_0
Genus symbol at 3:     1^5 3^1
and
Genus of
[ 0  0  0  0  0  4]
[ 0 -2  0  0  0  0]
[ 0  0 -2  0  0  0]
[ 0  0  0 -4  0  0]
[ 0  0  0  0 -4  0]
[ 4  0  0  0  0  0]
Signature:  (1, 5)
Genus symbol at 2:    [2^2 4^4]_4
above 2
Found an isometry of order: 6
glueing
Genus of
[ -4   0   0   2   2  -2]
[  0  -4   0   2   2  -2]
[  0   0  -4   2   2  -2]
[  2   2   2  -6  -4   4]
[  2   2   2  -4  -6   2]
[ -2  -2  -2   4   2 -10]
Signature:  (0, 6)
Genus symbol at 2:    [2^-2 4^4]_0
Genus symbol at 3:     1^5 3^1
and
Genus of
[ 0  0  0  0  0  2]
[ 0 -4  0  0  0  0]
[ 0  0 -4  0  0  0]
[ 0  0  0 -4  0  0]
[ 0  0  0  0 -4  0]
[ 2  0  0  0  0  0]
Signature:  (1, 5)
Genus symbol at 2:    2^2 [4^4]_4
above 2
glueing
Genus of
[-4 -2 -2 -2 -2  2  2]
[-2 -4 -2 -2 -2  2  2]
[-2 -2 -4  0 -2  2  0]
[-2 -2  0 -4  0  2  2]
[-2 -2 -2  0 -4  2  0]
[ 2  2  2  2  2 -4  0]
[ 2  2  0  2  0  0 -4]
Signature:  (0, 7)
Genus symbol at 2:    2^6 [4^1]_1
and
Genus of
[ 0  0  0  0  1]
[ 0 -2 -1  0  0]
[ 0 -1 -2  0  0]
[ 0  0  0 -4  0]
[ 1  0  0  0  0]
Signature:  (1, 4)
Genus symbol at 2:    1^-4:[4^1]_7
Genus symbol at 3:     1^4 3^1
above 2
glueing
Genus of
[-4 -2 -2 -2  2 -2  0]
[-2 -4 -2  0  2 -2  0]
[-2 -2 -4 -2  2 -2  0]
[-2  0 -2 -4  2  0  0]
[ 2  2  2  2 -4  2  0]
[-2 -2 -2  0  2 -4  0]
[ 0  0  0  0  0  0 -4]
Signature:  (0, 7)
Genus symbol at 2:    2^-6 [4^1]_7
Genus symbol at 3:     1^-6 3^1
and
Genus of
[ 0  0  0  0  1]
[ 0 -2 -1 -1  0]
[ 0 -1 -2  0  0]
[ 0 -1  0 -2  0]
[ 1  0  0  0  0]
Signature:  (1, 4)
Genus symbol at 2:    1^-4:[4^-1]_5
above 2
Found an isometry of order: 6
glueing
Genus of
[-4 -2 -2 -2 -2  2  2]
[-2 -4 -2 -2 -2  2  2]
[-2 -2 -4  0 -2  2  0]
[-2 -2  0 -4  0  2  2]
[-2 -2 -2  0 -4  2  0]
[ 2  2  2  2  2 -4  0]
[ 2  2  0  2  0  0 -4]
Signature:  (0, 7)
Genus symbol at 2:    2^6 [4^1]_1
and
Genus of
[ 2  0  0  0  0]
[ 0 -2 -1  0  0]
[ 0 -1 -2  0  0]
[ 0  0  0 -2  0]
[ 0  0  0  0 -4]
Signature:  (1, 4)
Genus symbol at 2:    1^-2 [2^2 4^1]_7
Genus symbol at 3:     1^4 3^1
above 2
glueing
Genus of
[-4 -2 -2 -2 -2  2  2]
[-2 -4 -2 -2 -2  2  2]
[-2 -2 -4  0 -2  2  0]
[-2 -2  0 -4  0  2  2]
[-2 -2 -2  0 -4  2  0]
[ 2  2  2  2  2 -4  0]
[ 2  2  0  2  0  0 -4]
Signature:  (0, 7)
Genus symbol at 2:    2^6 [4^1]_1
and
Genus of
[ 0  0  0  0  2]
[ 0 -2 -1  0  0]
[ 0 -1 -2  0  0]
[ 0  0  0 -4  0]
[ 2  0  0  0  0]
Signature:  (1, 4)
Genus symbol at 2:    1^-2:2^2 [4^1]_7
Genus symbol at 3:     1^4 3^1
above 2
glueing
Genus of
[-4  0  0  0  0  0  0]
[ 0 -4  0  2  0  0 -2]
[ 0  0 -4 -2  2  0  2]
[ 0  2 -2 -4  2  0  2]
[ 0  0  2  2 -4 -2 -2]
[ 0  0  0  0 -2 -4 -2]
[ 0 -2  2  2 -2 -2 -4]
Signature:  (0, 7)
Genus symbol at 2:    2^-6 [4^1]_7
Genus symbol at 3:     1^-6 3^1
and
Genus of
[-2 -1 -1  0  0]
[-1 -2  0  0  0]
[-1  0 -2  0  0]
[ 0  0  0 -2  0]
[ 0  0  0  0  2]
Signature:  (1, 4)
Genus symbol at 2:    1^2 [2^2 4^1]_5
above 2
glueing
Genus of
[-4  0  0  0  0  0  0]
[ 0 -4  0  2  0  0 -2]
[ 0  0 -4 -2  2  0  2]
[ 0  2 -2 -4  2  0  2]
[ 0  0  2  2 -4 -2 -2]
[ 0  0  0  0 -2 -4 -2]
[ 0 -2  2  2 -2 -2 -4]
Signature:  (0, 7)
Genus symbol at 2:    2^-6 [4^1]_7
Genus symbol at 3:     1^-6 3^1
and
Genus of
[ 0  0  0  0  2]
[ 0 -2 -1  1  0]
[ 0 -1 -2  1  0]
[ 0  1  1 -2  0]
[ 2  0  0  0  0]
Signature:  (1, 4)
Genus symbol at 2:    1^-2:2^-2 [4^1]_1
above 2
Found an isometry of order: 6
Found an isometry of order: 6
glueing
Genus of
[-4 -2 -2 -2 -2  2  2]
[-2 -4 -2 -2 -2  2  2]
[-2 -2 -4  0 -2  2  0]
[-2 -2  0 -4  0  2  2]
[-2 -2 -2  0 -4  2  0]
[ 2  2  2  2  2 -4  0]
[ 2  2  0  2  0  0 -4]
Signature:  (0, 7)
Genus symbol at 2:    2^6 [4^1]_1
and
Genus of
[ 0  0  0  0  2]
[ 0 -2  0  0  0]
[ 0  0 -4  0  0]
[ 0  0  0 -6  0]
[ 2  0  0  0  0]
Signature:  (1, 4)
Genus symbol at 2:    [2^-4 4^1]_3
Genus symbol at 3:     1^4 3^1
above 2
glueing
Genus of
[-4  2 -1 -2 -2  2 -1]
[ 2 -4  2  2  0 -2  2]
[-1  2 -4 -1  0  2 -2]
[-2  2 -1 -4 -2  2 -1]
[-2  0  0 -2 -4  2  0]
[ 2 -2  2  2  2 -4  2]
[-1  2 -2 -1  0  2 -4]
Signature:  (0, 7)
Genus symbol at 2:    1^2:2^-2 [4^3]_7
Genus symbol at 3:     1^-6 3^1
and
Genus of
[ 0  0  0  0  4]
[ 0 -2 -1  1  0]
[ 0 -1 -2  1  0]
[ 0  1  1 -2  0]
[ 4  0  0  0  0]
Signature:  (1, 4)
Genus symbol at 2:    1^-2:[4^-3]_5
above 2
Found an isometry of order: 6
glueing
Genus of
[-4 -2  2  0  0  2 -2]
[-2 -4  2  0 -2  2 -2]
[ 2  2 -4  0  2 -2  2]
[ 0  0  0 -4  0  0  0]
[ 0 -2  2  0 -4  0 -2]
[ 2  2 -2  0  0 -4  2]
[-2 -2  2  0 -2  2 -4]
Signature:  (0, 7)
Genus symbol at 2:    2^-6 [4^1]_7
Genus symbol at 3:     1^-6 3^1
and
Genus of
[ 0  0  0  0  2]
[ 0 -2  0  0  0]
[ 0  0 -2  0  0]
[ 0  0  0 -4  0]
[ 2  0  0  0  0]
Signature:  (1, 4)
Genus symbol at 2:    [2^4 4^1]_5
above 2
glueing
Genus of
[-4  2  2 -2 -2 -2  0]
[ 2 -4 -2  2  2  2  0]
[ 2 -2 -4  0  2  2  0]
[-2  2  0 -4 -2 -2  0]
[-2  2  2 -2 -4 -2  0]
[-2  2  2 -2 -2 -4  0]
[ 0  0  0  0  0  0 -6]
Signature:  (0, 7)
Genus symbol at 2:    [2^-5 4^2]_7
Genus symbol at 3:     1^6 3^1
and
Genus of
[ 0  0  0  0  1]
[ 0 -2  0  0  0]
[ 0  0 -4  0  0]
[ 0  0  0 -4  0]
[ 1  0  0  0  0]
Signature:  (1, 4)
Genus symbol at 2:    1^2 [2^1 4^2]_5
above 2
Found an isometry of order: 6
glueing
Genus of
[-4  2 -1 -2 -2  2 -1]
[ 2 -4  2  2  0 -2  2]
[-1  2 -4 -1  0  2 -2]
[-2  2 -1 -4 -2  2 -1]
[-2  0  0 -2 -4  2  0]
[ 2 -2  2  2  2 -4  2]
[-1  2 -2 -1  0  2 -4]
Signature:  (0, 7)
Genus symbol at 2:    1^2:2^-2 [4^3]_7
Genus symbol at 3:     1^-6 3^1
and
Genus of
[ 0  0  0  0  2]
[ 0 -4  0  0  0]
[ 0  0 -4  0  0]
[ 0  0  0 -4  0]
[ 2  0  0  0  0]
Signature:  (1, 4)
Genus symbol at 2:    2^2 [4^3]_5
above 2
glueing
Genus of
[-4  2 -1 -2 -2  2 -1]
[ 2 -4  2  2  0 -2  2]
[-1  2 -4 -1  0  2 -2]
[-2  2 -1 -4 -2  2 -1]
[-2  0  0 -2 -4  2  0]
[ 2 -2  2  2  2 -4  2]
[-1  2 -2 -1  0  2 -4]
Signature:  (0, 7)
Genus symbol at 2:    1^2:2^-2 [4^3]_7
Genus symbol at 3:     1^-6 3^1
and
Genus of
[ 0  0  0  0  4]
[ 0 -2  0  0  0]
[ 0  0 -2  0  0]
[ 0  0  0 -4  0]
[ 4  0  0  0  0]
Signature:  (1, 4)
Genus symbol at 2:    [2^2 4^3]_5
above 2
glueing
Genus of
[-4  0 -2  2  2  2  0]
[ 0 -4 -2  0  0  2  0]
[-2 -2 -4  0  0  2  0]
[ 2  0  0 -4 -2 -2  0]
[ 2  0  0 -2 -4 -2  0]
[ 2  2  2 -2 -2 -4  0]
[ 0  0  0  0  0  0 -6]
Signature:  (0, 7)
Genus symbol at 2:    [2^-5 4^2]_7
Genus symbol at 3:     1^6 3^1
and
Genus of
[ 0  0  0  0  4]
[ 0 -2  0  0  0]
[ 0  0 -2  0  0]
[ 0  0  0 -2  0]
[ 4  0  0  0  4]
Signature:  (1, 4)
Genus symbol at 2:    [2^3 4^2]_5
above 2
Found an isometry of order: 6
glueing
Genus of
[-4  0  0  0  0  0  0]
[ 0 -4  2  2 -2 -2 -2]
[ 0  2 -4  0  2  2  2]
[ 0  2  0 -4  2  2  2]
[ 0 -2  2  2 -4 -2 -2]
[ 0 -2  2  2 -2 -4 -2]
[ 0 -2  2  2 -2 -2 -4]
Signature:  (0, 7)
Genus symbol at 2:    2^4 [4^3]_1
and
Genus of
[ 0  0  0  0  2]
[ 0 -4  0  0  0]
[ 0  0 -8 -4  0]
[ 0  0 -4 -8  0]
[ 2  0  0  0  0]
Signature:  (1, 4)
Genus symbol at 2:    2^-2 [4^3]_3
Genus symbol at 3:     1^4 3^1
above 2
glueing
Genus of
[-4  0  0  0  0  0  0]
[ 0 -4  2  2 -2 -2 -2]
[ 0  2 -4  0  2  2  2]
[ 0  2  0 -4  2  2  2]
[ 0 -2  2  2 -4 -2 -2]
[ 0 -2  2  2 -2 -4 -2]
[ 0 -2  2  2 -2 -2 -4]
Signature:  (0, 7)
Genus symbol at 2:    2^4 [4^3]_1
and
Genus of
[ 0  0  0  0  4]
[ 0 -2  0  0  0]
[ 0  0 -4  0  0]
[ 0  0  0 -6  0]
[ 4  0  0  0  0]
Signature:  (1, 4)
Genus symbol at 2:    [2^-2 4^3]_3
Genus symbol at 3:     1^4 3^1
above 2
glueing
Genus of
[-4  2  2  2  2  0  0]
[ 2 -4 -2 -2 -2  0  0]
[ 2 -2 -4 -2 -2  0  0]
[ 2 -2 -2 -4 -2  0  0]
[ 2 -2 -2 -2 -4  0  0]
[ 0  0  0  0  0 -4  0]
[ 0  0  0  0  0  0 -4]
Signature:  (0, 7)
Genus symbol at 2:    2^-4 [4^3]_7
Genus symbol at 3:     1^-6 3^1
and
Genus of
[ 0  0  0  0  2]
[ 0 -4  0  0  0]
[ 0  0 -4  0  0]
[ 0  0  0 -4  0]
[ 2  0  0  0  0]
Signature:  (1, 4)
Genus symbol at 2:    2^2 [4^3]_5
above 2
glueing
Genus of
[-4  2  2 -2  2  0  2]
[ 2 -4 -2  2  0  0 -2]
[ 2 -2 -4  2 -2  0 -2]
[-2  2  2 -4  2  0  2]
[ 2  0 -2  2 -4  0 -2]
[ 0  0  0  0  0 -4  0]
[ 2 -2 -2  2 -2  0 -8]
Signature:  (0, 7)
Genus symbol at 2:    2^-4 [4^3]_7
Genus symbol at 3:     1^-6 3^1
and
Genus of
[ 0  0  0  0  2]
[ 0 -4  0  0  0]
[ 0  0 -4  0  0]
[ 0  0  0 -4  0]
[ 2  0  0  0  0]
Signature:  (1, 4)
Genus symbol at 2:    2^2 [4^3]_5
above 2
glueing
Genus of
[-4  2  2  2  2  0  0]
[ 2 -4 -2 -2 -2  0  0]
[ 2 -2 -4 -2 -2  0  0]
[ 2 -2 -2 -4 -2  0  0]
[ 2 -2 -2 -2 -4  0  0]
[ 0  0  0  0  0 -4  0]
[ 0  0  0  0  0  0 -4]
Signature:  (0, 7)
Genus symbol at 2:    2^-4 [4^3]_7
Genus symbol at 3:     1^-6 3^1
and
Genus of
[ 0  0  0  0  4]
[ 0 -2  0  0  0]
[ 0  0 -2  0  0]
[ 0  0  0 -4  0]
[ 4  0  0  0  0]
Signature:  (1, 4)
Genus symbol at 2:    [2^2 4^3]_5
above 2
glueing
Genus of
[-4  2  2 -2  2  0  2]
[ 2 -4 -2  2  0  0 -2]
[ 2 -2 -4  2 -2  0 -2]
[-2  2  2 -4  2  0  2]
[ 2  0 -2  2 -4  0 -2]
[ 0  0  0  0  0 -4  0]
[ 2 -2 -2  2 -2  0 -8]
Signature:  (0, 7)
Genus symbol at 2:    2^-4 [4^3]_7
Genus symbol at 3:     1^-6 3^1
and
Genus of
[ 0  0  0  0  4]
[ 0 -2  0  0  0]
[ 0  0 -2  0  0]
[ 0  0  0 -4  0]
[ 4  0  0  0  0]
Signature:  (1, 4)
Genus symbol at 2:    [2^2 4^3]_5
above 2
glueing
Genus of
[-4  0  0 -2  2  2  2]
[ 0 -4  0 -2 -2 -2 -2]
[ 0  0 -4  2  2  2  2]
[-2 -2  2 -6  0  0 -2]
[ 2 -2  2  0 -6 -4 -2]
[ 2 -2  2  0 -4 -6 -2]
[ 2 -2  2 -2 -2 -2 -6]
Signature:  (0, 7)
Genus symbol at 2:    [2^-4 4^3]_7
Genus symbol at 3:     1^-6 3^1
and
Genus of
[ 0  0  0  0  2]
[ 0 -4  0  0  0]
[ 0  0 -4  0  0]
[ 0  0  0 -4  0]
[ 2  0  0  0  0]
Signature:  (1, 4)
Genus symbol at 2:    2^2 [4^3]_5
above 2
glueing
Genus of
[-4  0  0 -2  2  2  2]
[ 0 -4  0 -2 -2 -2 -2]
[ 0  0 -4  2  2  2  2]
[-2 -2  2 -6  0  0 -2]
[ 2 -2  2  0 -6 -4 -2]
[ 2 -2  2  0 -4 -6 -2]
[ 2 -2  2 -2 -2 -2 -6]
Signature:  (0, 7)
Genus symbol at 2:    [2^-4 4^3]_7
Genus symbol at 3:     1^-6 3^1
and
Genus of
[ 0  0  0  0  4]
[ 0 -2  0  0  0]
[ 0  0 -2  0  0]
[ 0  0  0 -4  0]
[ 4  0  0  0  0]
Signature:  (1, 4)
Genus symbol at 2:    [2^2 4^3]_5
above 2
Found an isometry of order: 6
glueing
Genus of
[-4 -2  2 -2  2  0 -2  0]
[-2 -4  2  0  2 -2 -2  2]
[ 2  2 -4  2 -2  0  0 -2]
[-2  0  2 -4  2  0  0  0]
[ 2  2 -2  2 -4  2  2 -2]
[ 0 -2  0  0  2 -4 -2  2]
[-2 -2  0  0  2 -2 -4  0]
[ 0  2 -2  0 -2  2  0 -4]
Signature:  (0, 8)
Genus symbol at 2:    2^8
and
Genus of
[ 0  0  0  1]
[ 0 -2 -1  0]
[ 0 -1 -2  0]
[ 1  0  0  0]
Signature:  (1, 3)
Genus symbol at 2:    1^-4
Genus symbol at 3:     1^-3 3^1
above 2
glueing
Genus of
[-4 -2  2 -2  2  0 -2  0]
[-2 -4  2  0  2 -2 -2  2]
[ 2  2 -4  2 -2  0  0 -2]
[-2  0  2 -4  2  0  0  0]
[ 2  2 -2  2 -4  2  2 -2]
[ 0 -2  0  0  2 -4 -2  2]
[-2 -2  0  0  2 -2 -4  0]
[ 0  2 -2  0 -2  2  0 -4]
Signature:  (0, 8)
Genus symbol at 2:    2^8
and
Genus of
[ 0  0  0  2]
[ 0 -2 -1  0]
[ 0 -1 -2  0]
[ 2  0  0  0]
Signature:  (1, 3)
Genus symbol at 2:    1^-2:2^2
Genus symbol at 3:     1^-3 3^1
above 2
glueing
Genus of
[-4 -2  2 -2  2  0 -2  0]
[-2 -4  2  0  2 -2 -2  2]
[ 2  2 -4  2 -2  0  0 -2]
[-2  0  2 -4  2  0  0  0]
[ 2  2 -2  2 -4  2  2 -2]
[ 0 -2  0  0  2 -4 -2  2]
[-2 -2  0  0  2 -2 -4  0]
[ 0  2 -2  0 -2  2  0 -4]
Signature:  (0, 8)
Genus symbol at 2:    2^8
and
Genus of
[ 2  0  0  0]
[ 0 -2 -1  0]
[ 0 -1 -2  0]
[ 0  0  0 -2]
Signature:  (1, 3)
Genus symbol at 2:    1^-2 [2^2]_0
Genus symbol at 3:     1^-3 3^1
above 2
glueing
Genus of
[-4 -2  2 -2  2  0 -2  0]
[-2 -4  2  0  2 -2 -2  2]
[ 2  2 -4  2 -2  0  0 -2]
[-2  0  2 -4  2  0  0  0]
[ 2  2 -2  2 -4  2  2 -2]
[ 0 -2  0  0  2 -4 -2  2]
[-2 -2  0  0  2 -2 -4  0]
[ 0  2 -2  0 -2  2  0 -4]
Signature:  (0, 8)
Genus symbol at 2:    2^8
and
Genus of
[ 0  0  0  2]
[ 0 -2  0  0]
[ 0  0 -6  0]
[ 2  0  0  0]
Signature:  (1, 3)
Genus symbol at 2:    [2^-4]_4
Genus symbol at 3:     1^-3 3^1
above 2
glueing
Genus of
[-4 -2  2 -2  0  0  0  2]
[-2 -4  2  0 -2  1  2  0]
[ 2  2 -4  2  2 -1 -2 -2]
[-2  0  2 -4  0  1  0  2]
[ 0 -2  2  0 -4  0  2  0]
[ 0  1 -1  1  0 -4  0 -1]
[ 0  2 -2  0  2  0 -4  0]
[ 2  0 -2  2  0 -1  0 -4]
Signature:  (0, 8)
Genus symbol at 2:    1^2:2^-4 [4^2]_6
Genus symbol at 3:     1^7 3^1
and
Genus of
[ 0  0  0  2]
[ 0 -2  0  1]
[ 0  0 -2  1]
[ 2  1  1  2]
Signature:  (1, 3)
Genus symbol at 2:    1^-2:[4^-2]_6
above 2
Found an isometry of order: 6
glueing
Genus of
[-4  2  0 -2  0  0  2  0]
[ 2 -4 -2  2 -2  0 -2  0]
[ 0 -2 -4  2 -2  0  0  0]
[-2  2  2 -4  2 -2  2  0]
[ 0 -2 -2  2 -4  0  0  0]
[ 0  0  0 -2  0 -4  2  0]
[ 2 -2  0  2  0  2 -4  0]
[ 0  0  0  0  0  0  0 -6]
Signature:  (0, 8)
Genus symbol at 2:    [2^-7 4^1]_6
Genus symbol at 3:     1^-7 3^1
and
Genus of
[ 0  0  0  1]
[ 0 -2  0  0]
[ 0  0 -4  0]
[ 1  0  0  0]
Signature:  (1, 3)
Genus symbol at 2:    1^2 [2^1 4^1]_6
above 2
Found an isometry of order: 6
glueing
Genus of
[-4  0 -2  2  0  1  0  2]
[ 0 -4 -2  2 -2  1  2  0]
[-2 -2 -4  2  0  0  0  2]
[ 2  2  2 -4  2 -1 -2 -2]
[ 0 -2  0  2 -4  0  2  0]
[ 1  1  0 -1  0 -4  0 -1]
[ 0  2  0 -2  2  0 -4  0]
[ 2  0  2 -2  0 -1  0 -4]
Signature:  (0, 8)
Genus symbol at 2:    1^2:2^-4 [4^2]_6
Genus symbol at 3:     1^7 3^1
and
Genus of
[-2  0  0  0]
[ 0 -2  0  0]
[ 0  0 -4  0]
[ 0  0  0  4]
Signature:  (1, 3)
Genus symbol at 2:    [2^2 4^2]_6
above 2
glueing
Genus of
[-4  0 -2  2  0  1  0  2]
[ 0 -4 -2  2 -2  1  2  0]
[-2 -2 -4  2  0  0  0  2]
[ 2  2  2 -4  2 -1 -2 -2]
[ 0 -2  0  2 -4  0  2  0]
[ 1  1  0 -1  0 -4  0 -1]
[ 0  2  0 -2  2  0 -4  0]
[ 2  0  2 -2  0 -1  0 -4]
Signature:  (0, 8)
Genus symbol at 2:    1^2:2^-4 [4^2]_6
Genus symbol at 3:     1^7 3^1
and
Genus of
[ 0  0  0  2]
[ 0 -4  0  0]
[ 0  0 -4  0]
[ 2  0  0  0]
Signature:  (1, 3)
Genus symbol at 2:    2^2 [4^2]_6
above 2
glueing
Genus of
[-4 -2  2  0  2  2  0  0]
[-2 -4  2 -2  2  2 -2  0]
[ 2  2 -4  2 -2 -2  2  0]
[ 0 -2  2 -4  2  0 -2  0]
[ 2  2 -2  2 -4  0  0  0]
[ 2  2 -2  0  0 -4  2  0]
[ 0 -2  2 -2  0  2 -4  0]
[ 0  0  0  0  0  0  0 -6]
Signature:  (0, 8)
Genus symbol at 2:    [2^-7 4^1]_6
Genus symbol at 3:     1^-7 3^1
and
Genus of
[ 0  0  0  2]
[ 0 -2  0  0]
[ 0  0 -4  0]
[ 2  0  0  0]
Signature:  (1, 3)
Genus symbol at 2:    [2^3 4^1]_6
above 2
Found an isometry of order: 6
glueing
Genus of
[-4 -2  2  2 -2 -2 -2 -2]
[-2 -4  2  2 -2 -2 -2 -2]
[ 2  2 -4  0  2  2  2  2]
[ 2  2  0 -4  2  2  2  2]
[-2 -2  2  2 -4 -2 -2 -2]
[-2 -2  2  2 -2 -4 -2 -2]
[-2 -2  2  2 -2 -2 -4 -2]
[-2 -2  2  2 -2 -2 -2 -4]
Signature:  (0, 8)
Genus symbol at 2:    2^6:4^2
and
Genus of
[ 0  0  0  2]
[ 0 -8 -4  0]
[ 0 -4 -8  0]
[ 2  0  0  0]
Signature:  (1, 3)
Genus symbol at 2:    2^2:4^-2
Genus symbol at 3:     1^-3 3^1
above 2
glueing
Genus of
[-4 -2  2  2 -2 -2 -2 -2]
[-2 -4  2  2 -2 -2 -2 -2]
[ 2  2 -4  0  2  2  2  2]
[ 2  2  0 -4  2  2  2  2]
[-2 -2  2  2 -4 -2 -2 -2]
[-2 -2  2  2 -2 -4 -2 -2]
[-2 -2  2  2 -2 -2 -4 -2]
[-2 -2  2  2 -2 -2 -2 -4]
Signature:  (0, 8)
Genus symbol at 2:    2^6:4^2
and
Genus of
[ 2  0  0  0]
[ 0 -2  0  0]
[ 0  0 -8 -4]
[ 0  0 -4 -8]
Signature:  (1, 3)
Genus symbol at 2:    [2^-2]_4 4^2
Genus symbol at 3:     1^-3 3^1
above 2
glueing
Genus of
[-4  2  0  0 -2  2 -2  0]
[ 2 -4 -2  0  2 -2  2  0]
[ 0 -2 -4  2  2 -2  2  0]
[ 0  0  2 -4  0  2 -2  0]
[-2  2  2  0 -4  2 -2  0]
[ 2 -2 -2  2  2 -4  2  0]
[-2  2  2 -2 -2  2 -4  0]
[ 0  0  0  0  0  0  0 -4]
Signature:  (0, 8)
Genus symbol at 2:    2^6 [4^2]_0
and
Genus of
[ 0  0  0  4]
[ 0 -2  0  0]
[ 0  0 -6  0]
[ 4  0  0  4]
Signature:  (1, 3)
Genus symbol at 2:    [2^-2 4^2]_4
Genus symbol at 3:     1^-3 3^1
above 2
glueing
Genus of
[-4  0 -2  0  0 -2  0 -2]
[ 0 -4  0  2  0  2 -2  0]
[-2  0 -4  0  0 -2  2  0]
[ 0  2  0 -4  0 -2  0 -2]
[ 0  0  0  0 -4  0 -2  2]
[-2  2 -2 -2  0 -4  2 -2]
[ 0 -2  2  0 -2  2 -6  0]
[-2  0  0 -2  2 -2  0 -6]
Signature:  (0, 8)
Genus symbol at 2:    [2^-6]_6 4^2
Genus symbol at 3:     1^7 3^1
and
Genus of
[ 0  0  0  4]
[ 0 -2  0  0]
[ 0  0 -2  0]
[ 4  0  0  0]
Signature:  (1, 3)
Genus symbol at 2:    [2^2]_6 4^2
above 2
Found an isometry of order: 6
glueing
Genus of
[-4  0  0  0  0  0  0  0]
[ 0 -4  0 -2  0  2  0  2]
[ 0  0 -4  2 -2 -2  0 -2]
[ 0 -2  2 -4  0  2  0  2]
[ 0  0 -2  0 -4  0  0 -2]
[ 0  2 -2  2  0 -4  0 -2]
[ 0  0  0  0  0  0 -4  0]
[ 0  2 -2  2 -2 -2  0 -4]
Signature:  (0, 8)
Genus symbol at 2:    2^-6 [4^2]_6
Genus symbol at 3:     1^7 3^1
and
Genus of
[-2  0  0  0]
[ 0 -2  0  0]
[ 0  0 -4  0]
[ 0  0  0  4]
Signature:  (1, 3)
Genus symbol at 2:    [2^2 4^2]_6
above 2
glueing
Genus of
[-4  2  2 -2 -2  0  2  2]
[ 2 -4 -2  2  0  0 -2 -2]
[ 2 -2 -4  2  2  0 -2 -2]
[-2  2  2 -4 -2  0  2  2]
[-2  0  2 -2 -4  0  2  2]
[ 0  0  0  0  0 -4 -2  0]
[ 2 -2 -2  2  2 -2 -4 -2]
[ 2 -2 -2  2  2  0 -2 -8]
Signature:  (0, 8)
Genus symbol at 2:    2^-6 [4^2]_6
Genus symbol at 3:     1^7 3^1
and
Genus of
[-2  0  0  0]
[ 0 -2  0  0]
[ 0  0 -4  0]
[ 0  0  0  4]
Signature:  (1, 3)
Genus symbol at 2:    [2^2 4^2]_6
above 2
glueing
Genus of
[-4  0  0  0  0  0  0  0]
[ 0 -4  0 -2  0  2  0  2]
[ 0  0 -4  2 -2 -2  0 -2]
[ 0 -2  2 -4  0  2  0  2]
[ 0  0 -2  0 -4  0  0 -2]
[ 0  2 -2  2  0 -4  0 -2]
[ 0  0  0  0  0  0 -4  0]
[ 0  2 -2  2 -2 -2  0 -4]
Signature:  (0, 8)
Genus symbol at 2:    2^-6 [4^2]_6
Genus symbol at 3:     1^7 3^1
and
Genus of
[ 0  0  0  2]
[ 0 -4  0  0]
[ 0  0 -4  0]
[ 2  0  0  0]
Signature:  (1, 3)
Genus symbol at 2:    2^2 [4^2]_6
above 2
glueing
Genus of
[-4  2  2 -2 -2  0  2  2]
[ 2 -4 -2  2  0  0 -2 -2]
[ 2 -2 -4  2  2  0 -2 -2]
[-2  2  2 -4 -2  0  2  2]
[-2  0  2 -2 -4  0  2  2]
[ 0  0  0  0  0 -4 -2  0]
[ 2 -2 -2  2  2 -2 -4 -2]
[ 2 -2 -2  2  2  0 -2 -8]
Signature:  (0, 8)
Genus symbol at 2:    2^-6 [4^2]_6
Genus symbol at 3:     1^7 3^1
and
Genus of
[ 0  0  0  2]
[ 0 -4  0  0]
[ 0  0 -4  0]
[ 2  0  0  0]
Signature:  (1, 3)
Genus symbol at 2:    2^2 [4^2]_6
above 2
glueing
Genus of
[-4  2 -2 -2  0 -2 -2  0]
[ 2 -4  2  2  2  2  2  2]
[-2  2 -4 -2 -2 -2 -2 -2]
[-2  2 -2 -4  0 -2 -2  0]
[ 0  2 -2  0 -4 -2 -2 -2]
[-2  2 -2 -2 -2 -6 -4 -2]
[-2  2 -2 -2 -2 -4 -6  0]
[ 0  2 -2  0 -2 -2  0 -6]
Signature:  (0, 8)
Genus symbol at 2:    [2^-6 4^2]_6
Genus symbol at 3:     1^7 3^1
and
Genus of
[-2  0  0  0]
[ 0 -2  0  0]
[ 0  0 -4  0]
[ 0  0  0  4]
Signature:  (1, 3)
Genus symbol at 2:    [2^2 4^2]_6
above 2
Found an isometry of order: 6
glueing
Genus of
[-4  2 -2 -2  0 -2 -2  0]
[ 2 -4  2  2  2  2  2  2]
[-2  2 -4 -2 -2 -2 -2 -2]
[-2  2 -2 -4  0 -2 -2  0]
[ 0  2 -2  0 -4 -2 -2 -2]
[-2  2 -2 -2 -2 -6 -4 -2]
[-2  2 -2 -2 -2 -4 -6  0]
[ 0  2 -2  0 -2 -2  0 -6]
Signature:  (0, 8)
Genus symbol at 2:    [2^-6 4^2]_6
Genus symbol at 3:     1^7 3^1
and
Genus of
[ 0  0  0  2]
[ 0 -4  0  0]
[ 0  0 -4  0]
[ 2  0  0  0]
Signature:  (1, 3)
Genus symbol at 2:    2^2 [4^2]_6
above 2
glueing
Genus of
[-4 -2 -2  2 -2 -2  0  2  0]
[-2 -4 -2  2 -2 -2 -2  2  0]
[-2 -2 -4  0 -2 -2  0  2  0]
[ 2  2  0 -4  0  2  2 -2  0]
[-2 -2 -2  0 -4 -2  0  2  0]
[-2 -2 -2  2 -2 -4 -2  2  0]
[ 0 -2  0  2  0 -2 -4  0  0]
[ 2  2  2 -2  2  2  0 -4  0]
[ 0  0  0  0  0  0  0  0 -6]
Signature:  (0, 9)
Genus symbol at 2:    [2^-9]_5
Genus symbol at 3:     1^8 3^1
and
Genus of
[ 0  0  1]
[ 0 -2  0]
[ 1  0  0]
Signature:  (1, 2)
Genus symbol at 2:    1^2 [2^1]_7
above 2
Found an isometry of order: 6
glueing
Genus of
[-4  2 -2 -2  2  2 -2 -2  0]
[ 2 -4  0  0 -2 -2  2  2  0]
[-2  0 -4  0  0  0  0 -2  0]
[-2  0  0 -4  0  2 -2  0  0]
[ 2 -2  0  0 -4 -2  2  2  0]
[ 2 -2  0  2 -2 -4  2  2  0]
[-2  2  0 -2  2  2 -4 -2  0]
[-2  2 -2  0  2  2 -2 -4  0]
[ 0  0  0  0  0  0  0  0 -6]
Signature:  (0, 9)
Genus symbol at 2:    [2^-9]_5
Genus symbol at 3:     1^8 3^1
and
Genus of
[ 0  0  2]
[ 0 -2  0]
[ 2  0  0]
Signature:  (1, 2)
Genus symbol at 2:    [2^3]_7
above 2
Found an isometry of order: 6
Found an isometry of order: 6
glueing
Genus of
[-4  2  2 -2 -2  0 -2  0  0]
[ 2 -4 -2  2  2 -2  2 -2  0]
[ 2 -2 -4  0  2  0  0  0  0]
[-2  2  0 -4 -2  2 -2  2  0]
[-2  2  2 -2 -4  2 -2  2  0]
[ 0 -2  0  2  2 -4  2 -2  0]
[-2  2  0 -2 -2  2 -4  2  0]
[ 0 -2  0  2  2 -2  2 -4  0]
[ 0  0  0  0  0  0  0  0 -4]
Signature:  (0, 9)
Genus symbol at 2:    2^8 [4^1]_7
and
Genus of
[-2  0  0]
[ 0  4  0]
[ 0  0 -6]
Signature:  (1, 2)
Genus symbol at 2:    [2^-2 4^1]_5
Genus symbol at 3:     1^2 3^1
above 2
glueing
Genus of
[-4  2 -2  2 -2 -2 -2  2 -2]
[ 2 -4  2 -2  2  2  2  0  0]
[-2  2 -4  2  0 -2 -2  2 -2]
[ 2 -2  2 -4  2  2  2  0  2]
[-2  2  0  2 -4 -2 -2  0  0]
[-2  2 -2  2 -2 -4 -2  2 -2]
[-2  2 -2  2 -2 -2 -4  2 -2]
[ 2  0  2  0  0  2  2 -6  2]
[-2  0 -2  2  0 -2 -2  2 -6]
Signature:  (0, 9)
Genus symbol at 2:    [2^-8 4^1]_5
Genus symbol at 3:     1^-8 3^1
and
Genus of
[ 0  0  2]
[ 0 -4  0]
[ 2  0  2]
Signature:  (1, 2)
Genus symbol at 2:    [2^2 4^1]_7
above 2
Found an isometry of order: 6
glueing
Genus of
[-4  2 -2  2 -2 -2 -2  2 -2]
[ 2 -4  2 -2  2  2  2  0  0]
[-2  2 -4  2  0 -2 -2  2 -2]
[ 2 -2  2 -4  2  2  2  0  2]
[-2  2  0  2 -4 -2 -2  0  0]
[-2  2 -2  2 -2 -4 -2  2 -2]
[-2  2 -2  2 -2 -2 -4  2 -2]
[ 2  0  2  0  0  2  2 -6  2]
[-2  0 -2  2  0 -2 -2  2 -6]
Signature:  (0, 9)
Genus symbol at 2:    [2^-8 4^1]_5
Genus symbol at 3:     1^-8 3^1
and
Genus of
[ 0  0  2]
[ 0 -4  0]
[ 2  0  0]
Signature:  (1, 2)
Genus symbol at 2:    2^2 [4^1]_7
above 2
glueing
Genus of
[-4 -2  2 -2 -2  0  0  2  2  0]
[-2 -4  2 -2 -2  0  0  2  2  2]
[ 2  2 -4  2  0  0  0 -2 -2  0]
[-2 -2  2 -4 -2 -2 -2  2  2  2]
[-2 -2  0 -2 -4  0  0  2  2  2]
[ 0  0  0 -2  0 -4 -2  0  0  2]
[ 0  0  0 -2  0 -2 -4  0  0  2]
[ 2  2 -2  2  2  0  0 -4 -2  0]
[ 2  2 -2  2  2  0  0 -2 -4  0]
[ 0  2  0  2  2  2  2  0  0 -6]
Signature:  (0, 10)
Genus symbol at 2:    [2^-10]_4
Genus symbol at 3:     1^9 3^1
and
Genus of
[0 2]
[2 0]
Signature:  (1, 1)
Genus symbol at 2:    2^2
above 2
glueing
Genus of
[-4 -2  2 -2 -2  0  0  2  2  0]
[-2 -4  2 -2 -2  0  0  2  2  2]
[ 2  2 -4  2  0  0  0 -2 -2  0]
[-2 -2  2 -4 -2 -2 -2  2  2  2]
[-2 -2  0 -2 -4  0  0  2  2  2]
[ 0  0  0 -2  0 -4 -2  0  0  2]
[ 0  0  0 -2  0 -2 -4  0  0  2]
[ 2  2 -2  2  2  0  0 -4 -2  0]
[ 2  2 -2  2  2  0  0 -2 -4  0]
[ 0  2  0  2  2  2  2  0  0 -6]
Signature:  (0, 10)
Genus symbol at 2:    [2^-10]_4
Genus symbol at 3:     1^9 3^1
and
Genus of
[2 2]
[2 0]
Signature:  (1, 1)
Genus symbol at 2:    [2^2]_0
above 2
Found an isometry of order: 6
