1
glueing
Genus of
[-16  -8  -4   2]
[ -8 -16  -6  -4]
[ -4  -6  -2  -1]
[  2  -4  -1  -2]
Signature:  (2, 2)
Genus symbol at 2:    1^-2:4^-2
and
Genus of
[-8  4]
[ 4 -8]
Signature:  (0, 2)
Genus symbol at 2:    4^-2
Genus symbol at 3:     1^1 3^1
above 2
3^1 * 2 -- 3^1
Genus of
[-16  -8  -4   2   0   0]
[ -8 -16  -6  -4   0   0]
[ -4  -6  -2  -1   0   0]
[  2  -4  -1  -2   0   0]
[  0   0   0   0  -8   4]
[  0   0   0   0   4  -8]
Signature:  (2, 4)
Genus symbol at 2:    1^-2:4^4
Genus symbol at 3:     1^5 3^1
Found an isometry of order: 6
glueing
Genus of
[-12]
Signature:  (0, 1)
Genus symbol at 2:    [4^-1]_5
Genus symbol at 3:     3^-1
and
Genus of
[4]
Signature:  (1, 0)
Genus symbol at 2:    [4^1]_1
above 2
glueing
Genus of
[-16  -8   4   4]
[ -8 -16   0   4]
[  4   0   0   0]
[  4   4   0   0]
Signature:  (2, 2)
Genus symbol at 2:    4^4
and
Genus of
[-8  4]
[ 4 -8]
Signature:  (0, 2)
Genus symbol at 2:    4^-2
Genus symbol at 3:     1^1 3^1
above 2
3^1 * 2 -- 3^1
Genus of
[-16  -8   2   2   0   0]
[ -8 -16   0   2   0   0]
[  2   0  -2   1  -4   2]
[  2   2   1  -2   2  -4]
[  0   0  -4   2  -8   4]
[  0   0   2  -4   4  -8]
Signature:  (2, 4)
Genus symbol at 2:    1^-2:4^4
Genus symbol at 3:     1^5 3^1
Found an isometry of order: 6
glueing
Genus of
[-12]
Signature:  (0, 1)
Genus symbol at 2:    [4^-1]_5
Genus symbol at 3:     3^-1
and
Genus of
[4]
Signature:  (1, 0)
Genus symbol at 2:    [4^1]_1
above 2
3^1 * 2 -- 3^1
Genus of
[-16  -8   2   4   0   2]
[ -8 -16  -2   2  -2   0]
[  2  -2  -2  -1  -1  -1]
[  4   2  -1  -2   0  -1]
[  0  -2  -1   0   2   1]
[  2   0  -1  -1   1   2]
Signature:  (2, 4)
Genus symbol at 2:    1^-2:4^4
Genus symbol at 3:     1^5 3^1
glueing
Genus of
[-12]
Signature:  (0, 1)
Genus symbol at 2:    [4^-1]_5
Genus symbol at 3:     3^-1
and
Genus of
[4]
Signature:  (1, 0)
Genus symbol at 2:    [4^1]_1
above 2
Found an isometry of order: 6
