1
glueing
Genus of
[2 1]
[1 2]
Signature:  (2, 0)
Genus symbol at 2:    1^-2
Genus symbol at 3:     1^-1 3^-1
and
Genus of
[-8  4  2  2  0  6]
[ 4 -8 -4  2 -6  0]
[ 2 -4 -4  2 -4  0]
[ 2  2  2 -4  4 -4]
[ 0 -6 -4  4 -8  4]
[ 6  0  0 -4  4 -8]
Signature:  (0, 6)
Genus symbol at 2:    2^-6
Genus symbol at 3:     1^5 3^1
above 2
3^1 * 2 -- 3^1
Genus of
[ 2  1  0  0  0  0  0  0]
[ 1  2  0  0  0  0  0  0]
[ 0  0 -8  4  2  2  0  6]
[ 0  0  4 -8 -4  2 -6  0]
[ 0  0  2 -4 -4  2 -4  0]
[ 0  0  2  2  2 -4  4 -4]
[ 0  0  0 -6 -4  4 -8  4]
[ 0  0  6  0  0 -4  4 -8]
Signature:  (2, 6)
Genus symbol at 2:    1^-2:2^-6
Genus symbol at 3:     1^-6 3^-2
glueing
Genus of
[-4]
Signature:  (0, 1)
Genus symbol at 2:    [4^1]_7
and
Genus of
[  0   0   0   0   1]
[  0  -2  -1   0   0]
[  0  -1  -2   0   0]
[  0   0   0 -12   0]
[  1   0   0   0   0]
Signature:  (1, 4)
Genus symbol at 2:    1^-4:[4^-1]_5
Genus symbol at 3:     1^-3 3^-2
above 2
glueing
Genus of
[-6]
Signature:  (0, 1)
Genus symbol at 2:    [2^-1]_5
Genus symbol at 3:     3^1
and
Genus of
[-2 -1 -1  0  1]
[-1 -2  0  0  1]
[-1  0 -2  0  1]
[ 0  0  0  2  0]
[ 1  1  1  0 -4]
Signature:  (1, 4)
Genus symbol at 2:    1^-2 [2^3]_3
Genus symbol at 3:     1^4 3^-1
above 2
Found an isometry of order: 6
glueing
Genus of
[-12]
Signature:  (0, 1)
Genus symbol at 2:    [4^-1]_5
Genus symbol at 3:     3^-1
and
Genus of
[ 0  0  0  0  1]
[ 0 -2 -1  0  0]
[ 0 -1 -2  0  0]
[ 0  0  0 -4  0]
[ 1  0  0  0  0]
Signature:  (1, 4)
Genus symbol at 2:    1^-4:[4^1]_7
Genus symbol at 3:     1^4 3^1
above 2
glueing
Genus of
[-4 -2]
[-2 -4]
Signature:  (0, 2)
Genus symbol at 2:    2^-2
Genus symbol at 3:     1^-1 3^-1
and
Genus of
[ 0  0  0  1]
[ 0 -2 -1  0]
[ 0 -1 -2  0]
[ 1  0  0  0]
Signature:  (1, 3)
Genus symbol at 2:    1^-4
Genus symbol at 3:     1^-3 3^1
above 2
glueing
Genus of
[-4 -2]
[-2 -4]
Signature:  (0, 2)
Genus symbol at 2:    2^-2
Genus symbol at 3:     1^-1 3^-1
and
Genus of
[ 0  0  0  2]
[ 0 -2 -1  0]
[ 0 -1 -2  0]
[ 2  0  0  0]
Signature:  (1, 3)
Genus symbol at 2:    1^-2:2^2
Genus symbol at 3:     1^-3 3^1
above 2
glueing
Genus of
[-4 -2]
[-2 -4]
Signature:  (0, 2)
Genus symbol at 2:    2^-2
Genus symbol at 3:     1^-1 3^-1
and
Genus of
[ 2  0  0  0]
[ 0 -2 -1  0]
[ 0 -1 -2  0]
[ 0  0  0 -2]
Signature:  (1, 3)
Genus symbol at 2:    1^-2 [2^2]_0
Genus symbol at 3:     1^-3 3^1
above 2
glueing
Genus of
[-4 -2]
[-2 -4]
Signature:  (0, 2)
Genus symbol at 2:    2^-2
Genus symbol at 3:     1^-1 3^-1
and
Genus of
[ 0  0  0  2]
[ 0 -2  0  0]
[ 0  0 -6  0]
[ 2  0  0  0]
Signature:  (1, 3)
Genus symbol at 2:    [2^-4]_4
Genus symbol at 3:     1^-3 3^1
above 2
glueing
Genus of
[-4  0]
[ 0 -6]
Signature:  (0, 2)
Genus symbol at 2:    [2^-1 4^1]_4
Genus symbol at 3:     1^-1 3^1
and
Genus of
[-2  0  0 -1]
[ 0 -2  0 -1]
[ 0  0  2  0]
[-1 -1  0 -4]
Signature:  (1, 3)
Genus symbol at 2:    1^-2 [2^1 4^1]_4
Genus symbol at 3:     1^-3 3^-1
above 2
Found an isometry of order: 6
glueing
Genus of
[ -6   0]
[  0 -12]
Signature:  (0, 2)
Genus symbol at 2:    [2^1 4^1]_6
Genus symbol at 3:     3^-2
and
Genus of
[ 0  0  0  1]
[ 0 -2  0  0]
[ 0  0 -4  0]
[ 1  0  0  0]
Signature:  (1, 3)
Genus symbol at 2:    1^2 [2^1 4^1]_6
above 2
glueing
Genus of
[-4  2  0]
[ 2 -4  0]
[ 0  0 -6]
Signature:  (0, 3)
Genus symbol at 2:    [2^3]_5
Genus symbol at 3:     1^-1 3^-2
and
Genus of
[ 0  0  1]
[ 0 -2  0]
[ 1  0  0]
Signature:  (1, 2)
Genus symbol at 2:    1^2 [2^1]_7
above 2
glueing
Genus of
[-4  2  0]
[ 2 -4  0]
[ 0  0 -6]
Signature:  (0, 3)
Genus symbol at 2:    [2^3]_5
Genus symbol at 3:     1^-1 3^-2
and
Genus of
[ 0  0  2]
[ 0 -2  0]
[ 2  0  0]
Signature:  (1, 2)
Genus symbol at 2:    [2^3]_7
above 2
glueing
Genus of
[-4  0  0]
[ 0 -4  2]
[ 0  2 -4]
Signature:  (0, 3)
Genus symbol at 2:    2^-2 [4^1]_7
Genus symbol at 3:     1^2 3^-1
and
Genus of
[-2  0  0]
[ 0  4  0]
[ 0  0 -6]
Signature:  (1, 2)
Genus symbol at 2:    [2^-2 4^1]_5
Genus symbol at 3:     1^2 3^1
above 2
glueing
Genus of
[-16  -8  -2  -6]
[ -8 -16   4  -2]
[ -2   4  -2  -1]
[ -6  -2  -1  -2]
Signature:  (2, 2)
Genus symbol at 2:    1^-2:4^-2
and
Genus of
[-8  4  0  0]
[ 4 -8  0  0]
[ 0  0 -4  2]
[ 0  0  2 -4]
Signature:  (0, 4)
Genus symbol at 2:    2^-2:4^-2
Genus symbol at 3:     1^-2 3^-2
above 2
3^1 * 2 -- 3^1
Genus of
[-6 -1 -1 -3 -4  2  0  0]
[-1 -6  2 -1  2 -4  0  0]
[-1  2 -2 -1  0  0  0  0]
[-3 -1 -1 -2  0  0  0  0]
[-4  2  0  0 -8  4  0  0]
[ 2 -4  0  0  4 -8  0  0]
[ 0  0  0  0  0  0 -4  2]
[ 0  0  0  0  0  0  2 -4]
Signature:  (2, 6)
Genus symbol at 2:    1^-2:2^-6
Genus symbol at 3:     1^-6 3^-2
Found an isometry of order: 6
glueing
Genus of
[-4]
Signature:  (0, 1)
Genus symbol at 2:    [4^1]_7
and
Genus of
[  0   0   0   0   1]
[  0  -2  -1   0   0]
[  0  -1  -2   0   0]
[  0   0   0 -12   0]
[  1   0   0   0   0]
Signature:  (1, 4)
Genus symbol at 2:    1^-4:[4^-1]_5
Genus symbol at 3:     1^-3 3^-2
above 2
Found an isometry of order: 6
glueing
Genus of
[-6]
Signature:  (0, 1)
Genus symbol at 2:    [2^-1]_5
Genus symbol at 3:     3^1
and
Genus of
[-2 -1 -1  0  1]
[-1 -2  0  0  1]
[-1  0 -2  0  1]
[ 0  0  0  2  0]
[ 1  1  1  0 -4]
Signature:  (1, 4)
Genus symbol at 2:    1^-2 [2^3]_3
Genus symbol at 3:     1^4 3^-1
above 2
glueing
Genus of
[-12]
Signature:  (0, 1)
Genus symbol at 2:    [4^-1]_5
Genus symbol at 3:     3^-1
and
Genus of
[ 0  0  0  0  1]
[ 0 -2 -1  0  0]
[ 0 -1 -2  0  0]
[ 0  0  0 -4  0]
[ 1  0  0  0  0]
Signature:  (1, 4)
Genus symbol at 2:    1^-4:[4^1]_7
Genus symbol at 3:     1^4 3^1
above 2
glueing
Genus of
[-4 -2]
[-2 -4]
Signature:  (0, 2)
Genus symbol at 2:    2^-2
Genus symbol at 3:     1^-1 3^-1
and
Genus of
[ 0  0  0  1]
[ 0 -2 -1  0]
[ 0 -1 -2  0]
[ 1  0  0  0]
Signature:  (1, 3)
Genus symbol at 2:    1^-4
Genus symbol at 3:     1^-3 3^1
above 2
glueing
Genus of
[-4 -2]
[-2 -4]
Signature:  (0, 2)
Genus symbol at 2:    2^-2
Genus symbol at 3:     1^-1 3^-1
and
Genus of
[ 0  0  0  2]
[ 0 -2 -1  0]
[ 0 -1 -2  0]
[ 2  0  0  0]
Signature:  (1, 3)
Genus symbol at 2:    1^-2:2^2
Genus symbol at 3:     1^-3 3^1
above 2
glueing
Genus of
[-4 -2]
[-2 -4]
Signature:  (0, 2)
Genus symbol at 2:    2^-2
Genus symbol at 3:     1^-1 3^-1
and
Genus of
[ 2  0  0  0]
[ 0 -2 -1  0]
[ 0 -1 -2  0]
[ 0  0  0 -2]
Signature:  (1, 3)
Genus symbol at 2:    1^-2 [2^2]_0
Genus symbol at 3:     1^-3 3^1
above 2
glueing
Genus of
[-4 -2]
[-2 -4]
Signature:  (0, 2)
Genus symbol at 2:    2^-2
Genus symbol at 3:     1^-1 3^-1
and
Genus of
[ 0  0  0  2]
[ 0 -2  0  0]
[ 0  0 -6  0]
[ 2  0  0  0]
Signature:  (1, 3)
Genus symbol at 2:    [2^-4]_4
Genus symbol at 3:     1^-3 3^1
above 2
glueing
Genus of
[-4  0]
[ 0 -6]
Signature:  (0, 2)
Genus symbol at 2:    [2^-1 4^1]_4
Genus symbol at 3:     1^-1 3^1
and
Genus of
[-2  0  0 -1]
[ 0 -2  0 -1]
[ 0  0  2  0]
[-1 -1  0 -4]
Signature:  (1, 3)
Genus symbol at 2:    1^-2 [2^1 4^1]_4
Genus symbol at 3:     1^-3 3^-1
above 2
glueing
Genus of
[ -6   0]
[  0 -12]
Signature:  (0, 2)
Genus symbol at 2:    [2^1 4^1]_6
Genus symbol at 3:     3^-2
and
Genus of
[ 0  0  0  1]
[ 0 -2  0  0]
[ 0  0 -4  0]
[ 1  0  0  0]
Signature:  (1, 3)
Genus symbol at 2:    1^2 [2^1 4^1]_6
above 2
glueing
Genus of
[-4  2  0]
[ 2 -4  0]
[ 0  0 -6]
Signature:  (0, 3)
Genus symbol at 2:    [2^3]_5
Genus symbol at 3:     1^-1 3^-2
and
Genus of
[ 0  0  1]
[ 0 -2  0]
[ 1  0  0]
Signature:  (1, 2)
Genus symbol at 2:    1^2 [2^1]_7
above 2
glueing
Genus of
[-4  2  0]
[ 2 -4  0]
[ 0  0 -6]
Signature:  (0, 3)
Genus symbol at 2:    [2^3]_5
Genus symbol at 3:     1^-1 3^-2
and
Genus of
[ 0  0  2]
[ 0 -2  0]
[ 2  0  0]
Signature:  (1, 2)
Genus symbol at 2:    [2^3]_7
above 2
glueing
Genus of
[-4  0  0]
[ 0 -4  2]
[ 0  2 -4]
Signature:  (0, 3)
Genus symbol at 2:    2^-2 [4^1]_7
Genus symbol at 3:     1^2 3^-1
and
Genus of
[-2  0  0]
[ 0  4  0]
[ 0  0 -6]
Signature:  (1, 2)
Genus symbol at 2:    [2^-2 4^1]_5
Genus symbol at 3:     1^2 3^1
above 2
glueing
Genus of
[-16  -8  10   8]
[ -8 -16   2  10]
[ 10   2  -6  -3]
[  8  10  -3  -6]
Signature:  (2, 2)
Genus symbol at 2:    1^-2:4^-2
Genus symbol at 3:     1^-2 3^-2
and
Genus of
[-8  4  4  0]
[ 4 -8 -4  4]
[ 4 -4 -4  2]
[ 0  4  2 -4]
Signature:  (0, 4)
Genus symbol at 2:    2^-2:4^-2
above 2
3^1 * 2 -- 3^1
Genus of
[-6 -1  5  4 -4  2  2  0]
[-1 -6  1  5  2 -4 -2  2]
[ 5  1 -6 -3  0  0  0  0]
[ 4  5 -3 -6  0  0  0  0]
[-4  2  0  0 -8  4  4  0]
[ 2 -4  0  0  4 -8 -4  4]
[ 2 -2  0  0  4 -4 -4  2]
[ 0  2  0  0  0  4  2 -4]
Signature:  (2, 6)
Genus symbol at 2:    1^-2:2^-6
Genus symbol at 3:     1^-6 3^-2
glueing
Genus of
[-4]
Signature:  (0, 1)
Genus symbol at 2:    [4^1]_7
and
Genus of
[  0   0   0   0   1]
[  0  -2  -1   0   0]
[  0  -1  -2   0   0]
[  0   0   0 -12   0]
[  1   0   0   0   0]
Signature:  (1, 4)
Genus symbol at 2:    1^-4:[4^-1]_5
Genus symbol at 3:     1^-3 3^-2
above 2
glueing
Genus of
[-6]
Signature:  (0, 1)
Genus symbol at 2:    [2^-1]_5
Genus symbol at 3:     3^1
and
Genus of
[-2 -1 -1  0  1]
[-1 -2  0  0  1]
[-1  0 -2  0  1]
[ 0  0  0  2  0]
[ 1  1  1  0 -4]
Signature:  (1, 4)
Genus symbol at 2:    1^-2 [2^3]_3
Genus symbol at 3:     1^4 3^-1
above 2
glueing
Genus of
[-12]
Signature:  (0, 1)
Genus symbol at 2:    [4^-1]_5
Genus symbol at 3:     3^-1
and
Genus of
[ 0  0  0  0  1]
[ 0 -2 -1  0  0]
[ 0 -1 -2  0  0]
[ 0  0  0 -4  0]
[ 1  0  0  0  0]
Signature:  (1, 4)
Genus symbol at 2:    1^-4:[4^1]_7
Genus symbol at 3:     1^4 3^1
above 2
glueing
Genus of
[-4 -2]
[-2 -4]
Signature:  (0, 2)
Genus symbol at 2:    2^-2
Genus symbol at 3:     1^-1 3^-1
and
Genus of
[ 0  0  0  1]
[ 0 -2 -1  0]
[ 0 -1 -2  0]
[ 1  0  0  0]
Signature:  (1, 3)
Genus symbol at 2:    1^-4
Genus symbol at 3:     1^-3 3^1
above 2
glueing
Genus of
[-4 -2]
[-2 -4]
Signature:  (0, 2)
Genus symbol at 2:    2^-2
Genus symbol at 3:     1^-1 3^-1
and
Genus of
[ 0  0  0  2]
[ 0 -2 -1  0]
[ 0 -1 -2  0]
[ 2  0  0  0]
Signature:  (1, 3)
Genus symbol at 2:    1^-2:2^2
Genus symbol at 3:     1^-3 3^1
above 2
glueing
Genus of
[-4 -2]
[-2 -4]
Signature:  (0, 2)
Genus symbol at 2:    2^-2
Genus symbol at 3:     1^-1 3^-1
and
Genus of
[ 2  0  0  0]
[ 0 -2 -1  0]
[ 0 -1 -2  0]
[ 0  0  0 -2]
Signature:  (1, 3)
Genus symbol at 2:    1^-2 [2^2]_0
Genus symbol at 3:     1^-3 3^1
above 2
glueing
Genus of
[-4 -2]
[-2 -4]
Signature:  (0, 2)
Genus symbol at 2:    2^-2
Genus symbol at 3:     1^-1 3^-1
and
Genus of
[ 0  0  0  2]
[ 0 -2  0  0]
[ 0  0 -6  0]
[ 2  0  0  0]
Signature:  (1, 3)
Genus symbol at 2:    [2^-4]_4
Genus symbol at 3:     1^-3 3^1
above 2
glueing
Genus of
[-4  0]
[ 0 -6]
Signature:  (0, 2)
Genus symbol at 2:    [2^-1 4^1]_4
Genus symbol at 3:     1^-1 3^1
and
Genus of
[-2  0  0 -1]
[ 0 -2  0 -1]
[ 0  0  2  0]
[-1 -1  0 -4]
Signature:  (1, 3)
Genus symbol at 2:    1^-2 [2^1 4^1]_4
Genus symbol at 3:     1^-3 3^-1
above 2
glueing
Genus of
[ -6   0]
[  0 -12]
Signature:  (0, 2)
Genus symbol at 2:    [2^1 4^1]_6
Genus symbol at 3:     3^-2
and
Genus of
[ 0  0  0  1]
[ 0 -2  0  0]
[ 0  0 -4  0]
[ 1  0  0  0]
Signature:  (1, 3)
Genus symbol at 2:    1^2 [2^1 4^1]_6
above 2
Found an isometry of order: 6
glueing
Genus of
[-4  2  0]
[ 2 -4  0]
[ 0  0 -6]
Signature:  (0, 3)
Genus symbol at 2:    [2^3]_5
Genus symbol at 3:     1^-1 3^-2
and
Genus of
[ 0  0  1]
[ 0 -2  0]
[ 1  0  0]
Signature:  (1, 2)
Genus symbol at 2:    1^2 [2^1]_7
above 2
Found an isometry of order: 6
glueing
Genus of
[-4  2  0]
[ 2 -4  0]
[ 0  0 -6]
Signature:  (0, 3)
Genus symbol at 2:    [2^3]_5
Genus symbol at 3:     1^-1 3^-2
and
Genus of
[ 0  0  2]
[ 0 -2  0]
[ 2  0  0]
Signature:  (1, 2)
Genus symbol at 2:    [2^3]_7
above 2
Found an isometry of order: 6
glueing
Genus of
[-4  0  0]
[ 0 -4  2]
[ 0  2 -4]
Signature:  (0, 3)
Genus symbol at 2:    2^-2 [4^1]_7
Genus symbol at 3:     1^2 3^-1
and
Genus of
[-2  0  0]
[ 0  4  0]
[ 0  0 -6]
Signature:  (1, 2)
Genus symbol at 2:    [2^-2 4^1]_5
Genus symbol at 3:     1^2 3^1
above 2
glueing
Genus of
[-4 -2  0  0 -2 -2]
[-2 -4  0  0  0 -2]
[ 0  0 -4 -2 -2 -2]
[ 0  0 -2 -4  0 -2]
[-2  0 -2  0 -2 -1]
[-2 -2 -2 -2 -1 -2]
Signature:  (2, 4)
Genus symbol at 2:    1^-2:2^4
Genus symbol at 3:     1^5 3^1
and
Genus of
[-4  2]
[ 2 -4]
Signature:  (0, 2)
Genus symbol at 2:    2^-2
Genus symbol at 3:     1^-1 3^-1
above 2
3^1 * 2 -- 3^1
Genus of
[-4 -2  0  0 -2 -2  0  0]
[-2 -4  0  0  0 -2  0  0]
[ 0  0 -4 -2 -2 -2  0  0]
[ 0  0 -2 -4  0 -2  0  0]
[-2  0 -2  0 -2 -1  0  0]
[-2 -2 -2 -2 -1 -2  0  0]
[ 0  0  0  0  0  0 -4  2]
[ 0  0  0  0  0  0  2 -4]
Signature:  (2, 6)
Genus symbol at 2:    1^-2:2^-6
Genus symbol at 3:     1^-6 3^-2
glueing
Genus of
[-4]
Signature:  (0, 1)
Genus symbol at 2:    [4^1]_7
and
Genus of
[  0   0   0   0   1]
[  0  -2  -1   0   0]
[  0  -1  -2   0   0]
[  0   0   0 -12   0]
[  1   0   0   0   0]
Signature:  (1, 4)
Genus symbol at 2:    1^-4:[4^-1]_5
Genus symbol at 3:     1^-3 3^-2
above 2
glueing
Genus of
[-6]
Signature:  (0, 1)
Genus symbol at 2:    [2^-1]_5
Genus symbol at 3:     3^1
and
Genus of
[-2 -1 -1  0  1]
[-1 -2  0  0  1]
[-1  0 -2  0  1]
[ 0  0  0  2  0]
[ 1  1  1  0 -4]
Signature:  (1, 4)
Genus symbol at 2:    1^-2 [2^3]_3
Genus symbol at 3:     1^4 3^-1
above 2
glueing
Genus of
[-12]
Signature:  (0, 1)
Genus symbol at 2:    [4^-1]_5
Genus symbol at 3:     3^-1
and
Genus of
[ 0  0  0  0  1]
[ 0 -2 -1  0  0]
[ 0 -1 -2  0  0]
[ 0  0  0 -4  0]
[ 1  0  0  0  0]
Signature:  (1, 4)
Genus symbol at 2:    1^-4:[4^1]_7
Genus symbol at 3:     1^4 3^1
above 2
Found an isometry of order: 6
glueing
Genus of
[-4 -2]
[-2 -4]
Signature:  (0, 2)
Genus symbol at 2:    2^-2
Genus symbol at 3:     1^-1 3^-1
and
Genus of
[ 0  0  0  1]
[ 0 -2 -1  0]
[ 0 -1 -2  0]
[ 1  0  0  0]
Signature:  (1, 3)
Genus symbol at 2:    1^-4
Genus symbol at 3:     1^-3 3^1
above 2
Found an isometry of order: 6
glueing
Genus of
[-4 -2]
[-2 -4]
Signature:  (0, 2)
Genus symbol at 2:    2^-2
Genus symbol at 3:     1^-1 3^-1
and
Genus of
[ 0  0  0  2]
[ 0 -2 -1  0]
[ 0 -1 -2  0]
[ 2  0  0  0]
Signature:  (1, 3)
Genus symbol at 2:    1^-2:2^2
Genus symbol at 3:     1^-3 3^1
above 2
Found an isometry of order: 6
glueing
Genus of
[-4 -2]
[-2 -4]
Signature:  (0, 2)
Genus symbol at 2:    2^-2
Genus symbol at 3:     1^-1 3^-1
and
Genus of
[ 2  0  0  0]
[ 0 -2 -1  0]
[ 0 -1 -2  0]
[ 0  0  0 -2]
Signature:  (1, 3)
Genus symbol at 2:    1^-2 [2^2]_0
Genus symbol at 3:     1^-3 3^1
above 2
glueing
Genus of
[-4 -2]
[-2 -4]
Signature:  (0, 2)
Genus symbol at 2:    2^-2
Genus symbol at 3:     1^-1 3^-1
and
Genus of
[ 0  0  0  2]
[ 0 -2  0  0]
[ 0  0 -6  0]
[ 2  0  0  0]
Signature:  (1, 3)
Genus symbol at 2:    [2^-4]_4
Genus symbol at 3:     1^-3 3^1
above 2
glueing
Genus of
[-4  0]
[ 0 -6]
Signature:  (0, 2)
Genus symbol at 2:    [2^-1 4^1]_4
Genus symbol at 3:     1^-1 3^1
and
Genus of
[-2  0  0 -1]
[ 0 -2  0 -1]
[ 0  0  2  0]
[-1 -1  0 -4]
Signature:  (1, 3)
Genus symbol at 2:    1^-2 [2^1 4^1]_4
Genus symbol at 3:     1^-3 3^-1
above 2
glueing
Genus of
[ -6   0]
[  0 -12]
Signature:  (0, 2)
Genus symbol at 2:    [2^1 4^1]_6
Genus symbol at 3:     3^-2
and
Genus of
[ 0  0  0  1]
[ 0 -2  0  0]
[ 0  0 -4  0]
[ 1  0  0  0]
Signature:  (1, 3)
Genus symbol at 2:    1^2 [2^1 4^1]_6
above 2
glueing
Genus of
[-4  2  0]
[ 2 -4  0]
[ 0  0 -6]
Signature:  (0, 3)
Genus symbol at 2:    [2^3]_5
Genus symbol at 3:     1^-1 3^-2
and
Genus of
[ 0  0  1]
[ 0 -2  0]
[ 1  0  0]
Signature:  (1, 2)
Genus symbol at 2:    1^2 [2^1]_7
above 2
glueing
Genus of
[-4  2  0]
[ 2 -4  0]
[ 0  0 -6]
Signature:  (0, 3)
Genus symbol at 2:    [2^3]_5
Genus symbol at 3:     1^-1 3^-2
and
Genus of
[ 0  0  2]
[ 0 -2  0]
[ 2  0  0]
Signature:  (1, 2)
Genus symbol at 2:    [2^3]_7
above 2
glueing
Genus of
[-4  0  0]
[ 0 -4  2]
[ 0  2 -4]
Signature:  (0, 3)
Genus symbol at 2:    2^-2 [4^1]_7
Genus symbol at 3:     1^2 3^-1
and
Genus of
[-2  0  0]
[ 0  4  0]
[ 0  0 -6]
Signature:  (1, 2)
Genus symbol at 2:    [2^-2 4^1]_5
Genus symbol at 3:     1^2 3^1
above 2
glueing
Genus of
[-16  -8   2   4   0   6]
[ -8 -16  -2   2  -6   0]
[  2  -2  -2  -1  -1  -1]
[  4   2  -1  -2   0  -1]
[  0  -6  -1   0  -2  -1]
[  6   0  -1  -1  -1  -2]
Signature:  (2, 4)
Genus symbol at 2:    1^-2:2^-2:4^-2
Genus symbol at 3:     1^-5 3^-1
and
Genus of
[-8  4]
[ 4 -8]
Signature:  (0, 2)
Genus symbol at 2:    4^-2
Genus symbol at 3:     1^1 3^1
above 2
3^1 * 2 -- 3^1
Genus of
[-6 -3  1  2  0  3 -2 -2]
[-3 -6 -1  1 -3  0 -4  2]
[ 1 -1 -2 -1 -1 -1  0  0]
[ 2  1 -1 -2  0 -1  0  0]
[ 0 -3 -1  0 -2 -1  0  0]
[ 3  0 -1 -1 -1 -2  0  0]
[-2 -4  0  0  0  0 -8  4]
[-2  2  0  0  0  0  4 -8]
Signature:  (2, 6)
Genus symbol at 2:    1^-2:2^-6
Genus symbol at 3:     1^-6 3^-2
glueing
Genus of
[-4]
Signature:  (0, 1)
Genus symbol at 2:    [4^1]_7
and
Genus of
[  0   0   0   0   1]
[  0  -2  -1   0   0]
[  0  -1  -2   0   0]
[  0   0   0 -12   0]
[  1   0   0   0   0]
Signature:  (1, 4)
Genus symbol at 2:    1^-4:[4^-1]_5
Genus symbol at 3:     1^-3 3^-2
above 2
glueing
Genus of
[-6]
Signature:  (0, 1)
Genus symbol at 2:    [2^-1]_5
Genus symbol at 3:     3^1
and
Genus of
[-2 -1 -1  0  1]
[-1 -2  0  0  1]
[-1  0 -2  0  1]
[ 0  0  0  2  0]
[ 1  1  1  0 -4]
Signature:  (1, 4)
Genus symbol at 2:    1^-2 [2^3]_3
Genus symbol at 3:     1^4 3^-1
above 2
Found an isometry of order: 6
glueing
Genus of
[-12]
Signature:  (0, 1)
Genus symbol at 2:    [4^-1]_5
Genus symbol at 3:     3^-1
and
Genus of
[ 0  0  0  0  1]
[ 0 -2 -1  0  0]
[ 0 -1 -2  0  0]
[ 0  0  0 -4  0]
[ 1  0  0  0  0]
Signature:  (1, 4)
Genus symbol at 2:    1^-4:[4^1]_7
Genus symbol at 3:     1^4 3^1
above 2
glueing
Genus of
[-4 -2]
[-2 -4]
Signature:  (0, 2)
Genus symbol at 2:    2^-2
Genus symbol at 3:     1^-1 3^-1
and
Genus of
[ 0  0  0  1]
[ 0 -2 -1  0]
[ 0 -1 -2  0]
[ 1  0  0  0]
Signature:  (1, 3)
Genus symbol at 2:    1^-4
Genus symbol at 3:     1^-3 3^1
above 2
glueing
Genus of
[-4 -2]
[-2 -4]
Signature:  (0, 2)
Genus symbol at 2:    2^-2
Genus symbol at 3:     1^-1 3^-1
and
Genus of
[ 0  0  0  2]
[ 0 -2 -1  0]
[ 0 -1 -2  0]
[ 2  0  0  0]
Signature:  (1, 3)
Genus symbol at 2:    1^-2:2^2
Genus symbol at 3:     1^-3 3^1
above 2
glueing
Genus of
[-4 -2]
[-2 -4]
Signature:  (0, 2)
Genus symbol at 2:    2^-2
Genus symbol at 3:     1^-1 3^-1
and
Genus of
[ 2  0  0  0]
[ 0 -2 -1  0]
[ 0 -1 -2  0]
[ 0  0  0 -2]
Signature:  (1, 3)
Genus symbol at 2:    1^-2 [2^2]_0
Genus symbol at 3:     1^-3 3^1
above 2
glueing
Genus of
[-4 -2]
[-2 -4]
Signature:  (0, 2)
Genus symbol at 2:    2^-2
Genus symbol at 3:     1^-1 3^-1
and
Genus of
[ 0  0  0  2]
[ 0 -2  0  0]
[ 0  0 -6  0]
[ 2  0  0  0]
Signature:  (1, 3)
Genus symbol at 2:    [2^-4]_4
Genus symbol at 3:     1^-3 3^1
above 2
glueing
Genus of
[-4  0]
[ 0 -6]
Signature:  (0, 2)
Genus symbol at 2:    [2^-1 4^1]_4
Genus symbol at 3:     1^-1 3^1
and
Genus of
[-2  0  0 -1]
[ 0 -2  0 -1]
[ 0  0  2  0]
[-1 -1  0 -4]
Signature:  (1, 3)
Genus symbol at 2:    1^-2 [2^1 4^1]_4
Genus symbol at 3:     1^-3 3^-1
above 2
Found an isometry of order: 6
glueing
Genus of
[ -6   0]
[  0 -12]
Signature:  (0, 2)
Genus symbol at 2:    [2^1 4^1]_6
Genus symbol at 3:     3^-2
and
Genus of
[ 0  0  0  1]
[ 0 -2  0  0]
[ 0  0 -4  0]
[ 1  0  0  0]
Signature:  (1, 3)
Genus symbol at 2:    1^2 [2^1 4^1]_6
above 2
glueing
Genus of
[-4  2  0]
[ 2 -4  0]
[ 0  0 -6]
Signature:  (0, 3)
Genus symbol at 2:    [2^3]_5
Genus symbol at 3:     1^-1 3^-2
and
Genus of
[ 0  0  1]
[ 0 -2  0]
[ 1  0  0]
Signature:  (1, 2)
Genus symbol at 2:    1^2 [2^1]_7
above 2
glueing
Genus of
[-4  2  0]
[ 2 -4  0]
[ 0  0 -6]
Signature:  (0, 3)
Genus symbol at 2:    [2^3]_5
Genus symbol at 3:     1^-1 3^-2
and
Genus of
[ 0  0  2]
[ 0 -2  0]
[ 2  0  0]
Signature:  (1, 2)
Genus symbol at 2:    [2^3]_7
above 2
glueing
Genus of
[-4  0  0]
[ 0 -4  2]
[ 0  2 -4]
Signature:  (0, 3)
Genus symbol at 2:    2^-2 [4^1]_7
Genus symbol at 3:     1^2 3^-1
and
Genus of
[-2  0  0]
[ 0  4  0]
[ 0  0 -6]
Signature:  (1, 2)
Genus symbol at 2:    [2^-2 4^1]_5
Genus symbol at 3:     1^2 3^1
above 2
3^1 * 2 -- 3^1
Genus of
[-4 -2  0  0  0  0  0  0]
[-2 -4  0  0  0  0  0  0]
[ 0  0 -4 -2  0  0  0 -2]
[ 0  0 -2 -4  0  0  2  0]
[ 0  0  0  0 -4 -2  0 -2]
[ 0  0  0  0 -2 -4  2  0]
[ 0  0  0  2  0  2 -2 -1]
[ 0  0 -2  0 -2  0 -1 -2]
Signature:  (2, 6)
Genus symbol at 2:    1^-2:2^-6
Genus symbol at 3:     1^-6 3^-2
glueing
Genus of
[-4]
Signature:  (0, 1)
Genus symbol at 2:    [4^1]_7
and
Genus of
[  0   0   0   0   1]
[  0  -2  -1   0   0]
[  0  -1  -2   0   0]
[  0   0   0 -12   0]
[  1   0   0   0   0]
Signature:  (1, 4)
Genus symbol at 2:    1^-4:[4^-1]_5
Genus symbol at 3:     1^-3 3^-2
above 2
glueing
Genus of
[-6]
Signature:  (0, 1)
Genus symbol at 2:    [2^-1]_5
Genus symbol at 3:     3^1
and
Genus of
[-2 -1 -1  0  1]
[-1 -2  0  0  1]
[-1  0 -2  0  1]
[ 0  0  0  2  0]
[ 1  1  1  0 -4]
Signature:  (1, 4)
Genus symbol at 2:    1^-2 [2^3]_3
Genus symbol at 3:     1^4 3^-1
above 2
glueing
Genus of
[-12]
Signature:  (0, 1)
Genus symbol at 2:    [4^-1]_5
Genus symbol at 3:     3^-1
and
Genus of
[ 0  0  0  0  1]
[ 0 -2 -1  0  0]
[ 0 -1 -2  0  0]
[ 0  0  0 -4  0]
[ 1  0  0  0  0]
Signature:  (1, 4)
Genus symbol at 2:    1^-4:[4^1]_7
Genus symbol at 3:     1^4 3^1
above 2
glueing
Genus of
[-4 -2]
[-2 -4]
Signature:  (0, 2)
Genus symbol at 2:    2^-2
Genus symbol at 3:     1^-1 3^-1
and
Genus of
[ 0  0  0  1]
[ 0 -2 -1  0]
[ 0 -1 -2  0]
[ 1  0  0  0]
Signature:  (1, 3)
Genus symbol at 2:    1^-4
Genus symbol at 3:     1^-3 3^1
above 2
glueing
Genus of
[-4 -2]
[-2 -4]
Signature:  (0, 2)
Genus symbol at 2:    2^-2
Genus symbol at 3:     1^-1 3^-1
and
Genus of
[ 0  0  0  2]
[ 0 -2 -1  0]
[ 0 -1 -2  0]
[ 2  0  0  0]
Signature:  (1, 3)
Genus symbol at 2:    1^-2:2^2
Genus symbol at 3:     1^-3 3^1
above 2
glueing
Genus of
[-4 -2]
[-2 -4]
Signature:  (0, 2)
Genus symbol at 2:    2^-2
Genus symbol at 3:     1^-1 3^-1
and
Genus of
[ 2  0  0  0]
[ 0 -2 -1  0]
[ 0 -1 -2  0]
[ 0  0  0 -2]
Signature:  (1, 3)
Genus symbol at 2:    1^-2 [2^2]_0
Genus symbol at 3:     1^-3 3^1
above 2
glueing
Genus of
[-4 -2]
[-2 -4]
Signature:  (0, 2)
Genus symbol at 2:    2^-2
Genus symbol at 3:     1^-1 3^-1
and
Genus of
[ 0  0  0  2]
[ 0 -2  0  0]
[ 0  0 -6  0]
[ 2  0  0  0]
Signature:  (1, 3)
Genus symbol at 2:    [2^-4]_4
Genus symbol at 3:     1^-3 3^1
above 2
glueing
Genus of
[-4  0]
[ 0 -6]
Signature:  (0, 2)
Genus symbol at 2:    [2^-1 4^1]_4
Genus symbol at 3:     1^-1 3^1
and
Genus of
[-2  0  0 -1]
[ 0 -2  0 -1]
[ 0  0  2  0]
[-1 -1  0 -4]
Signature:  (1, 3)
Genus symbol at 2:    1^-2 [2^1 4^1]_4
Genus symbol at 3:     1^-3 3^-1
above 2
glueing
Genus of
[ -6   0]
[  0 -12]
Signature:  (0, 2)
Genus symbol at 2:    [2^1 4^1]_6
Genus symbol at 3:     3^-2
and
Genus of
[ 0  0  0  1]
[ 0 -2  0  0]
[ 0  0 -4  0]
[ 1  0  0  0]
Signature:  (1, 3)
Genus symbol at 2:    1^2 [2^1 4^1]_6
above 2
Found an isometry of order: 6
glueing
Genus of
[-4  2  0]
[ 2 -4  0]
[ 0  0 -6]
Signature:  (0, 3)
Genus symbol at 2:    [2^3]_5
Genus symbol at 3:     1^-1 3^-2
and
Genus of
[ 0  0  1]
[ 0 -2  0]
[ 1  0  0]
Signature:  (1, 2)
Genus symbol at 2:    1^2 [2^1]_7
above 2
Found an isometry of order: 6
glueing
Genus of
[-4  2  0]
[ 2 -4  0]
[ 0  0 -6]
Signature:  (0, 3)
Genus symbol at 2:    [2^3]_5
Genus symbol at 3:     1^-1 3^-2
and
Genus of
[ 0  0  2]
[ 0 -2  0]
[ 2  0  0]
Signature:  (1, 2)
Genus symbol at 2:    [2^3]_7
above 2
Found an isometry of order: 6
glueing
Genus of
[-4  0  0]
[ 0 -4  2]
[ 0  2 -4]
Signature:  (0, 3)
Genus symbol at 2:    2^-2 [4^1]_7
Genus symbol at 3:     1^2 3^-1
and
Genus of
[-2  0  0]
[ 0  4  0]
[ 0  0 -6]
Signature:  (1, 2)
Genus symbol at 2:    [2^-2 4^1]_5
Genus symbol at 3:     1^2 3^1
above 2
