1
glueing
Genus of
[4 2]
[2 4]
Signature:  (2, 0)
Genus symbol at 2:    2^-2
Genus symbol at 3:     1^1 3^1
and
Genus of
[-8  4  2  2  0  0]
[ 4 -8 -4  2  0  0]
[ 2 -4 -4  2  0  0]
[ 2  2  2 -4  0  0]
[ 0  0  0  0 -4  2]
[ 0  0  0  0  2 -4]
Signature:  (0, 6)
Genus symbol at 2:    2^-6
Genus symbol at 3:     1^-3 3^-3
above 2
3^1 * 2 -- 3^1
Genus of
[ 4  2  0  0  0  0  0  0]
[ 2  4  0  0  0  0  0  0]
[ 0  0 -8  4  2  2  0  0]
[ 0  0  4 -8 -4  2  0  0]
[ 0  0  2 -4 -4  2  0  0]
[ 0  0  2  2  2 -4  0  0]
[ 0  0  0  0  0  0 -4  2]
[ 0  0  0  0  0  0  2 -4]
Signature:  (2, 6)
Genus symbol at 2:    2^8
Genus symbol at 3:     1^-4 3^-4
glueing
Genus of
[-6]
Signature:  (0, 1)
Genus symbol at 2:    [2^-1]_5
Genus symbol at 3:     3^1
and
Genus of
[ 0  0  0  0  3]
[ 0 -2 -1  0  0]
[ 0 -1 -2  0  0]
[ 0  0  0 -2 -1]
[ 3  0  0 -1 -2]
Signature:  (1, 4)
Genus symbol at 2:    1^-4 [2^1]_7
Genus symbol at 3:     1^2 3^-3
above 2
glueing
Genus of
[-4 -2]
[-2 -4]
Signature:  (0, 2)
Genus symbol at 2:    2^-2
Genus symbol at 3:     1^-1 3^-1
and
Genus of
[ 0  0  0  3]
[ 0 -4  2 -1]
[ 0  2 -4 -1]
[ 3 -1 -1  2]
Signature:  (1, 3)
Genus symbol at 2:    1^2:2^-2
Genus symbol at 3:     1^-1 3^3
above 2
Found an isometry of order: 6
glueing
Genus of
[-6  0]
[ 0 -6]
Signature:  (0, 2)
Genus symbol at 2:    [2^2]_2
Genus symbol at 3:     3^2
and
Genus of
[ 0  0  0  3]
[ 0 -2  0  0]
[ 0  0 -2  0]
[ 3  0  0  0]
Signature:  (1, 3)
Genus symbol at 2:    1^2 [2^2]_6
Genus symbol at 3:     1^2 3^-2
above 2
glueing
Genus of
[-4  2  0]
[ 2 -4  0]
[ 0  0 -6]
Signature:  (0, 3)
Genus symbol at 2:    [2^3]_5
Genus symbol at 3:     1^-1 3^-2
and
Genus of
[ 2  0  0]
[ 0 -6  0]
[ 0  0 -6]
Signature:  (1, 2)
Genus symbol at 2:    [2^3]_3
Genus symbol at 3:     1^-1 3^2
above 2
glueing
Genus of
[-6  0  0]
[ 0 -6  0]
[ 0  0 -6]
Signature:  (0, 3)
Genus symbol at 2:    [2^-3]_7
Genus symbol at 3:     3^3
and
Genus of
[ 2  0  0]
[ 0 -4 -2]
[ 0 -2 -4]
Signature:  (1, 2)
Genus symbol at 2:    [2^-3]_1
Genus symbol at 3:     1^2 3^-1
above 2
glueing
Genus of
[-4 -2  1 -1]
[-2 -4  2 -2]
[ 1  2 -4  1]
[-1 -2  1 -4]
Signature:  (0, 4)
Genus symbol at 2:    1^-2 [2^2]_6
Genus symbol at 3:     1^-1 3^-3
and
Genus of
[ 2  2]
[ 2 -4]
Signature:  (1, 1)
Genus symbol at 2:    [2^-2]_6
Genus symbol at 3:     1^-1 3^1
above 2
glueing
Genus of
[-4 -2 -1  2 -1]
[-2 -4 -2  1  1]
[-1 -2 -4 -1 -1]
[ 2  1 -1 -4 -1]
[-1  1 -1 -1 -4]
Signature:  (0, 5)
Genus symbol at 2:    1^4 [2^1]_7
Genus symbol at 3:     1^-1 3^-4
and
Genus of
[2]
Signature:  (1, 0)
Genus symbol at 2:    [2^1]_1
above 2
glueing
Genus of
[8 4]
[4 8]
Signature:  (2, 0)
Genus symbol at 2:    4^-2
Genus symbol at 3:     1^-1 3^-1
and
Genus of
[-8  4  2  2  0  0]
[ 4 -8 -4  2  0  0]
[ 2 -4 -4  2  0  0]
[ 2  2  2 -4  0  0]
[ 0  0  0  0 -8  4]
[ 0  0  0  0  4 -8]
Signature:  (0, 6)
Genus symbol at 2:    2^4:4^-2
Genus symbol at 3:     1^3 3^3
above 2
3^1 * 2 -- 3^1
Genus of
[ 0  2  0  0  0  0 -4  2]
[ 2  0  0  0  0  0  2 -4]
[ 0  0 -8  4  2  2  0  0]
[ 0  0  4 -8 -4  2  0  0]
[ 0  0  2 -4 -4  2  0  0]
[ 0  0  2  2  2 -4  0  0]
[-4  2  0  0  0  0 -8  4]
[ 2 -4  0  0  0  0  4 -8]
Signature:  (2, 6)
Genus symbol at 2:    2^8
Genus symbol at 3:     1^-4 3^-4
glueing
Genus of
[-6]
Signature:  (0, 1)
Genus symbol at 2:    [2^-1]_5
Genus symbol at 3:     3^1
and
Genus of
[ 0  0  0  0  3]
[ 0 -2 -1  0  0]
[ 0 -1 -2  0  0]
[ 0  0  0 -2 -1]
[ 3  0  0 -1 -2]
Signature:  (1, 4)
Genus symbol at 2:    1^-4 [2^1]_7
Genus symbol at 3:     1^2 3^-3
above 2
Found an isometry of order: 6
glueing
Genus of
[-4 -2]
[-2 -4]
Signature:  (0, 2)
Genus symbol at 2:    2^-2
Genus symbol at 3:     1^-1 3^-1
and
Genus of
[ 0  0  0  3]
[ 0 -4  2 -1]
[ 0  2 -4 -1]
[ 3 -1 -1  2]
Signature:  (1, 3)
Genus symbol at 2:    1^2:2^-2
Genus symbol at 3:     1^-1 3^3
above 2
glueing
Genus of
[-6  0]
[ 0 -6]
Signature:  (0, 2)
Genus symbol at 2:    [2^2]_2
Genus symbol at 3:     3^2
and
Genus of
[ 0  0  0  3]
[ 0 -2  0  0]
[ 0  0 -2  0]
[ 3  0  0  0]
Signature:  (1, 3)
Genus symbol at 2:    1^2 [2^2]_6
Genus symbol at 3:     1^2 3^-2
above 2
glueing
Genus of
[-4  2  0]
[ 2 -4  0]
[ 0  0 -6]
Signature:  (0, 3)
Genus symbol at 2:    [2^3]_5
Genus symbol at 3:     1^-1 3^-2
and
Genus of
[ 2  0  0]
[ 0 -6  0]
[ 0  0 -6]
Signature:  (1, 2)
Genus symbol at 2:    [2^3]_3
Genus symbol at 3:     1^-1 3^2
above 2
glueing
Genus of
[-6  0  0]
[ 0 -6  0]
[ 0  0 -6]
Signature:  (0, 3)
Genus symbol at 2:    [2^-3]_7
Genus symbol at 3:     3^3
and
Genus of
[ 2  0  0]
[ 0 -4 -2]
[ 0 -2 -4]
Signature:  (1, 2)
Genus symbol at 2:    [2^-3]_1
Genus symbol at 3:     1^2 3^-1
above 2
glueing
Genus of
[-4 -2  1 -1]
[-2 -4  2 -2]
[ 1  2 -4  1]
[-1 -2  1 -4]
Signature:  (0, 4)
Genus symbol at 2:    1^-2 [2^2]_6
Genus symbol at 3:     1^-1 3^-3
and
Genus of
[ 2  2]
[ 2 -4]
Signature:  (1, 1)
Genus symbol at 2:    [2^-2]_6
Genus symbol at 3:     1^-1 3^1
above 2
glueing
Genus of
[-4 -2 -1  2 -1]
[-2 -4 -2  1  1]
[-1 -2 -4 -1 -1]
[ 2  1 -1 -4 -1]
[-1  1 -1 -1 -4]
Signature:  (0, 5)
Genus symbol at 2:    1^4 [2^1]_7
Genus symbol at 3:     1^-1 3^-4
and
Genus of
[2]
Signature:  (1, 0)
Genus symbol at 2:    [2^1]_1
above 2
glueing
Genus of
[-4 -2  0  0]
[-2 -4  0  0]
[ 0  0  4  2]
[ 0  0  2  4]
Signature:  (2, 2)
Genus symbol at 2:    2^4
Genus symbol at 3:     1^-2 3^-2
and
Genus of
[-8  4  2  2]
[ 4 -8 -4  2]
[ 2 -4 -4  2]
[ 2  2  2 -4]
Signature:  (0, 4)
Genus symbol at 2:    2^4
Genus symbol at 3:     1^2 3^2
above 2
3^1 * 2 -- 3^1
Genus of
[-4 -2  0  0  0  0  0  0]
[-2 -4  0  0  0  0  0  0]
[ 0  0  4  2  0  0  0  0]
[ 0  0  2  4  0  0  0  0]
[ 0  0  0  0 -8  4  2  2]
[ 0  0  0  0  4 -8 -4  2]
[ 0  0  0  0  2 -4 -4  2]
[ 0  0  0  0  2  2  2 -4]
Signature:  (2, 6)
Genus symbol at 2:    2^8
Genus symbol at 3:     1^-4 3^-4
glueing
Genus of
[-6]
Signature:  (0, 1)
Genus symbol at 2:    [2^-1]_5
Genus symbol at 3:     3^1
and
Genus of
[ 0  0  0  0  3]
[ 0 -2 -1  0  0]
[ 0 -1 -2  0  0]
[ 0  0  0 -2 -1]
[ 3  0  0 -1 -2]
Signature:  (1, 4)
Genus symbol at 2:    1^-4 [2^1]_7
Genus symbol at 3:     1^2 3^-3
above 2
glueing
Genus of
[-4 -2]
[-2 -4]
Signature:  (0, 2)
Genus symbol at 2:    2^-2
Genus symbol at 3:     1^-1 3^-1
and
Genus of
[ 0  0  0  3]
[ 0 -4  2 -1]
[ 0  2 -4 -1]
[ 3 -1 -1  2]
Signature:  (1, 3)
Genus symbol at 2:    1^2:2^-2
Genus symbol at 3:     1^-1 3^3
above 2
glueing
Genus of
[-6  0]
[ 0 -6]
Signature:  (0, 2)
Genus symbol at 2:    [2^2]_2
Genus symbol at 3:     3^2
and
Genus of
[ 0  0  0  3]
[ 0 -2  0  0]
[ 0  0 -2  0]
[ 3  0  0  0]
Signature:  (1, 3)
Genus symbol at 2:    1^2 [2^2]_6
Genus symbol at 3:     1^2 3^-2
above 2
glueing
Genus of
[-4  2  0]
[ 2 -4  0]
[ 0  0 -6]
Signature:  (0, 3)
Genus symbol at 2:    [2^3]_5
Genus symbol at 3:     1^-1 3^-2
and
Genus of
[ 2  0  0]
[ 0 -6  0]
[ 0  0 -6]
Signature:  (1, 2)
Genus symbol at 2:    [2^3]_3
Genus symbol at 3:     1^-1 3^2
above 2
Found an isometry of order: 6
glueing
Genus of
[-6  0  0]
[ 0 -6  0]
[ 0  0 -6]
Signature:  (0, 3)
Genus symbol at 2:    [2^-3]_7
Genus symbol at 3:     3^3
and
Genus of
[ 2  0  0]
[ 0 -4 -2]
[ 0 -2 -4]
Signature:  (1, 2)
Genus symbol at 2:    [2^-3]_1
Genus symbol at 3:     1^2 3^-1
above 2
glueing
Genus of
[-4 -2  1 -1]
[-2 -4  2 -2]
[ 1  2 -4  1]
[-1 -2  1 -4]
Signature:  (0, 4)
Genus symbol at 2:    1^-2 [2^2]_6
Genus symbol at 3:     1^-1 3^-3
and
Genus of
[ 2  2]
[ 2 -4]
Signature:  (1, 1)
Genus symbol at 2:    [2^-2]_6
Genus symbol at 3:     1^-1 3^1
above 2
glueing
Genus of
[-4 -2 -1  2 -1]
[-2 -4 -2  1  1]
[-1 -2 -4 -1 -1]
[ 2  1 -1 -4 -1]
[-1  1 -1 -1 -4]
Signature:  (0, 5)
Genus symbol at 2:    1^4 [2^1]_7
Genus symbol at 3:     1^-1 3^-4
and
Genus of
[2]
Signature:  (1, 0)
Genus symbol at 2:    [2^1]_1
above 2
glueing
Genus of
[-4 -2  0  0]
[-2 -4  0  0]
[ 0  0  8  4]
[ 0  0  4  8]
Signature:  (2, 2)
Genus symbol at 2:    2^-2:4^-2
Genus symbol at 3:     1^2 3^2
and
Genus of
[-8  4  0  0]
[ 4 -8  0  0]
[ 0  0 -4  2]
[ 0  0  2 -4]
Signature:  (0, 4)
Genus symbol at 2:    2^-2:4^-2
Genus symbol at 3:     1^-2 3^-2
above 2
3^1 * 2 -- 3^1
Genus of
[-4 -2  0  0  0  0  0  0]
[-2 -4  0  0  0  0  0  0]
[ 0  0  0  0  2 -4  0  0]
[ 0  0  0  0 -2 -2  0  0]
[ 0  0  2 -2 -8  4  0  0]
[ 0  0 -4 -2  4 -8  0  0]
[ 0  0  0  0  0  0 -4  2]
[ 0  0  0  0  0  0  2 -4]
Signature:  (2, 6)
Genus symbol at 2:    2^8
Genus symbol at 3:     1^-4 3^-4
glueing
Genus of
[-6]
Signature:  (0, 1)
Genus symbol at 2:    [2^-1]_5
Genus symbol at 3:     3^1
and
Genus of
[ 0  0  0  0  3]
[ 0 -2 -1  0  0]
[ 0 -1 -2  0  0]
[ 0  0  0 -2 -1]
[ 3  0  0 -1 -2]
Signature:  (1, 4)
Genus symbol at 2:    1^-4 [2^1]_7
Genus symbol at 3:     1^2 3^-3
above 2
glueing
Genus of
[-4 -2]
[-2 -4]
Signature:  (0, 2)
Genus symbol at 2:    2^-2
Genus symbol at 3:     1^-1 3^-1
and
Genus of
[ 0  0  0  3]
[ 0 -4  2 -1]
[ 0  2 -4 -1]
[ 3 -1 -1  2]
Signature:  (1, 3)
Genus symbol at 2:    1^2:2^-2
Genus symbol at 3:     1^-1 3^3
above 2
glueing
Genus of
[-6  0]
[ 0 -6]
Signature:  (0, 2)
Genus symbol at 2:    [2^2]_2
Genus symbol at 3:     3^2
and
Genus of
[ 0  0  0  3]
[ 0 -2  0  0]
[ 0  0 -2  0]
[ 3  0  0  0]
Signature:  (1, 3)
Genus symbol at 2:    1^2 [2^2]_6
Genus symbol at 3:     1^2 3^-2
above 2
Found an isometry of order: 6
glueing
Genus of
[-4  2  0]
[ 2 -4  0]
[ 0  0 -6]
Signature:  (0, 3)
Genus symbol at 2:    [2^3]_5
Genus symbol at 3:     1^-1 3^-2
and
Genus of
[ 2  0  0]
[ 0 -6  0]
[ 0  0 -6]
Signature:  (1, 2)
Genus symbol at 2:    [2^3]_3
Genus symbol at 3:     1^-1 3^2
above 2
glueing
Genus of
[-6  0  0]
[ 0 -6  0]
[ 0  0 -6]
Signature:  (0, 3)
Genus symbol at 2:    [2^-3]_7
Genus symbol at 3:     3^3
and
Genus of
[ 2  0  0]
[ 0 -4 -2]
[ 0 -2 -4]
Signature:  (1, 2)
Genus symbol at 2:    [2^-3]_1
Genus symbol at 3:     1^2 3^-1
above 2
glueing
Genus of
[-4 -2  1 -1]
[-2 -4  2 -2]
[ 1  2 -4  1]
[-1 -2  1 -4]
Signature:  (0, 4)
Genus symbol at 2:    1^-2 [2^2]_6
Genus symbol at 3:     1^-1 3^-3
and
Genus of
[ 2  2]
[ 2 -4]
Signature:  (1, 1)
Genus symbol at 2:    [2^-2]_6
Genus symbol at 3:     1^-1 3^1
above 2
glueing
Genus of
[-4 -2 -1  2 -1]
[-2 -4 -2  1  1]
[-1 -2 -4 -1 -1]
[ 2  1 -1 -4 -1]
[-1  1 -1 -1 -4]
Signature:  (0, 5)
Genus symbol at 2:    1^4 [2^1]_7
Genus symbol at 3:     1^-1 3^-4
and
Genus of
[2]
Signature:  (1, 0)
Genus symbol at 2:    [2^1]_1
above 2
Computing spinor norms of Oqf. Total:1152 Remaining:192 number of tries: 2Computing spinor norms of Oqf. Total:1152 Remaining:48 number of tries: 3Computing spinor norms of Oqf. Total:1152 Remaining:48 number of tries: 4Computing spinor norms of Oqf. Total:1152 Remaining:48 number of tries: 5Computing spinor norms of Oqf. Total:1152 Remaining:48 number of tries: 6Computing spinor norms of Oqf. Total:1152 Remaining:48 number of tries: 7Computing spinor norms of Oqf. Total:1152 Remaining:48 number of tries: 8Computing spinor norms of Oqf. Total:1152 Remaining:48 number of tries: 9Computing spinor norms of Oqf. Total:1152 Remaining:48 number of tries: 10Computing spinor norms of Oqf. Total:1152 Remaining:48 number of tries: 11Computing spinor norms of Oqf. Total:1152 Remaining:48 number of tries: 12Computing spinor norms of Oqf. Total:1152 Remaining:48 number of tries: 13

glueing
Genus of
[-16  -8  -8  -4]
[ -8 -16  -4  -8]
[ -8  -4   0   0]
[ -4  -8   0   0]
Signature:  (2, 2)
Genus symbol at 2:    4^4
Genus symbol at 3:     1^-2 3^-2
and
Genus of
[-8  4  0  0]
[ 4 -8  0  0]
[ 0  0 -8  4]
[ 0  0  4 -8]
Signature:  (0, 4)
Genus symbol at 2:    4^4
Genus symbol at 3:     1^2 3^2
above 2
3^1 * 2 -- 3^1
Genus of
[-8  0 -2 -4 -4  2 -4  2]
[ 0 -8 -4 -2  2 -4  2 -4]
[-2 -4 -4 -2 -2 -2  2 -4]
[-4 -2 -2 -4 -4  2 -2 -2]
[-4  2 -2 -4 -8  4  0  0]
[ 2 -4 -2  2  4 -8  0  0]
[-4  2  2 -2  0  0 -8  4]
[ 2 -4 -4 -2  0  0  4 -8]
Signature:  (2, 6)
Genus symbol at 2:    2^8
Genus symbol at 3:     1^-4 3^-4
glueing
Genus of
[-6]
Signature:  (0, 1)
Genus symbol at 2:    [2^-1]_5
Genus symbol at 3:     3^1
and
Genus of
[ 0  0  0  0  3]
[ 0 -2 -1  0  0]
[ 0 -1 -2  0  0]
[ 0  0  0 -2 -1]
[ 3  0  0 -1 -2]
Signature:  (1, 4)
Genus symbol at 2:    1^-4 [2^1]_7
Genus symbol at 3:     1^2 3^-3
above 2
glueing
Genus of
[-4 -2]
[-2 -4]
Signature:  (0, 2)
Genus symbol at 2:    2^-2
Genus symbol at 3:     1^-1 3^-1
and
Genus of
[ 0  0  0  3]
[ 0 -4  2 -1]
[ 0  2 -4 -1]
[ 3 -1 -1  2]
Signature:  (1, 3)
Genus symbol at 2:    1^2:2^-2
Genus symbol at 3:     1^-1 3^3
above 2
glueing
Genus of
[-6  0]
[ 0 -6]
Signature:  (0, 2)
Genus symbol at 2:    [2^2]_2
Genus symbol at 3:     3^2
and
Genus of
[ 0  0  0  3]
[ 0 -2  0  0]
[ 0  0 -2  0]
[ 3  0  0  0]
Signature:  (1, 3)
Genus symbol at 2:    1^2 [2^2]_6
Genus symbol at 3:     1^2 3^-2
above 2
glueing
Genus of
[-4  2  0]
[ 2 -4  0]
[ 0  0 -6]
Signature:  (0, 3)
Genus symbol at 2:    [2^3]_5
Genus symbol at 3:     1^-1 3^-2
and
Genus of
[ 2  0  0]
[ 0 -6  0]
[ 0  0 -6]
Signature:  (1, 2)
Genus symbol at 2:    [2^3]_3
Genus symbol at 3:     1^-1 3^2
above 2
Found an isometry of order: 6
glueing
Genus of
[-6  0  0]
[ 0 -6  0]
[ 0  0 -6]
Signature:  (0, 3)
Genus symbol at 2:    [2^-3]_7
Genus symbol at 3:     3^3
and
Genus of
[ 2  0  0]
[ 0 -4 -2]
[ 0 -2 -4]
Signature:  (1, 2)
Genus symbol at 2:    [2^-3]_1
Genus symbol at 3:     1^2 3^-1
above 2
glueing
Genus of
[-4 -2  1 -1]
[-2 -4  2 -2]
[ 1  2 -4  1]
[-1 -2  1 -4]
Signature:  (0, 4)
Genus symbol at 2:    1^-2 [2^2]_6
Genus symbol at 3:     1^-1 3^-3
and
Genus of
[ 2  2]
[ 2 -4]
Signature:  (1, 1)
Genus symbol at 2:    [2^-2]_6
Genus symbol at 3:     1^-1 3^1
above 2
glueing
Genus of
[-4 -2 -1  2 -1]
[-2 -4 -2  1  1]
[-1 -2 -4 -1 -1]
[ 2  1 -1 -4 -1]
[-1  1 -1 -1 -4]
Signature:  (0, 5)
Genus symbol at 2:    1^4 [2^1]_7
Genus symbol at 3:     1^-1 3^-4
and
Genus of
[2]
Signature:  (1, 0)
Genus symbol at 2:    [2^1]_1
above 2
glueing
Genus of
[-4 -2  0  0  0  0]
[-2 -4  0  0  0  0]
[ 0  0 -4 -2  0  0]
[ 0  0 -2 -4  0  0]
[ 0  0  0  0  4  2]
[ 0  0  0  0  2  4]
Signature:  (2, 4)
Genus symbol at 2:    2^-6
Genus symbol at 3:     1^3 3^3
and
Genus of
[-4  2]
[ 2 -4]
Signature:  (0, 2)
Genus symbol at 2:    2^-2
Genus symbol at 3:     1^-1 3^-1
above 2
3^1 * 2 -- 3^1
Genus of
[-4 -2  0  0  0  0  0  0]
[-2 -4  0  0  0  0  0  0]
[ 0  0 -4 -2  0  0  0  0]
[ 0  0 -2 -4  0  0  0  0]
[ 0  0  0  0  4  2  0  0]
[ 0  0  0  0  2  4  0  0]
[ 0  0  0  0  0  0 -4  2]
[ 0  0  0  0  0  0  2 -4]
Signature:  (2, 6)
Genus symbol at 2:    2^8
Genus symbol at 3:     1^-4 3^-4
glueing
Genus of
[-6]
Signature:  (0, 1)
Genus symbol at 2:    [2^-1]_5
Genus symbol at 3:     3^1
and
Genus of
[ 0  0  0  0  3]
[ 0 -2 -1  0  0]
[ 0 -1 -2  0  0]
[ 0  0  0 -2 -1]
[ 3  0  0 -1 -2]
Signature:  (1, 4)
Genus symbol at 2:    1^-4 [2^1]_7
Genus symbol at 3:     1^2 3^-3
above 2
glueing
Genus of
[-4 -2]
[-2 -4]
Signature:  (0, 2)
Genus symbol at 2:    2^-2
Genus symbol at 3:     1^-1 3^-1
and
Genus of
[ 0  0  0  3]
[ 0 -4  2 -1]
[ 0  2 -4 -1]
[ 3 -1 -1  2]
Signature:  (1, 3)
Genus symbol at 2:    1^2:2^-2
Genus symbol at 3:     1^-1 3^3
above 2
glueing
Genus of
[-6  0]
[ 0 -6]
Signature:  (0, 2)
Genus symbol at 2:    [2^2]_2
Genus symbol at 3:     3^2
and
Genus of
[ 0  0  0  3]
[ 0 -2  0  0]
[ 0  0 -2  0]
[ 3  0  0  0]
Signature:  (1, 3)
Genus symbol at 2:    1^2 [2^2]_6
Genus symbol at 3:     1^2 3^-2
above 2
glueing
Genus of
[-4  2  0]
[ 2 -4  0]
[ 0  0 -6]
Signature:  (0, 3)
Genus symbol at 2:    [2^3]_5
Genus symbol at 3:     1^-1 3^-2
and
Genus of
[ 2  0  0]
[ 0 -6  0]
[ 0  0 -6]
Signature:  (1, 2)
Genus symbol at 2:    [2^3]_3
Genus symbol at 3:     1^-1 3^2
above 2
glueing
Genus of
[-6  0  0]
[ 0 -6  0]
[ 0  0 -6]
Signature:  (0, 3)
Genus symbol at 2:    [2^-3]_7
Genus symbol at 3:     3^3
and
Genus of
[ 2  0  0]
[ 0 -4 -2]
[ 0 -2 -4]
Signature:  (1, 2)
Genus symbol at 2:    [2^-3]_1
Genus symbol at 3:     1^2 3^-1
above 2
glueing
Genus of
[-4 -2  1 -1]
[-2 -4  2 -2]
[ 1  2 -4  1]
[-1 -2  1 -4]
Signature:  (0, 4)
Genus symbol at 2:    1^-2 [2^2]_6
Genus symbol at 3:     1^-1 3^-3
and
Genus of
[ 2  2]
[ 2 -4]
Signature:  (1, 1)
Genus symbol at 2:    [2^-2]_6
Genus symbol at 3:     1^-1 3^1
above 2
Found an isometry of order: 6
glueing
Genus of
[-4 -2 -1  2 -1]
[-2 -4 -2  1  1]
[-1 -2 -4 -1 -1]
[ 2  1 -1 -4 -1]
[-1  1 -1 -1 -4]
Signature:  (0, 5)
Genus symbol at 2:    1^4 [2^1]_7
Genus symbol at 3:     1^-1 3^-4
and
Genus of
[2]
Signature:  (1, 0)
Genus symbol at 2:    [2^1]_1
above 2
glueing
Genus of
[-4 -2  0  0  0  0]
[-2 -4  0  0  0  0]
[ 0  0 -4 -2  0  0]
[ 0  0 -2 -4  0  0]
[ 0  0  0  0  8  4]
[ 0  0  0  0  4  8]
Signature:  (2, 4)
Genus symbol at 2:    2^4:4^-2
Genus symbol at 3:     1^-3 3^-3
and
Genus of
[-8  4]
[ 4 -8]
Signature:  (0, 2)
Genus symbol at 2:    4^-2
Genus symbol at 3:     1^1 3^1
above 2
3^1 * 2 -- 3^1
Genus of
[-4 -2  0  0  0  0  0  0]
[-2 -4  0  0  0  0  0  0]
[ 0  0 -4 -2  0  0  0  0]
[ 0  0 -2 -4  0  0  0  0]
[ 0  0  0  0  0  2 -4  2]
[ 0  0  0  0  2  0  2 -4]
[ 0  0  0  0 -4  2 -8  4]
[ 0  0  0  0  2 -4  4 -8]
Signature:  (2, 6)
Genus symbol at 2:    2^8
Genus symbol at 3:     1^-4 3^-4
glueing
Genus of
[-6]
Signature:  (0, 1)
Genus symbol at 2:    [2^-1]_5
Genus symbol at 3:     3^1
and
Genus of
[ 0  0  0  0  3]
[ 0 -2 -1  0  0]
[ 0 -1 -2  0  0]
[ 0  0  0 -2 -1]
[ 3  0  0 -1 -2]
Signature:  (1, 4)
Genus symbol at 2:    1^-4 [2^1]_7
Genus symbol at 3:     1^2 3^-3
above 2
glueing
Genus of
[-4 -2]
[-2 -4]
Signature:  (0, 2)
Genus symbol at 2:    2^-2
Genus symbol at 3:     1^-1 3^-1
and
Genus of
[ 0  0  0  3]
[ 0 -4  2 -1]
[ 0  2 -4 -1]
[ 3 -1 -1  2]
Signature:  (1, 3)
Genus symbol at 2:    1^2:2^-2
Genus symbol at 3:     1^-1 3^3
above 2
glueing
Genus of
[-6  0]
[ 0 -6]
Signature:  (0, 2)
Genus symbol at 2:    [2^2]_2
Genus symbol at 3:     3^2
and
Genus of
[ 0  0  0  3]
[ 0 -2  0  0]
[ 0  0 -2  0]
[ 3  0  0  0]
Signature:  (1, 3)
Genus symbol at 2:    1^2 [2^2]_6
Genus symbol at 3:     1^2 3^-2
above 2
glueing
Genus of
[-4  2  0]
[ 2 -4  0]
[ 0  0 -6]
Signature:  (0, 3)
Genus symbol at 2:    [2^3]_5
Genus symbol at 3:     1^-1 3^-2
and
Genus of
[ 2  0  0]
[ 0 -6  0]
[ 0  0 -6]
Signature:  (1, 2)
Genus symbol at 2:    [2^3]_3
Genus symbol at 3:     1^-1 3^2
above 2
glueing
Genus of
[-6  0  0]
[ 0 -6  0]
[ 0  0 -6]
Signature:  (0, 3)
Genus symbol at 2:    [2^-3]_7
Genus symbol at 3:     3^3
and
Genus of
[ 2  0  0]
[ 0 -4 -2]
[ 0 -2 -4]
Signature:  (1, 2)
Genus symbol at 2:    [2^-3]_1
Genus symbol at 3:     1^2 3^-1
above 2
Found an isometry of order: 6
glueing
Genus of
[-4 -2  1 -1]
[-2 -4  2 -2]
[ 1  2 -4  1]
[-1 -2  1 -4]
Signature:  (0, 4)
Genus symbol at 2:    1^-2 [2^2]_6
Genus symbol at 3:     1^-1 3^-3
and
Genus of
[ 2  2]
[ 2 -4]
Signature:  (1, 1)
Genus symbol at 2:    [2^-2]_6
Genus symbol at 3:     1^-1 3^1
above 2
glueing
Genus of
[-4 -2 -1  2 -1]
[-2 -4 -2  1  1]
[-1 -2 -4 -1 -1]
[ 2  1 -1 -4 -1]
[-1  1 -1 -1 -4]
Signature:  (0, 5)
Genus symbol at 2:    1^4 [2^1]_7
Genus symbol at 3:     1^-1 3^-4
and
Genus of
[2]
Signature:  (1, 0)
Genus symbol at 2:    [2^1]_1
above 2
3^1 * 2 -- 3^1
Genus of
[-4 -2  0  0  0  0  0  0]
[-2 -4  0  0  0  0  0  0]
[ 0  0 -4 -2  0  0  0  0]
[ 0  0 -2 -4  0  0  0  0]
[ 0  0  0  0 -4 -2  0  0]
[ 0  0  0  0 -2 -4  0  0]
[ 0  0  0  0  0  0  4  2]
[ 0  0  0  0  0  0  2  4]
Signature:  (2, 6)
Genus symbol at 2:    2^8
Genus symbol at 3:     1^-4 3^-4
glueing
Genus of
[-6]
Signature:  (0, 1)
Genus symbol at 2:    [2^-1]_5
Genus symbol at 3:     3^1
and
Genus of
[ 0  0  0  0  3]
[ 0 -2 -1  0  0]
[ 0 -1 -2  0  0]
[ 0  0  0 -2 -1]
[ 3  0  0 -1 -2]
Signature:  (1, 4)
Genus symbol at 2:    1^-4 [2^1]_7
Genus symbol at 3:     1^2 3^-3
above 2
glueing
Genus of
[-4 -2]
[-2 -4]
Signature:  (0, 2)
Genus symbol at 2:    2^-2
Genus symbol at 3:     1^-1 3^-1
and
Genus of
[ 0  0  0  3]
[ 0 -4  2 -1]
[ 0  2 -4 -1]
[ 3 -1 -1  2]
Signature:  (1, 3)
Genus symbol at 2:    1^2:2^-2
Genus symbol at 3:     1^-1 3^3
above 2
glueing
Genus of
[-6  0]
[ 0 -6]
Signature:  (0, 2)
Genus symbol at 2:    [2^2]_2
Genus symbol at 3:     3^2
and
Genus of
[ 0  0  0  3]
[ 0 -2  0  0]
[ 0  0 -2  0]
[ 3  0  0  0]
Signature:  (1, 3)
Genus symbol at 2:    1^2 [2^2]_6
Genus symbol at 3:     1^2 3^-2
above 2
glueing
Genus of
[-4  2  0]
[ 2 -4  0]
[ 0  0 -6]
Signature:  (0, 3)
Genus symbol at 2:    [2^3]_5
Genus symbol at 3:     1^-1 3^-2
and
Genus of
[ 2  0  0]
[ 0 -6  0]
[ 0  0 -6]
Signature:  (1, 2)
Genus symbol at 2:    [2^3]_3
Genus symbol at 3:     1^-1 3^2
above 2
glueing
Genus of
[-6  0  0]
[ 0 -6  0]
[ 0  0 -6]
Signature:  (0, 3)
Genus symbol at 2:    [2^-3]_7
Genus symbol at 3:     3^3
and
Genus of
[ 2  0  0]
[ 0 -4 -2]
[ 0 -2 -4]
Signature:  (1, 2)
Genus symbol at 2:    [2^-3]_1
Genus symbol at 3:     1^2 3^-1
above 2
glueing
Genus of
[-4 -2  1 -1]
[-2 -4  2 -2]
[ 1  2 -4  1]
[-1 -2  1 -4]
Signature:  (0, 4)
Genus symbol at 2:    1^-2 [2^2]_6
Genus symbol at 3:     1^-1 3^-3
and
Genus of
[ 2  2]
[ 2 -4]
Signature:  (1, 1)
Genus symbol at 2:    [2^-2]_6
Genus symbol at 3:     1^-1 3^1
above 2
glueing
Genus of
[-4 -2 -1  2 -1]
[-2 -4 -2  1  1]
[-1 -2 -4 -1 -1]
[ 2  1 -1 -4 -1]
[-1  1 -1 -1 -4]
Signature:  (0, 5)
Genus symbol at 2:    1^4 [2^1]_7
Genus symbol at 3:     1^-1 3^-4
and
Genus of
[2]
Signature:  (1, 0)
Genus symbol at 2:    [2^1]_1
above 2
Found an isometry of order: 6
