1
found 1 extensions at level 2
Found an isometry of order: 9
Cp,fp: 1
Genus of
[-8  4]
[ 4 -8]
Signature:  (0, 2)
Genus symbol at 2:    4^-2
Genus symbol at 3:     1^1 3^1
C1: 1 Genus symbol at 3:     1^-2
Found 1 matching extensions
found 1 extensions at level 2
Found an isometry of order: 9
Cp,fp: 2
Genus of
[-8  4]
[ 4 -8]
Signature:  (0, 2)
Genus symbol at 2:    4^-2
Genus symbol at 3:     1^1 3^1
C1: 2 Genus symbol at 3:     3^-2
Found 1 matching extensions
found 1 extensions at level 2
Found an isometry of order: 9
