1
glueing
Genus of
[4 2]
[2 4]
Signature:  (2, 0)
Genus symbol at 2:    2^-2
Genus symbol at 3:     1^1 3^1
and
Genus of
[-8  4  2  2  0  0  6  0]
[ 4 -8 -4  2  0  0 -6  6]
[ 2 -4 -4  2  0  0 -4  4]
[ 2  2  2 -4  0  0  0 -4]
[ 0  0  0  0 -8  4  2  0]
[ 0  0  0  0  4 -8 -2  2]
[ 6 -6 -4  0  2 -2 -8  4]
[ 0  6  4 -4  0  2  4 -8]
Signature:  (0, 8)
Genus symbol at 2:    2^8
Genus symbol at 3:     1^-6 3^-2
above 2
3^1 * 2 -- 3^1
Genus of
[ 0  0 -1 -1  0  0  0  0  0  1]
[ 0  0 -2  1  0  0  0  0  1  0]
[-1 -2 -8  4  2  2  0  0  6  0]
[-1  1  4 -8 -4  2  0  0 -6  6]
[ 0  0  2 -4 -4  2  0  0 -4  4]
[ 0  0  2  2  2 -4  0  0  0 -4]
[ 0  0  0  0  0  0 -8  4  2  0]
[ 0  0  0  0  0  0  4 -8 -2  2]
[ 0  1  6 -6 -4  0  2 -2 -8  4]
[ 1  0  0  6  4 -4  0  2  4 -8]
Signature:  (2, 8)
Genus symbol at 2:    1^4:2^-6
Genus symbol at 3:     1^-7 3^-3
glueing
Genus of
[-4]
Signature:  (0, 1)
Genus symbol at 2:    [4^1]_7
and
Genus of
[  0   0   3]
[  0 -12   0]
[  3   0   0]
Signature:  (1, 2)
Genus symbol at 2:    1^2:[4^-1]_5
Genus symbol at 3:     3^3
above 2
glueing
Genus of
[-6]
Signature:  (0, 1)
Genus symbol at 2:    [2^-1]_5
Genus symbol at 3:     3^1
and
Genus of
[ 2  0  0]
[ 0 -6  0]
[ 0  0 -6]
Signature:  (1, 2)
Genus symbol at 2:    [2^3]_3
Genus symbol at 3:     1^-1 3^2
above 2
glueing
Genus of
[-12]
Signature:  (0, 1)
Genus symbol at 2:    [4^-1]_5
Genus symbol at 3:     3^-1
and
Genus of
[ 0  0  3]
[ 0 -4  1]
[ 3  1  2]
Signature:  (1, 2)
Genus symbol at 2:    1^2:[4^1]_7
Genus symbol at 3:     1^-1 3^-2
above 2
Found an isometry of order: 6
glueing
Genus of
[-4 -2]
[-2 -4]
Signature:  (0, 2)
Genus symbol at 2:    2^-2
Genus symbol at 3:     1^-1 3^-1
and
Genus of
[0 3]
[3 0]
Signature:  (1, 1)
Genus symbol at 2:    1^2
Genus symbol at 3:     3^-2
above 2
Found an isometry of order: 6
glueing
Genus of
[-4 -2]
[-2 -4]
Signature:  (0, 2)
Genus symbol at 2:    2^-2
Genus symbol at 3:     1^-1 3^-1
and
Genus of
[0 6]
[6 0]
Signature:  (1, 1)
Genus symbol at 2:    2^2
Genus symbol at 3:     3^-2
above 2
Found an isometry of order: 6
glueing
Genus of
[-4 -2]
[-2 -4]
Signature:  (0, 2)
Genus symbol at 2:    2^-2
Genus symbol at 3:     1^-1 3^-1
and
Genus of
[6 6]
[6 0]
Signature:  (1, 1)
Genus symbol at 2:    [2^2]_0
Genus symbol at 3:     3^-2
above 2
glueing
Genus of
[-6  0]
[ 0 -6]
Signature:  (0, 2)
Genus symbol at 2:    [2^2]_2
Genus symbol at 3:     3^2
and
Genus of
[ 2  2]
[ 2 -4]
Signature:  (1, 1)
Genus symbol at 2:    [2^-2]_6
Genus symbol at 3:     1^-1 3^1
above 2
glueing
Genus of
[-4  0]
[ 0 -6]
Signature:  (0, 2)
Genus symbol at 2:    [2^-1 4^1]_4
Genus symbol at 3:     1^-1 3^1
and
Genus of
[ 6  6]
[ 6 -6]
Signature:  (1, 1)
Genus symbol at 2:    [2^1 4^1]_4
Genus symbol at 3:     3^2
above 2
glueing
Genus of
[ -6   0]
[  0 -12]
Signature:  (0, 2)
Genus symbol at 2:    [2^1 4^1]_6
Genus symbol at 3:     3^-2
and
Genus of
[ 2  4]
[ 4 -4]
Signature:  (1, 1)
Genus symbol at 2:    [2^-1 4^1]_2
Genus symbol at 3:     1^-1 3^-1
above 2
glueing
Genus of
[-4 -2 -1]
[-2 -4 -2]
[-1 -2 -4]
Signature:  (0, 3)
Genus symbol at 2:    1^2:[4^1]_1
Genus symbol at 3:     1^-1 3^2
and
Genus of
[12]
Signature:  (1, 0)
Genus symbol at 2:    [4^-1]_3
Genus symbol at 3:     3^1
above 2
glueing
Genus of
[-4  2  0]
[ 2 -4  0]
[ 0  0 -6]
Signature:  (0, 3)
Genus symbol at 2:    [2^3]_5
Genus symbol at 3:     1^-1 3^-2
and
Genus of
[6]
Signature:  (1, 0)
Genus symbol at 2:    [2^-1]_3
Genus symbol at 3:     3^-1
above 2
glueing
Genus of
[-6  0  0]
[ 0 -6  0]
[ 0  0 -6]
Signature:  (0, 3)
Genus symbol at 2:    [2^-3]_7
Genus symbol at 3:     3^3
and
Genus of
[2]
Signature:  (1, 0)
Genus symbol at 2:    [2^1]_1
above 2
3^1 * 2 -- 3^1
Genus of
[-2 -1 -1 -1  0  0  2 -4 -1  2]
[-1 -2 -2  1  0  0 -2 -2  1  1]
[-1 -2 -8  4  2  2  0  0  6  0]
[-1  1  4 -8 -4  2  0  0 -6  6]
[ 0  0  2 -4 -4  2  0  0 -4  4]
[ 0  0  2  2  2 -4  0  0  0 -4]
[ 2 -2  0  0  0  0 -8  4  2  0]
[-4 -2  0  0  0  0  4 -8 -2  2]
[-1  1  6 -6 -4  0  2 -2 -8  4]
[ 2  1  0  6  4 -4  0  2  4 -8]
Signature:  (2, 8)
Genus symbol at 2:    1^4:2^-6
Genus symbol at 3:     1^-7 3^-3
glueing
Genus of
[-4]
Signature:  (0, 1)
Genus symbol at 2:    [4^1]_7
and
Genus of
[  0   0   3]
[  0 -12   0]
[  3   0   0]
Signature:  (1, 2)
Genus symbol at 2:    1^2:[4^-1]_5
Genus symbol at 3:     3^3
above 2
glueing
Genus of
[-6]
Signature:  (0, 1)
Genus symbol at 2:    [2^-1]_5
Genus symbol at 3:     3^1
and
Genus of
[ 2  0  0]
[ 0 -6  0]
[ 0  0 -6]
Signature:  (1, 2)
Genus symbol at 2:    [2^3]_3
Genus symbol at 3:     1^-1 3^2
above 2
glueing
Genus of
[-12]
Signature:  (0, 1)
Genus symbol at 2:    [4^-1]_5
Genus symbol at 3:     3^-1
and
Genus of
[ 0  0  3]
[ 0 -4  1]
[ 3  1  2]
Signature:  (1, 2)
Genus symbol at 2:    1^2:[4^1]_7
Genus symbol at 3:     1^-1 3^-2
above 2
Found an isometry of order: 6
glueing
Genus of
[-4 -2]
[-2 -4]
Signature:  (0, 2)
Genus symbol at 2:    2^-2
Genus symbol at 3:     1^-1 3^-1
and
Genus of
[0 3]
[3 0]
Signature:  (1, 1)
Genus symbol at 2:    1^2
Genus symbol at 3:     3^-2
above 2
Found an isometry of order: 6
glueing
Genus of
[-4 -2]
[-2 -4]
Signature:  (0, 2)
Genus symbol at 2:    2^-2
Genus symbol at 3:     1^-1 3^-1
and
Genus of
[0 6]
[6 0]
Signature:  (1, 1)
Genus symbol at 2:    2^2
Genus symbol at 3:     3^-2
above 2
Found an isometry of order: 6
glueing
Genus of
[-4 -2]
[-2 -4]
Signature:  (0, 2)
Genus symbol at 2:    2^-2
Genus symbol at 3:     1^-1 3^-1
and
Genus of
[6 6]
[6 0]
Signature:  (1, 1)
Genus symbol at 2:    [2^2]_0
Genus symbol at 3:     3^-2
above 2
glueing
Genus of
[-6  0]
[ 0 -6]
Signature:  (0, 2)
Genus symbol at 2:    [2^2]_2
Genus symbol at 3:     3^2
and
Genus of
[ 2  2]
[ 2 -4]
Signature:  (1, 1)
Genus symbol at 2:    [2^-2]_6
Genus symbol at 3:     1^-1 3^1
above 2
glueing
Genus of
[-4  0]
[ 0 -6]
Signature:  (0, 2)
Genus symbol at 2:    [2^-1 4^1]_4
Genus symbol at 3:     1^-1 3^1
and
Genus of
[ 6  6]
[ 6 -6]
Signature:  (1, 1)
Genus symbol at 2:    [2^1 4^1]_4
Genus symbol at 3:     3^2
above 2
glueing
Genus of
[ -6   0]
[  0 -12]
Signature:  (0, 2)
Genus symbol at 2:    [2^1 4^1]_6
Genus symbol at 3:     3^-2
and
Genus of
[ 2  4]
[ 4 -4]
Signature:  (1, 1)
Genus symbol at 2:    [2^-1 4^1]_2
Genus symbol at 3:     1^-1 3^-1
above 2
glueing
Genus of
[-4 -2 -1]
[-2 -4 -2]
[-1 -2 -4]
Signature:  (0, 3)
Genus symbol at 2:    1^2:[4^1]_1
Genus symbol at 3:     1^-1 3^2
and
Genus of
[12]
Signature:  (1, 0)
Genus symbol at 2:    [4^-1]_3
Genus symbol at 3:     3^1
above 2
glueing
Genus of
[-4  2  0]
[ 2 -4  0]
[ 0  0 -6]
Signature:  (0, 3)
Genus symbol at 2:    [2^3]_5
Genus symbol at 3:     1^-1 3^-2
and
Genus of
[6]
Signature:  (1, 0)
Genus symbol at 2:    [2^-1]_3
Genus symbol at 3:     3^-1
above 2
glueing
Genus of
[-6  0  0]
[ 0 -6  0]
[ 0  0 -6]
Signature:  (0, 3)
Genus symbol at 2:    [2^-3]_7
Genus symbol at 3:     3^3
and
Genus of
[2]
Signature:  (1, 0)
Genus symbol at 2:    [2^1]_1
above 2
3^1 * 2 -- 3^1
Genus of
[-4  2  2 -4 -2  0 -1 -3 -4  4]
[ 2 -4 -2  4  2 -2 -4  3  4 -4]
[ 2 -2 -8  4  2  2  0  0  6  0]
[-4  4  4 -8 -4  2  0  0 -6  6]
[-2  2  2 -4 -4  2  0  0 -4  4]
[ 0 -2  2  2  2 -4  0  0  0 -4]
[-1 -4  0  0  0  0 -8  4  2  0]
[-3  3  0  0  0  0  4 -8 -2  2]
[-4  4  6 -6 -4  0  2 -2 -8  4]
[ 4 -4  0  6  4 -4  0  2  4 -8]
Signature:  (2, 8)
Genus symbol at 2:    1^4:2^-6
Genus symbol at 3:     1^-7 3^-3
glueing
Genus of
[-4]
Signature:  (0, 1)
Genus symbol at 2:    [4^1]_7
and
Genus of
[  0   0   3]
[  0 -12   0]
[  3   0   0]
Signature:  (1, 2)
Genus symbol at 2:    1^2:[4^-1]_5
Genus symbol at 3:     3^3
above 2
glueing
Genus of
[-6]
Signature:  (0, 1)
Genus symbol at 2:    [2^-1]_5
Genus symbol at 3:     3^1
and
Genus of
[ 2  0  0]
[ 0 -6  0]
[ 0  0 -6]
Signature:  (1, 2)
Genus symbol at 2:    [2^3]_3
Genus symbol at 3:     1^-1 3^2
above 2
glueing
Genus of
[-12]
Signature:  (0, 1)
Genus symbol at 2:    [4^-1]_5
Genus symbol at 3:     3^-1
and
Genus of
[ 0  0  3]
[ 0 -4  1]
[ 3  1  2]
Signature:  (1, 2)
Genus symbol at 2:    1^2:[4^1]_7
Genus symbol at 3:     1^-1 3^-2
above 2
Found an isometry of order: 6
glueing
Genus of
[-4 -2]
[-2 -4]
Signature:  (0, 2)
Genus symbol at 2:    2^-2
Genus symbol at 3:     1^-1 3^-1
and
Genus of
[0 3]
[3 0]
Signature:  (1, 1)
Genus symbol at 2:    1^2
Genus symbol at 3:     3^-2
above 2
Found an isometry of order: 6
glueing
Genus of
[-4 -2]
[-2 -4]
Signature:  (0, 2)
Genus symbol at 2:    2^-2
Genus symbol at 3:     1^-1 3^-1
and
Genus of
[0 6]
[6 0]
Signature:  (1, 1)
Genus symbol at 2:    2^2
Genus symbol at 3:     3^-2
above 2
Found an isometry of order: 6
glueing
Genus of
[-4 -2]
[-2 -4]
Signature:  (0, 2)
Genus symbol at 2:    2^-2
Genus symbol at 3:     1^-1 3^-1
and
Genus of
[6 6]
[6 0]
Signature:  (1, 1)
Genus symbol at 2:    [2^2]_0
Genus symbol at 3:     3^-2
above 2
glueing
Genus of
[-6  0]
[ 0 -6]
Signature:  (0, 2)
Genus symbol at 2:    [2^2]_2
Genus symbol at 3:     3^2
and
Genus of
[ 2  2]
[ 2 -4]
Signature:  (1, 1)
Genus symbol at 2:    [2^-2]_6
Genus symbol at 3:     1^-1 3^1
above 2
glueing
Genus of
[-4  0]
[ 0 -6]
Signature:  (0, 2)
Genus symbol at 2:    [2^-1 4^1]_4
Genus symbol at 3:     1^-1 3^1
and
Genus of
[ 6  6]
[ 6 -6]
Signature:  (1, 1)
Genus symbol at 2:    [2^1 4^1]_4
Genus symbol at 3:     3^2
above 2
glueing
Genus of
[ -6   0]
[  0 -12]
Signature:  (0, 2)
Genus symbol at 2:    [2^1 4^1]_6
Genus symbol at 3:     3^-2
and
Genus of
[ 2  4]
[ 4 -4]
Signature:  (1, 1)
Genus symbol at 2:    [2^-1 4^1]_2
Genus symbol at 3:     1^-1 3^-1
above 2
glueing
Genus of
[-4 -2 -1]
[-2 -4 -2]
[-1 -2 -4]
Signature:  (0, 3)
Genus symbol at 2:    1^2:[4^1]_1
Genus symbol at 3:     1^-1 3^2
and
Genus of
[12]
Signature:  (1, 0)
Genus symbol at 2:    [4^-1]_3
Genus symbol at 3:     3^1
above 2
glueing
Genus of
[-4  2  0]
[ 2 -4  0]
[ 0  0 -6]
Signature:  (0, 3)
Genus symbol at 2:    [2^3]_5
Genus symbol at 3:     1^-1 3^-2
and
Genus of
[6]
Signature:  (1, 0)
Genus symbol at 2:    [2^-1]_3
Genus symbol at 3:     3^-1
above 2
glueing
Genus of
[-6  0  0]
[ 0 -6  0]
[ 0  0 -6]
Signature:  (0, 3)
Genus symbol at 2:    [2^-3]_7
Genus symbol at 3:     3^3
and
Genus of
[2]
Signature:  (1, 0)
Genus symbol at 2:    [2^1]_1
above 2
glueing
Genus of
[8 4]
[4 8]
Signature:  (2, 0)
Genus symbol at 2:    4^-2
Genus symbol at 3:     1^-1 3^-1
and
Genus of
[-14   7   5  -1   7  -5  18   9]
[  7 -14  -4   5  -2   7 -27  18]
[  5  -4  -4   2  -2   1  -9   0]
[ -1   5   2  -4   1  -2   9  -9]
[  7  -2  -2   1  -6   3  -7  -6]
[ -5   7   1  -2   3  -6  13  -7]
[ 18 -27  -9   9  -7  13 -58  29]
[  9  18   0  -9  -6  -7  29 -58]
Signature:  (0, 8)
Genus symbol at 2:    1^4:2^-2:4^-2
Genus symbol at 3:     1^6 3^2
above 2
3^1 * 2 -- 3^1
Genus of
[ -2  -1  -6   0   1   1   4  -2   2  10]
[ -1  -2  -6   6   2  -1   2  -4  12  -2]
[ -6  -6 -14   7   5  -1   7  -5  18   9]
[  0   6   7 -14  -4   5  -2   7 -27  18]
[  1   2   5  -4  -4   2  -2   1  -9   0]
[  1  -1  -1   5   2  -4   1  -2   9  -9]
[  4   2   7  -2  -2   1  -6   3  -7  -6]
[ -2  -4  -5   7   1  -2   3  -6  13  -7]
[  2  12  18 -27  -9   9  -7  13 -58  29]
[ 10  -2   9  18   0  -9  -6  -7  29 -58]
Signature:  (2, 8)
Genus symbol at 2:    1^4:2^-6
Genus symbol at 3:     1^-7 3^-3
glueing
Genus of
[-4]
Signature:  (0, 1)
Genus symbol at 2:    [4^1]_7
and
Genus of
[  0   0   3]
[  0 -12   0]
[  3   0   0]
Signature:  (1, 2)
Genus symbol at 2:    1^2:[4^-1]_5
Genus symbol at 3:     3^3
above 2
glueing
Genus of
[-6]
Signature:  (0, 1)
Genus symbol at 2:    [2^-1]_5
Genus symbol at 3:     3^1
and
Genus of
[ 2  0  0]
[ 0 -6  0]
[ 0  0 -6]
Signature:  (1, 2)
Genus symbol at 2:    [2^3]_3
Genus symbol at 3:     1^-1 3^2
above 2
Found an isometry of order: 6
glueing
Genus of
[-12]
Signature:  (0, 1)
Genus symbol at 2:    [4^-1]_5
Genus symbol at 3:     3^-1
and
Genus of
[ 0  0  3]
[ 0 -4  1]
[ 3  1  2]
Signature:  (1, 2)
Genus symbol at 2:    1^2:[4^1]_7
Genus symbol at 3:     1^-1 3^-2
above 2
glueing
Genus of
[-4 -2]
[-2 -4]
Signature:  (0, 2)
Genus symbol at 2:    2^-2
Genus symbol at 3:     1^-1 3^-1
and
Genus of
[0 3]
[3 0]
Signature:  (1, 1)
Genus symbol at 2:    1^2
Genus symbol at 3:     3^-2
above 2
glueing
Genus of
[-4 -2]
[-2 -4]
Signature:  (0, 2)
Genus symbol at 2:    2^-2
Genus symbol at 3:     1^-1 3^-1
and
Genus of
[0 6]
[6 0]
Signature:  (1, 1)
Genus symbol at 2:    2^2
Genus symbol at 3:     3^-2
above 2
glueing
Genus of
[-4 -2]
[-2 -4]
Signature:  (0, 2)
Genus symbol at 2:    2^-2
Genus symbol at 3:     1^-1 3^-1
and
Genus of
[6 6]
[6 0]
Signature:  (1, 1)
Genus symbol at 2:    [2^2]_0
Genus symbol at 3:     3^-2
above 2
glueing
Genus of
[-6  0]
[ 0 -6]
Signature:  (0, 2)
Genus symbol at 2:    [2^2]_2
Genus symbol at 3:     3^2
and
Genus of
[ 2  2]
[ 2 -4]
Signature:  (1, 1)
Genus symbol at 2:    [2^-2]_6
Genus symbol at 3:     1^-1 3^1
above 2
glueing
Genus of
[-4  0]
[ 0 -6]
Signature:  (0, 2)
Genus symbol at 2:    [2^-1 4^1]_4
Genus symbol at 3:     1^-1 3^1
and
Genus of
[ 6  6]
[ 6 -6]
Signature:  (1, 1)
Genus symbol at 2:    [2^1 4^1]_4
Genus symbol at 3:     3^2
above 2
Found an isometry of order: 6
glueing
Genus of
[ -6   0]
[  0 -12]
Signature:  (0, 2)
Genus symbol at 2:    [2^1 4^1]_6
Genus symbol at 3:     3^-2
and
Genus of
[ 2  4]
[ 4 -4]
Signature:  (1, 1)
Genus symbol at 2:    [2^-1 4^1]_2
Genus symbol at 3:     1^-1 3^-1
above 2
glueing
Genus of
[-4 -2 -1]
[-2 -4 -2]
[-1 -2 -4]
Signature:  (0, 3)
Genus symbol at 2:    1^2:[4^1]_1
Genus symbol at 3:     1^-1 3^2
and
Genus of
[12]
Signature:  (1, 0)
Genus symbol at 2:    [4^-1]_3
Genus symbol at 3:     3^1
above 2
glueing
Genus of
[-4  2  0]
[ 2 -4  0]
[ 0  0 -6]
Signature:  (0, 3)
Genus symbol at 2:    [2^3]_5
Genus symbol at 3:     1^-1 3^-2
and
Genus of
[6]
Signature:  (1, 0)
Genus symbol at 2:    [2^-1]_3
Genus symbol at 3:     3^-1
above 2
glueing
Genus of
[-6  0  0]
[ 0 -6  0]
[ 0  0 -6]
Signature:  (0, 3)
Genus symbol at 2:    [2^-3]_7
Genus symbol at 3:     3^3
and
Genus of
[2]
Signature:  (1, 0)
Genus symbol at 2:    [2^1]_1
above 2
glueing
Genus of
[-4 -2  1  0]
[-2 -4  1  1]
[ 1  1  0  0]
[ 0  1  0  0]
Signature:  (2, 2)
Genus symbol at 2:    1^4
and
Genus of
[-8  4  2  2  0  0]
[ 4 -8 -4  2  0  0]
[ 2 -4 -4  2  0  0]
[ 2  2  2 -4  0  0]
[ 0  0  0  0 -4  2]
[ 0  0  0  0  2 -4]
Signature:  (0, 6)
Genus symbol at 2:    2^-6
Genus symbol at 3:     1^-3 3^-3
above 2
3^1 * 2 -- 3^1
Genus of
[-4 -2  1  0  0  0  0  0  0  0]
[-2 -4  1  1  0  0  0  0  0  0]
[ 1  1  0  0  0  0  0  0  0  0]
[ 0  1  0  0  0  0  0  0  0  0]
[ 0  0  0  0 -8  4  2  2  0  0]
[ 0  0  0  0  4 -8 -4  2  0  0]
[ 0  0  0  0  2 -4 -4  2  0  0]
[ 0  0  0  0  2  2  2 -4  0  0]
[ 0  0  0  0  0  0  0  0 -4  2]
[ 0  0  0  0  0  0  0  0  2 -4]
Signature:  (2, 8)
Genus symbol at 2:    1^4:2^-6
Genus symbol at 3:     1^-7 3^-3
Found an isometry of order: 6
glueing
Genus of
[-4]
Signature:  (0, 1)
Genus symbol at 2:    [4^1]_7
and
Genus of
[  0   0   3]
[  0 -12   0]
[  3   0   0]
Signature:  (1, 2)
Genus symbol at 2:    1^2:[4^-1]_5
Genus symbol at 3:     3^3
above 2
Found an isometry of order: 6
glueing
Genus of
[-6]
Signature:  (0, 1)
Genus symbol at 2:    [2^-1]_5
Genus symbol at 3:     3^1
and
Genus of
[ 2  0  0]
[ 0 -6  0]
[ 0  0 -6]
Signature:  (1, 2)
Genus symbol at 2:    [2^3]_3
Genus symbol at 3:     1^-1 3^2
above 2
glueing
Genus of
[-12]
Signature:  (0, 1)
Genus symbol at 2:    [4^-1]_5
Genus symbol at 3:     3^-1
and
Genus of
[ 0  0  3]
[ 0 -4  1]
[ 3  1  2]
Signature:  (1, 2)
Genus symbol at 2:    1^2:[4^1]_7
Genus symbol at 3:     1^-1 3^-2
above 2
glueing
Genus of
[-4 -2]
[-2 -4]
Signature:  (0, 2)
Genus symbol at 2:    2^-2
Genus symbol at 3:     1^-1 3^-1
and
Genus of
[0 3]
[3 0]
Signature:  (1, 1)
Genus symbol at 2:    1^2
Genus symbol at 3:     3^-2
above 2
glueing
Genus of
[-4 -2]
[-2 -4]
Signature:  (0, 2)
Genus symbol at 2:    2^-2
Genus symbol at 3:     1^-1 3^-1
and
Genus of
[0 6]
[6 0]
Signature:  (1, 1)
Genus symbol at 2:    2^2
Genus symbol at 3:     3^-2
above 2
glueing
Genus of
[-4 -2]
[-2 -4]
Signature:  (0, 2)
Genus symbol at 2:    2^-2
Genus symbol at 3:     1^-1 3^-1
and
Genus of
[6 6]
[6 0]
Signature:  (1, 1)
Genus symbol at 2:    [2^2]_0
Genus symbol at 3:     3^-2
above 2
glueing
Genus of
[-6  0]
[ 0 -6]
Signature:  (0, 2)
Genus symbol at 2:    [2^2]_2
Genus symbol at 3:     3^2
and
Genus of
[ 2  2]
[ 2 -4]
Signature:  (1, 1)
Genus symbol at 2:    [2^-2]_6
Genus symbol at 3:     1^-1 3^1
above 2
glueing
Genus of
[-4  0]
[ 0 -6]
Signature:  (0, 2)
Genus symbol at 2:    [2^-1 4^1]_4
Genus symbol at 3:     1^-1 3^1
and
Genus of
[ 6  6]
[ 6 -6]
Signature:  (1, 1)
Genus symbol at 2:    [2^1 4^1]_4
Genus symbol at 3:     3^2
above 2
glueing
Genus of
[ -6   0]
[  0 -12]
Signature:  (0, 2)
Genus symbol at 2:    [2^1 4^1]_6
Genus symbol at 3:     3^-2
and
Genus of
[ 2  4]
[ 4 -4]
Signature:  (1, 1)
Genus symbol at 2:    [2^-1 4^1]_2
Genus symbol at 3:     1^-1 3^-1
above 2
glueing
Genus of
[-4 -2 -1]
[-2 -4 -2]
[-1 -2 -4]
Signature:  (0, 3)
Genus symbol at 2:    1^2:[4^1]_1
Genus symbol at 3:     1^-1 3^2
and
Genus of
[12]
Signature:  (1, 0)
Genus symbol at 2:    [4^-1]_3
Genus symbol at 3:     3^1
above 2
glueing
Genus of
[-4  2  0]
[ 2 -4  0]
[ 0  0 -6]
Signature:  (0, 3)
Genus symbol at 2:    [2^3]_5
Genus symbol at 3:     1^-1 3^-2
and
Genus of
[6]
Signature:  (1, 0)
Genus symbol at 2:    [2^-1]_3
Genus symbol at 3:     3^-1
above 2
glueing
Genus of
[-6  0  0]
[ 0 -6  0]
[ 0  0 -6]
Signature:  (0, 3)
Genus symbol at 2:    [2^-3]_7
Genus symbol at 3:     3^3
and
Genus of
[2]
Signature:  (1, 0)
Genus symbol at 2:    [2^1]_1
above 2
glueing
Genus of
[-4 -2  1  2]
[-2 -4 -1  1]
[ 1 -1  0  0]
[ 2  1  0  0]
Signature:  (2, 2)
Genus symbol at 2:    1^4
Genus symbol at 3:     1^-2 3^-2
and
Genus of
[-8  4  2  2  0 -6]
[ 4 -8 -4  2  6  0]
[ 2 -4 -4  2  4  0]
[ 2  2  2 -4 -4  4]
[ 0  6  4 -4 -8  4]
[-6  0  0  4  4 -8]
Signature:  (0, 6)
Genus symbol at 2:    2^-6
Genus symbol at 3:     1^5 3^1
above 2
3^1 * 2 -- 3^1
Genus of
[-4 -2  1  2  0  0  0  0  0  0]
[-2 -4 -1  1  0  0  0  0  0  0]
[ 1 -1  0  0  0  0  0  0  0  0]
[ 2  1  0  0  0  0  0  0  0  0]
[ 0  0  0  0 -8  4  2  2  0 -6]
[ 0  0  0  0  4 -8 -4  2  6  0]
[ 0  0  0  0  2 -4 -4  2  4  0]
[ 0  0  0  0  2  2  2 -4 -4  4]
[ 0  0  0  0  0  6  4 -4 -8  4]
[ 0  0  0  0 -6  0  0  4  4 -8]
Signature:  (2, 8)
Genus symbol at 2:    1^4:2^-6
Genus symbol at 3:     1^-7 3^-3
glueing
Genus of
[-4]
Signature:  (0, 1)
Genus symbol at 2:    [4^1]_7
and
Genus of
[  0   0   3]
[  0 -12   0]
[  3   0   0]
Signature:  (1, 2)
Genus symbol at 2:    1^2:[4^-1]_5
Genus symbol at 3:     3^3
above 2
glueing
Genus of
[-6]
Signature:  (0, 1)
Genus symbol at 2:    [2^-1]_5
Genus symbol at 3:     3^1
and
Genus of
[ 2  0  0]
[ 0 -6  0]
[ 0  0 -6]
Signature:  (1, 2)
Genus symbol at 2:    [2^3]_3
Genus symbol at 3:     1^-1 3^2
above 2
glueing
Genus of
[-12]
Signature:  (0, 1)
Genus symbol at 2:    [4^-1]_5
Genus symbol at 3:     3^-1
and
Genus of
[ 0  0  3]
[ 0 -4  1]
[ 3  1  2]
Signature:  (1, 2)
Genus symbol at 2:    1^2:[4^1]_7
Genus symbol at 3:     1^-1 3^-2
above 2
glueing
Genus of
[-4 -2]
[-2 -4]
Signature:  (0, 2)
Genus symbol at 2:    2^-2
Genus symbol at 3:     1^-1 3^-1
and
Genus of
[0 3]
[3 0]
Signature:  (1, 1)
Genus symbol at 2:    1^2
Genus symbol at 3:     3^-2
above 2
glueing
Genus of
[-4 -2]
[-2 -4]
Signature:  (0, 2)
Genus symbol at 2:    2^-2
Genus symbol at 3:     1^-1 3^-1
and
Genus of
[0 6]
[6 0]
Signature:  (1, 1)
Genus symbol at 2:    2^2
Genus symbol at 3:     3^-2
above 2
glueing
Genus of
[-4 -2]
[-2 -4]
Signature:  (0, 2)
Genus symbol at 2:    2^-2
Genus symbol at 3:     1^-1 3^-1
and
Genus of
[6 6]
[6 0]
Signature:  (1, 1)
Genus symbol at 2:    [2^2]_0
Genus symbol at 3:     3^-2
above 2
glueing
Genus of
[-6  0]
[ 0 -6]
Signature:  (0, 2)
Genus symbol at 2:    [2^2]_2
Genus symbol at 3:     3^2
and
Genus of
[ 2  2]
[ 2 -4]
Signature:  (1, 1)
Genus symbol at 2:    [2^-2]_6
Genus symbol at 3:     1^-1 3^1
above 2
glueing
Genus of
[-4  0]
[ 0 -6]
Signature:  (0, 2)
Genus symbol at 2:    [2^-1 4^1]_4
Genus symbol at 3:     1^-1 3^1
and
Genus of
[ 6  6]
[ 6 -6]
Signature:  (1, 1)
Genus symbol at 2:    [2^1 4^1]_4
Genus symbol at 3:     3^2
above 2
glueing
Genus of
[ -6   0]
[  0 -12]
Signature:  (0, 2)
Genus symbol at 2:    [2^1 4^1]_6
Genus symbol at 3:     3^-2
and
Genus of
[ 2  4]
[ 4 -4]
Signature:  (1, 1)
Genus symbol at 2:    [2^-1 4^1]_2
Genus symbol at 3:     1^-1 3^-1
above 2
Found an isometry of order: 6
glueing
Genus of
[-4 -2 -1]
[-2 -4 -2]
[-1 -2 -4]
Signature:  (0, 3)
Genus symbol at 2:    1^2:[4^1]_1
Genus symbol at 3:     1^-1 3^2
and
Genus of
[12]
Signature:  (1, 0)
Genus symbol at 2:    [4^-1]_3
Genus symbol at 3:     3^1
above 2
glueing
Genus of
[-4  2  0]
[ 2 -4  0]
[ 0  0 -6]
Signature:  (0, 3)
Genus symbol at 2:    [2^3]_5
Genus symbol at 3:     1^-1 3^-2
and
Genus of
[6]
Signature:  (1, 0)
Genus symbol at 2:    [2^-1]_3
Genus symbol at 3:     3^-1
above 2
Found an isometry of order: 6
glueing
Genus of
[-6  0  0]
[ 0 -6  0]
[ 0  0 -6]
Signature:  (0, 3)
Genus symbol at 2:    [2^-3]_7
Genus symbol at 3:     3^3
and
Genus of
[2]
Signature:  (1, 0)
Genus symbol at 2:    [2^1]_1
above 2
glueing
Genus of
[-4 -2  0  2]
[-2 -4 -2  0]
[ 0 -2  0  0]
[ 2  0  0  0]
Signature:  (2, 2)
Genus symbol at 2:    2^4
and
Genus of
[-8  4  2  2  0  0]
[ 4 -8 -4  2  0  0]
[ 2 -4 -4  2  0  0]
[ 2  2  2 -4  0  0]
[ 0  0  0  0 -4  2]
[ 0  0  0  0  2 -4]
Signature:  (0, 6)
Genus symbol at 2:    2^-6
Genus symbol at 3:     1^-3 3^-3
above 2
3^1 * 2 -- 3^1
Genus of
[-4 -2  0  1  0  0  0  0  0  0]
[-2 -4 -1  0  0  0  0  0  0  0]
[ 0 -1 -2  0  2 -1 -1 -1 -2  1]
[ 1  0  0 -2  1 -2 -2  1  1 -2]
[ 0  0  2  1 -8  4  2  2  0  0]
[ 0  0 -1 -2  4 -8 -4  2  0  0]
[ 0  0 -1 -2  2 -4 -4  2  0  0]
[ 0  0 -1  1  2  2  2 -4  0  0]
[ 0  0 -2  1  0  0  0  0 -4  2]
[ 0  0  1 -2  0  0  0  0  2 -4]
Signature:  (2, 8)
Genus symbol at 2:    1^4:2^-6
Genus symbol at 3:     1^-7 3^-3
Found an isometry of order: 6
glueing
Genus of
[-4]
Signature:  (0, 1)
Genus symbol at 2:    [4^1]_7
and
Genus of
[  0   0   3]
[  0 -12   0]
[  3   0   0]
Signature:  (1, 2)
Genus symbol at 2:    1^2:[4^-1]_5
Genus symbol at 3:     3^3
above 2
Found an isometry of order: 6
glueing
Genus of
[-6]
Signature:  (0, 1)
Genus symbol at 2:    [2^-1]_5
Genus symbol at 3:     3^1
and
Genus of
[ 2  0  0]
[ 0 -6  0]
[ 0  0 -6]
Signature:  (1, 2)
Genus symbol at 2:    [2^3]_3
Genus symbol at 3:     1^-1 3^2
above 2
glueing
Genus of
[-12]
Signature:  (0, 1)
Genus symbol at 2:    [4^-1]_5
Genus symbol at 3:     3^-1
and
Genus of
[ 0  0  3]
[ 0 -4  1]
[ 3  1  2]
Signature:  (1, 2)
Genus symbol at 2:    1^2:[4^1]_7
Genus symbol at 3:     1^-1 3^-2
above 2
glueing
Genus of
[-4 -2]
[-2 -4]
Signature:  (0, 2)
Genus symbol at 2:    2^-2
Genus symbol at 3:     1^-1 3^-1
and
Genus of
[0 3]
[3 0]
Signature:  (1, 1)
Genus symbol at 2:    1^2
Genus symbol at 3:     3^-2
above 2
glueing
Genus of
[-4 -2]
[-2 -4]
Signature:  (0, 2)
Genus symbol at 2:    2^-2
Genus symbol at 3:     1^-1 3^-1
and
Genus of
[0 6]
[6 0]
Signature:  (1, 1)
Genus symbol at 2:    2^2
Genus symbol at 3:     3^-2
above 2
glueing
Genus of
[-4 -2]
[-2 -4]
Signature:  (0, 2)
Genus symbol at 2:    2^-2
Genus symbol at 3:     1^-1 3^-1
and
Genus of
[6 6]
[6 0]
Signature:  (1, 1)
Genus symbol at 2:    [2^2]_0
Genus symbol at 3:     3^-2
above 2
glueing
Genus of
[-6  0]
[ 0 -6]
Signature:  (0, 2)
Genus symbol at 2:    [2^2]_2
Genus symbol at 3:     3^2
and
Genus of
[ 2  2]
[ 2 -4]
Signature:  (1, 1)
Genus symbol at 2:    [2^-2]_6
Genus symbol at 3:     1^-1 3^1
above 2
glueing
Genus of
[-4  0]
[ 0 -6]
Signature:  (0, 2)
Genus symbol at 2:    [2^-1 4^1]_4
Genus symbol at 3:     1^-1 3^1
and
Genus of
[ 6  6]
[ 6 -6]
Signature:  (1, 1)
Genus symbol at 2:    [2^1 4^1]_4
Genus symbol at 3:     3^2
above 2
glueing
Genus of
[ -6   0]
[  0 -12]
Signature:  (0, 2)
Genus symbol at 2:    [2^1 4^1]_6
Genus symbol at 3:     3^-2
and
Genus of
[ 2  4]
[ 4 -4]
Signature:  (1, 1)
Genus symbol at 2:    [2^-1 4^1]_2
Genus symbol at 3:     1^-1 3^-1
above 2
glueing
Genus of
[-4 -2 -1]
[-2 -4 -2]
[-1 -2 -4]
Signature:  (0, 3)
Genus symbol at 2:    1^2:[4^1]_1
Genus symbol at 3:     1^-1 3^2
and
Genus of
[12]
Signature:  (1, 0)
Genus symbol at 2:    [4^-1]_3
Genus symbol at 3:     3^1
above 2
glueing
Genus of
[-4  2  0]
[ 2 -4  0]
[ 0  0 -6]
Signature:  (0, 3)
Genus symbol at 2:    [2^3]_5
Genus symbol at 3:     1^-1 3^-2
and
Genus of
[6]
Signature:  (1, 0)
Genus symbol at 2:    [2^-1]_3
Genus symbol at 3:     3^-1
above 2
glueing
Genus of
[-6  0  0]
[ 0 -6  0]
[ 0  0 -6]
Signature:  (0, 3)
Genus symbol at 2:    [2^-3]_7
Genus symbol at 3:     3^3
and
Genus of
[2]
Signature:  (1, 0)
Genus symbol at 2:    [2^1]_1
above 2
3^1 * 2 -- 3^1
Genus of
[-2  0  0  1  1 -2 -2  1  0  0]
[ 0 -2 -1  0  1  1  1 -2  0  0]
[ 0 -1  0  0  0  0  0  0  0  0]
[ 1  0  0  0  0  0  0  0  0  0]
[ 1  1  0  0 -8  4  2  2  0  0]
[-2  1  0  0  4 -8 -4  2  0  0]
[-2  1  0  0  2 -4 -4  2  0  0]
[ 1 -2  0  0  2  2  2 -4  0  0]
[ 0  0  0  0  0  0  0  0 -4  2]
[ 0  0  0  0  0  0  0  0  2 -4]
Signature:  (2, 8)
Genus symbol at 2:    1^4:2^-6
Genus symbol at 3:     1^-7 3^-3
Found an isometry of order: 6
glueing
Genus of
[-4]
Signature:  (0, 1)
Genus symbol at 2:    [4^1]_7
and
Genus of
[  0   0   3]
[  0 -12   0]
[  3   0   0]
Signature:  (1, 2)
Genus symbol at 2:    1^2:[4^-1]_5
Genus symbol at 3:     3^3
above 2
Found an isometry of order: 6
glueing
Genus of
[-6]
Signature:  (0, 1)
Genus symbol at 2:    [2^-1]_5
Genus symbol at 3:     3^1
and
Genus of
[ 2  0  0]
[ 0 -6  0]
[ 0  0 -6]
Signature:  (1, 2)
Genus symbol at 2:    [2^3]_3
Genus symbol at 3:     1^-1 3^2
above 2
glueing
Genus of
[-12]
Signature:  (0, 1)
Genus symbol at 2:    [4^-1]_5
Genus symbol at 3:     3^-1
and
Genus of
[ 0  0  3]
[ 0 -4  1]
[ 3  1  2]
Signature:  (1, 2)
Genus symbol at 2:    1^2:[4^1]_7
Genus symbol at 3:     1^-1 3^-2
above 2
glueing
Genus of
[-4 -2]
[-2 -4]
Signature:  (0, 2)
Genus symbol at 2:    2^-2
Genus symbol at 3:     1^-1 3^-1
and
Genus of
[0 3]
[3 0]
Signature:  (1, 1)
Genus symbol at 2:    1^2
Genus symbol at 3:     3^-2
above 2
glueing
Genus of
[-4 -2]
[-2 -4]
Signature:  (0, 2)
Genus symbol at 2:    2^-2
Genus symbol at 3:     1^-1 3^-1
and
Genus of
[0 6]
[6 0]
Signature:  (1, 1)
Genus symbol at 2:    2^2
Genus symbol at 3:     3^-2
above 2
glueing
Genus of
[-4 -2]
[-2 -4]
Signature:  (0, 2)
Genus symbol at 2:    2^-2
Genus symbol at 3:     1^-1 3^-1
and
Genus of
[6 6]
[6 0]
Signature:  (1, 1)
Genus symbol at 2:    [2^2]_0
Genus symbol at 3:     3^-2
above 2
glueing
Genus of
[-6  0]
[ 0 -6]
Signature:  (0, 2)
Genus symbol at 2:    [2^2]_2
Genus symbol at 3:     3^2
and
Genus of
[ 2  2]
[ 2 -4]
Signature:  (1, 1)
Genus symbol at 2:    [2^-2]_6
Genus symbol at 3:     1^-1 3^1
above 2
glueing
Genus of
[-4  0]
[ 0 -6]
Signature:  (0, 2)
Genus symbol at 2:    [2^-1 4^1]_4
Genus symbol at 3:     1^-1 3^1
and
Genus of
[ 6  6]
[ 6 -6]
Signature:  (1, 1)
Genus symbol at 2:    [2^1 4^1]_4
Genus symbol at 3:     3^2
above 2
glueing
Genus of
[ -6   0]
[  0 -12]
Signature:  (0, 2)
Genus symbol at 2:    [2^1 4^1]_6
Genus symbol at 3:     3^-2
and
Genus of
[ 2  4]
[ 4 -4]
Signature:  (1, 1)
Genus symbol at 2:    [2^-1 4^1]_2
Genus symbol at 3:     1^-1 3^-1
above 2
glueing
Genus of
[-4 -2 -1]
[-2 -4 -2]
[-1 -2 -4]
Signature:  (0, 3)
Genus symbol at 2:    1^2:[4^1]_1
Genus symbol at 3:     1^-1 3^2
and
Genus of
[12]
Signature:  (1, 0)
Genus symbol at 2:    [4^-1]_3
Genus symbol at 3:     3^1
above 2
glueing
Genus of
[-4  2  0]
[ 2 -4  0]
[ 0  0 -6]
Signature:  (0, 3)
Genus symbol at 2:    [2^3]_5
Genus symbol at 3:     1^-1 3^-2
and
Genus of
[6]
Signature:  (1, 0)
Genus symbol at 2:    [2^-1]_3
Genus symbol at 3:     3^-1
above 2
glueing
Genus of
[-6  0  0]
[ 0 -6  0]
[ 0  0 -6]
Signature:  (0, 3)
Genus symbol at 2:    [2^-3]_7
Genus symbol at 3:     3^3
and
Genus of
[2]
Signature:  (1, 0)
Genus symbol at 2:    [2^1]_1
above 2
3^1 * 2 -- 3^1
Genus of
[-4  0  0  1 -4  2  1  1 -1 -1]
[ 0 -4 -1  0  2 -4 -2  1 -2  1]
[ 0 -1  0  0  0  0  0  0  0  0]
[ 1  0  0  0  0  0  0  0  0  0]
[-4  2  0  0 -8  4  2  2  0  0]
[ 2 -4  0  0  4 -8 -4  2  0  0]
[ 1 -2  0  0  2 -4 -4  2  0  0]
[ 1  1  0  0  2  2  2 -4  0  0]
[-1 -2  0  0  0  0  0  0 -4  2]
[-1  1  0  0  0  0  0  0  2 -4]
Signature:  (2, 8)
Genus symbol at 2:    1^4:2^-6
Genus symbol at 3:     1^-7 3^-3
Found an isometry of order: 6
glueing
Genus of
[-4]
Signature:  (0, 1)
Genus symbol at 2:    [4^1]_7
and
Genus of
[  0   0   3]
[  0 -12   0]
[  3   0   0]
Signature:  (1, 2)
Genus symbol at 2:    1^2:[4^-1]_5
Genus symbol at 3:     3^3
above 2
Found an isometry of order: 6
glueing
Genus of
[-6]
Signature:  (0, 1)
Genus symbol at 2:    [2^-1]_5
Genus symbol at 3:     3^1
and
Genus of
[ 2  0  0]
[ 0 -6  0]
[ 0  0 -6]
Signature:  (1, 2)
Genus symbol at 2:    [2^3]_3
Genus symbol at 3:     1^-1 3^2
above 2
glueing
Genus of
[-12]
Signature:  (0, 1)
Genus symbol at 2:    [4^-1]_5
Genus symbol at 3:     3^-1
and
Genus of
[ 0  0  3]
[ 0 -4  1]
[ 3  1  2]
Signature:  (1, 2)
Genus symbol at 2:    1^2:[4^1]_7
Genus symbol at 3:     1^-1 3^-2
above 2
glueing
Genus of
[-4 -2]
[-2 -4]
Signature:  (0, 2)
Genus symbol at 2:    2^-2
Genus symbol at 3:     1^-1 3^-1
and
Genus of
[0 3]
[3 0]
Signature:  (1, 1)
Genus symbol at 2:    1^2
Genus symbol at 3:     3^-2
above 2
glueing
Genus of
[-4 -2]
[-2 -4]
Signature:  (0, 2)
Genus symbol at 2:    2^-2
Genus symbol at 3:     1^-1 3^-1
and
Genus of
[0 6]
[6 0]
Signature:  (1, 1)
Genus symbol at 2:    2^2
Genus symbol at 3:     3^-2
above 2
glueing
Genus of
[-4 -2]
[-2 -4]
Signature:  (0, 2)
Genus symbol at 2:    2^-2
Genus symbol at 3:     1^-1 3^-1
and
Genus of
[6 6]
[6 0]
Signature:  (1, 1)
Genus symbol at 2:    [2^2]_0
Genus symbol at 3:     3^-2
above 2
glueing
Genus of
[-6  0]
[ 0 -6]
Signature:  (0, 2)
Genus symbol at 2:    [2^2]_2
Genus symbol at 3:     3^2
and
Genus of
[ 2  2]
[ 2 -4]
Signature:  (1, 1)
Genus symbol at 2:    [2^-2]_6
Genus symbol at 3:     1^-1 3^1
above 2
glueing
Genus of
[-4  0]
[ 0 -6]
Signature:  (0, 2)
Genus symbol at 2:    [2^-1 4^1]_4
Genus symbol at 3:     1^-1 3^1
and
Genus of
[ 6  6]
[ 6 -6]
Signature:  (1, 1)
Genus symbol at 2:    [2^1 4^1]_4
Genus symbol at 3:     3^2
above 2
glueing
Genus of
[ -6   0]
[  0 -12]
Signature:  (0, 2)
Genus symbol at 2:    [2^1 4^1]_6
Genus symbol at 3:     3^-2
and
Genus of
[ 2  4]
[ 4 -4]
Signature:  (1, 1)
Genus symbol at 2:    [2^-1 4^1]_2
Genus symbol at 3:     1^-1 3^-1
above 2
glueing
Genus of
[-4 -2 -1]
[-2 -4 -2]
[-1 -2 -4]
Signature:  (0, 3)
Genus symbol at 2:    1^2:[4^1]_1
Genus symbol at 3:     1^-1 3^2
and
Genus of
[12]
Signature:  (1, 0)
Genus symbol at 2:    [4^-1]_3
Genus symbol at 3:     3^1
above 2
glueing
Genus of
[-4  2  0]
[ 2 -4  0]
[ 0  0 -6]
Signature:  (0, 3)
Genus symbol at 2:    [2^3]_5
Genus symbol at 3:     1^-1 3^-2
and
Genus of
[6]
Signature:  (1, 0)
Genus symbol at 2:    [2^-1]_3
Genus symbol at 3:     3^-1
above 2
glueing
Genus of
[-6  0  0]
[ 0 -6  0]
[ 0  0 -6]
Signature:  (0, 3)
Genus symbol at 2:    [2^-3]_7
Genus symbol at 3:     3^3
and
Genus of
[2]
Signature:  (1, 0)
Genus symbol at 2:    [2^1]_1
above 2
glueing
Genus of
[-4 -2  0  0]
[-2 -4  0  0]
[ 0  0  4  2]
[ 0  0  2  4]
Signature:  (2, 2)
Genus symbol at 2:    2^4
Genus symbol at 3:     1^-2 3^-2
and
Genus of
[-8  4  2  2 -6  0]
[ 4 -8 -4  2  6 -6]
[ 2 -4 -4  2  4 -4]
[ 2  2  2 -4  0  4]
[-6  6  4  0 -8  4]
[ 0 -6 -4  4  4 -8]
Signature:  (0, 6)
Genus symbol at 2:    2^-6
Genus symbol at 3:     1^5 3^1
above 2
3^1 * 2 -- 3^1
Genus of
[-4 -2  0  0  0  0  0  0  0  0]
[-2 -4  0  0  0  0  0  0  0  0]
[ 0  0  0  0  1  1  1 -2  0  2]
[ 0  0  0  0  2 -1 -1 -1  2  0]
[ 0  0  1  2 -8  4  2  2 -6  0]
[ 0  0  1 -1  4 -8 -4  2  6 -6]
[ 0  0  1 -1  2 -4 -4  2  4 -4]
[ 0  0 -2 -1  2  2  2 -4  0  4]
[ 0  0  0  2 -6  6  4  0 -8  4]
[ 0  0  2  0  0 -6 -4  4  4 -8]
Signature:  (2, 8)
Genus symbol at 2:    1^4:2^-6
Genus symbol at 3:     1^-7 3^-3
glueing
Genus of
[-4]
Signature:  (0, 1)
Genus symbol at 2:    [4^1]_7
and
Genus of
[  0   0   3]
[  0 -12   0]
[  3   0   0]
Signature:  (1, 2)
Genus symbol at 2:    1^2:[4^-1]_5
Genus symbol at 3:     3^3
above 2
glueing
Genus of
[-6]
Signature:  (0, 1)
Genus symbol at 2:    [2^-1]_5
Genus symbol at 3:     3^1
and
Genus of
[ 2  0  0]
[ 0 -6  0]
[ 0  0 -6]
Signature:  (1, 2)
Genus symbol at 2:    [2^3]_3
Genus symbol at 3:     1^-1 3^2
above 2
glueing
Genus of
[-12]
Signature:  (0, 1)
Genus symbol at 2:    [4^-1]_5
Genus symbol at 3:     3^-1
and
Genus of
[ 0  0  3]
[ 0 -4  1]
[ 3  1  2]
Signature:  (1, 2)
Genus symbol at 2:    1^2:[4^1]_7
Genus symbol at 3:     1^-1 3^-2
above 2
glueing
Genus of
[-4 -2]
[-2 -4]
Signature:  (0, 2)
Genus symbol at 2:    2^-2
Genus symbol at 3:     1^-1 3^-1
and
Genus of
[0 3]
[3 0]
Signature:  (1, 1)
Genus symbol at 2:    1^2
Genus symbol at 3:     3^-2
above 2
glueing
Genus of
[-4 -2]
[-2 -4]
Signature:  (0, 2)
Genus symbol at 2:    2^-2
Genus symbol at 3:     1^-1 3^-1
and
Genus of
[0 6]
[6 0]
Signature:  (1, 1)
Genus symbol at 2:    2^2
Genus symbol at 3:     3^-2
above 2
glueing
Genus of
[-4 -2]
[-2 -4]
Signature:  (0, 2)
Genus symbol at 2:    2^-2
Genus symbol at 3:     1^-1 3^-1
and
Genus of
[6 6]
[6 0]
Signature:  (1, 1)
Genus symbol at 2:    [2^2]_0
Genus symbol at 3:     3^-2
above 2
glueing
Genus of
[-6  0]
[ 0 -6]
Signature:  (0, 2)
Genus symbol at 2:    [2^2]_2
Genus symbol at 3:     3^2
and
Genus of
[ 2  2]
[ 2 -4]
Signature:  (1, 1)
Genus symbol at 2:    [2^-2]_6
Genus symbol at 3:     1^-1 3^1
above 2
glueing
Genus of
[-4  0]
[ 0 -6]
Signature:  (0, 2)
Genus symbol at 2:    [2^-1 4^1]_4
Genus symbol at 3:     1^-1 3^1
and
Genus of
[ 6  6]
[ 6 -6]
Signature:  (1, 1)
Genus symbol at 2:    [2^1 4^1]_4
Genus symbol at 3:     3^2
above 2
glueing
Genus of
[ -6   0]
[  0 -12]
Signature:  (0, 2)
Genus symbol at 2:    [2^1 4^1]_6
Genus symbol at 3:     3^-2
and
Genus of
[ 2  4]
[ 4 -4]
Signature:  (1, 1)
Genus symbol at 2:    [2^-1 4^1]_2
Genus symbol at 3:     1^-1 3^-1
above 2
Found an isometry of order: 6
glueing
Genus of
[-4 -2 -1]
[-2 -4 -2]
[-1 -2 -4]
Signature:  (0, 3)
Genus symbol at 2:    1^2:[4^1]_1
Genus symbol at 3:     1^-1 3^2
and
Genus of
[12]
Signature:  (1, 0)
Genus symbol at 2:    [4^-1]_3
Genus symbol at 3:     3^1
above 2
glueing
Genus of
[-4  2  0]
[ 2 -4  0]
[ 0  0 -6]
Signature:  (0, 3)
Genus symbol at 2:    [2^3]_5
Genus symbol at 3:     1^-1 3^-2
and
Genus of
[6]
Signature:  (1, 0)
Genus symbol at 2:    [2^-1]_3
Genus symbol at 3:     3^-1
above 2
Found an isometry of order: 6
glueing
Genus of
[-6  0  0]
[ 0 -6  0]
[ 0  0 -6]
Signature:  (0, 3)
Genus symbol at 2:    [2^-3]_7
Genus symbol at 3:     3^3
and
Genus of
[2]
Signature:  (1, 0)
Genus symbol at 2:    [2^1]_1
above 2
3^1 * 2 -- 3^1
Genus of
[-2  0  1  2  0 -3 -2  2  2 -4]
[ 0  0  3  3 -3  0  0  2 -2 -2]
[ 1  3  4  2  0  0  0  0  0  0]
[ 2  3  2  4  0  0  0  0  0  0]
[ 0 -3  0  0 -8  4  2  2 -6  0]
[-3  0  0  0  4 -8 -4  2  6 -6]
[-2  0  0  0  2 -4 -4  2  4 -4]
[ 2  2  0  0  2  2  2 -4  0  4]
[ 2 -2  0  0 -6  6  4  0 -8  4]
[-4 -2  0  0  0 -6 -4  4  4 -8]
Signature:  (2, 8)
Genus symbol at 2:    1^4:2^-6
Genus symbol at 3:     1^-7 3^-3
glueing
Genus of
[-4]
Signature:  (0, 1)
Genus symbol at 2:    [4^1]_7
and
Genus of
[  0   0   3]
[  0 -12   0]
[  3   0   0]
Signature:  (1, 2)
Genus symbol at 2:    1^2:[4^-1]_5
Genus symbol at 3:     3^3
above 2
glueing
Genus of
[-6]
Signature:  (0, 1)
Genus symbol at 2:    [2^-1]_5
Genus symbol at 3:     3^1
and
Genus of
[ 2  0  0]
[ 0 -6  0]
[ 0  0 -6]
Signature:  (1, 2)
Genus symbol at 2:    [2^3]_3
Genus symbol at 3:     1^-1 3^2
above 2
glueing
Genus of
[-12]
Signature:  (0, 1)
Genus symbol at 2:    [4^-1]_5
Genus symbol at 3:     3^-1
and
Genus of
[ 0  0  3]
[ 0 -4  1]
[ 3  1  2]
Signature:  (1, 2)
Genus symbol at 2:    1^2:[4^1]_7
Genus symbol at 3:     1^-1 3^-2
above 2
glueing
Genus of
[-4 -2]
[-2 -4]
Signature:  (0, 2)
Genus symbol at 2:    2^-2
Genus symbol at 3:     1^-1 3^-1
and
Genus of
[0 3]
[3 0]
Signature:  (1, 1)
Genus symbol at 2:    1^2
Genus symbol at 3:     3^-2
above 2
glueing
Genus of
[-4 -2]
[-2 -4]
Signature:  (0, 2)
Genus symbol at 2:    2^-2
Genus symbol at 3:     1^-1 3^-1
and
Genus of
[0 6]
[6 0]
Signature:  (1, 1)
Genus symbol at 2:    2^2
Genus symbol at 3:     3^-2
above 2
glueing
Genus of
[-4 -2]
[-2 -4]
Signature:  (0, 2)
Genus symbol at 2:    2^-2
Genus symbol at 3:     1^-1 3^-1
and
Genus of
[6 6]
[6 0]
Signature:  (1, 1)
Genus symbol at 2:    [2^2]_0
Genus symbol at 3:     3^-2
above 2
glueing
Genus of
[-6  0]
[ 0 -6]
Signature:  (0, 2)
Genus symbol at 2:    [2^2]_2
Genus symbol at 3:     3^2
and
Genus of
[ 2  2]
[ 2 -4]
Signature:  (1, 1)
Genus symbol at 2:    [2^-2]_6
Genus symbol at 3:     1^-1 3^1
above 2
glueing
Genus of
[-4  0]
[ 0 -6]
Signature:  (0, 2)
Genus symbol at 2:    [2^-1 4^1]_4
Genus symbol at 3:     1^-1 3^1
and
Genus of
[ 6  6]
[ 6 -6]
Signature:  (1, 1)
Genus symbol at 2:    [2^1 4^1]_4
Genus symbol at 3:     3^2
above 2
glueing
Genus of
[ -6   0]
[  0 -12]
Signature:  (0, 2)
Genus symbol at 2:    [2^1 4^1]_6
Genus symbol at 3:     3^-2
and
Genus of
[ 2  4]
[ 4 -4]
Signature:  (1, 1)
Genus symbol at 2:    [2^-1 4^1]_2
Genus symbol at 3:     1^-1 3^-1
above 2
Found an isometry of order: 6
glueing
Genus of
[-4 -2 -1]
[-2 -4 -2]
[-1 -2 -4]
Signature:  (0, 3)
Genus symbol at 2:    1^2:[4^1]_1
Genus symbol at 3:     1^-1 3^2
and
Genus of
[12]
Signature:  (1, 0)
Genus symbol at 2:    [4^-1]_3
Genus symbol at 3:     3^1
above 2
glueing
Genus of
[-4  2  0]
[ 2 -4  0]
[ 0  0 -6]
Signature:  (0, 3)
Genus symbol at 2:    [2^3]_5
Genus symbol at 3:     1^-1 3^-2
and
Genus of
[6]
Signature:  (1, 0)
Genus symbol at 2:    [2^-1]_3
Genus symbol at 3:     3^-1
above 2
Found an isometry of order: 6
glueing
Genus of
[-6  0  0]
[ 0 -6  0]
[ 0  0 -6]
Signature:  (0, 3)
Genus symbol at 2:    [2^-3]_7
Genus symbol at 3:     3^3
and
Genus of
[2]
Signature:  (1, 0)
Genus symbol at 2:    [2^1]_1
above 2
glueing
Genus of
[-4 -2  0  0]
[-2 -4  0  0]
[ 0  0  8  4]
[ 0  0  4  8]
Signature:  (2, 2)
Genus symbol at 2:    2^-2:4^-2
Genus symbol at 3:     1^2 3^2
and
Genus of
[-8  4  2  2 -2  0]
[ 4 -8 -4  2  2 -2]
[ 2 -4 -4  2  2 -2]
[ 2  2  2 -4  0  2]
[-2  2  2  0 -4  2]
[ 0 -2 -2  2  2 -4]
Signature:  (0, 6)
Genus symbol at 2:    2^4:4^-2
Genus symbol at 3:     1^-5 3^-1
above 2
3^1 * 2 -- 3^1
Genus of
[-2 -1  0 -1  2 -1 -1 -1  1  0]
[-1 -2  1 -1  1 -2 -2  1  1 -1]
[ 0  1  0  2  0  2  2 -2 -2  2]
[-1 -1  2  0  2 -2 -2  0  2 -2]
[ 2  1  0  2 -8  4  2  2 -2  0]
[-1 -2  2 -2  4 -8 -4  2  2 -2]
[-1 -2  2 -2  2 -4 -4  2  2 -2]
[-1  1 -2  0  2  2  2 -4  0  2]
[ 1  1 -2  2 -2  2  2  0 -4  2]
[ 0 -1  2 -2  0 -2 -2  2  2 -4]
Signature:  (2, 8)
Genus symbol at 2:    1^4:2^-6
Genus symbol at 3:     1^-7 3^-3
glueing
Genus of
[-4]
Signature:  (0, 1)
Genus symbol at 2:    [4^1]_7
and
Genus of
[  0   0   3]
[  0 -12   0]
[  3   0   0]
Signature:  (1, 2)
Genus symbol at 2:    1^2:[4^-1]_5
Genus symbol at 3:     3^3
above 2
glueing
Genus of
[-6]
Signature:  (0, 1)
Genus symbol at 2:    [2^-1]_5
Genus symbol at 3:     3^1
and
Genus of
[ 2  0  0]
[ 0 -6  0]
[ 0  0 -6]
Signature:  (1, 2)
Genus symbol at 2:    [2^3]_3
Genus symbol at 3:     1^-1 3^2
above 2
glueing
Genus of
[-12]
Signature:  (0, 1)
Genus symbol at 2:    [4^-1]_5
Genus symbol at 3:     3^-1
and
Genus of
[ 0  0  3]
[ 0 -4  1]
[ 3  1  2]
Signature:  (1, 2)
Genus symbol at 2:    1^2:[4^1]_7
Genus symbol at 3:     1^-1 3^-2
above 2
glueing
Genus of
[-4 -2]
[-2 -4]
Signature:  (0, 2)
Genus symbol at 2:    2^-2
Genus symbol at 3:     1^-1 3^-1
and
Genus of
[0 3]
[3 0]
Signature:  (1, 1)
Genus symbol at 2:    1^2
Genus symbol at 3:     3^-2
above 2
glueing
Genus of
[-4 -2]
[-2 -4]
Signature:  (0, 2)
Genus symbol at 2:    2^-2
Genus symbol at 3:     1^-1 3^-1
and
Genus of
[0 6]
[6 0]
Signature:  (1, 1)
Genus symbol at 2:    2^2
Genus symbol at 3:     3^-2
above 2
glueing
Genus of
[-4 -2]
[-2 -4]
Signature:  (0, 2)
Genus symbol at 2:    2^-2
Genus symbol at 3:     1^-1 3^-1
and
Genus of
[6 6]
[6 0]
Signature:  (1, 1)
Genus symbol at 2:    [2^2]_0
Genus symbol at 3:     3^-2
above 2
glueing
Genus of
[-6  0]
[ 0 -6]
Signature:  (0, 2)
Genus symbol at 2:    [2^2]_2
Genus symbol at 3:     3^2
and
Genus of
[ 2  2]
[ 2 -4]
Signature:  (1, 1)
Genus symbol at 2:    [2^-2]_6
Genus symbol at 3:     1^-1 3^1
above 2
Found an isometry of order: 6
glueing
Genus of
[-4  0]
[ 0 -6]
Signature:  (0, 2)
Genus symbol at 2:    [2^-1 4^1]_4
Genus symbol at 3:     1^-1 3^1
and
Genus of
[ 6  6]
[ 6 -6]
Signature:  (1, 1)
Genus symbol at 2:    [2^1 4^1]_4
Genus symbol at 3:     3^2
above 2
glueing
Genus of
[ -6   0]
[  0 -12]
Signature:  (0, 2)
Genus symbol at 2:    [2^1 4^1]_6
Genus symbol at 3:     3^-2
and
Genus of
[ 2  4]
[ 4 -4]
Signature:  (1, 1)
Genus symbol at 2:    [2^-1 4^1]_2
Genus symbol at 3:     1^-1 3^-1
above 2
glueing
Genus of
[-4 -2 -1]
[-2 -4 -2]
[-1 -2 -4]
Signature:  (0, 3)
Genus symbol at 2:    1^2:[4^1]_1
Genus symbol at 3:     1^-1 3^2
and
Genus of
[12]
Signature:  (1, 0)
Genus symbol at 2:    [4^-1]_3
Genus symbol at 3:     3^1
above 2
Found an isometry of order: 6
glueing
Genus of
[-4  2  0]
[ 2 -4  0]
[ 0  0 -6]
Signature:  (0, 3)
Genus symbol at 2:    [2^3]_5
Genus symbol at 3:     1^-1 3^-2
and
Genus of
[6]
Signature:  (1, 0)
Genus symbol at 2:    [2^-1]_3
Genus symbol at 3:     3^-1
above 2
glueing
Genus of
[-6  0  0]
[ 0 -6  0]
[ 0  0 -6]
Signature:  (0, 3)
Genus symbol at 2:    [2^-3]_7
Genus symbol at 3:     3^3
and
Genus of
[2]
Signature:  (1, 0)
Genus symbol at 2:    [2^1]_1
above 2
3^1 * 2 -- 3^1
Genus of
[-2  0  0  0 -2  1  0  0  0  0]
[ 0 -6  2 -2  3 -6 -4  2  2 -2]
[ 0  2  0  2  0  2  2 -2 -2  2]
[ 0 -2  2  0  2 -2 -2  0  2 -2]
[-2  3  0  2 -8  4  2  2 -2  0]
[ 1 -6  2 -2  4 -8 -4  2  2 -2]
[ 0 -4  2 -2  2 -4 -4  2  2 -2]
[ 0  2 -2  0  2  2  2 -4  0  2]
[ 0  2 -2  2 -2  2  2  0 -4  2]
[ 0 -2  2 -2  0 -2 -2  2  2 -4]
Signature:  (2, 8)
Genus symbol at 2:    1^4:2^-6
Genus symbol at 3:     1^-7 3^-3
glueing
Genus of
[-4]
Signature:  (0, 1)
Genus symbol at 2:    [4^1]_7
and
Genus of
[  0   0   3]
[  0 -12   0]
[  3   0   0]
Signature:  (1, 2)
Genus symbol at 2:    1^2:[4^-1]_5
Genus symbol at 3:     3^3
above 2
glueing
Genus of
[-6]
Signature:  (0, 1)
Genus symbol at 2:    [2^-1]_5
Genus symbol at 3:     3^1
and
Genus of
[ 2  0  0]
[ 0 -6  0]
[ 0  0 -6]
Signature:  (1, 2)
Genus symbol at 2:    [2^3]_3
Genus symbol at 3:     1^-1 3^2
above 2
glueing
Genus of
[-12]
Signature:  (0, 1)
Genus symbol at 2:    [4^-1]_5
Genus symbol at 3:     3^-1
and
Genus of
[ 0  0  3]
[ 0 -4  1]
[ 3  1  2]
Signature:  (1, 2)
Genus symbol at 2:    1^2:[4^1]_7
Genus symbol at 3:     1^-1 3^-2
above 2
glueing
Genus of
[-4 -2]
[-2 -4]
Signature:  (0, 2)
Genus symbol at 2:    2^-2
Genus symbol at 3:     1^-1 3^-1
and
Genus of
[0 3]
[3 0]
Signature:  (1, 1)
Genus symbol at 2:    1^2
Genus symbol at 3:     3^-2
above 2
glueing
Genus of
[-4 -2]
[-2 -4]
Signature:  (0, 2)
Genus symbol at 2:    2^-2
Genus symbol at 3:     1^-1 3^-1
and
Genus of
[0 6]
[6 0]
Signature:  (1, 1)
Genus symbol at 2:    2^2
Genus symbol at 3:     3^-2
above 2
glueing
Genus of
[-4 -2]
[-2 -4]
Signature:  (0, 2)
Genus symbol at 2:    2^-2
Genus symbol at 3:     1^-1 3^-1
and
Genus of
[6 6]
[6 0]
Signature:  (1, 1)
Genus symbol at 2:    [2^2]_0
Genus symbol at 3:     3^-2
above 2
glueing
Genus of
[-6  0]
[ 0 -6]
Signature:  (0, 2)
Genus symbol at 2:    [2^2]_2
Genus symbol at 3:     3^2
and
Genus of
[ 2  2]
[ 2 -4]
Signature:  (1, 1)
Genus symbol at 2:    [2^-2]_6
Genus symbol at 3:     1^-1 3^1
above 2
Found an isometry of order: 6
glueing
Genus of
[-4  0]
[ 0 -6]
Signature:  (0, 2)
Genus symbol at 2:    [2^-1 4^1]_4
Genus symbol at 3:     1^-1 3^1
and
Genus of
[ 6  6]
[ 6 -6]
Signature:  (1, 1)
Genus symbol at 2:    [2^1 4^1]_4
Genus symbol at 3:     3^2
above 2
glueing
Genus of
[ -6   0]
[  0 -12]
Signature:  (0, 2)
Genus symbol at 2:    [2^1 4^1]_6
Genus symbol at 3:     3^-2
and
Genus of
[ 2  4]
[ 4 -4]
Signature:  (1, 1)
Genus symbol at 2:    [2^-1 4^1]_2
Genus symbol at 3:     1^-1 3^-1
above 2
glueing
Genus of
[-4 -2 -1]
[-2 -4 -2]
[-1 -2 -4]
Signature:  (0, 3)
Genus symbol at 2:    1^2:[4^1]_1
Genus symbol at 3:     1^-1 3^2
and
Genus of
[12]
Signature:  (1, 0)
Genus symbol at 2:    [4^-1]_3
Genus symbol at 3:     3^1
above 2
Found an isometry of order: 6
glueing
Genus of
[-4  2  0]
[ 2 -4  0]
[ 0  0 -6]
Signature:  (0, 3)
Genus symbol at 2:    [2^3]_5
Genus symbol at 3:     1^-1 3^-2
and
Genus of
[6]
Signature:  (1, 0)
Genus symbol at 2:    [2^-1]_3
Genus symbol at 3:     3^-1
above 2
glueing
Genus of
[-6  0  0]
[ 0 -6  0]
[ 0  0 -6]
Signature:  (0, 3)
Genus symbol at 2:    [2^-3]_7
Genus symbol at 3:     3^3
and
Genus of
[2]
Signature:  (1, 0)
Genus symbol at 2:    [2^1]_1
above 2
glueing
Genus of
[-4 -2  1  2  0  3]
[-2 -4 -1  1 -3  0]
[ 1 -1 -2 -1 -1 -1]
[ 2  1 -1 -2  0 -1]
[ 0 -3 -1  0 -2 -1]
[ 3  0 -1 -1 -1 -2]
Signature:  (2, 4)
Genus symbol at 2:    1^4:2^-2
Genus symbol at 3:     1^-5 3^-1
and
Genus of
[-8  4  2  2]
[ 4 -8 -4  2]
[ 2 -4 -4  2]
[ 2  2  2 -4]
Signature:  (0, 4)
Genus symbol at 2:    2^4
Genus symbol at 3:     1^2 3^2
above 2
3^1 * 2 -- 3^1
Genus of
[-4 -2  1  2  0  3  0  0  0  0]
[-2 -4 -1  1 -3  0  0  0  0  0]
[ 1 -1 -2 -1 -1 -1  0  0  0  0]
[ 2  1 -1 -2  0 -1  0  0  0  0]
[ 0 -3 -1  0 -2 -1  0  0  0  0]
[ 3  0 -1 -1 -1 -2  0  0  0  0]
[ 0  0  0  0  0  0 -8  4  2  2]
[ 0  0  0  0  0  0  4 -8 -4  2]
[ 0  0  0  0  0  0  2 -4 -4  2]
[ 0  0  0  0  0  0  2  2  2 -4]
Signature:  (2, 8)
Genus symbol at 2:    1^4:2^-6
Genus symbol at 3:     1^-7 3^-3
glueing
Genus of
[-4]
Signature:  (0, 1)
Genus symbol at 2:    [4^1]_7
and
Genus of
[  0   0   3]
[  0 -12   0]
[  3   0   0]
Signature:  (1, 2)
Genus symbol at 2:    1^2:[4^-1]_5
Genus symbol at 3:     3^3
above 2
glueing
Genus of
[-6]
Signature:  (0, 1)
Genus symbol at 2:    [2^-1]_5
Genus symbol at 3:     3^1
and
Genus of
[ 2  0  0]
[ 0 -6  0]
[ 0  0 -6]
Signature:  (1, 2)
Genus symbol at 2:    [2^3]_3
Genus symbol at 3:     1^-1 3^2
above 2
Found an isometry of order: 6
glueing
Genus of
[-12]
Signature:  (0, 1)
Genus symbol at 2:    [4^-1]_5
Genus symbol at 3:     3^-1
and
Genus of
[ 0  0  3]
[ 0 -4  1]
[ 3  1  2]
Signature:  (1, 2)
Genus symbol at 2:    1^2:[4^1]_7
Genus symbol at 3:     1^-1 3^-2
above 2
glueing
Genus of
[-4 -2]
[-2 -4]
Signature:  (0, 2)
Genus symbol at 2:    2^-2
Genus symbol at 3:     1^-1 3^-1
and
Genus of
[0 3]
[3 0]
Signature:  (1, 1)
Genus symbol at 2:    1^2
Genus symbol at 3:     3^-2
above 2
glueing
Genus of
[-4 -2]
[-2 -4]
Signature:  (0, 2)
Genus symbol at 2:    2^-2
Genus symbol at 3:     1^-1 3^-1
and
Genus of
[0 6]
[6 0]
Signature:  (1, 1)
Genus symbol at 2:    2^2
Genus symbol at 3:     3^-2
above 2
glueing
Genus of
[-4 -2]
[-2 -4]
Signature:  (0, 2)
Genus symbol at 2:    2^-2
Genus symbol at 3:     1^-1 3^-1
and
Genus of
[6 6]
[6 0]
Signature:  (1, 1)
Genus symbol at 2:    [2^2]_0
Genus symbol at 3:     3^-2
above 2
glueing
Genus of
[-6  0]
[ 0 -6]
Signature:  (0, 2)
Genus symbol at 2:    [2^2]_2
Genus symbol at 3:     3^2
and
Genus of
[ 2  2]
[ 2 -4]
Signature:  (1, 1)
Genus symbol at 2:    [2^-2]_6
Genus symbol at 3:     1^-1 3^1
above 2
glueing
Genus of
[-4  0]
[ 0 -6]
Signature:  (0, 2)
Genus symbol at 2:    [2^-1 4^1]_4
Genus symbol at 3:     1^-1 3^1
and
Genus of
[ 6  6]
[ 6 -6]
Signature:  (1, 1)
Genus symbol at 2:    [2^1 4^1]_4
Genus symbol at 3:     3^2
above 2
Found an isometry of order: 6
glueing
Genus of
[ -6   0]
[  0 -12]
Signature:  (0, 2)
Genus symbol at 2:    [2^1 4^1]_6
Genus symbol at 3:     3^-2
and
Genus of
[ 2  4]
[ 4 -4]
Signature:  (1, 1)
Genus symbol at 2:    [2^-1 4^1]_2
Genus symbol at 3:     1^-1 3^-1
above 2
glueing
Genus of
[-4 -2 -1]
[-2 -4 -2]
[-1 -2 -4]
Signature:  (0, 3)
Genus symbol at 2:    1^2:[4^1]_1
Genus symbol at 3:     1^-1 3^2
and
Genus of
[12]
Signature:  (1, 0)
Genus symbol at 2:    [4^-1]_3
Genus symbol at 3:     3^1
above 2
glueing
Genus of
[-4  2  0]
[ 2 -4  0]
[ 0  0 -6]
Signature:  (0, 3)
Genus symbol at 2:    [2^3]_5
Genus symbol at 3:     1^-1 3^-2
and
Genus of
[6]
Signature:  (1, 0)
Genus symbol at 2:    [2^-1]_3
Genus symbol at 3:     3^-1
above 2
glueing
Genus of
[-6  0  0]
[ 0 -6  0]
[ 0  0 -6]
Signature:  (0, 3)
Genus symbol at 2:    [2^-3]_7
Genus symbol at 3:     3^3
and
Genus of
[2]
Signature:  (1, 0)
Genus symbol at 2:    [2^1]_1
above 2
glueing
Genus of
[-4 -2  1  2  0  1]
[-2 -4 -1  1 -1  0]
[ 1 -1 -2 -1 -1 -1]
[ 2  1 -1 -2  0 -1]
[ 0 -1 -1  0  2  1]
[ 1  0 -1 -1  1  2]
Signature:  (2, 4)
Genus symbol at 2:    1^4:4^-2
Genus symbol at 3:     1^5 3^1
and
Genus of
[-8  4  0  0]
[ 4 -8  0  0]
[ 0  0 -4  2]
[ 0  0  2 -4]
Signature:  (0, 4)
Genus symbol at 2:    2^-2:4^-2
Genus symbol at 3:     1^-2 3^-2
above 2
3^1 * 2 -- 3^1
Genus of
[-4 -2  1  1  0  1  0  0  0  0]
[-2 -4 -1  0 -1  0  0  0  0  0]
[ 1 -1 -2  1  1  1 -4  2  0  0]
[ 1  0  1 -2  1  0  2 -4  0  0]
[ 0 -1  1  1  2  1  0  0  0  0]
[ 1  0  1  0  1  2  0  0  0  0]
[ 0  0 -4  2  0  0 -8  4  0  0]
[ 0  0  2 -4  0  0  4 -8  0  0]
[ 0  0  0  0  0  0  0  0 -4  2]
[ 0  0  0  0  0  0  0  0  2 -4]
Signature:  (2, 8)
Genus symbol at 2:    1^4:2^-6
Genus symbol at 3:     1^-7 3^-3
glueing
Genus of
[-4]
Signature:  (0, 1)
Genus symbol at 2:    [4^1]_7
and
Genus of
[  0   0   3]
[  0 -12   0]
[  3   0   0]
Signature:  (1, 2)
Genus symbol at 2:    1^2:[4^-1]_5
Genus symbol at 3:     3^3
above 2
glueing
Genus of
[-6]
Signature:  (0, 1)
Genus symbol at 2:    [2^-1]_5
Genus symbol at 3:     3^1
and
Genus of
[ 2  0  0]
[ 0 -6  0]
[ 0  0 -6]
Signature:  (1, 2)
Genus symbol at 2:    [2^3]_3
Genus symbol at 3:     1^-1 3^2
above 2
glueing
Genus of
[-12]
Signature:  (0, 1)
Genus symbol at 2:    [4^-1]_5
Genus symbol at 3:     3^-1
and
Genus of
[ 0  0  3]
[ 0 -4  1]
[ 3  1  2]
Signature:  (1, 2)
Genus symbol at 2:    1^2:[4^1]_7
Genus symbol at 3:     1^-1 3^-2
above 2
Found an isometry of order: 6
glueing
Genus of
[-4 -2]
[-2 -4]
Signature:  (0, 2)
Genus symbol at 2:    2^-2
Genus symbol at 3:     1^-1 3^-1
and
Genus of
[0 3]
[3 0]
Signature:  (1, 1)
Genus symbol at 2:    1^2
Genus symbol at 3:     3^-2
above 2
Found an isometry of order: 6
glueing
Genus of
[-4 -2]
[-2 -4]
Signature:  (0, 2)
Genus symbol at 2:    2^-2
Genus symbol at 3:     1^-1 3^-1
and
Genus of
[0 6]
[6 0]
Signature:  (1, 1)
Genus symbol at 2:    2^2
Genus symbol at 3:     3^-2
above 2
Found an isometry of order: 6
glueing
Genus of
[-4 -2]
[-2 -4]
Signature:  (0, 2)
Genus symbol at 2:    2^-2
Genus symbol at 3:     1^-1 3^-1
and
Genus of
[6 6]
[6 0]
Signature:  (1, 1)
Genus symbol at 2:    [2^2]_0
Genus symbol at 3:     3^-2
above 2
glueing
Genus of
[-6  0]
[ 0 -6]
Signature:  (0, 2)
Genus symbol at 2:    [2^2]_2
Genus symbol at 3:     3^2
and
Genus of
[ 2  2]
[ 2 -4]
Signature:  (1, 1)
Genus symbol at 2:    [2^-2]_6
Genus symbol at 3:     1^-1 3^1
above 2
glueing
Genus of
[-4  0]
[ 0 -6]
Signature:  (0, 2)
Genus symbol at 2:    [2^-1 4^1]_4
Genus symbol at 3:     1^-1 3^1
and
Genus of
[ 6  6]
[ 6 -6]
Signature:  (1, 1)
Genus symbol at 2:    [2^1 4^1]_4
Genus symbol at 3:     3^2
above 2
glueing
Genus of
[ -6   0]
[  0 -12]
Signature:  (0, 2)
Genus symbol at 2:    [2^1 4^1]_6
Genus symbol at 3:     3^-2
and
Genus of
[ 2  4]
[ 4 -4]
Signature:  (1, 1)
Genus symbol at 2:    [2^-1 4^1]_2
Genus symbol at 3:     1^-1 3^-1
above 2
glueing
Genus of
[-4 -2 -1]
[-2 -4 -2]
[-1 -2 -4]
Signature:  (0, 3)
Genus symbol at 2:    1^2:[4^1]_1
Genus symbol at 3:     1^-1 3^2
and
Genus of
[12]
Signature:  (1, 0)
Genus symbol at 2:    [4^-1]_3
Genus symbol at 3:     3^1
above 2
glueing
Genus of
[-4  2  0]
[ 2 -4  0]
[ 0  0 -6]
Signature:  (0, 3)
Genus symbol at 2:    [2^3]_5
Genus symbol at 3:     1^-1 3^-2
and
Genus of
[6]
Signature:  (1, 0)
Genus symbol at 2:    [2^-1]_3
Genus symbol at 3:     3^-1
above 2
glueing
Genus of
[-6  0  0]
[ 0 -6  0]
[ 0  0 -6]
Signature:  (0, 3)
Genus symbol at 2:    [2^-3]_7
Genus symbol at 3:     3^3
and
Genus of
[2]
Signature:  (1, 0)
Genus symbol at 2:    [2^1]_1
above 2
glueing
Genus of
[-4 -2  0  0  0  0]
[-2 -4  0  0  0  0]
[ 0  0 -4 -2  2  2]
[ 0  0 -2 -4  0  2]
[ 0  0  2  0  0  0]
[ 0  0  2  2  0  0]
Signature:  (2, 4)
Genus symbol at 2:    2^-6
Genus symbol at 3:     1^-5 3^-1
and
Genus of
[-8  4  2  2]
[ 4 -8 -4  2]
[ 2 -4 -4  2]
[ 2  2  2 -4]
Signature:  (0, 4)
Genus symbol at 2:    2^4
Genus symbol at 3:     1^2 3^2
above 2
3^1 * 2 -- 3^1
Genus of
[-4 -2  0  0  0  0  0  0  0  0]
[-2 -4  0  0  0  0  0  0  0  0]
[ 0  0 -2 -1  1  1  2 -1 -1 -1]
[ 0  0 -1 -2  0  1  1 -2 -2  1]
[ 0  0  1  0  0  0  0  0  0  0]
[ 0  0  1  1  0  0  0  0  0  0]
[ 0  0  2  1  0  0 -8  4  2  2]
[ 0  0 -1 -2  0  0  4 -8 -4  2]
[ 0  0 -1 -2  0  0  2 -4 -4  2]
[ 0  0 -1  1  0  0  2  2  2 -4]
Signature:  (2, 8)
Genus symbol at 2:    1^4:2^-6
Genus symbol at 3:     1^-7 3^-3
glueing
Genus of
[-4]
Signature:  (0, 1)
Genus symbol at 2:    [4^1]_7
and
Genus of
[  0   0   3]
[  0 -12   0]
[  3   0   0]
Signature:  (1, 2)
Genus symbol at 2:    1^2:[4^-1]_5
Genus symbol at 3:     3^3
above 2
glueing
Genus of
[-6]
Signature:  (0, 1)
Genus symbol at 2:    [2^-1]_5
Genus symbol at 3:     3^1
and
Genus of
[ 2  0  0]
[ 0 -6  0]
[ 0  0 -6]
Signature:  (1, 2)
Genus symbol at 2:    [2^3]_3
Genus symbol at 3:     1^-1 3^2
above 2
Found an isometry of order: 6
glueing
Genus of
[-12]
Signature:  (0, 1)
Genus symbol at 2:    [4^-1]_5
Genus symbol at 3:     3^-1
and
Genus of
[ 0  0  3]
[ 0 -4  1]
[ 3  1  2]
Signature:  (1, 2)
Genus symbol at 2:    1^2:[4^1]_7
Genus symbol at 3:     1^-1 3^-2
above 2
glueing
Genus of
[-4 -2]
[-2 -4]
Signature:  (0, 2)
Genus symbol at 2:    2^-2
Genus symbol at 3:     1^-1 3^-1
and
Genus of
[0 3]
[3 0]
Signature:  (1, 1)
Genus symbol at 2:    1^2
Genus symbol at 3:     3^-2
above 2
glueing
Genus of
[-4 -2]
[-2 -4]
Signature:  (0, 2)
Genus symbol at 2:    2^-2
Genus symbol at 3:     1^-1 3^-1
and
Genus of
[0 6]
[6 0]
Signature:  (1, 1)
Genus symbol at 2:    2^2
Genus symbol at 3:     3^-2
above 2
glueing
Genus of
[-4 -2]
[-2 -4]
Signature:  (0, 2)
Genus symbol at 2:    2^-2
Genus symbol at 3:     1^-1 3^-1
and
Genus of
[6 6]
[6 0]
Signature:  (1, 1)
Genus symbol at 2:    [2^2]_0
Genus symbol at 3:     3^-2
above 2
glueing
Genus of
[-6  0]
[ 0 -6]
Signature:  (0, 2)
Genus symbol at 2:    [2^2]_2
Genus symbol at 3:     3^2
and
Genus of
[ 2  2]
[ 2 -4]
Signature:  (1, 1)
Genus symbol at 2:    [2^-2]_6
Genus symbol at 3:     1^-1 3^1
above 2
glueing
Genus of
[-4  0]
[ 0 -6]
Signature:  (0, 2)
Genus symbol at 2:    [2^-1 4^1]_4
Genus symbol at 3:     1^-1 3^1
and
Genus of
[ 6  6]
[ 6 -6]
Signature:  (1, 1)
Genus symbol at 2:    [2^1 4^1]_4
Genus symbol at 3:     3^2
above 2
Found an isometry of order: 6
glueing
Genus of
[ -6   0]
[  0 -12]
Signature:  (0, 2)
Genus symbol at 2:    [2^1 4^1]_6
Genus symbol at 3:     3^-2
and
Genus of
[ 2  4]
[ 4 -4]
Signature:  (1, 1)
Genus symbol at 2:    [2^-1 4^1]_2
Genus symbol at 3:     1^-1 3^-1
above 2
glueing
Genus of
[-4 -2 -1]
[-2 -4 -2]
[-1 -2 -4]
Signature:  (0, 3)
Genus symbol at 2:    1^2:[4^1]_1
Genus symbol at 3:     1^-1 3^2
and
Genus of
[12]
Signature:  (1, 0)
Genus symbol at 2:    [4^-1]_3
Genus symbol at 3:     3^1
above 2
glueing
Genus of
[-4  2  0]
[ 2 -4  0]
[ 0  0 -6]
Signature:  (0, 3)
Genus symbol at 2:    [2^3]_5
Genus symbol at 3:     1^-1 3^-2
and
Genus of
[6]
Signature:  (1, 0)
Genus symbol at 2:    [2^-1]_3
Genus symbol at 3:     3^-1
above 2
glueing
Genus of
[-6  0  0]
[ 0 -6  0]
[ 0  0 -6]
Signature:  (0, 3)
Genus symbol at 2:    [2^-3]_7
Genus symbol at 3:     3^3
and
Genus of
[2]
Signature:  (1, 0)
Genus symbol at 2:    [2^1]_1
above 2
3^1 * 2 -- 3^1
Genus of
[-4 -2  0  0  0  0  0  0  0  0]
[-2 -4  0  0  0  0  0  0  0  0]
[ 0  0 -4 -2  1  1  0  0  0  0]
[ 0  0 -2 -4  0  1  0  0  0  0]
[ 0  0  1  0 -2 -1  2 -4 -2  1]
[ 0  0  1  1 -1 -2 -2 -2 -1  2]
[ 0  0  0  0  2 -2 -8  4  2  2]
[ 0  0  0  0 -4 -2  4 -8 -4  2]
[ 0  0  0  0 -2 -1  2 -4 -4  2]
[ 0  0  0  0  1  2  2  2  2 -4]
Signature:  (2, 8)
Genus symbol at 2:    1^4:2^-6
Genus symbol at 3:     1^-7 3^-3
glueing
Genus of
[-4]
Signature:  (0, 1)
Genus symbol at 2:    [4^1]_7
and
Genus of
[  0   0   3]
[  0 -12   0]
[  3   0   0]
Signature:  (1, 2)
Genus symbol at 2:    1^2:[4^-1]_5
Genus symbol at 3:     3^3
above 2
glueing
Genus of
[-6]
Signature:  (0, 1)
Genus symbol at 2:    [2^-1]_5
Genus symbol at 3:     3^1
and
Genus of
[ 2  0  0]
[ 0 -6  0]
[ 0  0 -6]
Signature:  (1, 2)
Genus symbol at 2:    [2^3]_3
Genus symbol at 3:     1^-1 3^2
above 2
Found an isometry of order: 6
glueing
Genus of
[-12]
Signature:  (0, 1)
Genus symbol at 2:    [4^-1]_5
Genus symbol at 3:     3^-1
and
Genus of
[ 0  0  3]
[ 0 -4  1]
[ 3  1  2]
Signature:  (1, 2)
Genus symbol at 2:    1^2:[4^1]_7
Genus symbol at 3:     1^-1 3^-2
above 2
glueing
Genus of
[-4 -2]
[-2 -4]
Signature:  (0, 2)
Genus symbol at 2:    2^-2
Genus symbol at 3:     1^-1 3^-1
and
Genus of
[0 3]
[3 0]
Signature:  (1, 1)
Genus symbol at 2:    1^2
Genus symbol at 3:     3^-2
above 2
glueing
Genus of
[-4 -2]
[-2 -4]
Signature:  (0, 2)
Genus symbol at 2:    2^-2
Genus symbol at 3:     1^-1 3^-1
and
Genus of
[0 6]
[6 0]
Signature:  (1, 1)
Genus symbol at 2:    2^2
Genus symbol at 3:     3^-2
above 2
glueing
Genus of
[-4 -2]
[-2 -4]
Signature:  (0, 2)
Genus symbol at 2:    2^-2
Genus symbol at 3:     1^-1 3^-1
and
Genus of
[6 6]
[6 0]
Signature:  (1, 1)
Genus symbol at 2:    [2^2]_0
Genus symbol at 3:     3^-2
above 2
glueing
Genus of
[-6  0]
[ 0 -6]
Signature:  (0, 2)
Genus symbol at 2:    [2^2]_2
Genus symbol at 3:     3^2
and
Genus of
[ 2  2]
[ 2 -4]
Signature:  (1, 1)
Genus symbol at 2:    [2^-2]_6
Genus symbol at 3:     1^-1 3^1
above 2
glueing
Genus of
[-4  0]
[ 0 -6]
Signature:  (0, 2)
Genus symbol at 2:    [2^-1 4^1]_4
Genus symbol at 3:     1^-1 3^1
and
Genus of
[ 6  6]
[ 6 -6]
Signature:  (1, 1)
Genus symbol at 2:    [2^1 4^1]_4
Genus symbol at 3:     3^2
above 2
Found an isometry of order: 6
glueing
Genus of
[ -6   0]
[  0 -12]
Signature:  (0, 2)
Genus symbol at 2:    [2^1 4^1]_6
Genus symbol at 3:     3^-2
and
Genus of
[ 2  4]
[ 4 -4]
Signature:  (1, 1)
Genus symbol at 2:    [2^-1 4^1]_2
Genus symbol at 3:     1^-1 3^-1
above 2
glueing
Genus of
[-4 -2 -1]
[-2 -4 -2]
[-1 -2 -4]
Signature:  (0, 3)
Genus symbol at 2:    1^2:[4^1]_1
Genus symbol at 3:     1^-1 3^2
and
Genus of
[12]
Signature:  (1, 0)
Genus symbol at 2:    [4^-1]_3
Genus symbol at 3:     3^1
above 2
glueing
Genus of
[-4  2  0]
[ 2 -4  0]
[ 0  0 -6]
Signature:  (0, 3)
Genus symbol at 2:    [2^3]_5
Genus symbol at 3:     1^-1 3^-2
and
Genus of
[6]
Signature:  (1, 0)
Genus symbol at 2:    [2^-1]_3
Genus symbol at 3:     3^-1
above 2
glueing
Genus of
[-6  0  0]
[ 0 -6  0]
[ 0  0 -6]
Signature:  (0, 3)
Genus symbol at 2:    [2^-3]_7
Genus symbol at 3:     3^3
and
Genus of
[2]
Signature:  (1, 0)
Genus symbol at 2:    [2^1]_1
above 2
glueing
Genus of
[-4 -2  1  2  0  0]
[-2 -4 -1  1  0  0]
[ 1 -1 -2 -1  0  0]
[ 2  1 -1 -2  0  0]
[ 0  0  0  0  8  4]
[ 0  0  0  0  4  8]
Signature:  (2, 4)
Genus symbol at 2:    1^4:4^-2
Genus symbol at 3:     1^-3 3^-3
and
Genus of
[-8  4 -4  0]
[ 4 -8  4 -4]
[-4  4 -4  2]
[ 0 -4  2 -4]
Signature:  (0, 4)
Genus symbol at 2:    2^-2:4^-2
above 2
3^1 * 2 -- 3^1
Genus of
[-4 -2  1  2  0  0  0  0  0  0]
[-2 -4 -1  1  0  0  0  0  0  0]
[ 1 -1 -2 -1  0  0  0  0  0  0]
[ 2  1 -1 -2  0  0  0  0  0  0]
[ 0  0  0  0  0  0  2 -4  2 -2]
[ 0  0  0  0  0  0 -2 -2  0 -2]
[ 0  0  0  0  2 -2 -8  4 -4  0]
[ 0  0  0  0 -4 -2  4 -8  4 -4]
[ 0  0  0  0  2  0 -4  4 -4  2]
[ 0  0  0  0 -2 -2  0 -4  2 -4]
Signature:  (2, 8)
Genus symbol at 2:    1^4:2^-6
Genus symbol at 3:     1^-7 3^-3
glueing
Genus of
[-4]
Signature:  (0, 1)
Genus symbol at 2:    [4^1]_7
and
Genus of
[  0   0   3]
[  0 -12   0]
[  3   0   0]
Signature:  (1, 2)
Genus symbol at 2:    1^2:[4^-1]_5
Genus symbol at 3:     3^3
above 2
glueing
Genus of
[-6]
Signature:  (0, 1)
Genus symbol at 2:    [2^-1]_5
Genus symbol at 3:     3^1
and
Genus of
[ 2  0  0]
[ 0 -6  0]
[ 0  0 -6]
Signature:  (1, 2)
Genus symbol at 2:    [2^3]_3
Genus symbol at 3:     1^-1 3^2
above 2
glueing
Genus of
[-12]
Signature:  (0, 1)
Genus symbol at 2:    [4^-1]_5
Genus symbol at 3:     3^-1
and
Genus of
[ 0  0  3]
[ 0 -4  1]
[ 3  1  2]
Signature:  (1, 2)
Genus symbol at 2:    1^2:[4^1]_7
Genus symbol at 3:     1^-1 3^-2
above 2
glueing
Genus of
[-4 -2]
[-2 -4]
Signature:  (0, 2)
Genus symbol at 2:    2^-2
Genus symbol at 3:     1^-1 3^-1
and
Genus of
[0 3]
[3 0]
Signature:  (1, 1)
Genus symbol at 2:    1^2
Genus symbol at 3:     3^-2
above 2
glueing
Genus of
[-4 -2]
[-2 -4]
Signature:  (0, 2)
Genus symbol at 2:    2^-2
Genus symbol at 3:     1^-1 3^-1
and
Genus of
[0 6]
[6 0]
Signature:  (1, 1)
Genus symbol at 2:    2^2
Genus symbol at 3:     3^-2
above 2
glueing
Genus of
[-4 -2]
[-2 -4]
Signature:  (0, 2)
Genus symbol at 2:    2^-2
Genus symbol at 3:     1^-1 3^-1
and
Genus of
[6 6]
[6 0]
Signature:  (1, 1)
Genus symbol at 2:    [2^2]_0
Genus symbol at 3:     3^-2
above 2
glueing
Genus of
[-6  0]
[ 0 -6]
Signature:  (0, 2)
Genus symbol at 2:    [2^2]_2
Genus symbol at 3:     3^2
and
Genus of
[ 2  2]
[ 2 -4]
Signature:  (1, 1)
Genus symbol at 2:    [2^-2]_6
Genus symbol at 3:     1^-1 3^1
above 2
glueing
Genus of
[-4  0]
[ 0 -6]
Signature:  (0, 2)
Genus symbol at 2:    [2^-1 4^1]_4
Genus symbol at 3:     1^-1 3^1
and
Genus of
[ 6  6]
[ 6 -6]
Signature:  (1, 1)
Genus symbol at 2:    [2^1 4^1]_4
Genus symbol at 3:     3^2
above 2
glueing
Genus of
[ -6   0]
[  0 -12]
Signature:  (0, 2)
Genus symbol at 2:    [2^1 4^1]_6
Genus symbol at 3:     3^-2
and
Genus of
[ 2  4]
[ 4 -4]
Signature:  (1, 1)
Genus symbol at 2:    [2^-1 4^1]_2
Genus symbol at 3:     1^-1 3^-1
above 2
glueing
Genus of
[-4 -2 -1]
[-2 -4 -2]
[-1 -2 -4]
Signature:  (0, 3)
Genus symbol at 2:    1^2:[4^1]_1
Genus symbol at 3:     1^-1 3^2
and
Genus of
[12]
Signature:  (1, 0)
Genus symbol at 2:    [4^-1]_3
Genus symbol at 3:     3^1
above 2
glueing
Genus of
[-4  2  0]
[ 2 -4  0]
[ 0  0 -6]
Signature:  (0, 3)
Genus symbol at 2:    [2^3]_5
Genus symbol at 3:     1^-1 3^-2
and
Genus of
[6]
Signature:  (1, 0)
Genus symbol at 2:    [2^-1]_3
Genus symbol at 3:     3^-1
above 2
glueing
Genus of
[-6  0  0]
[ 0 -6  0]
[ 0  0 -6]
Signature:  (0, 3)
Genus symbol at 2:    [2^-3]_7
Genus symbol at 3:     3^3
and
Genus of
[2]
Signature:  (1, 0)
Genus symbol at 2:    [2^1]_1
above 2
Found an isometry of order: 6
glueing
Genus of
[-4 -2  0  0  0  2]
[-2 -4  0  0 -2  0]
[ 0  0 -4 -2  0  2]
[ 0  0 -2 -4 -2  0]
[ 0 -2  0 -2  0  0]
[ 2  0  2  0  0  0]
Signature:  (2, 4)
Genus symbol at 2:    2^4:4^-2
Genus symbol at 3:     1^5 3^1
and
Genus of
[-8  4  0  0]
[ 4 -8  0  0]
[ 0  0 -4  2]
[ 0  0  2 -4]
Signature:  (0, 4)
Genus symbol at 2:    2^-2:4^-2
Genus symbol at 3:     1^-2 3^-2
above 2
3^1 * 2 -- 3^1
Genus of
[-4 -2 -1  0  0  1 -2 -2 -1 -1]
[-2 -4 -1 -1 -1  0 -4  2 -2  1]
[-1 -1 -2 -1  0  1  0  0 -1 -1]
[ 0 -1 -1 -2 -1  0  0  0 -2  1]
[ 0 -1  0 -1  0  0  0  0  0  0]
[ 1  0  1  0  0  0  0  0  0  0]
[-2 -4  0  0  0  0 -8  4  0  0]
[-2  2  0  0  0  0  4 -8  0  0]
[-1 -2 -1 -2  0  0  0  0 -4  2]
[-1  1 -1  1  0  0  0  0  2 -4]
Signature:  (2, 8)
Genus symbol at 2:    1^4:2^-6
Genus symbol at 3:     1^-7 3^-3
glueing
Genus of
[-4]
Signature:  (0, 1)
Genus symbol at 2:    [4^1]_7
and
Genus of
[  0   0   3]
[  0 -12   0]
[  3   0   0]
Signature:  (1, 2)
Genus symbol at 2:    1^2:[4^-1]_5
Genus symbol at 3:     3^3
above 2
glueing
Genus of
[-6]
Signature:  (0, 1)
Genus symbol at 2:    [2^-1]_5
Genus symbol at 3:     3^1
and
Genus of
[ 2  0  0]
[ 0 -6  0]
[ 0  0 -6]
Signature:  (1, 2)
Genus symbol at 2:    [2^3]_3
Genus symbol at 3:     1^-1 3^2
above 2
glueing
Genus of
[-12]
Signature:  (0, 1)
Genus symbol at 2:    [4^-1]_5
Genus symbol at 3:     3^-1
and
Genus of
[ 0  0  3]
[ 0 -4  1]
[ 3  1  2]
Signature:  (1, 2)
Genus symbol at 2:    1^2:[4^1]_7
Genus symbol at 3:     1^-1 3^-2
above 2
Found an isometry of order: 6
glueing
Genus of
[-4 -2]
[-2 -4]
Signature:  (0, 2)
Genus symbol at 2:    2^-2
Genus symbol at 3:     1^-1 3^-1
and
Genus of
[0 3]
[3 0]
Signature:  (1, 1)
Genus symbol at 2:    1^2
Genus symbol at 3:     3^-2
above 2
Found an isometry of order: 6
glueing
Genus of
[-4 -2]
[-2 -4]
Signature:  (0, 2)
Genus symbol at 2:    2^-2
Genus symbol at 3:     1^-1 3^-1
and
Genus of
[0 6]
[6 0]
Signature:  (1, 1)
Genus symbol at 2:    2^2
Genus symbol at 3:     3^-2
above 2
Found an isometry of order: 6
glueing
Genus of
[-4 -2]
[-2 -4]
Signature:  (0, 2)
Genus symbol at 2:    2^-2
Genus symbol at 3:     1^-1 3^-1
and
Genus of
[6 6]
[6 0]
Signature:  (1, 1)
Genus symbol at 2:    [2^2]_0
Genus symbol at 3:     3^-2
above 2
glueing
Genus of
[-6  0]
[ 0 -6]
Signature:  (0, 2)
Genus symbol at 2:    [2^2]_2
Genus symbol at 3:     3^2
and
Genus of
[ 2  2]
[ 2 -4]
Signature:  (1, 1)
Genus symbol at 2:    [2^-2]_6
Genus symbol at 3:     1^-1 3^1
above 2
glueing
Genus of
[-4  0]
[ 0 -6]
Signature:  (0, 2)
Genus symbol at 2:    [2^-1 4^1]_4
Genus symbol at 3:     1^-1 3^1
and
Genus of
[ 6  6]
[ 6 -6]
Signature:  (1, 1)
Genus symbol at 2:    [2^1 4^1]_4
Genus symbol at 3:     3^2
above 2
glueing
Genus of
[ -6   0]
[  0 -12]
Signature:  (0, 2)
Genus symbol at 2:    [2^1 4^1]_6
Genus symbol at 3:     3^-2
and
Genus of
[ 2  4]
[ 4 -4]
Signature:  (1, 1)
Genus symbol at 2:    [2^-1 4^1]_2
Genus symbol at 3:     1^-1 3^-1
above 2
glueing
Genus of
[-4 -2 -1]
[-2 -4 -2]
[-1 -2 -4]
Signature:  (0, 3)
Genus symbol at 2:    1^2:[4^1]_1
Genus symbol at 3:     1^-1 3^2
and
Genus of
[12]
Signature:  (1, 0)
Genus symbol at 2:    [4^-1]_3
Genus symbol at 3:     3^1
above 2
glueing
Genus of
[-4  2  0]
[ 2 -4  0]
[ 0  0 -6]
Signature:  (0, 3)
Genus symbol at 2:    [2^3]_5
Genus symbol at 3:     1^-1 3^-2
and
Genus of
[6]
Signature:  (1, 0)
Genus symbol at 2:    [2^-1]_3
Genus symbol at 3:     3^-1
above 2
glueing
Genus of
[-6  0  0]
[ 0 -6  0]
[ 0  0 -6]
Signature:  (0, 3)
Genus symbol at 2:    [2^-3]_7
Genus symbol at 3:     3^3
and
Genus of
[2]
Signature:  (1, 0)
Genus symbol at 2:    [2^1]_1
above 2
glueing
Genus of
[-4 -2  0  0  0  0]
[-2 -4  0  0  0  0]
[ 0  0 -4 -2  0  0]
[ 0  0 -2 -4  0  0]
[ 0  0  0  0  8  4]
[ 0  0  0  0  4  8]
Signature:  (2, 4)
Genus symbol at 2:    2^4:4^-2
Genus symbol at 3:     1^-3 3^-3
and
Genus of
[-8  4  0  4]
[ 4 -8 -4  0]
[ 0 -4 -4  2]
[ 4  0  2 -4]
Signature:  (0, 4)
Genus symbol at 2:    2^-2:4^-2
above 2
3^1 * 2 -- 3^1
Genus of
[-4 -2  0  0  0  0  0  0  0  0]
[-2 -4  0  0  0  0  0  0  0  0]
[ 0  0 -2  0  0 -1  0 -2 -2  1]
[ 0  0  0 -2  1  0  2  0  1 -2]
[ 0  0  0  1  0  2 -4  2  0  2]
[ 0  0 -1  0  2  0  2 -4 -2  0]
[ 0  0  0  2 -4  2 -8  4  0  4]
[ 0  0 -2  0  2 -4  4 -8 -4  0]
[ 0  0 -2  1  0 -2  0 -4 -4  2]
[ 0  0  1 -2  2  0  4  0  2 -4]
Signature:  (2, 8)
Genus symbol at 2:    1^4:2^-6
Genus symbol at 3:     1^-7 3^-3
glueing
Genus of
[-4]
Signature:  (0, 1)
Genus symbol at 2:    [4^1]_7
and
Genus of
[  0   0   3]
[  0 -12   0]
[  3   0   0]
Signature:  (1, 2)
Genus symbol at 2:    1^2:[4^-1]_5
Genus symbol at 3:     3^3
above 2
glueing
Genus of
[-6]
Signature:  (0, 1)
Genus symbol at 2:    [2^-1]_5
Genus symbol at 3:     3^1
and
Genus of
[ 2  0  0]
[ 0 -6  0]
[ 0  0 -6]
Signature:  (1, 2)
Genus symbol at 2:    [2^3]_3
Genus symbol at 3:     1^-1 3^2
above 2
glueing
Genus of
[-12]
Signature:  (0, 1)
Genus symbol at 2:    [4^-1]_5
Genus symbol at 3:     3^-1
and
Genus of
[ 0  0  3]
[ 0 -4  1]
[ 3  1  2]
Signature:  (1, 2)
Genus symbol at 2:    1^2:[4^1]_7
Genus symbol at 3:     1^-1 3^-2
above 2
glueing
Genus of
[-4 -2]
[-2 -4]
Signature:  (0, 2)
Genus symbol at 2:    2^-2
Genus symbol at 3:     1^-1 3^-1
and
Genus of
[0 3]
[3 0]
Signature:  (1, 1)
Genus symbol at 2:    1^2
Genus symbol at 3:     3^-2
above 2
glueing
Genus of
[-4 -2]
[-2 -4]
Signature:  (0, 2)
Genus symbol at 2:    2^-2
Genus symbol at 3:     1^-1 3^-1
and
Genus of
[0 6]
[6 0]
Signature:  (1, 1)
Genus symbol at 2:    2^2
Genus symbol at 3:     3^-2
above 2
glueing
Genus of
[-4 -2]
[-2 -4]
Signature:  (0, 2)
Genus symbol at 2:    2^-2
Genus symbol at 3:     1^-1 3^-1
and
Genus of
[6 6]
[6 0]
Signature:  (1, 1)
Genus symbol at 2:    [2^2]_0
Genus symbol at 3:     3^-2
above 2
glueing
Genus of
[-6  0]
[ 0 -6]
Signature:  (0, 2)
Genus symbol at 2:    [2^2]_2
Genus symbol at 3:     3^2
and
Genus of
[ 2  2]
[ 2 -4]
Signature:  (1, 1)
Genus symbol at 2:    [2^-2]_6
Genus symbol at 3:     1^-1 3^1
above 2
glueing
Genus of
[-4  0]
[ 0 -6]
Signature:  (0, 2)
Genus symbol at 2:    [2^-1 4^1]_4
Genus symbol at 3:     1^-1 3^1
and
Genus of
[ 6  6]
[ 6 -6]
Signature:  (1, 1)
Genus symbol at 2:    [2^1 4^1]_4
Genus symbol at 3:     3^2
above 2
glueing
Genus of
[ -6   0]
[  0 -12]
Signature:  (0, 2)
Genus symbol at 2:    [2^1 4^1]_6
Genus symbol at 3:     3^-2
and
Genus of
[ 2  4]
[ 4 -4]
Signature:  (1, 1)
Genus symbol at 2:    [2^-1 4^1]_2
Genus symbol at 3:     1^-1 3^-1
above 2
glueing
Genus of
[-4 -2 -1]
[-2 -4 -2]
[-1 -2 -4]
Signature:  (0, 3)
Genus symbol at 2:    1^2:[4^1]_1
Genus symbol at 3:     1^-1 3^2
and
Genus of
[12]
Signature:  (1, 0)
Genus symbol at 2:    [4^-1]_3
Genus symbol at 3:     3^1
above 2
glueing
Genus of
[-4  2  0]
[ 2 -4  0]
[ 0  0 -6]
Signature:  (0, 3)
Genus symbol at 2:    [2^3]_5
Genus symbol at 3:     1^-1 3^-2
and
Genus of
[6]
Signature:  (1, 0)
Genus symbol at 2:    [2^-1]_3
Genus symbol at 3:     3^-1
above 2
glueing
Genus of
[-6  0  0]
[ 0 -6  0]
[ 0  0 -6]
Signature:  (0, 3)
Genus symbol at 2:    [2^-3]_7
Genus symbol at 3:     3^3
and
Genus of
[2]
Signature:  (1, 0)
Genus symbol at 2:    [2^1]_1
above 2
Found an isometry of order: 6
glueing
Genus of
[-4 -2  1  2  0  0  0  0]
[-2 -4 -1  1  0  0  0  0]
[ 1 -1 -2 -1  0  0  0  0]
[ 2  1 -1 -2  0  0  0  0]
[ 0  0  0  0 -4 -2  2  2]
[ 0  0  0  0 -2 -4  0  2]
[ 0  0  0  0  2  0  0  0]
[ 0  0  0  0  2  2  0  0]
Signature:  (2, 6)
Genus symbol at 2:    1^4:2^4
Genus symbol at 3:     1^6 3^2
and
Genus of
[-4  2]
[ 2 -4]
Signature:  (0, 2)
Genus symbol at 2:    2^-2
Genus symbol at 3:     1^-1 3^-1
above 2
3^1 * 2 -- 3^1
Genus of
[-4 -2  1  2  0  0  0  0  0  0]
[-2 -4 -1  1  0  0  0  0  0  0]
[ 1 -1 -2 -1  0  0  0  0  0  0]
[ 2  1 -1 -2  0  0  0  0  0  0]
[ 0  0  0  0 -4 -2  2  2  0  0]
[ 0  0  0  0 -2 -4  0  2  0  0]
[ 0  0  0  0  2  0  0  0  0  0]
[ 0  0  0  0  2  2  0  0  0  0]
[ 0  0  0  0  0  0  0  0 -4  2]
[ 0  0  0  0  0  0  0  0  2 -4]
Signature:  (2, 8)
Genus symbol at 2:    1^4:2^-6
Genus symbol at 3:     1^-7 3^-3
glueing
Genus of
[-4]
Signature:  (0, 1)
Genus symbol at 2:    [4^1]_7
and
Genus of
[  0   0   3]
[  0 -12   0]
[  3   0   0]
Signature:  (1, 2)
Genus symbol at 2:    1^2:[4^-1]_5
Genus symbol at 3:     3^3
above 2
glueing
Genus of
[-6]
Signature:  (0, 1)
Genus symbol at 2:    [2^-1]_5
Genus symbol at 3:     3^1
and
Genus of
[ 2  0  0]
[ 0 -6  0]
[ 0  0 -6]
Signature:  (1, 2)
Genus symbol at 2:    [2^3]_3
Genus symbol at 3:     1^-1 3^2
above 2
glueing
Genus of
[-12]
Signature:  (0, 1)
Genus symbol at 2:    [4^-1]_5
Genus symbol at 3:     3^-1
and
Genus of
[ 0  0  3]
[ 0 -4  1]
[ 3  1  2]
Signature:  (1, 2)
Genus symbol at 2:    1^2:[4^1]_7
Genus symbol at 3:     1^-1 3^-2
above 2
glueing
Genus of
[-4 -2]
[-2 -4]
Signature:  (0, 2)
Genus symbol at 2:    2^-2
Genus symbol at 3:     1^-1 3^-1
and
Genus of
[0 3]
[3 0]
Signature:  (1, 1)
Genus symbol at 2:    1^2
Genus symbol at 3:     3^-2
above 2
glueing
Genus of
[-4 -2]
[-2 -4]
Signature:  (0, 2)
Genus symbol at 2:    2^-2
Genus symbol at 3:     1^-1 3^-1
and
Genus of
[0 6]
[6 0]
Signature:  (1, 1)
Genus symbol at 2:    2^2
Genus symbol at 3:     3^-2
above 2
glueing
Genus of
[-4 -2]
[-2 -4]
Signature:  (0, 2)
Genus symbol at 2:    2^-2
Genus symbol at 3:     1^-1 3^-1
and
Genus of
[6 6]
[6 0]
Signature:  (1, 1)
Genus symbol at 2:    [2^2]_0
Genus symbol at 3:     3^-2
above 2
glueing
Genus of
[-6  0]
[ 0 -6]
Signature:  (0, 2)
Genus symbol at 2:    [2^2]_2
Genus symbol at 3:     3^2
and
Genus of
[ 2  2]
[ 2 -4]
Signature:  (1, 1)
Genus symbol at 2:    [2^-2]_6
Genus symbol at 3:     1^-1 3^1
above 2
Found an isometry of order: 6
glueing
Genus of
[-4  0]
[ 0 -6]
Signature:  (0, 2)
Genus symbol at 2:    [2^-1 4^1]_4
Genus symbol at 3:     1^-1 3^1
and
Genus of
[ 6  6]
[ 6 -6]
Signature:  (1, 1)
Genus symbol at 2:    [2^1 4^1]_4
Genus symbol at 3:     3^2
above 2
glueing
Genus of
[ -6   0]
[  0 -12]
Signature:  (0, 2)
Genus symbol at 2:    [2^1 4^1]_6
Genus symbol at 3:     3^-2
and
Genus of
[ 2  4]
[ 4 -4]
Signature:  (1, 1)
Genus symbol at 2:    [2^-1 4^1]_2
Genus symbol at 3:     1^-1 3^-1
above 2
glueing
Genus of
[-4 -2 -1]
[-2 -4 -2]
[-1 -2 -4]
Signature:  (0, 3)
Genus symbol at 2:    1^2:[4^1]_1
Genus symbol at 3:     1^-1 3^2
and
Genus of
[12]
Signature:  (1, 0)
Genus symbol at 2:    [4^-1]_3
Genus symbol at 3:     3^1
above 2
Found an isometry of order: 6
glueing
Genus of
[-4  2  0]
[ 2 -4  0]
[ 0  0 -6]
Signature:  (0, 3)
Genus symbol at 2:    [2^3]_5
Genus symbol at 3:     1^-1 3^-2
and
Genus of
[6]
Signature:  (1, 0)
Genus symbol at 2:    [2^-1]_3
Genus symbol at 3:     3^-1
above 2
glueing
Genus of
[-6  0  0]
[ 0 -6  0]
[ 0  0 -6]
Signature:  (0, 3)
Genus symbol at 2:    [2^-3]_7
Genus symbol at 3:     3^3
and
Genus of
[2]
Signature:  (1, 0)
Genus symbol at 2:    [2^1]_1
above 2
glueing
Genus of
[-4 -2  1  2  0  0  0  3]
[-2 -4 -1  1  0  0 -3  0]
[ 1 -1 -2 -1  0  0 -1 -1]
[ 2  1 -1 -2  0  0  0 -1]
[ 0  0  0  0 -4 -2  0  2]
[ 0  0  0  0 -2 -4 -2  0]
[ 0 -3 -1  0  0 -2 -2 -1]
[ 3  0 -1 -1  2  0 -1 -2]
Signature:  (2, 6)
Genus symbol at 2:    1^4:2^-2:4^-2
Genus symbol at 3:     1^-6 3^-2
and
Genus of
[-8  4]
[ 4 -8]
Signature:  (0, 2)
Genus symbol at 2:    4^-2
Genus symbol at 3:     1^1 3^1
above 2
3^1 * 2 -- 3^1
Genus of
[-4 -2  2  1  0  0  0  3  0  0]
[-2 -4 -2 -1  0  0 -3  0  0  0]
[ 2 -2 -8 -4 -2 -4 -3 -1 -2 -2]
[ 1 -1 -4 -4 -2 -2 -1  0 -4  2]
[ 0  0 -2 -2 -4 -2  0  2  0  0]
[ 0  0 -4 -2 -2 -4 -2  0  0  0]
[ 0 -3 -3 -1  0 -2 -2 -1  0  0]
[ 3  0 -1  0  2  0 -1 -2  0  0]
[ 0  0 -2 -4  0  0  0  0 -8  4]
[ 0  0 -2  2  0  0  0  0  4 -8]
Signature:  (2, 8)
Genus symbol at 2:    1^4:2^-6
Genus symbol at 3:     1^-7 3^-3
glueing
Genus of
[-4]
Signature:  (0, 1)
Genus symbol at 2:    [4^1]_7
and
Genus of
[  0   0   3]
[  0 -12   0]
[  3   0   0]
Signature:  (1, 2)
Genus symbol at 2:    1^2:[4^-1]_5
Genus symbol at 3:     3^3
above 2
glueing
Genus of
[-6]
Signature:  (0, 1)
Genus symbol at 2:    [2^-1]_5
Genus symbol at 3:     3^1
and
Genus of
[ 2  0  0]
[ 0 -6  0]
[ 0  0 -6]
Signature:  (1, 2)
Genus symbol at 2:    [2^3]_3
Genus symbol at 3:     1^-1 3^2
above 2
glueing
Genus of
[-12]
Signature:  (0, 1)
Genus symbol at 2:    [4^-1]_5
Genus symbol at 3:     3^-1
and
Genus of
[ 0  0  3]
[ 0 -4  1]
[ 3  1  2]
Signature:  (1, 2)
Genus symbol at 2:    1^2:[4^1]_7
Genus symbol at 3:     1^-1 3^-2
above 2
glueing
Genus of
[-4 -2]
[-2 -4]
Signature:  (0, 2)
Genus symbol at 2:    2^-2
Genus symbol at 3:     1^-1 3^-1
and
Genus of
[0 3]
[3 0]
Signature:  (1, 1)
Genus symbol at 2:    1^2
Genus symbol at 3:     3^-2
above 2
glueing
Genus of
[-4 -2]
[-2 -4]
Signature:  (0, 2)
Genus symbol at 2:    2^-2
Genus symbol at 3:     1^-1 3^-1
and
Genus of
[0 6]
[6 0]
Signature:  (1, 1)
Genus symbol at 2:    2^2
Genus symbol at 3:     3^-2
above 2
glueing
Genus of
[-4 -2]
[-2 -4]
Signature:  (0, 2)
Genus symbol at 2:    2^-2
Genus symbol at 3:     1^-1 3^-1
and
Genus of
[6 6]
[6 0]
Signature:  (1, 1)
Genus symbol at 2:    [2^2]_0
Genus symbol at 3:     3^-2
above 2
glueing
Genus of
[-6  0]
[ 0 -6]
Signature:  (0, 2)
Genus symbol at 2:    [2^2]_2
Genus symbol at 3:     3^2
and
Genus of
[ 2  2]
[ 2 -4]
Signature:  (1, 1)
Genus symbol at 2:    [2^-2]_6
Genus symbol at 3:     1^-1 3^1
above 2
glueing
Genus of
[-4  0]
[ 0 -6]
Signature:  (0, 2)
Genus symbol at 2:    [2^-1 4^1]_4
Genus symbol at 3:     1^-1 3^1
and
Genus of
[ 6  6]
[ 6 -6]
Signature:  (1, 1)
Genus symbol at 2:    [2^1 4^1]_4
Genus symbol at 3:     3^2
above 2
glueing
Genus of
[ -6   0]
[  0 -12]
Signature:  (0, 2)
Genus symbol at 2:    [2^1 4^1]_6
Genus symbol at 3:     3^-2
and
Genus of
[ 2  4]
[ 4 -4]
Signature:  (1, 1)
Genus symbol at 2:    [2^-1 4^1]_2
Genus symbol at 3:     1^-1 3^-1
above 2
Found an isometry of order: 6
glueing
Genus of
[-4 -2 -1]
[-2 -4 -2]
[-1 -2 -4]
Signature:  (0, 3)
Genus symbol at 2:    1^2:[4^1]_1
Genus symbol at 3:     1^-1 3^2
and
Genus of
[12]
Signature:  (1, 0)
Genus symbol at 2:    [4^-1]_3
Genus symbol at 3:     3^1
above 2
glueing
Genus of
[-4  2  0]
[ 2 -4  0]
[ 0  0 -6]
Signature:  (0, 3)
Genus symbol at 2:    [2^3]_5
Genus symbol at 3:     1^-1 3^-2
and
Genus of
[6]
Signature:  (1, 0)
Genus symbol at 2:    [2^-1]_3
Genus symbol at 3:     3^-1
above 2
Found an isometry of order: 6
glueing
Genus of
[-6  0  0]
[ 0 -6  0]
[ 0  0 -6]
Signature:  (0, 3)
Genus symbol at 2:    [2^-3]_7
Genus symbol at 3:     3^3
and
Genus of
[2]
Signature:  (1, 0)
Genus symbol at 2:    [2^1]_1
above 2
glueing
Genus of
[-4 -2  0  0  0  0  0  0]
[-2 -4  0  0  0  0  0  0]
[ 0  0 -4 -2  0  0  0  0]
[ 0  0 -2 -4  0  0  0  0]
[ 0  0  0  0 -4 -2  2  2]
[ 0  0  0  0 -2 -4  0  2]
[ 0  0  0  0  2  0  0  0]
[ 0  0  0  0  2  2  0  0]
Signature:  (2, 6)
Genus symbol at 2:    2^8
Genus symbol at 3:     1^6 3^2
and
Genus of
[-4  2]
[ 2 -4]
Signature:  (0, 2)
Genus symbol at 2:    2^-2
Genus symbol at 3:     1^-1 3^-1
above 2
3^1 * 2 -- 3^1
Genus of
[-2 -1  0  0  0  0  0  0 -1 -1]
[-1 -2  0  0  0  0  0  0 -2  1]
[ 0  0 -4 -2  0  0  0  0  0  0]
[ 0  0 -2 -4  0  0  0  0  0  0]
[ 0  0  0  0 -4 -2  2  2  0  0]
[ 0  0  0  0 -2 -4  0  2  0  0]
[ 0  0  0  0  2  0  0  0  0  0]
[ 0  0  0  0  2  2  0  0  0  0]
[-1 -2  0  0  0  0  0  0 -4  2]
[-1  1  0  0  0  0  0  0  2 -4]
Signature:  (2, 8)
Genus symbol at 2:    1^4:2^-6
Genus symbol at 3:     1^-7 3^-3
glueing
Genus of
[-4]
Signature:  (0, 1)
Genus symbol at 2:    [4^1]_7
and
Genus of
[  0   0   3]
[  0 -12   0]
[  3   0   0]
Signature:  (1, 2)
Genus symbol at 2:    1^2:[4^-1]_5
Genus symbol at 3:     3^3
above 2
glueing
Genus of
[-6]
Signature:  (0, 1)
Genus symbol at 2:    [2^-1]_5
Genus symbol at 3:     3^1
and
Genus of
[ 2  0  0]
[ 0 -6  0]
[ 0  0 -6]
Signature:  (1, 2)
Genus symbol at 2:    [2^3]_3
Genus symbol at 3:     1^-1 3^2
above 2
glueing
Genus of
[-12]
Signature:  (0, 1)
Genus symbol at 2:    [4^-1]_5
Genus symbol at 3:     3^-1
and
Genus of
[ 0  0  3]
[ 0 -4  1]
[ 3  1  2]
Signature:  (1, 2)
Genus symbol at 2:    1^2:[4^1]_7
Genus symbol at 3:     1^-1 3^-2
above 2
glueing
Genus of
[-4 -2]
[-2 -4]
Signature:  (0, 2)
Genus symbol at 2:    2^-2
Genus symbol at 3:     1^-1 3^-1
and
Genus of
[0 3]
[3 0]
Signature:  (1, 1)
Genus symbol at 2:    1^2
Genus symbol at 3:     3^-2
above 2
glueing
Genus of
[-4 -2]
[-2 -4]
Signature:  (0, 2)
Genus symbol at 2:    2^-2
Genus symbol at 3:     1^-1 3^-1
and
Genus of
[0 6]
[6 0]
Signature:  (1, 1)
Genus symbol at 2:    2^2
Genus symbol at 3:     3^-2
above 2
glueing
Genus of
[-4 -2]
[-2 -4]
Signature:  (0, 2)
Genus symbol at 2:    2^-2
Genus symbol at 3:     1^-1 3^-1
and
Genus of
[6 6]
[6 0]
Signature:  (1, 1)
Genus symbol at 2:    [2^2]_0
Genus symbol at 3:     3^-2
above 2
glueing
Genus of
[-6  0]
[ 0 -6]
Signature:  (0, 2)
Genus symbol at 2:    [2^2]_2
Genus symbol at 3:     3^2
and
Genus of
[ 2  2]
[ 2 -4]
Signature:  (1, 1)
Genus symbol at 2:    [2^-2]_6
Genus symbol at 3:     1^-1 3^1
above 2
Found an isometry of order: 6
glueing
Genus of
[-4  0]
[ 0 -6]
Signature:  (0, 2)
Genus symbol at 2:    [2^-1 4^1]_4
Genus symbol at 3:     1^-1 3^1
and
Genus of
[ 6  6]
[ 6 -6]
Signature:  (1, 1)
Genus symbol at 2:    [2^1 4^1]_4
Genus symbol at 3:     3^2
above 2
glueing
Genus of
[ -6   0]
[  0 -12]
Signature:  (0, 2)
Genus symbol at 2:    [2^1 4^1]_6
Genus symbol at 3:     3^-2
and
Genus of
[ 2  4]
[ 4 -4]
Signature:  (1, 1)
Genus symbol at 2:    [2^-1 4^1]_2
Genus symbol at 3:     1^-1 3^-1
above 2
glueing
Genus of
[-4 -2 -1]
[-2 -4 -2]
[-1 -2 -4]
Signature:  (0, 3)
Genus symbol at 2:    1^2:[4^1]_1
Genus symbol at 3:     1^-1 3^2
and
Genus of
[12]
Signature:  (1, 0)
Genus symbol at 2:    [4^-1]_3
Genus symbol at 3:     3^1
above 2
Found an isometry of order: 6
glueing
Genus of
[-4  2  0]
[ 2 -4  0]
[ 0  0 -6]
Signature:  (0, 3)
Genus symbol at 2:    [2^3]_5
Genus symbol at 3:     1^-1 3^-2
and
Genus of
[6]
Signature:  (1, 0)
Genus symbol at 2:    [2^-1]_3
Genus symbol at 3:     3^-1
above 2
glueing
Genus of
[-6  0  0]
[ 0 -6  0]
[ 0  0 -6]
Signature:  (0, 3)
Genus symbol at 2:    [2^-3]_7
Genus symbol at 3:     3^3
and
Genus of
[2]
Signature:  (1, 0)
Genus symbol at 2:    [2^1]_1
above 2
3^1 * 2 -- 3^1
Genus of
[-4 -2  1  2  0  0  0  0  0  0]
[-2 -4 -1  1  0  0  0  0  0  0]
[ 1 -1 -2 -1  0  0  0  0  0  0]
[ 2  1 -1 -2  0  0  0  0  0  0]
[ 0  0  0  0 -4 -2  0  0  0  0]
[ 0  0  0  0 -2 -4  0  0  0  0]
[ 0  0  0  0  0  0 -4 -2  0  2]
[ 0  0  0  0  0  0 -2 -4 -2  0]
[ 0  0  0  0  0  0  0 -2  0  0]
[ 0  0  0  0  0  0  2  0  0  0]
Signature:  (2, 8)
Genus symbol at 2:    1^4:2^-6
Genus symbol at 3:     1^-7 3^-3
glueing
Genus of
[-4]
Signature:  (0, 1)
Genus symbol at 2:    [4^1]_7
and
Genus of
[  0   0   3]
[  0 -12   0]
[  3   0   0]
Signature:  (1, 2)
Genus symbol at 2:    1^2:[4^-1]_5
Genus symbol at 3:     3^3
above 2
glueing
Genus of
[-6]
Signature:  (0, 1)
Genus symbol at 2:    [2^-1]_5
Genus symbol at 3:     3^1
and
Genus of
[ 2  0  0]
[ 0 -6  0]
[ 0  0 -6]
Signature:  (1, 2)
Genus symbol at 2:    [2^3]_3
Genus symbol at 3:     1^-1 3^2
above 2
glueing
Genus of
[-12]
Signature:  (0, 1)
Genus symbol at 2:    [4^-1]_5
Genus symbol at 3:     3^-1
and
Genus of
[ 0  0  3]
[ 0 -4  1]
[ 3  1  2]
Signature:  (1, 2)
Genus symbol at 2:    1^2:[4^1]_7
Genus symbol at 3:     1^-1 3^-2
above 2
glueing
Genus of
[-4 -2]
[-2 -4]
Signature:  (0, 2)
Genus symbol at 2:    2^-2
Genus symbol at 3:     1^-1 3^-1
and
Genus of
[0 3]
[3 0]
Signature:  (1, 1)
Genus symbol at 2:    1^2
Genus symbol at 3:     3^-2
above 2
glueing
Genus of
[-4 -2]
[-2 -4]
Signature:  (0, 2)
Genus symbol at 2:    2^-2
Genus symbol at 3:     1^-1 3^-1
and
Genus of
[0 6]
[6 0]
Signature:  (1, 1)
Genus symbol at 2:    2^2
Genus symbol at 3:     3^-2
above 2
glueing
Genus of
[-4 -2]
[-2 -4]
Signature:  (0, 2)
Genus symbol at 2:    2^-2
Genus symbol at 3:     1^-1 3^-1
and
Genus of
[6 6]
[6 0]
Signature:  (1, 1)
Genus symbol at 2:    [2^2]_0
Genus symbol at 3:     3^-2
above 2
glueing
Genus of
[-6  0]
[ 0 -6]
Signature:  (0, 2)
Genus symbol at 2:    [2^2]_2
Genus symbol at 3:     3^2
and
Genus of
[ 2  2]
[ 2 -4]
Signature:  (1, 1)
Genus symbol at 2:    [2^-2]_6
Genus symbol at 3:     1^-1 3^1
above 2
glueing
Genus of
[-4  0]
[ 0 -6]
Signature:  (0, 2)
Genus symbol at 2:    [2^-1 4^1]_4
Genus symbol at 3:     1^-1 3^1
and
Genus of
[ 6  6]
[ 6 -6]
Signature:  (1, 1)
Genus symbol at 2:    [2^1 4^1]_4
Genus symbol at 3:     3^2
above 2
glueing
Genus of
[ -6   0]
[  0 -12]
Signature:  (0, 2)
Genus symbol at 2:    [2^1 4^1]_6
Genus symbol at 3:     3^-2
and
Genus of
[ 2  4]
[ 4 -4]
Signature:  (1, 1)
Genus symbol at 2:    [2^-1 4^1]_2
Genus symbol at 3:     1^-1 3^-1
above 2
glueing
Genus of
[-4 -2 -1]
[-2 -4 -2]
[-1 -2 -4]
Signature:  (0, 3)
Genus symbol at 2:    1^2:[4^1]_1
Genus symbol at 3:     1^-1 3^2
and
Genus of
[12]
Signature:  (1, 0)
Genus symbol at 2:    [4^-1]_3
Genus symbol at 3:     3^1
above 2
glueing
Genus of
[-4  2  0]
[ 2 -4  0]
[ 0  0 -6]
Signature:  (0, 3)
Genus symbol at 2:    [2^3]_5
Genus symbol at 3:     1^-1 3^-2
and
Genus of
[6]
Signature:  (1, 0)
Genus symbol at 2:    [2^-1]_3
Genus symbol at 3:     3^-1
above 2
glueing
Genus of
[-6  0  0]
[ 0 -6  0]
[ 0  0 -6]
Signature:  (0, 3)
Genus symbol at 2:    [2^-3]_7
Genus symbol at 3:     3^3
and
Genus of
[2]
Signature:  (1, 0)
Genus symbol at 2:    [2^1]_1
above 2
Found an isometry of order: 6
