1
glueing
Genus of
[4 2]
[2 4]
Signature:  (2, 0)
Genus symbol at 2:    2^-2
Genus symbol at 3:     1^1 3^1
and
Genus of
[-8  4]
[ 4 -8]
Signature:  (0, 2)
Genus symbol at 2:    4^-2
Genus symbol at 3:     1^1 3^1
above 2
3^1 * 2 -- 3^1
Genus of
[ 4  2  0  0]
[ 2  4  0  0]
[ 0  0 -8  4]
[ 0  0  4 -8]
Signature:  (2, 2)
Genus symbol at 2:    2^-2:4^-2
Genus symbol at 3:     1^2 3^2
Found an isometry of order: 6
glueing
Genus of
[8 4]
[4 8]
Signature:  (2, 0)
Genus symbol at 2:    4^-2
Genus symbol at 3:     1^-1 3^-1
and
Genus of
[-4  2]
[ 2 -4]
Signature:  (0, 2)
Genus symbol at 2:    2^-2
Genus symbol at 3:     1^-1 3^-1
above 2
3^1 * 2 -- 3^1
Genus of
[ 8  4  0  0]
[ 4  8  0  0]
[ 0  0 -4  2]
[ 0  0  2 -4]
Signature:  (2, 2)
Genus symbol at 2:    2^-2:4^-2
Genus symbol at 3:     1^2 3^2
Found an isometry of order: 6
3^1 * 2 -- 3^1
Genus of
[-4 -2  0  0]
[-2 -4  0  0]
[ 0  0  8  4]
[ 0  0  4  8]
Signature:  (2, 2)
Genus symbol at 2:    2^-2:4^-2
Genus symbol at 3:     1^2 3^2
Found an isometry of order: 6
