1
glueing
Genus of
[4 2]
[2 4]
Signature:  (2, 0)
Genus symbol at 2:    2^-2
Genus symbol at 3:     1^1 3^1
and
Genus of
[-6  3  3  0]
[ 3 -6 -3  3]
[ 3 -3 -4  2]
[ 0  3  2 -4]
Signature:  (0, 4)
Genus symbol at 2:    1^4
Genus symbol at 3:     1^-1 3^2 9^-1
above 2
3^1 * 2 -- 3^1
Genus of
[ 4  2  0  0  0  0]
[ 2  4  0  0  0  0]
[ 0  0 -6  3  3  0]
[ 0  0  3 -6 -3  3]
[ 0  0  3 -3 -4  2]
[ 0  0  0  3  2 -4]
Signature:  (2, 4)
Genus symbol at 2:    1^4:2^-2
Genus symbol at 3:     1^-2 3^3 9^-1
Found an isometry of order: 6
glueing
Genus of
[-18]
Signature:  (0, 1)
Genus symbol at 2:    [2^1]_7
Genus symbol at 3:     9^1
and
Genus of
[2]
Signature:  (1, 0)
Genus symbol at 2:    [2^1]_1
above 2
glueing
Genus of
[4 2]
[2 4]
Signature:  (2, 0)
Genus symbol at 2:    2^-2
Genus symbol at 3:     1^1 3^1
and
Genus of
[-24  12   6   0]
[ 12 -24  -6   6]
[  6  -6  -4   2]
[  0   6   2  -4]
Signature:  (0, 4)
Genus symbol at 2:    2^4
Genus symbol at 3:     1^-1 3^2 9^-1
above 2
3^1 * 2 -- 3^1
Genus of
[  0   1   3  -3  -2   1]
[  1   0   0   3   1  -2]
[  3   0 -24  12   6   0]
[ -3   3  12 -24  -6   6]
[ -2   1   6  -6  -4   2]
[  1  -2   0   6   2  -4]
Signature:  (2, 4)
Genus symbol at 2:    1^4:2^-2
Genus symbol at 3:     1^-2 3^3 9^-1
Found an isometry of order: 6
glueing
Genus of
[-18]
Signature:  (0, 1)
Genus symbol at 2:    [2^1]_7
Genus symbol at 3:     9^1
and
Genus of
[2]
Signature:  (1, 0)
Genus symbol at 2:    [2^1]_1
above 2
3^1 * 2 -- 3^1
Genus of
[ -6   1  -3  -9  -2   4]
[  1  -6 -12   9   4  -2]
[ -3 -12 -24  12   6   0]
[ -9   9  12 -24  -6   6]
[ -2   4   6  -6  -4   2]
[  4  -2   0   6   2  -4]
Signature:  (2, 4)
Genus symbol at 2:    1^4:2^-2
Genus symbol at 3:     1^-2 3^3 9^-1
Found an isometry of order: 6
glueing
Genus of
[-18]
Signature:  (0, 1)
Genus symbol at 2:    [2^1]_7
Genus symbol at 3:     9^1
and
Genus of
[2]
Signature:  (1, 0)
Genus symbol at 2:    [2^1]_1
above 2
glueing
Genus of
[-4 -2  1  2]
[-2 -4 -1  1]
[ 1 -1  0  0]
[ 2  1  0  0]
Signature:  (2, 2)
Genus symbol at 2:    1^4
Genus symbol at 3:     1^-2 3^-2
and
Genus of
[-12   6]
[  6 -12]
Signature:  (0, 2)
Genus symbol at 2:    2^-2
Genus symbol at 3:     3^-1 9^-1
above 2
3^1 * 2 -- 3^1
Genus of
[ -4  -2   1   2   0   0]
[ -2  -4  -1   1   0   0]
[  1  -1   0   0   0   0]
[  2   1   0   0   0   0]
[  0   0   0   0 -12   6]
[  0   0   0   0   6 -12]
Signature:  (2, 4)
Genus symbol at 2:    1^4:2^-2
Genus symbol at 3:     1^-2 3^3 9^-1
Found an isometry of order: 6
glueing
Genus of
[-18]
Signature:  (0, 1)
Genus symbol at 2:    [2^1]_7
Genus symbol at 3:     9^1
and
Genus of
[2]
Signature:  (1, 0)
Genus symbol at 2:    [2^1]_1
above 2
glueing
Genus of
[-12  -6   0   9]
[ -6 -12  -9   0]
[  0  -9  -8  -4]
[  9   0  -4  -8]
Signature:  (2, 2)
Genus symbol at 2:    1^4
Genus symbol at 3:     1^1 3^-2 9^-1
and
Genus of
[-4  2]
[ 2 -4]
Signature:  (0, 2)
Genus symbol at 2:    2^-2
Genus symbol at 3:     1^-1 3^-1
above 2
3^1 * 2 -- 3^1
Genus of
[-12  -6   0   9   0   0]
[ -6 -12  -9   0   0   0]
[  0  -9  -8  -4   0   0]
[  9   0  -4  -8   0   0]
[  0   0   0   0  -4   2]
[  0   0   0   0   2  -4]
Signature:  (2, 4)
Genus symbol at 2:    1^4:2^-2
Genus symbol at 3:     1^-2 3^3 9^-1
glueing
Genus of
[-18]
Signature:  (0, 1)
Genus symbol at 2:    [2^1]_7
Genus symbol at 3:     9^1
and
Genus of
[2]
Signature:  (1, 0)
Genus symbol at 2:    [2^1]_1
above 2
Found an isometry of order: 6
glueing
Genus of
[-4 -2  0  0]
[-2 -4  0  0]
[ 0  0  4  2]
[ 0  0  2  4]
Signature:  (2, 2)
Genus symbol at 2:    2^4
Genus symbol at 3:     1^-2 3^-2
and
Genus of
[-12   6]
[  6 -12]
Signature:  (0, 2)
Genus symbol at 2:    2^-2
Genus symbol at 3:     3^-1 9^-1
above 2
3^1 * 2 -- 3^1
Genus of
[ -4  -2   0   0   0   0]
[ -2  -4   0   0   0   0]
[  0   0  -2   2  -6   3]
[  0   0   2  -2   3  -6]
[  0   0  -6   3 -12   6]
[  0   0   3  -6   6 -12]
Signature:  (2, 4)
Genus symbol at 2:    1^4:2^-2
Genus symbol at 3:     1^-2 3^3 9^-1
Found an isometry of order: 6
glueing
Genus of
[-18]
Signature:  (0, 1)
Genus symbol at 2:    [2^1]_7
Genus symbol at 3:     9^1
and
Genus of
[2]
Signature:  (1, 0)
Genus symbol at 2:    [2^1]_1
above 2
glueing
Genus of
[-12  -6   0   0]
[ -6 -12   0   0]
[  0   0   4   2]
[  0   0   2   4]
Signature:  (2, 2)
Genus symbol at 2:    2^4
Genus symbol at 3:     1^1 3^-2 9^-1
and
Genus of
[-4  2]
[ 2 -4]
Signature:  (0, 2)
Genus symbol at 2:    2^-2
Genus symbol at 3:     1^-1 3^-1
above 2
3^1 * 2 -- 3^1
Genus of
[-12  -6   0   0   0   0]
[ -6 -12   0   0   0   0]
[  0   0   0   1  -2   1]
[  0   0   1   0   1  -2]
[  0   0  -2   1  -4   2]
[  0   0   1  -2   2  -4]
Signature:  (2, 4)
Genus symbol at 2:    1^4:2^-2
Genus symbol at 3:     1^-2 3^3 9^-1
glueing
Genus of
[-18]
Signature:  (0, 1)
Genus symbol at 2:    [2^1]_7
Genus symbol at 3:     9^1
and
Genus of
[2]
Signature:  (1, 0)
Genus symbol at 2:    [2^1]_1
above 2
Found an isometry of order: 6
3^1 * 2 -- 3^1
Genus of
[-4 -2  3  0  0  0]
[-2 -4  3  3  0  0]
[ 3  3 -6 -3  0  0]
[ 0  3 -3 -6  0  0]
[ 0  0  0  0  4  2]
[ 0  0  0  0  2  4]
Signature:  (2, 4)
Genus symbol at 2:    1^4:2^-2
Genus symbol at 3:     1^-2 3^3 9^-1
glueing
Genus of
[-18]
Signature:  (0, 1)
Genus symbol at 2:    [2^1]_7
Genus symbol at 3:     9^1
and
Genus of
[2]
Signature:  (1, 0)
Genus symbol at 2:    [2^1]_1
above 2
Found an isometry of order: 6
