1
glueing
Genus of
[2 1]
[1 2]
Signature:  (2, 0)
Genus symbol at 2:    1^-2
Genus symbol at 3:     1^-1 3^-1
and
Genus of
[-6  3  0  0]
[ 3 -6  0  0]
[ 0  0 -4  2]
[ 0  0  2 -4]
Signature:  (0, 4)
Genus symbol at 2:    1^-2:2^-2
Genus symbol at 3:     1^-1 3^-2 9^1
above 2
3^1 * 2 -- 3^1
Genus of
[ 2  1  0  0  0  0]
[ 1  2  0  0  0  0]
[ 0  0 -6  3  0  0]
[ 0  0  3 -6  0  0]
[ 0  0  0  0 -4  2]
[ 0  0  0  0  2 -4]
Signature:  (2, 4)
Genus symbol at 2:    1^4:2^-2
Genus symbol at 3:     1^2 3^3 9^1
Found an isometry of order: 6
glueing
Genus of
[4 2]
[2 4]
Signature:  (2, 0)
Genus symbol at 2:    2^-2
Genus symbol at 3:     1^1 3^1
and
Genus of
[ -8   4   0   6]
[  4  -8  -6   0]
[  0  -6 -12   6]
[  6   0   6 -12]
Signature:  (0, 4)
Genus symbol at 2:    2^4
Genus symbol at 3:     1^1 3^2 9^1
above 2
3^1 * 2 -- 3^1
Genus of
[ -2   2   0  -3  -6   3]
[  2  -2   3   0   3  -6]
[  0   3  -8   4   0   6]
[ -3   0   4  -8  -6   0]
[ -6   3   0  -6 -12   6]
[  3  -6   6   0   6 -12]
Signature:  (2, 4)
Genus symbol at 2:    1^4:2^-2
Genus symbol at 3:     1^2 3^3 9^1
Found an isometry of order: 6
glueing
Genus of
[12  6]
[ 6 12]
Signature:  (2, 0)
Genus symbol at 2:    2^-2
Genus symbol at 3:     3^1 9^1
and
Genus of
[-8  4  2  2]
[ 4 -8 -4  2]
[ 2 -4 -4  2]
[ 2  2  2 -4]
Signature:  (0, 4)
Genus symbol at 2:    2^4
Genus symbol at 3:     1^2 3^2
above 2
3^1 * 2 -- 3^1
Genus of
[ 2  2  1 -2 -2  1]
[ 2  2  1  1  1 -2]
[ 1  1 -8  4  2  2]
[-2  1  4 -8 -4  2]
[-2  1  2 -4 -4  2]
[ 1 -2  2  2  2 -4]
Signature:  (2, 4)
Genus symbol at 2:    1^4:2^-2
Genus symbol at 3:     1^2 3^3 9^1
glueing
Genus of
[-4 -2  0  0]
[-2 -4  0  0]
[ 0  0  2  1]
[ 0  0  1  2]
Signature:  (2, 2)
Genus symbol at 2:    1^-2:2^-2
Genus symbol at 3:     1^2 3^2
and
Genus of
[-6  3]
[ 3 -6]
Signature:  (0, 2)
Genus symbol at 2:    1^-2
Genus symbol at 3:     3^1 9^1
above 2
3^1 * 2 -- 3^1
Genus of
[-4 -2  0  0  0  0]
[-2 -4  0  0  0  0]
[ 0  0  2  1  0  0]
[ 0  0  1  2  0  0]
[ 0  0  0  0 -6  3]
[ 0  0  0  0  3 -6]
Signature:  (2, 4)
Genus symbol at 2:    1^4:2^-2
Genus symbol at 3:     1^2 3^3 9^1
Found an isometry of order: 6
glueing
Genus of
[-4 -2  0  3]
[-2 -4 -3  0]
[ 0 -3  0  0]
[ 3  0  0  0]
Signature:  (2, 2)
Genus symbol at 2:    1^4
Genus symbol at 3:     1^-1 3^-2 9^1
and
Genus of
[-4  2]
[ 2 -4]
Signature:  (0, 2)
Genus symbol at 2:    2^-2
Genus symbol at 3:     1^-1 3^-1
above 2
3^1 * 2 -- 3^1
Genus of
[-4 -2  0  3  0  0]
[-2 -4 -3  0  0  0]
[ 0 -3  0  0  0  0]
[ 3  0  0  0  0  0]
[ 0  0  0  0 -4  2]
[ 0  0  0  0  2 -4]
Signature:  (2, 4)
Genus symbol at 2:    1^4:2^-2
Genus symbol at 3:     1^2 3^3 9^1
glueing
Genus of
[-4 -2  0  0]
[-2 -4  0  0]
[ 0  0 12  6]
[ 0  0  6 12]
Signature:  (2, 2)
Genus symbol at 2:    2^4
Genus symbol at 3:     1^-1 3^-2 9^1
and
Genus of
[-4  2]
[ 2 -4]
Signature:  (0, 2)
Genus symbol at 2:    2^-2
Genus symbol at 3:     1^-1 3^-1
above 2
3^1 * 2 -- 3^1
Genus of
[-4 -2  0  0  0  0]
[-2 -4  0  0  0  0]
[ 0  0  2  2 -2  1]
[ 0  0  2  2  1 -2]
[ 0  0 -2  1 -4  2]
[ 0  0  1 -2  2 -4]
Signature:  (2, 4)
Genus symbol at 2:    1^4:2^-2
Genus symbol at 3:     1^2 3^3 9^1
3^1 * 2 -- 3^1
Genus of
[-4 -2  1  2  0  0]
[-2 -4 -1  1  0  0]
[ 1 -1 -2 -1  0  0]
[ 2  1 -1 -2  0  0]
[ 0  0  0  0 12  6]
[ 0  0  0  0  6 12]
Signature:  (2, 4)
Genus symbol at 2:    1^4:2^-2
Genus symbol at 3:     1^2 3^3 9^1
