1
3^1 * 2 -- 3^1
Genus of
[4 2]
[2 4]
Signature:  (2, 0)
Genus symbol at 2:    2^-2
Genus symbol at 3:     1^1 3^1
glueing
Genus of
[-4]
Signature:  (0, 1)
Genus symbol at 2:    [4^1]_7
and
Genus of
[-4  8]
[ 8  8]
Signature:  (1, 1)
Genus symbol at 2:    [4^-1 8^1]_6
Genus symbol at 3:     1^-1 3^-1
above 2
glueing
Genus of
[-8]
Signature:  (0, 1)
Genus symbol at 2:    [8^1]_7
and
Genus of
[ 4  4]
[ 4 -8]
Signature:  (1, 1)
Genus symbol at 2:    [4^-2]_6
Genus symbol at 3:     1^1 3^-1
above 2
glueing
Genus of
[-12]
Signature:  (0, 1)
Genus symbol at 2:    [4^-1]_5
Genus symbol at 3:     3^-1
and
Genus of
[ 4  4]
[ 4 -4]
Signature:  (1, 1)
Genus symbol at 2:    [4^1 8^1]_0
above 2
Found an isometry of order: 6
glueing
Genus of
[-8]
Signature:  (0, 1)
Genus symbol at 2:    [8^1]_7
and
Genus of
[-8  8]
[ 8 16]
Signature:  (1, 1)
Genus symbol at 2:    [8^-2]_2
Genus symbol at 3:     1^1 3^-1
above 2
glueing
Genus of
[-4  0]
[ 0 -4]
Signature:  (0, 2)
Genus symbol at 2:    [4^2]_6
and
Genus of
[24]
Signature:  (1, 0)
Genus symbol at 2:    [8^-1]_3
Genus symbol at 3:     3^-1
above 2
glueing
Genus of
[ -4   0]
[  0 -12]
Signature:  (0, 2)
Genus symbol at 2:    [4^-2]_4
Genus symbol at 3:     1^-1 3^-1
and
Genus of
[8]
Signature:  (1, 0)
Genus symbol at 2:    [8^1]_1
above 2
Found an isometry of order: 6
glueing
Genus of
[ -8   0]
[  0 -12]
Signature:  (0, 2)
Genus symbol at 2:    [4^-1 8^1]_4
Genus symbol at 3:     1^1 3^-1
and
Genus of
[4]
Signature:  (1, 0)
Genus symbol at 2:    [4^1]_1
above 2
Found an isometry of order: 6
glueing
Genus of
[-8  0]
[ 0 -8]
Signature:  (0, 2)
Genus symbol at 2:    [8^2]_6
and
Genus of
[24]
Signature:  (1, 0)
Genus symbol at 2:    [8^-1]_3
Genus symbol at 3:     3^-1
above 2
glueing
Genus of
[-16  -8]
[ -8 -16]
Signature:  (0, 2)
Genus symbol at 2:    8^-2
Genus symbol at 3:     1^-1 3^-1
and
Genus of
[8]
Signature:  (1, 0)
Genus symbol at 2:    [8^1]_1
above 2
