1
3^1 * 2 -- 3^1
Genus of
[8 4]
[4 8]
Signature:  (2, 0)
Genus symbol at 2:    4^-2
Genus symbol at 3:     1^-1 3^-1
glueing
Genus of
[-12]
Signature:  (0, 1)
Genus symbol at 2:    [4^-1]_5
Genus symbol at 3:     3^-1
and
Genus of
[0 3]
[3 0]
Signature:  (1, 1)
Genus symbol at 2:    1^2
Genus symbol at 3:     3^-2
above 2
glueing
Genus of
[-6]
Signature:  (0, 1)
Genus symbol at 2:    [2^-1]_5
Genus symbol at 3:     3^1
and
Genus of
[ 6  6]
[ 6 -6]
Signature:  (1, 1)
Genus symbol at 2:    [2^1 4^1]_4
Genus symbol at 3:     3^2
above 2
Found an isometry of order: 6
glueing
Genus of
[-12]
Signature:  (0, 1)
Genus symbol at 2:    [4^-1]_5
Genus symbol at 3:     3^-1
and
Genus of
[0 6]
[6 0]
Signature:  (1, 1)
Genus symbol at 2:    2^2
Genus symbol at 3:     3^-2
above 2
glueing
Genus of
[-12]
Signature:  (0, 1)
Genus symbol at 2:    [4^-1]_5
Genus symbol at 3:     3^-1
and
Genus of
[6 6]
[6 0]
Signature:  (1, 1)
Genus symbol at 2:    [2^2]_0
Genus symbol at 3:     3^-2
above 2
glueing
Genus of
[-6  0]
[ 0 -6]
Signature:  (0, 2)
Genus symbol at 2:    [2^2]_2
Genus symbol at 3:     3^2
and
Genus of
[12]
Signature:  (1, 0)
Genus symbol at 2:    [4^-1]_3
Genus symbol at 3:     3^1
above 2
Found an isometry of order: 6
glueing
Genus of
[ -6   0]
[  0 -12]
Signature:  (0, 2)
Genus symbol at 2:    [2^1 4^1]_6
Genus symbol at 3:     3^-2
and
Genus of
[6]
Signature:  (1, 0)
Genus symbol at 2:    [2^-1]_3
Genus symbol at 3:     3^-1
above 2
Found an isometry of order: 6
