1
3^1 * 2 -- 3^1
Genus of
[10  5]
[ 5 10]
Signature:  (2, 0)
Genus symbol at 2:    1^-2
Genus symbol at 3:     1^1 3^1
Genus symbol at 5:     5^-2
glueing
Genus of
[-10]
Signature:  (0, 1)
Genus symbol at 2:    [2^-1]_3
Genus symbol at 5:     5^-1
and
Genus of
[6]
Signature:  (1, 0)
Genus symbol at 2:    [2^-1]_3
Genus symbol at 3:     3^-1
above 2
glueing
Genus of
[-4]
Signature:  (0, 1)
Genus symbol at 2:    [4^1]_7
and
Genus of
[60]
Signature:  (1, 0)
Genus symbol at 2:    [4^1]_7
Genus symbol at 3:     3^-1
Genus symbol at 5:     5^-1
above 2
