1
found 0 extensions at level 2
Cp,fp: 1
Genus of
[-4  2]
[ 2 -4]
Signature:  (0, 2)
Genus symbol at 2:    2^-2
Genus symbol at 3:     1^-1 3^-1
C1: 1 Genus symbol at 3:     1^-4 3^2
Found 1 matching extensions
found 0 extensions at level 2
Cp,fp: 2
Genus of
[-4  2]
[ 2 -4]
Signature:  (0, 2)
Genus symbol at 2:    2^-2
Genus symbol at 3:     1^-1 3^-1
C1: 2 Genus symbol at 3:     1^2 3^-4
Found 1 matching extensions
found 0 extensions at level 2
Cp,fp: 3
Genus of
[-6  3]
[ 3 -6]
Signature:  (0, 2)
Genus symbol at 2:    1^-2
Genus symbol at 3:     3^1 9^1
C1: 3 Genus symbol at 3:     1^5 9^-1
Found 1 matching extensions
found 1 extensions at level 2
Found an isometry of order: 9
Cp,fp: 4
Genus of
[-6  3  3  0]
[ 3 -6 -3  3]
[ 3 -3 -4  2]
[ 0  3  2 -4]
Signature:  (0, 4)
Genus symbol at 2:    1^4
Genus symbol at 3:     1^-1 3^2 9^-1
C1: 4 Genus symbol at 3:     1^-2 3^-1 9^-1
Found 0 matching extensions
Cp,fp: 5
Genus of
[-6  3  3  0]
[ 3 -6 -3  3]
[ 3 -3 -4  2]
[ 0  3  2 -4]
Signature:  (0, 4)
Genus symbol at 2:    1^4
Genus symbol at 3:     1^-1 3^2 9^-1
C1: 5 Genus symbol at 3:     1^2 3^-1 9^1
Found 0 matching extensions
Cp,fp: 6
Genus of
[-6  3 -3  3]
[ 3 -6  0 -3]
[-3  0 -6  3]
[ 3 -3  3 -6]
Signature:  (0, 4)
Genus symbol at 2:    1^-2:2^-2
Genus symbol at 3:     3^4
C1: 6 Genus symbol at 3:     1^-3 3^1
Found 0 matching extensions
Cp,fp: 7
Genus of
[-6  3  0  0]
[ 3 -6  0  0]
[ 0  0 -4  2]
[ 0  0  2 -4]
Signature:  (0, 4)
Genus symbol at 2:    1^-2:2^-2
Genus symbol at 3:     1^-1 3^-2 9^1
C1: 7 Genus symbol at 3:     1^-2 3^1 9^1
Found 0 matching extensions
Cp,fp: 8
Genus of
[-6  3  0  0]
[ 3 -6  0  0]
[ 0  0 -4  2]
[ 0  0  2 -4]
Signature:  (0, 4)
Genus symbol at 2:    1^-2:2^-2
Genus symbol at 3:     1^-1 3^-2 9^1
C1: 8 Genus symbol at 3:     1^2 3^1 9^-1
Found 1 matching extensions
found 1 extensions at level 2
Found an isometry of order: 9
Cp,fp: 9
Genus of
[-6  3 -3  3]
[ 3 -6  0 -3]
[-3  0 -6  3]
[ 3 -3  3 -6]
Signature:  (0, 4)
Genus symbol at 2:    1^-2:2^-2
Genus symbol at 3:     3^4
C1: 9 Genus symbol at 3:     1^1 3^-3
Found 0 matching extensions
