1
glueing
Genus of
[-4 -2  0  0]
[-2 -4  0  0]
[ 0  0  2  1]
[ 0  0  1  2]
Signature:  (2, 2)
Genus symbol at 2:    1^-2:2^-2
Genus symbol at 3:     1^2 3^2
and
Genus of
[-4  2]
[ 2 -4]
Signature:  (0, 2)
Genus symbol at 2:    2^-2
Genus symbol at 3:     1^-1 3^-1
above 2
3^1 * 2 -- 3^1
Genus of
[-2 -1  0  0 -1 -1]
[-1 -2  0  0 -2  1]
[ 0  0  2  1  0  0]
[ 0  0  1  2  0  0]
[-1 -2  0  0 -4  2]
[-1  1  0  0  2 -4]
Signature:  (2, 4)
Genus symbol at 2:    1^-6
Genus symbol at 3:     1^-3 3^-3
Found an isometry of order: 6
glueing
Genus of
[-6]
Signature:  (0, 1)
Genus symbol at 2:    [2^-1]_5
Genus symbol at 3:     3^1
and
Genus of
[ 0  0  3]
[ 0 -2  0]
[ 3  0  0]
Signature:  (1, 2)
Genus symbol at 2:    1^2 [2^1]_7
Genus symbol at 3:     1^1 3^-2
above 2
Found an isometry of order: 6
glueing
Genus of
[-6  0]
[ 0 -6]
Signature:  (0, 2)
Genus symbol at 2:    [2^2]_2
Genus symbol at 3:     3^2
and
Genus of
[-2  2]
[ 2  4]
Signature:  (1, 1)
Genus symbol at 2:    [2^-2]_2
Genus symbol at 3:     1^1 3^-1
above 2
Found an isometry of order: 6
3^1 * 2 -- 3^1
Genus of
[-4 -2  1  2  0  0]
[-2 -4 -1  1  0  0]
[ 1 -1 -2 -1  0  0]
[ 2  1 -1 -2  0  0]
[ 0  0  0  0  2  1]
[ 0  0  0  0  1  2]
Signature:  (2, 4)
Genus symbol at 2:    1^-6
Genus symbol at 3:     1^-3 3^-3
Found an isometry of order: 6
glueing
Genus of
[-6]
Signature:  (0, 1)
Genus symbol at 2:    [2^-1]_5
Genus symbol at 3:     3^1
and
Genus of
[ 0  0  3]
[ 0 -2  0]
[ 3  0  0]
Signature:  (1, 2)
Genus symbol at 2:    1^2 [2^1]_7
Genus symbol at 3:     1^1 3^-2
above 2
Found an isometry of order: 6
glueing
Genus of
[-6  0]
[ 0 -6]
Signature:  (0, 2)
Genus symbol at 2:    [2^2]_2
Genus symbol at 3:     3^2
and
Genus of
[-2  2]
[ 2  4]
Signature:  (1, 1)
Genus symbol at 2:    [2^-2]_2
Genus symbol at 3:     1^1 3^-1
above 2
Found an isometry of order: 6
