1
3^1 * 2 -- 3^1
Genus of
[14  7]
[ 7 14]
Signature:  (2, 0)
Genus symbol at 2:    1^-2
Genus symbol at 3:     1^-1 3^-1
Genus symbol at 7:     7^-2
glueing
Genus of
[-6]
Signature:  (0, 1)
Genus symbol at 2:    [2^-1]_5
Genus symbol at 3:     3^1
and
Genus of
[14]
Signature:  (1, 0)
Genus symbol at 2:    [2^1]_7
Genus symbol at 7:     7^1
above 2
Found an isometry of order: 6
glueing
Genus of
[-42]
Signature:  (0, 1)
Genus symbol at 2:    [2^-1]_3
Genus symbol at 3:     3^1
Genus symbol at 7:     7^1
and
Genus of
[2]
Signature:  (1, 0)
Genus symbol at 2:    [2^1]_1
above 2
Found an isometry of order: 6
