1
glueing
Genus of
[-4 -2 -1 -1]
[-2 -4  0 -1]
[-1  0  0  0]
[-1 -1  0  0]
Signature:  (2, 2)
Genus symbol at 2:    1^4
and
Genus of
[-8  4  2  2  2 -2 -6  6]
[ 4 -8 -4  2  0  2  0 -6]
[ 2 -4 -4  2  0  0  0 -4]
[ 2  2  2 -4  0  0  4  0]
[ 2  0  0  0 -4  2  0  0]
[-2  2  0  0  2 -4  0  0]
[-6  0  0  4  0  0 -8  4]
[ 6 -6 -4  0  0  0  4 -8]
Signature:  (0, 8)
Genus symbol at 2:    2^8
above 2
3^1 * 2 -- 3^1
Genus of
[-4 -2 -1 -1  0  0  0  0  0  0  0  0]
[-2 -4  0 -1  0  0  0  0  0  0  0  0]
[-1  0  0  0  0  0  0  0  0  0  0  0]
[-1 -1  0  0  0  0  0  0  0  0  0  0]
[ 0  0  0  0 -8  4  2  2  2 -2 -6  6]
[ 0  0  0  0  4 -8 -4  2  0  2  0 -6]
[ 0  0  0  0  2 -4 -4  2  0  0  0 -4]
[ 0  0  0  0  2  2  2 -4  0  0  4  0]
[ 0  0  0  0  2  0  0  0 -4  2  0  0]
[ 0  0  0  0 -2  2  0  0  2 -4  0  0]
[ 0  0  0  0 -6  0  0  4  0  0 -8  4]
[ 0  0  0  0  6 -6 -4  0  0  0  4 -8]
Signature:  (2, 10)
Genus symbol at 2:    1^4:2^8
Found an isometry of order: 6
glueing
Genus of
[-4 -2 -2 -2]
[-2 -4  0 -2]
[-2  0  0  0]
[-2 -2  0  0]
Signature:  (2, 2)
Genus symbol at 2:    2^4
and
Genus of
[-8  4  2  2 -2  0  6  0]
[ 4 -8 -4  2  2 -2 -6  6]
[ 2 -4 -4  2  0  0 -4  4]
[ 2  2  2 -4  0  0  0 -4]
[-2  2  0  0 -4  2  0  0]
[ 0 -2  0  0  2 -4  0  0]
[ 6 -6 -4  0  0  0 -8  4]
[ 0  6  4 -4  0  0  4 -8]
Signature:  (0, 8)
Genus symbol at 2:    2^8
above 2
3^1 * 2 -- 3^1
Genus of
[-4 -2 -1 -1  0  0  0  0  0  0  0  0]
[-2 -4  0 -1  0  0  0  0  0  0  0  0]
[-1  0 -2 -1  2 -4 -2  1  1 -1 -3  3]
[-1 -1 -1 -2 -2 -2 -1  2  0 -1  0  3]
[ 0  0  2 -2 -8  4  2  2 -2  0  6  0]
[ 0  0 -4 -2  4 -8 -4  2  2 -2 -6  6]
[ 0  0 -2 -1  2 -4 -4  2  0  0 -4  4]
[ 0  0  1  2  2  2  2 -4  0  0  0 -4]
[ 0  0  1  0 -2  2  0  0 -4  2  0  0]
[ 0  0 -1 -1  0 -2  0  0  2 -4  0  0]
[ 0  0 -3  0  6 -6 -4  0  0  0 -8  4]
[ 0  0  3  3  0  6  4 -4  0  0  4 -8]
Signature:  (2, 10)
Genus symbol at 2:    1^4:2^8
Found an isometry of order: 6
3^1 * 2 -- 3^1
Genus of
[-6 -1 -1 -1  3 -6 -4  2  1 -1 -5  5]
[-1 -2  0 -1 -1 -1  0  0  0 -1  0  1]
[-1  0  0  0  0  0  0  0  0  0  0  0]
[-1 -1  0  0  0  0  0  0  0  0  0  0]
[ 3 -1  0  0 -8  4  2  2 -2  0  6  0]
[-6 -1  0  0  4 -8 -4  2  2 -2 -6  6]
[-4  0  0  0  2 -4 -4  2  0  0 -4  4]
[ 2  0  0  0  2  2  2 -4  0  0  0 -4]
[ 1  0  0  0 -2  2  0  0 -4  2  0  0]
[-1 -1  0  0  0 -2  0  0  2 -4  0  0]
[-5  0  0  0  6 -6 -4  0  0  0 -8  4]
[ 5  1  0  0  0  6  4 -4  0  0  4 -8]
Signature:  (2, 10)
Genus symbol at 2:    1^4:2^8
Found an isometry of order: 6
glueing
Genus of
[-4 -2  1  2 -1  0  1  0]
[-2 -4 -1  1 -1 -1  1  1]
[ 1 -1 -2 -1  0  0  0  1]
[ 2  1 -1 -2  0  0 -1  0]
[-1 -1  0  0 -2 -1  0  0]
[ 0 -1  0  0 -1 -2  0  0]
[ 1  1  0 -1  0  0  2  1]
[ 0  1  1  0  0  0  1  2]
Signature:  (2, 6)
Genus symbol at 2:    1^4:2^-2:4^-2
and
Genus of
[-8  4  0 -4]
[ 4 -8  4  0]
[ 0  4 -4  2]
[-4  0  2 -4]
Signature:  (0, 4)
Genus symbol at 2:    2^-2:4^-2
above 2
3^1 * 2 -- 3^1
Genus of
[-4 -2  1  1 -1  0  1  0  0  0  0  0]
[-2 -4  0  1 -1 -1  1  1  0  0  0  0]
[ 1  0 -2 -1  0  0  1  1  2 -4  2  0]
[ 1  1 -1 -2  0  0  0  1 -2 -2  2 -2]
[-1 -1  0  0 -2 -1  0  0  0  0  0  0]
[ 0 -1  0  0 -1 -2  0  0  0  0  0  0]
[ 1  1  1  0  0  0  2  1  0  0  0  0]
[ 0  1  1  1  0  0  1  2  0  0  0  0]
[ 0  0  2 -2  0  0  0  0 -8  4  0 -4]
[ 0  0 -4 -2  0  0  0  0  4 -8  4  0]
[ 0  0  2  2  0  0  0  0  0  4 -4  2]
[ 0  0  0 -2  0  0  0  0 -4  0  2 -4]
Signature:  (2, 10)
Genus symbol at 2:    1^4:2^8
Found an isometry of order: 6
glueing
Genus of
[-4 -2  0  0  2  2 -2 -2]
[-2 -4  0  0  0  2  0 -2]
[ 0  0 -4 -2 -2 -2 -2 -2]
[ 0  0 -2 -4  0 -2  0 -2]
[ 2  0 -2  0 -4 -2  0  0]
[ 2  2 -2 -2 -2 -4  0  0]
[-2  0 -2  0  0  0  0  0]
[-2 -2 -2 -2  0  0  0  0]
Signature:  (2, 6)
Genus symbol at 2:    2^-6:4^-2
and
Genus of
[-8  4  0 -4]
[ 4 -8  4  0]
[ 0  4 -4  2]
[-4  0  2 -4]
Signature:  (0, 4)
Genus symbol at 2:    2^-2:4^-2
above 2
3^1 * 2 -- 3^1
Genus of
[-4 -2 -3 -2  1  1 -1 -1 -2  0  1 -2]
[-2 -2 -1 -2  0  1  0 -1 -2  2 -1 -1]
[-3 -1 -6 -3 -1 -1 -1 -1 -4 -2  3 -4]
[-2 -2 -3 -6  0 -1  0 -1 -6  4 -1 -3]
[ 1  0 -1  0 -4 -2  0  0  0  0  0  0]
[ 1  1 -1 -1 -2 -4  0  0  0  0  0  0]
[-1  0 -1  0  0  0  0  0  0  0  0  0]
[-1 -1 -1 -1  0  0  0  0  0  0  0  0]
[-2 -2 -4 -6  0  0  0  0 -8  4  0 -4]
[ 0  2 -2  4  0  0  0  0  4 -8  4  0]
[ 1 -1  3 -1  0  0  0  0  0  4 -4  2]
[-2 -1 -4 -3  0  0  0  0 -4  0  2 -4]
Signature:  (2, 10)
Genus symbol at 2:    1^4:2^8
Found an isometry of order: 6
3^1 * 2 -- 3^1
Genus of
[-4 -2  1  2  0 -1  0  1  0  0  0  0]
[-2 -4 -1  1  1  0 -1  0  0  0  0  0]
[ 1 -1 -2 -1  0  0 -1 -1  0  0  0  0]
[ 2  1 -1 -2  0  0  0 -1  0  0  0  0]
[ 0  1  0  0 -2 -1  0  0  0  0  0  0]
[-1  0  0  0 -1 -2  0  0  0  0  0  0]
[ 0 -1 -1  0  0  0 -2 -1  0  0  0  0]
[ 1  0 -1 -1  0  0 -1 -2  0  0  0  0]
[ 0  0  0  0  0  0  0  0 -4 -2  0 -2]
[ 0  0  0  0  0  0  0  0 -2 -4  2  0]
[ 0  0  0  0  0  0  0  0  0  2  0  0]
[ 0  0  0  0  0  0  0  0 -2  0  0  0]
Signature:  (2, 10)
Genus symbol at 2:    1^4:2^8
Found an isometry of order: 6
