1
glueing
Genus of
[10  5]
[ 5 10]
Signature:  (2, 0)
Genus symbol at 2:    1^-2
Genus symbol at 3:     1^1 3^1
Genus symbol at 5:     5^-2
and
Genus of
[-10   5]
[  5 -10]
Signature:  (0, 2)
Genus symbol at 2:    1^-2
Genus symbol at 3:     1^-1 3^-1
Genus symbol at 5:     5^-2
above 2
3^1 * 2 -- 3^1
Genus of
[ 10   5   0   0]
[  5  10   0   0]
[  0   0 -10   5]
[  0   0   5 -10]
Signature:  (2, 2)
Genus symbol at 2:    1^4
Genus symbol at 3:     1^-2 3^-2
Genus symbol at 5:     5^4
glueing
Genus of
[-6]
Signature:  (0, 1)
Genus symbol at 2:    [2^-1]_5
Genus symbol at 3:     3^1
and
Genus of
[6]
Signature:  (1, 0)
Genus symbol at 2:    [2^-1]_3
Genus symbol at 3:     3^-1
above 2
glueing
Genus of
[20 10]
[10 20]
Signature:  (2, 0)
Genus symbol at 2:    2^-2
Genus symbol at 3:     1^-1 3^-1
Genus symbol at 5:     5^-2
and
Genus of
[-20  10]
[ 10 -20]
Signature:  (0, 2)
Genus symbol at 2:    2^-2
Genus symbol at 3:     1^1 3^1
Genus symbol at 5:     5^-2
above 2
3^1 * 2 -- 3^1
Genus of
[  0   5 -10   5]
[  5   0   5 -10]
[-10   5 -20  10]
[  5 -10  10 -20]
Signature:  (2, 2)
Genus symbol at 2:    1^4
Genus symbol at 3:     1^-2 3^-2
Genus symbol at 5:     5^4
glueing
Genus of
[-6]
Signature:  (0, 1)
Genus symbol at 2:    [2^-1]_5
Genus symbol at 3:     3^1
and
Genus of
[6]
Signature:  (1, 0)
Genus symbol at 2:    [2^-1]_3
Genus symbol at 3:     3^-1
above 2
Found an isometry of order: 6
Computing spinor norms of Oqf. Total:2880 Remaining:480 number of tries: 2Computing spinor norms of Oqf. Total:2880 Remaining:96 number of tries: 3Computing spinor norms of Oqf. Total:2880 Remaining:96 number of tries: 4Computing spinor norms of Oqf. Total:2880 Remaining:96 number of tries: 5Computing spinor norms of Oqf. Total:2880 Remaining:96 number of tries: 6Computing spinor norms of Oqf. Total:2880 Remaining:96 number of tries: 7Computing spinor norms of Oqf. Total:2880 Remaining:96 number of tries: 8Computing spinor norms of Oqf. Total:2880 Remaining:96 number of tries: 9Computing spinor norms of Oqf. Total:2880 Remaining:96 number of tries: 10Computing spinor norms of Oqf. Total:2880 Remaining:96 number of tries: 11Computing spinor norms of Oqf. Total:2880 Remaining:96 number of tries: 12Computing spinor norms of Oqf. Total:2880 Remaining:96 number of tries: 13Computing spinor norms of Oqf. Total:2880 Remaining:96 number of tries: 14Computing spinor norms of Oqf. Total:2880 Remaining:96 number of tries: 15Computing spinor norms of Oqf. Total:2880 Remaining:96 number of tries: 16Computing spinor norms of Oqf. Total:2880 Remaining:2 number of tries: 17

3^1 * 2 -- 3^1
Genus of
[-100  -50    5   10]
[ -50 -100   -5    5]
[   5   -5    0    0]
[  10    5    0    0]
Signature:  (2, 2)
Genus symbol at 2:    1^4
Genus symbol at 3:     1^-2 3^-2
Genus symbol at 5:     5^4
glueing
Genus of
[-6]
Signature:  (0, 1)
Genus symbol at 2:    [2^-1]_5
Genus symbol at 3:     3^1
and
Genus of
[6]
Signature:  (1, 0)
Genus symbol at 2:    [2^-1]_3
Genus symbol at 3:     3^-1
above 2
