1
glueing
Genus of
[4 2]
[2 4]
Signature:  (2, 0)
Genus symbol at 2:    2^-2
Genus symbol at 3:     1^1 3^1
and
Genus of
[-14   7   1   4   8  -1]
[  7 -14  -5   1  -7   8]
[  1  -5  -4   2  -1   2]
[  4   1   2  -4  -1  -1]
[  8  -7  -1  -1  -8   4]
[ -1   8   2  -1   4  -8]
Signature:  (0, 6)
Genus symbol at 2:    1^4:2^-2
Genus symbol at 3:     1^2 3^-3 9^-1
above 2
3^1 * 2 -- 3^1
Genus of
[-12   2   8 -13  -5   1  -8   7]
[  2   0  -2   1   0   0   2  -1]
[  8  -2 -14   7   1   4   8  -1]
[-13   1   7 -14  -5   1  -7   8]
[ -5   0   1  -5  -4   2  -1   2]
[  1   0   4   1   2  -4  -1  -1]
[ -8   2   8  -7  -1  -1  -8   4]
[  7  -1  -1   8   2  -1   4  -8]
Signature:  (2, 6)
Genus symbol at 2:    1^8
Genus symbol at 3:     1^3 3^-4 9^-1
Found an isometry of order: 6
glueing
Genus of
[-18]
Signature:  (0, 1)
Genus symbol at 2:    [2^1]_7
Genus symbol at 3:     9^1
and
Genus of
[2]
Signature:  (1, 0)
Genus symbol at 2:    [2^1]_1
above 2
glueing
Genus of
[-4 -2  1  2]
[-2 -4 -1  1]
[ 1 -1  0  0]
[ 2  1  0  0]
Signature:  (2, 2)
Genus symbol at 2:    1^4
Genus symbol at 3:     1^-2 3^-2
and
Genus of
[-6  3  3 -3]
[ 3 -6  0  3]
[ 3  0 -4  2]
[-3  3  2 -4]
Signature:  (0, 4)
Genus symbol at 2:    1^4
Genus symbol at 3:     1^-1 3^2 9^-1
above 2
3^1 * 2 -- 3^1
Genus of
[-4 -2  1  2  0  0  0  0]
[-2 -4 -1  1  0  0  0  0]
[ 1 -1  0  0  0  0  0  0]
[ 2  1  0  0  0  0  0  0]
[ 0  0  0  0 -6  3  3 -3]
[ 0  0  0  0  3 -6  0  3]
[ 0  0  0  0  3  0 -4  2]
[ 0  0  0  0 -3  3  2 -4]
Signature:  (2, 6)
Genus symbol at 2:    1^8
Genus symbol at 3:     1^3 3^-4 9^-1
Found an isometry of order: 6
glueing
Genus of
[-18]
Signature:  (0, 1)
Genus symbol at 2:    [2^1]_7
Genus symbol at 3:     9^1
and
Genus of
[2]
Signature:  (1, 0)
Genus symbol at 2:    [2^1]_1
above 2
glueing
Genus of
[-4 -2  0  0]
[-2 -4  0  0]
[ 0  0  4  2]
[ 0  0  2  4]
Signature:  (2, 2)
Genus symbol at 2:    2^4
Genus symbol at 3:     1^-2 3^-2
and
Genus of
[-24  12   0  -6]
[ 12 -24   6   0]
[  0   6  -4   2]
[ -6   0   2  -4]
Signature:  (0, 4)
Genus symbol at 2:    2^4
Genus symbol at 3:     1^-1 3^2 9^-1
above 2
3^1 * 2 -- 3^1
Genus of
[ -8   3  -1  -1 -12   9  -2  -2]
[  3  -8   2  -1   3 -12   4  -2]
[ -1   2   0   1   0   3  -2   1]
[ -1  -1   1   0  -3   0   1  -2]
[-12   3   0  -3 -24  12   0  -6]
[  9 -12   3   0  12 -24   6   0]
[ -2   4  -2   1   0   6  -4   2]
[ -2  -2   1  -2  -6   0   2  -4]
Signature:  (2, 6)
Genus symbol at 2:    1^8
Genus symbol at 3:     1^3 3^-4 9^-1
Found an isometry of order: 6
glueing
Genus of
[-18]
Signature:  (0, 1)
Genus symbol at 2:    [2^1]_7
Genus symbol at 3:     9^1
and
Genus of
[2]
Signature:  (1, 0)
Genus symbol at 2:    [2^1]_1
above 2
glueing
Genus of
[-12  -6   0   0]
[ -6 -12   0   0]
[  0   0   4   2]
[  0   0   2   4]
Signature:  (2, 2)
Genus symbol at 2:    2^4
Genus symbol at 3:     1^1 3^-2 9^-1
and
Genus of
[-8  4  2  2]
[ 4 -8 -4  2]
[ 2 -4 -4  2]
[ 2  2  2 -4]
Signature:  (0, 4)
Genus symbol at 2:    2^4
Genus symbol at 3:     1^2 3^2
above 2
3^1 * 2 -- 3^1
Genus of
[-4 -1  0  0 -2  1  0  0]
[-1 -8 -2  1  3 -6 -4  2]
[ 0 -2  0  1  1 -2 -2  1]
[ 0  1  1  0  1  1  1 -2]
[-2  3  1  1 -8  4  2  2]
[ 1 -6 -2  1  4 -8 -4  2]
[ 0 -4 -2  1  2 -4 -4  2]
[ 0  2  1 -2  2  2  2 -4]
Signature:  (2, 6)
Genus symbol at 2:    1^8
Genus symbol at 3:     1^3 3^-4 9^-1
glueing
Genus of
[-18]
Signature:  (0, 1)
Genus symbol at 2:    [2^1]_7
Genus symbol at 3:     9^1
and
Genus of
[2]
Signature:  (1, 0)
Genus symbol at 2:    [2^1]_1
above 2
Found an isometry of order: 6
glueing
Genus of
[-4 -2  1  2  0  0]
[-2 -4 -1  1  0  0]
[ 1 -1 -2 -1  0  0]
[ 2  1 -1 -2  0  0]
[ 0  0  0  0  4  2]
[ 0  0  0  0  2  4]
Signature:  (2, 4)
Genus symbol at 2:    1^4:2^-2
Genus symbol at 3:     1^3 3^3
and
Genus of
[-12   6]
[  6 -12]
Signature:  (0, 2)
Genus symbol at 2:    2^-2
Genus symbol at 3:     3^-1 9^-1
above 2
3^1 * 2 -- 3^1
Genus of
[ -4  -2   1   2   0   0   0   0]
[ -2  -4  -1   1   0   0   0   0]
[  1  -1  -2  -1   0   0   0   0]
[  2   1  -1  -2   0   0   0   0]
[  0   0   0   0  -2   2  -6   3]
[  0   0   0   0   2  -2   3  -6]
[  0   0   0   0  -6   3 -12   6]
[  0   0   0   0   3  -6   6 -12]
Signature:  (2, 6)
Genus symbol at 2:    1^8
Genus symbol at 3:     1^3 3^-4 9^-1
Found an isometry of order: 6
glueing
Genus of
[-18]
Signature:  (0, 1)
Genus symbol at 2:    [2^1]_7
Genus symbol at 3:     9^1
and
Genus of
[2]
Signature:  (1, 0)
Genus symbol at 2:    [2^1]_1
above 2
glueing
Genus of
[-4 -2  0 -3  0  0]
[-2 -4  3  0  0  0]
[ 0  3 -6 -3  0  0]
[-3  0 -3 -6  0  0]
[ 0  0  0  0  4  2]
[ 0  0  0  0  2  4]
Signature:  (2, 4)
Genus symbol at 2:    1^4:2^-2
Genus symbol at 3:     1^-2 3^3 9^-1
and
Genus of
[-4  2]
[ 2 -4]
Signature:  (0, 2)
Genus symbol at 2:    2^-2
Genus symbol at 3:     1^-1 3^-1
above 2
3^1 * 2 -- 3^1
Genus of
[-4 -2  0 -3  0  0  0  0]
[-2 -4  3  0  0  0  0  0]
[ 0  3 -6 -3  0  0  0  0]
[-3  0 -3 -6  0  0  0  0]
[ 0  0  0  0  0  1 -2  1]
[ 0  0  0  0  1  0  1 -2]
[ 0  0  0  0 -2  1 -4  2]
[ 0  0  0  0  1 -2  2 -4]
Signature:  (2, 6)
Genus symbol at 2:    1^8
Genus symbol at 3:     1^3 3^-4 9^-1
glueing
Genus of
[-18]
Signature:  (0, 1)
Genus symbol at 2:    [2^1]_7
Genus symbol at 3:     9^1
and
Genus of
[2]
Signature:  (1, 0)
Genus symbol at 2:    [2^1]_1
above 2
Found an isometry of order: 6
3^1 * 2 -- 3^1
Genus of
[ -4  -2   1   2   0   0   0   0]
[ -2  -4  -1   1   0   0   0   0]
[  1  -1  -2  -1   0   0   0   0]
[  2   1  -1  -2   0   0   0   0]
[  0   0   0   0 -12  -6  -9  -9]
[  0   0   0   0  -6 -12   0  -9]
[  0   0   0   0  -9   0  -8  -4]
[  0   0   0   0  -9  -9  -4  -8]
Signature:  (2, 6)
Genus symbol at 2:    1^8
Genus symbol at 3:     1^3 3^-4 9^-1
glueing
Genus of
[-18]
Signature:  (0, 1)
Genus symbol at 2:    [2^1]_7
Genus symbol at 3:     9^1
and
Genus of
[2]
Signature:  (1, 0)
Genus symbol at 2:    [2^1]_1
above 2
Found an isometry of order: 6
