1
3^1 * 2 -- 3^1
Genus of
[2 1]
[1 2]
Signature:  (2, 0)
Genus symbol at 2:    1^-2
Genus symbol at 3:     1^-1 3^-1
Found an isometry of order: 6
glueing
Genus of
[-18]
Signature:  (0, 1)
Genus symbol at 2:    [2^1]_7
Genus symbol at 3:     9^1
and
Genus of
[6]
Signature:  (1, 0)
Genus symbol at 2:    [2^-1]_3
Genus symbol at 3:     3^-1
above 2
Found an isometry of order: 6
glueing
Genus of
[-12]
Signature:  (0, 1)
Genus symbol at 2:    [4^-1]_5
Genus symbol at 3:     3^-1
and
Genus of
[36]
Signature:  (1, 0)
Genus symbol at 2:    [4^1]_1
Genus symbol at 3:     9^1
above 2
Found an isometry of order: 6
