1
glueing
Genus of
[4 2]
[2 4]
Signature:  (2, 0)
Genus symbol at 2:    2^-2
Genus symbol at 3:     1^1 3^1
and
Genus of
[-6  3]
[ 3 -6]
Signature:  (0, 2)
Genus symbol at 2:    1^-2
Genus symbol at 3:     3^1 9^1
above 2
3^1 * 2 -- 3^1
Genus of
[ 4  2  0  0]
[ 2  4  0  0]
[ 0  0 -6  3]
[ 0  0  3 -6]
Signature:  (2, 2)
Genus symbol at 2:    1^-2:2^-2
Genus symbol at 3:     1^1 3^2 9^1
Found an isometry of order: 6
glueing
Genus of
[-6]
Signature:  (0, 1)
Genus symbol at 2:    [2^-1]_5
Genus symbol at 3:     3^1
and
Genus of
[-2  0  1]
[ 0 -2  0]
[ 1  0  4]
Signature:  (1, 2)
Genus symbol at 2:    1^2 [2^1]_7
Genus symbol at 3:     1^2 9^-1
above 2
Found an isometry of order: 6
glueing
Genus of
[ -4  -2]
[ -2 -10]
Signature:  (0, 2)
Genus symbol at 2:    [2^2]_6
Genus symbol at 3:     1^-1 9^-1
and
Genus of
[ 2  2]
[ 2 -4]
Signature:  (1, 1)
Genus symbol at 2:    [2^-2]_6
Genus symbol at 3:     1^-1 3^1
above 2
glueing
Genus of
[-4  1  1]
[ 1 -4 -1]
[ 1 -1 -4]
Signature:  (0, 3)
Genus symbol at 2:    1^-2 [2^1]_7
Genus symbol at 3:     1^-1 3^1 9^-1
and
Genus of
[2]
Signature:  (1, 0)
Genus symbol at 2:    [2^1]_1
above 2
3^1 * 2 -- 3^1
Genus of
[-12  -6  -6  -6]
[ -6 -12   0  -6]
[ -6   0  -2  -1]
[ -6  -6  -1  -2]
Signature:  (2, 2)
Genus symbol at 2:    1^-2:2^-2
Genus symbol at 3:     1^1 3^2 9^1
glueing
Genus of
[-6]
Signature:  (0, 1)
Genus symbol at 2:    [2^-1]_5
Genus symbol at 3:     3^1
and
Genus of
[-2  0  1]
[ 0 -2  0]
[ 1  0  4]
Signature:  (1, 2)
Genus symbol at 2:    1^2 [2^1]_7
Genus symbol at 3:     1^2 9^-1
above 2
glueing
Genus of
[ -4  -2]
[ -2 -10]
Signature:  (0, 2)
Genus symbol at 2:    [2^2]_6
Genus symbol at 3:     1^-1 9^-1
and
Genus of
[ 2  2]
[ 2 -4]
Signature:  (1, 1)
Genus symbol at 2:    [2^-2]_6
Genus symbol at 3:     1^-1 3^1
above 2
Found an isometry of order: 6
glueing
Genus of
[-4  1  1]
[ 1 -4 -1]
[ 1 -1 -4]
Signature:  (0, 3)
Genus symbol at 2:    1^-2 [2^1]_7
Genus symbol at 3:     1^-1 3^1 9^-1
and
Genus of
[2]
Signature:  (1, 0)
Genus symbol at 2:    [2^1]_1
above 2
Found an isometry of order: 6
