1
glueing
Genus of
[-2  2 -2  1 -2  1  0  1]
[ 2 -2  2 -2  1 -2  1  0]
[-2  2 -2  2 -2  1 -2  1]
[ 1 -2  2 -2  2 -2  1 -2]
[-2  1 -2  2 -2  2 -2  1]
[ 1 -2  1 -2  2 -2  2 -2]
[ 0  1 -2  1 -2  2 -2  2]
[ 1  0  1 -2  1 -2  2 -2]
Signature:  (2, 6)
Genus symbol at 2:    1^8
Genus symbol at 5:     1^-6 5^-2
and
Genus of
[-6  3 -2  1]
[ 3 -6  1 -2]
[-2  1 -4  2]
[ 1 -2  2 -4]
Signature:  (0, 4)
Genus symbol at 2:    1^4
Genus symbol at 3:     1^-2 3^-2
Genus symbol at 5:     1^-2 5^-2
above 5
3^1 * 5 -- 3^1
Genus of
[-6 -1  0 -1  0 -1  0 -1 -4  2 -4  2]
[-1 -8 -2  1 -2  1 -2  1 -1 -4  0 -3]
[ 0 -2 -2  2 -2  1 -2  1  0  0  0  0]
[-1  1  2 -2  2 -2  1 -2  0  0  0  0]
[ 0 -2 -2  2 -2  2 -2  1  0  0  0  0]
[-1  1  1 -2  2 -2  2 -2  0  0  0  0]
[ 0 -2 -2  1 -2  2 -2  2  0  0  0  0]
[-1  1  1 -2  1 -2  2 -2  0  0  0  0]
[-4 -1  0  0  0  0  0  0 -6  3 -2  1]
[ 2 -4  0  0  0  0  0  0  3 -6  1 -2]
[-4  0  0  0  0  0  0  0 -2  1 -4  2]
[ 2 -3  0  0  0  0  0  0  1 -2  2 -4]
Signature:  (2, 10)
Genus symbol at 2:    1^12
Genus symbol at 3:     1^-10 3^-2
