1
glueing
Genus of
[ 0  1  0 -1 -2  0  1  1]
[ 1  0  1  0 -1 -2  0  1]
[ 0  1  0  1  0 -1 -2  0]
[-1  0  1  0  1  0 -1 -2]
[-2 -1  0  1  0  1  0 -1]
[ 0 -2 -1  0  1  0  1  0]
[ 1  0 -2 -1  0  1  0  1]
[ 1  1  0 -2 -1  0  1  0]
Signature:  (2, 6)
Genus symbol at 2:    1^8
Genus symbol at 5:     1^-6 5^-2
and
Genus of
[ -6   3   3  -3]
[  3  -6   0   3]
[  3   0 -12   6]
[ -3   3   6 -12]
Signature:  (0, 4)
Genus symbol at 2:    1^4
Genus symbol at 3:     3^4
Genus symbol at 5:     1^-2 5^-2
above 5
