1
found 0 extensions at level 5
computing representatives of <__main__.GenusHermitian object at 0x7fd046c54790>
computing representatives of <__main__.GenusHermitian object at 0x7fd04a0fab20>
computing representatives of <__main__.GenusHermitian object at 0x7fd047cd6100>
Cp,fp: 1
Genus of
[-6  3]
[ 3 -6]
Signature:  (0, 2)
Genus symbol at 2:    1^-2
Genus symbol at 3:     3^1 9^1
C1: 1 Genus symbol at 3:     1^4 3^3 9^-1
computing representatives
Found 1 matching extensions
found 0 extensions at level 5
computing representatives of <__main__.GenusHermitian object at 0x7fd047690cd0>
computing representatives of <__main__.GenusHermitian object at 0x7fd0475f5ee0>
computing representatives of <__main__.GenusHermitian object at 0x7fd047985670>
Cp,fp: 2
Genus of
[-6  3  0  3]
[ 3 -6 -3  0]
[ 0 -3 -4  2]
[ 3  0  2 -4]
Signature:  (0, 4)
Genus symbol at 2:    1^4
Genus symbol at 3:     1^-1 3^2 9^-1
C1: 2 Genus symbol at 3:     1^-3 3^2 9^1
computing representatives
Found 1 matching extensions
found 0 extensions at level 5
computing representatives of <__main__.GenusHermitian object at 0x7fd046c4f8b0>
computing representatives of <__main__.GenusHermitian object at 0x7fd046c4f8b0>
computing representatives of <__main__.GenusHermitian object at 0x7fd0469c4ee0>
Cp,fp: 3
Genus of
[-6  3  3 -3]
[ 3 -6  0  3]
[ 3  0 -4  2]
[-3  3  2 -4]
Signature:  (0, 4)
Genus symbol at 2:    1^4
Genus symbol at 3:     1^-1 3^2 9^-1
C1: 3 Genus symbol at 3:     1^-1 3^-4 9^-1
computing representatives
Found 0 matching extensions
computing representatives of <__main__.GenusHermitian object at 0x7fd0469c4ee0>
Cp,fp: 4
Genus of
[-6  3  3 -3]
[ 3 -6  0  3]
[ 3  0 -4  2]
[-3  3  2 -4]
Signature:  (0, 4)
Genus symbol at 2:    1^4
Genus symbol at 3:     1^-1 3^2 9^-1
C1: 4 Genus symbol at 3:     1^1 3^-4 9^1
computing representatives
Found 1 matching extensions
found 0 extensions at level 5
computing representatives of <__main__.GenusHermitian object at 0x7fd046d0dee0>
computing representatives of <__main__.GenusHermitian object at 0x7fd04766f2b0>
computing representatives of <__main__.GenusHermitian object at 0x7fd0476e4610>
Cp,fp: 5
Genus of
[-6  3 -3  3 -3  3]
[ 3 -6  0 -3  0 -3]
[-3  0 -4  2 -2  1]
[ 3 -3  2 -4  1 -2]
[-3  0 -2  1 -4  2]
[ 3 -3  1 -2  2 -4]
Signature:  (0, 6)
Genus symbol at 2:    1^-6
Genus symbol at 3:     1^-1 3^-5
C1: 5 Genus symbol at 3:     1^-3 3^1
computing representatives
Found 1 matching extensions
found 0 extensions at level 5
computing representatives of <__main__.GenusHermitian object at 0x7fd047955e50>
Cp,fp: 6
Genus of
[-6  3 -3  0 -3  0]
[ 3 -6  3 -3  3 -3]
[-3  3 -4  2 -2  1]
[ 0 -3  2 -4  1 -2]
[-3  3 -2  1 -4  2]
[ 0 -3  1 -2  2 -4]
Signature:  (0, 6)
Genus symbol at 2:    1^-6
Genus symbol at 3:     1^-1 3^-5
C1: 6 Genus symbol at 3:     1^1 3^-3
computing representatives
Found 2 matching extensions
found 0 extensions at level 5
found 0 extensions at level 5
computing representatives of <__main__.GenusHermitian object at 0x7fd047612070>
computing representatives of <__main__.GenusHermitian object at 0x7fd0475c4e80>
computing representatives of <__main__.GenusHermitian object at 0x7fd04a3777c0>
computing representatives of <__main__.GenusHermitian object at 0x7fd046ce73a0>
computing representatives of <__main__.GenusHermitian object at 0x7fd047700190>
Cp,fp: 7
Genus of
[-6  3  0  0  0 -3]
[ 3 -6  0  0  3  0]
[ 0  0 -6  3  0 -3]
[ 0  0  3 -6  3  0]
[ 0  3  0  3 -6  3]
[-3  0 -3  0  3 -6]
Signature:  (0, 6)
Genus symbol at 2:    1^-6
Genus symbol at 3:     3^-5 9^-1
C1: 7 Genus symbol at 3:     1^-2 3^1 9^1
computing representatives
Found 0 matching extensions
computing representatives of <__main__.GenusHermitian object at 0x7fd047700190>
Cp,fp: 8
Genus of
[-6  3  0  0  0 -3]
[ 3 -6  0  0  3  0]
[ 0  0 -6  3  0 -3]
[ 0  0  3 -6  3  0]
[ 0  3  0  3 -6  3]
[-3  0 -3  0  3 -6]
Signature:  (0, 6)
Genus symbol at 2:    1^-6
Genus symbol at 3:     3^-5 9^-1
C1: 8 Genus symbol at 3:     1^2 3^1 9^-1
computing representatives
Found 0 matching extensions
computing representatives of <__main__.GenusHermitian object at 0x7fd049c05280>
computing representatives of <__main__.GenusHermitian object at 0x7fd049c05280>
computing representatives of <__main__.GenusHermitian object at 0x7fd04a0faee0>
Cp,fp: 9
Genus of
[-6  3  0  0  0  0]
[ 3 -6  0  0  0  0]
[ 0  0 -6  3  3  0]
[ 0  0  3 -6 -3  3]
[ 0  0  3 -3 -4  2]
[ 0  0  0  3  2 -4]
Signature:  (0, 6)
Genus symbol at 2:    1^-6
Genus symbol at 3:     1^-1 3^3 9^-2
C1: 9 Genus symbol at 3:     1^-1 3^1 9^2
computing representatives
Found 0 matching extensions
computing representatives of <__main__.GenusHermitian object at 0x7fd04a0faee0>
Cp,fp: 10
Genus of
[-6  3  0  0  0  0]
[ 3 -6  0  0  0  0]
[ 0  0 -6  3  3  0]
[ 0  0  3 -6 -3  3]
[ 0  0  3 -3 -4  2]
[ 0  0  0  3  2 -4]
Signature:  (0, 6)
Genus symbol at 2:    1^-6
Genus symbol at 3:     1^-1 3^3 9^-2
C1: 10 Genus symbol at 3:     1^1 3^1 9^-2
computing representatives
Found 1 matching extensions
found 1 extensions at level 5
computing representatives of <__main__.GenusHermitian object at 0x7fd04a0e6f40>
Cp,fp: 11
Genus of
[-6  3  0  0  3  0]
[ 3 -6  0  0 -3  3]
[ 0  0 -6  3  3  0]
[ 0  0  3 -6 -3  3]
[ 3 -3  3 -3 -6  3]
[ 0  3  0  3  3 -6]
Signature:  (0, 6)
Genus symbol at 2:    1^-6
Genus symbol at 3:     3^-5 9^-1
C1: 11 Genus symbol at 3:     3^-3 9^1
computing representatives
Found 0 matching extensions
computing representatives of <__main__.GenusHermitian object at 0x7fd047690b20>
computing representatives of <__main__.GenusHermitian object at 0x7fd055b33f10>
computing representatives of <__main__.GenusHermitian object at 0x7fd047521ee0>
computing representatives of <__main__.GenusHermitian object at 0x7fd0476bf880>
computing representatives of <__main__.GenusHermitian object at 0x7fd0475da340>
Cp,fp: 12
Genus of
[-2  1  0  0  0  0  0  0]
[ 1 -2  0  0  0  0  0  0]
[ 0  0 -2  1  0  0  0  0]
[ 0  0  1 -2  0  0  0  0]
[ 0  0  0  0 -2  1  0  0]
[ 0  0  0  0  1 -2  0  0]
[ 0  0  0  0  0  0 -6  3]
[ 0  0  0  0  0  0  3 -6]
Signature:  (0, 8)
Genus symbol at 2:    1^8
Genus symbol at 3:     1^3 3^4 9^1
C1: 12 Genus symbol at 3:     1^1 9^-1
computing representatives
Found 1 matching extensions
found 0 extensions at level 5
computing representatives of <__main__.GenusHermitian object at 0x7fd0476228e0>
computing representatives of <__main__.GenusHermitian object at 0x7fd047a14460>
computing representatives of <__main__.GenusHermitian object at 0x7fd0475796d0>
Cp,fp: 13
Genus of
[-6  3  0  0 -3  0  3  0]
[ 3 -6  0  0  3 -3 -3  3]
[ 0  0 -6  3  3  0  3  0]
[ 0  0  3 -6 -3  3 -3  3]
[-3  3  3 -3 -6  3  0  0]
[ 0 -3  0  3  3 -6  0  0]
[ 3 -3  3 -3  0  0 -6  3]
[ 0  3  0  3  0  0  3 -6]
Signature:  (0, 8)
Genus symbol at 2:    1^8
Genus symbol at 3:     3^8
C1: 13 Genus symbol at 3:     3^-2
computing representatives
Found 0 matching extensions
