  ***   Warning: not enough memory, new PARI stack 8713719808
1
glueing
Genus of
[-2 -1 -1  0  0  0  0  1  1  1  0  0]
[-1 -2 -1 -1  0  0  0  0  1  1  1  0]
[-1 -1 -2 -1 -1  0  0  0  0  1  1  1]
[ 0 -1 -1 -2 -1 -1  0  0  0  0  1  1]
[ 0  0 -1 -1 -2 -1 -1  0  0  0  0  1]
[ 0  0  0 -1 -1 -2 -1 -1  0  0  0  0]
[ 0  0  0  0 -1 -1 -2 -1 -1  0  0  0]
[ 1  0  0  0  0 -1 -1 -2 -1 -1  0  0]
[ 1  1  0  0  0  0 -1 -1 -2 -1 -1  0]
[ 1  1  1  0  0  0  0 -1 -1 -2 -1 -1]
[ 0  1  1  1  0  0  0  0 -1 -1 -2 -1]
[ 0  0  1  1  1  0  0  0  0 -1 -1 -2]
Signature:  (2, 10)
Genus symbol at 2:    1^12
Genus symbol at 7:     1^-10 7^-2
and
Genus of
[-14   7]
[  7 -14]
Signature:  (0, 2)
Genus symbol at 2:    1^-2
Genus symbol at 3:     1^1 3^1
Genus symbol at 7:     7^-2
above 7
3^1 * 7 -- 3^1
Genus of
[ -8 -10  -1  -1  -1  -1  -1  -1  -2  -1  -1   0  -4  -4]
[-10 -14  -1  -1  -2  -2  -2  -2  -2  -1  -1   0  -7  -4]
[ -1  -1  -2  -1  -1   0   0   0   0   1   1   1   0   0]
[ -1  -1  -1  -2  -1  -1   0   0   0   0   1   1   0   0]
[ -1  -2  -1  -1  -2  -1  -1   0   0   0   0   1   0   0]
[ -1  -2   0  -1  -1  -2  -1  -1   0   0   0   0   0   0]
[ -1  -2   0   0  -1  -1  -2  -1  -1   0   0   0   0   0]
[ -1  -2   0   0   0  -1  -1  -2  -1  -1   0   0   0   0]
[ -2  -2   0   0   0   0  -1  -1  -2  -1  -1   0   0   0]
[ -1  -1   1   0   0   0   0  -1  -1  -2  -1  -1   0   0]
[ -1  -1   1   1   0   0   0   0  -1  -1  -2  -1   0   0]
[  0   0   1   1   1   0   0   0   0  -1  -1  -2   0   0]
[ -4  -7   0   0   0   0   0   0   0   0   0   0 -14   7]
[ -4  -4   0   0   0   0   0   0   0   0   0   0   7 -14]
Signature:  (2, 12)
Genus symbol at 2:    1^-14
Genus symbol at 3:     1^13 3^1
