1
glueing
Genus of
[ 0  1  0 -1 -2  0  1  1]
[ 1  0  1  0 -1 -2  0  1]
[ 0  1  0  1  0 -1 -2  0]
[-1  0  1  0  1  0 -1 -2]
[-2 -1  0  1  0  1  0 -1]
[ 0 -2 -1  0  1  0  1  0]
[ 1  0 -2 -1  0  1  0  1]
[ 1  1  0 -2 -1  0  1  0]
Signature:  (2, 6)
Genus symbol at 2:    1^8
Genus symbol at 5:     1^-6 5^-2
and
Genus of
[-8  4  0  0  0  3]
[ 4 -8  0  0 -3  0]
[ 0  0 -6  3  0 -3]
[ 0  0  3 -6  3  0]
[ 0 -3  0  3 -6  3]
[ 3  0 -3  0  3 -6]
Signature:  (0, 6)
Genus symbol at 2:    1^-6
Genus symbol at 3:     1^1 3^5
Genus symbol at 5:     1^4 5^-2
above 5
