  ***   Warning: not enough memory, new PARI stack 8713719808
1
glueing
Genus of
[-2  0 -2  0  1  1  0  1  0  1 -1 -1]
[ 0 -2  0 -2  0  1  1  0  1  0  1 -1]
[-2  0 -2  0 -2  0  1  1  0  1  0  1]
[ 0 -2  0 -2  0 -2  0  1  1  0  1  0]
[ 1  0 -2  0 -2  0 -2  0  1  1  0  1]
[ 1  1  0 -2  0 -2  0 -2  0  1  1  0]
[ 0  1  1  0 -2  0 -2  0 -2  0  1  1]
[ 1  0  1  1  0 -2  0 -2  0 -2  0  1]
[ 0  1  0  1  1  0 -2  0 -2  0 -2  0]
[ 1  0  1  0  1  1  0 -2  0 -2  0 -2]
[-1  1  0  1  0  1  1  0 -2  0 -2  0]
[-1 -1  1  0  1  0  1  1  0 -2  0 -2]
Signature:  (2, 10)
Genus symbol at 2:    1^12
Genus symbol at 7:     1^-10 7^-2
and
Genus of
[-8  4  1  1]
[ 4 -8 -2  1]
[ 1 -2 -4  2]
[ 1  1  2 -4]
Signature:  (0, 4)
Genus symbol at 2:    1^4
Genus symbol at 3:     1^2 3^2
Genus symbol at 7:     1^-2 7^-2
above 7
3^1 * 7 -- 3^1
Genus of
[-8 -5 -1  0  0 -1  0  1 -2  0 -2  0  2 -4 -4  2]
[-5 -6 -1  0 -2 -1  0 -1 -2  0 -1  1 -2 -2 -2  1]
[-1 -1 -2  0 -2  0  1  1  0  1  0  1  0  0  0  0]
[ 0  0  0 -2  0 -2  0  1  1  0  1  0  0  0  0  0]
[ 0 -2 -2  0 -2  0 -2  0  1  1  0  1  0  0  0  0]
[-1 -1  0 -2  0 -2  0 -2  0  1  1  0  0  0  0  0]
[ 0  0  1  0 -2  0 -2  0 -2  0  1  1  0  0  0  0]
[ 1 -1  1  1  0 -2  0 -2  0 -2  0  1  0  0  0  0]
[-2 -2  0  1  1  0 -2  0 -2  0 -2  0  0  0  0  0]
[ 0  0  1  0  1  1  0 -2  0 -2  0 -2  0  0  0  0]
[-2 -1  0  1  0  1  1  0 -2  0 -2  0  0  0  0  0]
[ 0  1  1  0  1  0  1  1  0 -2  0 -2  0  0  0  0]
[ 2 -2  0  0  0  0  0  0  0  0  0  0 -8  4  1  1]
[-4 -2  0  0  0  0  0  0  0  0  0  0  4 -8 -2  1]
[-4 -2  0  0  0  0  0  0  0  0  0  0  1 -2 -4  2]
[ 2  1  0  0  0  0  0  0  0  0  0  0  1  1  2 -4]
Signature:  (2, 14)
Genus symbol at 2:    1^16
Genus symbol at 3:     1^14 3^2
