1
glueing
Genus of
[-2  0 -1  0 -1  1  1  1]
[ 0 -2  0 -1  0 -1  1  1]
[-1  0 -2  0 -1  0 -1  1]
[ 0 -1  0 -2  0 -1  0 -1]
[-1  0 -1  0 -2  0 -1  0]
[ 1 -1  0 -1  0 -2  0 -1]
[ 1  1 -1  0 -1  0 -2  0]
[ 1  1  1 -1  0 -1  0 -2]
Signature:  (2, 6)
Genus symbol at 2:    1^8
Genus symbol at 5:     1^-6 5^-2
and
Genus of
[-18   9   0  -9   0  -9  -4   5]
[  9 -18   9   0   9   0  -1  -4]
[  0   9  -8   4  -6   3   1   1]
[ -9   0   4  -8   3  -6  -2   1]
[  0   9  -6   3  -8   4   1   1]
[ -9   0   3  -6   4  -8  -2   1]
[ -4  -1   1  -2   1  -2  -4   2]
[  5  -4   1   1   1   1   2  -4]
Signature:  (0, 8)
Genus symbol at 2:    1^8
Genus symbol at 3:     1^-4 3^-4
Genus symbol at 5:     1^-6 5^-2
above 5
3^1 * 5 -- 3^1
Genus of
[-34 -12  -1  -2  -1  -1  -1  -1 -23  13  -2 -11  -2 -11  -6   6]
[-12 -10  -2  -1  -2  -1  -2   0  -6   3  -1  -4  -1  -4  -1  -1]
[ -1  -2  -2   0  -1   0  -1   1   0   0   0   0   0   0   0   0]
[ -2  -1   0  -2   0  -1   0  -1   0   0   0   0   0   0   0   0]
[ -1  -2  -1   0  -2   0  -1   0   0   0   0   0   0   0   0   0]
[ -1  -1   0  -1   0  -2   0  -1   0   0   0   0   0   0   0   0]
[ -1  -2  -1   0  -1   0  -2   0   0   0   0   0   0   0   0   0]
[ -1   0   1  -1   0  -1   0  -2   0   0   0   0   0   0   0   0]
[-23  -6   0   0   0   0   0   0 -18   9   0  -9   0  -9  -4   5]
[ 13   3   0   0   0   0   0   0   9 -18   9   0   9   0  -1  -4]
[ -2  -1   0   0   0   0   0   0   0   9  -8   4  -6   3   1   1]
[-11  -4   0   0   0   0   0   0  -9   0   4  -8   3  -6  -2   1]
[ -2  -1   0   0   0   0   0   0   0   9  -6   3  -8   4   1   1]
[-11  -4   0   0   0   0   0   0  -9   0   3  -6   4  -8  -2   1]
[ -6  -1   0   0   0   0   0   0  -4  -1   1  -2   1  -2  -4   2]
[  6  -1   0   0   0   0   0   0   5  -4   1   1   1   1   2  -4]
Signature:  (2, 14)
Genus symbol at 2:    1^16
Genus symbol at 3:     1^-12 3^-4
glueing
Genus of
[-6  3  0  0]
[ 3 -6  3  0]
[ 0  3 -6  3]
[ 0  0  3 -6]
Signature:  (0, 4)
Genus symbol at 2:    1^-4
Genus symbol at 3:     3^-4
Genus symbol at 5:     1^-3 5^-1
and
Genus of
[ 2  1]
[ 1 -2]
Signature:  (1, 1)
Genus symbol at 2:    1^-2
Genus symbol at 5:     1^-1 5^-1
above 5
3^1 * 5 -- 3^1
Genus of
[-4  0 -1  2  0  2  0 -1  3  0  0  0  0  0 -3  3]
[ 0 -4  0 -1  2  0  2  0 -3  3  0  0  0  0  0 -3]
[-1  0 -4  0 -1  2  0  2  0 -3  3  0  0  0  0  0]
[ 2 -1  0 -4  0 -1  2  0 -3  0 -3  3  0  0  0  0]
[ 0  2 -1  0 -4  0 -1  2  3 -3  0 -3  3  0  0  0]
[ 2  0  2 -1  0 -4  0 -1 -3  3 -3  0 -3  3  0  0]
[ 0  2  0  2 -1  0 -4  0  3 -3  3 -3  0 -3  3  0]
[-1  0  2  0  2 -1  0 -4  0  3 -3  3 -3  0 -3  3]
[ 3 -3  0 -3  3 -3  3  0 -8  5 -2  3 -6  4  1 -1]
[ 0  3 -3  0 -3  3 -3  3  5 -8  5 -2  3 -6  4  1]
[ 0  0  3 -3  0 -3  3 -3 -2  5 -8  5 -2  3 -6  4]
[ 0  0  0  3 -3  0 -3  3  3 -2  5 -8  5 -2  3 -6]
[ 0  0  0  0  3 -3  0 -3 -6  3 -2  5 -8  5 -2  3]
[ 0  0  0  0  0  3 -3  0  4 -6  3 -2  5 -8  5 -2]
[-3  0  0  0  0  0  3 -3  1  4 -6  3 -2  5 -8  5]
[ 3 -3  0  0  0  0  0  3 -1  1  4 -6  3 -2  5 -8]
Signature:  (2, 14)
Genus symbol at 2:    1^16
Genus symbol at 3:     1^-12 3^-4
glueing
Genus of
[-6  3  0  0]
[ 3 -6  3  0]
[ 0  3 -6  3]
[ 0  0  3 -6]
Signature:  (0, 4)
Genus symbol at 2:    1^-4
Genus symbol at 3:     3^-4
Genus symbol at 5:     1^-3 5^-1
and
Genus of
[ 2  1]
[ 1 -2]
Signature:  (1, 1)
Genus symbol at 2:    1^-2
Genus symbol at 5:     1^-1 5^-1
above 5
