1
glueing
Genus of
[-4  0 -1  2  0  2  0 -1 -1  1  1  2  1  1 -1 -1]
[ 0 -4  0 -1  2  0  2  0 -1 -1  1  1  2  1  1 -1]
[-1  0 -4  0 -1  2  0  2 -1 -1 -1  1  1  2  1  1]
[ 2 -1  0 -4  0 -1  2  0  0 -1 -1 -1  1  1  2  1]
[ 0  2 -1  0 -4  0 -1  2  0  0 -1 -1 -1  1  1  2]
[ 2  0  2 -1  0 -4  0 -1  0  0  0 -1 -1 -1  1  1]
[ 0  2  0  2 -1  0 -4  0  0  0  0  0 -1 -1 -1  1]
[-1  0  2  0  2 -1  0 -4 -1  0  0  0  0 -1 -1 -1]
[-1 -1 -1  0  0  0  0 -1 -2 -1 -1  0  0  1  1  1]
[ 1 -1 -1 -1  0  0  0  0 -1 -2 -1 -1  0  0  1  1]
[ 1  1 -1 -1 -1  0  0  0 -1 -1 -2 -1 -1  0  0  1]
[ 2  1  1 -1 -1 -1  0  0  0 -1 -1 -2 -1 -1  0  0]
[ 1  2  1  1 -1 -1 -1  0  0  0 -1 -1 -2 -1 -1  0]
[ 1  1  2  1  1 -1 -1 -1  1  0  0 -1 -1 -2 -1 -1]
[-1  1  1  2  1  1 -1 -1  1  1  0  0 -1 -1 -2 -1]
[-1 -1  1  1  2  1  1 -1  1  1  1  0  0 -1 -1 -2]
Signature:  (2, 14)
Genus symbol at 2:    1^16
Genus symbol at 5:     1^-14 5^-2
and
Genus of
[-10   5]
[  5 -10]
Signature:  (0, 2)
Genus symbol at 2:    1^-2
Genus symbol at 3:     1^-1 3^-1
Genus symbol at 5:     5^-2
above 5
3^1 * 5 -- 3^1
Genus of
[ -6  -3  -1  -2   0   0   0  -1  -1  -1  -1   0   1   1   1   1  -6   3]
[ -3  -4  -2   0  -2   0  -2   1  -1  -1  -1   0   0   1   1   2  -3   0]
[ -1  -2  -4   0  -1   2   0   2  -1  -1  -1   1   1   2   1   1   0   0]
[ -2   0   0  -4   0  -1   2   0   0  -1  -1  -1   1   1   2   1   0   0]
[  0  -2  -1   0  -4   0  -1   2   0   0  -1  -1  -1   1   1   2   0   0]
[  0   0   2  -1   0  -4   0  -1   0   0   0  -1  -1  -1   1   1   0   0]
[  0  -2   0   2  -1   0  -4   0   0   0   0   0  -1  -1  -1   1   0   0]
[ -1   1   2   0   2  -1   0  -4  -1   0   0   0   0  -1  -1  -1   0   0]
[ -1  -1  -1   0   0   0   0  -1  -2  -1  -1   0   0   1   1   1   0   0]
[ -1  -1  -1  -1   0   0   0   0  -1  -2  -1  -1   0   0   1   1   0   0]
[ -1  -1  -1  -1  -1   0   0   0  -1  -1  -2  -1  -1   0   0   1   0   0]
[  0   0   1  -1  -1  -1   0   0   0  -1  -1  -2  -1  -1   0   0   0   0]
[  1   0   1   1  -1  -1  -1   0   0   0  -1  -1  -2  -1  -1   0   0   0]
[  1   1   2   1   1  -1  -1  -1   1   0   0  -1  -1  -2  -1  -1   0   0]
[  1   1   1   2   1   1  -1  -1   1   1   0   0  -1  -1  -2  -1   0   0]
[  1   2   1   1   2   1   1  -1   1   1   1   0   0  -1  -1  -2   0   0]
[ -6  -3   0   0   0   0   0   0   0   0   0   0   0   0   0   0 -10   5]
[  3   0   0   0   0   0   0   0   0   0   0   0   0   0   0   0   5 -10]
Signature:  (2, 16)
Genus symbol at 2:    1^-18
Genus symbol at 3:     1^-17 3^-1
