1
found 0 extensions at level 5
computing representatives of <__main__.GenusHermitian object at 0x7f46956b0a90>
computing representatives of <__main__.GenusHermitian object at 0x7f46949a1be0>
Cp,fp: 1
Genus of
[-6  3]
[ 3 -6]
Signature:  (0, 2)
Genus symbol at 2:    1^-2
Genus symbol at 3:     3^1 9^1
C1: 1 Genus symbol at 3:     1^1 9^-1
computing representatives
Found 1 matching extensions
found 1 extensions at level 5
found 1 extensions at level 5
computing representatives of <__main__.GenusHermitian object at 0x7f46958913a0>
computing representatives of <__main__.GenusHermitian object at 0x7f4695889e50>
Cp,fp: 1
Genus of
[-6  3]
[ 3 -6]
Signature:  (0, 2)
Genus symbol at 2:    1^-2
Genus symbol at 3:     3^1 9^1
C1: 1 Genus symbol at 3:     1^1 9^-1
computing representatives
Found 1 matching extensions
found 0 extensions at level 5
