  ***   Warning: not enough memory, new PARI stack 8713719808
1
glueing
Genus of
[-2  1 -1 -1  2 -1  0  1 -1  2 -1 -1]
[ 1 -2  1 -1 -1  2 -1  0  1 -1  2 -1]
[-1  1 -2  1 -1 -1  2 -1  0  1 -1  2]
[-1 -1  1 -2  1 -1 -1  2 -1  0  1 -1]
[ 2 -1 -1  1 -2  1 -1 -1  2 -1  0  1]
[-1  2 -1 -1  1 -2  1 -1 -1  2 -1  0]
[ 0 -1  2 -1 -1  1 -2  1 -1 -1  2 -1]
[ 1  0 -1  2 -1 -1  1 -2  1 -1 -1  2]
[-1  1  0 -1  2 -1 -1  1 -2  1 -1 -1]
[ 2 -1  1  0 -1  2 -1 -1  1 -2  1 -1]
[-1  2 -1  1  0 -1  2 -1 -1  1 -2  1]
[-1 -1  2 -1  1  0 -1  2 -1 -1  1 -2]
Signature:  (2, 10)
Genus symbol at 2:    1^12
Genus symbol at 7:     1^-10 7^-2
and
Genus of
[ -6   3  -3   3  -5  -2]
[  3  -6   0  -3   7  -5]
[ -3   0  -4   2  -2  -5]
[  3  -3   2  -4   7  -2]
[ -5   7  -2   7 -18   9]
[ -2  -5  -5  -2   9 -18]
Signature:  (0, 6)
Genus symbol at 2:    1^-6
Genus symbol at 3:     1^3 3^3
Genus symbol at 7:     1^4 7^-2
above 7
3^1 * 7 -- 3^1
Genus of
[-12 -10  -1  -1   2  -3   1   1  -3   2  -2   0  -2  -2  -4   2  -4  -4]
[-10 -22  -2   1  -1  -2   2  -2  -1   1  -2   2  -7  -1  -7   2  -2 -14]
[ -1  -2  -2   1  -1  -1   2  -1   0   1  -1   2   0   0   0   0   0   0]
[ -1   1   1  -2   1  -1  -1   2  -1   0   1  -1   0   0   0   0   0   0]
[  2  -1  -1   1  -2   1  -1  -1   2  -1   0   1   0   0   0   0   0   0]
[ -3  -2  -1  -1   1  -2   1  -1  -1   2  -1   0   0   0   0   0   0   0]
[  1   2   2  -1  -1   1  -2   1  -1  -1   2  -1   0   0   0   0   0   0]
[  1  -2  -1   2  -1  -1   1  -2   1  -1  -1   2   0   0   0   0   0   0]
[ -3  -1   0  -1   2  -1  -1   1  -2   1  -1  -1   0   0   0   0   0   0]
[  2   1   1   0  -1   2  -1  -1   1  -2   1  -1   0   0   0   0   0   0]
[ -2  -2  -1   1   0  -1   2  -1  -1   1  -2   1   0   0   0   0   0   0]
[  0   2   2  -1   1   0  -1   2  -1  -1   1  -2   0   0   0   0   0   0]
[ -2  -7   0   0   0   0   0   0   0   0   0   0  -6   3  -3   3  -5  -2]
[ -2  -1   0   0   0   0   0   0   0   0   0   0   3  -6   0  -3   7  -5]
[ -4  -7   0   0   0   0   0   0   0   0   0   0  -3   0  -4   2  -2  -5]
[  2   2   0   0   0   0   0   0   0   0   0   0   3  -3   2  -4   7  -2]
[ -4  -2   0   0   0   0   0   0   0   0   0   0  -5   7  -2   7 -18   9]
[ -4 -14   0   0   0   0   0   0   0   0   0   0  -2  -5  -5  -2   9 -18]
Signature:  (2, 16)
Genus symbol at 2:    1^-18
Genus symbol at 3:     1^15 3^3
