1
glueing
Genus of
[-4 -2  0  0  0  2  0  0  0  0]
[-2 -4  0  0 -2  0  0  0  0  0]
[ 0  0 -4 -2  0  2  0  0  0  0]
[ 0  0 -2 -4 -2  0  0  0  0  0]
[ 0 -2  0 -2 -4 -2  0  0  0  0]
[ 2  0  2  0 -2 -4  0  0  0  0]
[ 0  0  0  0  0  0 -4 -2  0  2]
[ 0  0  0  0  0  0 -2 -4 -2  0]
[ 0  0  0  0  0  0  0 -2  0  0]
[ 0  0  0  0  0  0  2  0  0  0]
Signature:  (2, 8)
Genus symbol at 2:    2^-10
Genus symbol at 3:     1^9 3^1
and
Genus of
[-8  4  2  2 -2  0  0  0  2  0]
[ 4 -8 -4  2  2 -2  0  0 -2  2]
[ 2 -4 -4  2  2 -2  0  0 -2  2]
[ 2  2  2 -4  0  2  0  0  0 -2]
[-2  2  2  0 -4  2 -2  0  0  0]
[ 0 -2 -2  2  2 -4  2 -2  0  0]
[ 0  0  0  0 -2  2 -4  2 -2  2]
[ 0  0  0  0  0 -2  2 -4  0 -2]
[ 2 -2 -2  0  0  0 -2  0 -4  2]
[ 0  2  2 -2  0  0  2 -2  2 -4]
Signature:  (0, 10)
Genus symbol at 2:    2^-10
Genus symbol at 3:     1^-9 3^-1
above 2
3^1 * 2 -- 3^1
Genus of
[ -8   0  -2  -3  -5  -1  -2  -2  -2  -2  -3   0  -1   2  -3   0  -3  -1  -3   2]
[  0  -4  -2  -1  -3  -1   0   0  -3  -2   3  -3  -1  -1   1  -1   0  -1  -1  -1]
[ -2  -2  -4  -2  -4  -1  -1   0  -3  -2   2  -3  -1   0  -1   0  -1  -1  -2   0]
[ -3  -1  -2  -6  -6   0  -1  -2  -3  -3  -1  -4  -3   3   1  -3   0  -1  -2   2]
[ -5  -3  -4  -6 -12   1   0   0  -7  -2   3  -7  -5   3   0  -2  -3   0  -5   4]
[ -1  -1  -1   0   1  -6  -3  -2   1  -4  -2   1   2  -1  -2   0   1  -3   1  -3]
[ -2   0  -1  -1   0  -3  -4  -2   1  -2  -3   0   1   1  -2   0   0  -1   1  -1]
[ -2   0   0  -2   0  -2  -2  -4   0  -3  -3   1   0   1   0  -2   1  -2   0  -1]
[ -2  -3  -3  -3  -7   1   1   0  -6  -1   4  -5  -3   0   1  -1  -2   0  -4   2]
[ -2  -2  -2  -3  -2  -4  -2  -3  -1  -6  -1  -2  -1   1   0  -3   2  -4   0  -2]
[ -3   3   2  -1   3  -2  -3  -3   4  -1  -8   4   2   2  -2   0   0   0   2   0]
[  0  -3  -3  -4  -7   1   0   1  -5  -2   4  -8  -4   2   2  -2   0   0  -2   2]
[ -1  -1  -1  -3  -5   2   1   0  -3  -1   2  -4  -4   2   2  -2   0   0  -2   2]
[  2  -1   0   3   3  -1   1   1   0   1   2   2   2  -4   0   2   0   0   0  -2]
[ -3   1  -1   1   0  -2  -2   0   1   0  -2   2   2   0  -4   2  -2   0   0   0]
[  0  -1   0  -3  -2   0   0  -2  -1  -3   0  -2  -2   2   2  -4   2  -2   0   0]
[ -3   0  -1   0  -3   1   0   1  -2   2   0   0   0   0  -2   2  -4   2  -2   2]
[ -1  -1  -1  -1   0  -3  -1  -2   0  -4   0   0   0   0   0  -2   2  -4   0  -2]
[ -3  -1  -2  -2  -5   1   1   0  -4   0   2  -2  -2   0   0   0  -2   0  -4   2]
[  2  -1   0   2   4  -3  -1  -1   2  -2   0   2   2  -2   0   0   2  -2   2  -4]
Signature:  (2, 18)
Genus symbol at 2:    1^20
Genus symbol at 3:     1^-18 3^-2
glueing
Genus of
[-6]
Signature:  (0, 1)
Genus symbol at 2:    [2^-1]_5
Genus symbol at 3:     3^1
and
Genus of
[6]
Signature:  (1, 0)
Genus symbol at 2:    [2^-1]_3
Genus symbol at 3:     3^-1
above 2
glueing
Genus of
[-4 -2  1  2  0 -1  0  1  0  0  0  0]
[-2 -4 -1  1  1  0 -1  0  0  0  0  0]
[ 1 -1 -2 -1  0  0 -1 -1  0  0  0  0]
[ 2  1 -1 -2  0  0  0 -1  0  0  0  0]
[ 0  1  0  0 -2 -1  0  0  0  0  0  0]
[-1  0  0  0 -1 -2  0  0  0  0  0  0]
[ 0 -1 -1  0  0  0 -2 -1  0  0  0  0]
[ 1  0 -1 -1  0  0 -1 -2  0  0  0  0]
[ 0  0  0  0  0  0  0  0 -4 -2  0 -2]
[ 0  0  0  0  0  0  0  0 -2 -4  2  0]
[ 0  0  0  0  0  0  0  0  0  2  0  0]
[ 0  0  0  0  0  0  0  0 -2  0  0  0]
Signature:  (2, 10)
Genus symbol at 2:    1^4:2^8
and
Genus of
[-8  4  2  2  0  0  6 -6]
[ 4 -8 -4  2  0  0  0  6]
[ 2 -4 -4  2  0  0  0  4]
[ 2  2  2 -4  0  0 -4  0]
[ 0  0  0  0 -8  4  2 -2]
[ 0  0  0  0  4 -8  0  2]
[ 6  0  0 -4  2  0 -8  4]
[-6  6  4  0 -2  2  4 -8]
Signature:  (0, 8)
Genus symbol at 2:    2^8
Genus symbol at 3:     1^-6 3^-2
above 2
3^1 * 2 -- 3^1
Genus of
[ -6   1  -1  -1  -1  -1  -1   0  -3  -2   2   2  -2   4   2  -2  -2  -1   0  -3]
[  1 -10  -2  -2   0  -1  -1  -1   1  -2  -5  -2   6  -6  -4   0  -3   2  -3   6]
[ -1  -2  -4  -3   0   0  -2  -2   0  -1   0   1   1   1   0  -1   0   1  -2   0]
[ -1  -2  -3  -6   0   0  -1  -1  -1  -2  -1   3   4   1   1  -4   1   0  -6   2]
[ -1   0   0   0  -2  -1   0   0   0   0   0   0   0   0   0   0   0   0   0   0]
[ -1  -1   0   0  -1  -2   0   0   0   0   0   0   0   0   0   0   0   0   0   0]
[ -1  -1  -2  -1   0   0  -2  -1   0   0   0   0   0   0   0   0   0   0   0   0]
[  0  -1  -2  -1   0   0  -1  -2   0   0   0   0   0   0   0   0   0   0   0   0]
[ -3   1   0  -1   0   0   0   0  -4  -2   1   1  -1   2   2  -2  -2  -1   0  -2]
[ -2  -2  -1  -2   0   0   0   0  -2  -4   0   1   1   1   0  -2  -3   2  -2   0]
[  2  -5   0  -1   0   0   0   0   1   0  -4  -2   4  -5  -3   0   0   0  -2   5]
[  2  -2   1   3   0   0   0   0   1   1  -2  -4  -1  -4  -3   3   0   0   3   2]
[ -2   6   1   4   0   0   0   0  -1   1   4  -1  -8   4   2   2   0   0   6  -6]
[  4  -6   1   1   0   0   0   0   2   1  -5  -4   4  -8  -4   2   0   0   0   6]
[  2  -4   0   1   0   0   0   0   2   0  -3  -3   2  -4  -4   2   0   0   0   4]
[ -2   0  -1  -4   0   0   0   0  -2  -2   0   3   2   2   2  -4   0   0  -4   0]
[ -2  -3   0   1   0   0   0   0  -2  -3   0   0   0   0   0   0  -8   4   2  -2]
[ -1   2   1   0   0   0   0   0  -1   2   0   0   0   0   0   0   4  -8   0   2]
[  0  -3  -2  -6   0   0   0   0   0  -2  -2   3   6   0   0  -4   2   0  -8   4]
[ -3   6   0   2   0   0   0   0  -2   0   5   2  -6   6   4   0  -2   2   4  -8]
Signature:  (2, 18)
Genus symbol at 2:    1^20
Genus symbol at 3:     1^-18 3^-2
glueing
Genus of
[-6]
Signature:  (0, 1)
Genus symbol at 2:    [2^-1]_5
Genus symbol at 3:     3^1
and
Genus of
[6]
Signature:  (1, 0)
Genus symbol at 2:    [2^-1]_3
Genus symbol at 3:     3^-1
above 2
glueing
Genus of
[-4 -2  1  2  0  0  3  3  0  0  0  0]
[-2 -4 -1  1  0  0  0  3  0  0  0  0]
[ 1 -1 -2 -1  0  0 -2  0  0  0  0  0]
[ 2  1 -1 -2  0  0 -2 -2  0  0  0  0]
[ 0  0  0  0 -4 -2  2  2  0  0  0  0]
[ 0  0  0  0 -2 -4  0  2  0  0  0  0]
[ 3  0 -2 -2  2  0 -6 -3  0  0  0  0]
[ 3  3  0 -2  2  2 -3 -6  0  0  0  0]
[ 0  0  0  0  0  0  0  0 -4 -2  2  2]
[ 0  0  0  0  0  0  0  0 -2 -4  0  2]
[ 0  0  0  0  0  0  0  0  2  0  0  0]
[ 0  0  0  0  0  0  0  0  2  2  0  0]
Signature:  (2, 10)
Genus symbol at 2:    1^4:2^8
Genus symbol at 3:     1^-10 3^-2
and
Genus of
[-8  4  2  2 -2  0  6  0]
[ 4 -8 -4  2  2 -2 -6  6]
[ 2 -4 -4  2  0  0 -4  4]
[ 2  2  2 -4  0  0  0 -4]
[-2  2  0  0 -4  2  0  0]
[ 0 -2  0  0  2 -4  0  0]
[ 6 -6 -4  0  0  0 -8  4]
[ 0  6  4 -4  0  0  4 -8]
Signature:  (0, 8)
Genus symbol at 2:    2^8
above 2
3^1 * 2 -- 3^1
Genus of
[-12  -2  -1  -2   4  -7  -4  -4  -7   4  -4   0   4  -7  -4   1   0  -2  -7   5]
[ -2  -8  -3  -2  -2   2  -5  -1   0  -2   1  -1  -3   2   1   0  -2   0   2  -1]
[ -1  -3  -2  -1   0   0  -2   0   0   0   0   0   0   0   0   0   0   0   0   0]
[ -2  -2  -1  -2   0   0  -2  -2   0   0   0   0   0   0   0   0   0   0   0   0]
[  4  -2   0   0  -6   3   1   1   2  -4   1  -3  -3   5   2  -2  -3   1   3  -4]
[ -7   2   0   0   3 -10   0   1  -5   3  -5  -1   6  -7  -4   0   2  -3  -7   3]
[ -4  -5  -2  -2   1   0  -6  -3   0   0   0   0   0   0   0   0   0   0   0   0]
[ -4  -1   0  -2   1   1  -3  -6   0   0   0   0   0   0   0   0   0   0   0   0]
[ -7   0   0   0   2  -5   0   0 -10   5  -1   2   1  -6  -5   3  -2   0  -6   7]
[  4  -2   0   0  -4   3   0   0   5  -8   0  -3  -3   5   4  -3   0  -2   5  -6]
[ -4   1   0   0   1  -5   0   0  -1   0  -4  -2   4  -3  -1  -2   1  -2  -4   0]
[  0  -1   0   0  -3  -1   0   0   2  -3  -2  -4   1   2   1  -3  -1  -1   0  -4]
[  4  -3   0   0  -3   6   0   0   1  -3   4   1  -8   4   2   2  -2   0   6   0]
[ -7   2   0   0   5  -7   0   0  -6   5  -3   2   4  -8  -4   2   2  -2  -6   6]
[ -4   1   0   0   2  -4   0   0  -5   4  -1   1   2  -4  -4   2   0   0  -4   4]
[  1   0   0   0  -2   0   0   0   3  -3  -2  -3   2   2   2  -4   0   0   0  -4]
[  0  -2   0   0  -3   2   0   0  -2   0   1  -1  -2   2   0   0  -4   2   0   0]
[ -2   0   0   0   1  -3   0   0   0  -2  -2  -1   0  -2   0   0   2  -4   0   0]
[ -7   2   0   0   3  -7   0   0  -6   5  -4   0   6  -6  -4   0   0   0  -8   4]
[  5  -1   0   0  -4   3   0   0   7  -6   0  -4   0   6   4  -4   0   0   4  -8]
Signature:  (2, 18)
Genus symbol at 2:    1^20
Genus symbol at 3:     1^-18 3^-2
glueing
Genus of
[-6]
Signature:  (0, 1)
Genus symbol at 2:    [2^-1]_5
Genus symbol at 3:     3^1
and
Genus of
[6]
Signature:  (1, 0)
Genus symbol at 2:    [2^-1]_3
Genus symbol at 3:     3^-1
above 2
glueing
Genus of
[-4 -2  1  2  1  1  0  0 -1 -1  0  0  0  0]
[-2 -4 -1  1  0  1  0  0  0 -1  0  0  0  0]
[ 1 -1 -2 -1  0  0  0  0  1  0  0  0  0  0]
[ 2  1 -1 -2  0  0  0  0  1  1  0  0  0  0]
[ 1  0  0  0 -2 -1 -1 -1  0  0  0  0  0  0]
[ 1  1  0  0 -1 -2  0 -1  0  0  0  0  0  0]
[ 0  0  0  0 -1  0 -2 -1  0  0  0  0  0  0]
[ 0  0  0  0 -1 -1 -1 -2  0  0  0  0  0  0]
[-1  0  1  1  0  0  0  0 -2 -1  0  0  0  0]
[-1 -1  0  1  0  0  0  0 -1 -2  0  0  0  0]
[ 0  0  0  0  0  0  0  0  0  0 -4 -2  2  2]
[ 0  0  0  0  0  0  0  0  0  0 -2 -4  0  2]
[ 0  0  0  0  0  0  0  0  0  0  2  0  0  0]
[ 0  0  0  0  0  0  0  0  0  0  2  2  0  0]
Signature:  (2, 12)
Genus symbol at 2:    1^8:2^-6
Genus symbol at 3:     1^-13 3^-1
and
Genus of
[-8  4  2  2  6  0]
[ 4 -8 -4  2 -6  6]
[ 2 -4 -4  2 -4  4]
[ 2  2  2 -4  0 -4]
[ 6 -6 -4  0 -8  4]
[ 0  6  4 -4  4 -8]
Signature:  (0, 6)
Genus symbol at 2:    2^-6
Genus symbol at 3:     1^5 3^1
above 2
3^1 * 2 -- 3^1
Genus of
[-4 -2  0  0  1  1  0  0 -1 -1  0  0  0  0  0  0  0  0  0  0]
[-2 -4 -1  0  0  1  0  0  0 -1  0  0  0  0  0  0  0  0  0  0]
[ 0 -1 -8  1  0  0  0  0  0 -1 -2 -1  3 -5  5 -7 -4  1 -7  5]
[ 0  0  1 -2  0  0  0  0 -1 -1  0  0 -1  1 -2  1  1  0  2 -1]
[ 1  0  0  0 -2 -1 -1 -1  0  0  0  0  0  0  0  0  0  0  0  0]
[ 1  1  0  0 -1 -2  0 -1  0  0  0  0  0  0  0  0  0  0  0  0]
[ 0  0  0  0 -1  0 -2 -1  0  0  0  0  0  0  0  0  0  0  0  0]
[ 0  0  0  0 -1 -1 -1 -2  0  0  0  0  0  0  0  0  0  0  0  0]
[-1  0  0 -1  0  0  0  0 -2 -1  0  0  0  0  0  0  0  0  0  0]
[-1 -1 -1 -1  0  0  0  0 -1 -2  0  0  0  0  0  0  0  0  0  0]
[ 0  0 -2  0  0  0  0  0  0  0 -2 -1  1 -1  1 -2 -1  0 -2  1]
[ 0  0 -1  0  0  0  0  0  0  0 -1 -2  0  0 -1 -1 -1  1 -1  2]
[ 0  0  3 -1  0  0  0  0  0  0  1  0 -2  2 -3  3  2 -1  3 -2]
[ 0  0 -5  1  0  0  0  0  0  0 -1  0  2 -4  4 -5 -3  0 -5  3]
[ 0  0  5 -2  0  0  0  0  0  0  1 -1 -3  4 -8  4  2  2  6  0]
[ 0  0 -7  1  0  0  0  0  0  0 -2 -1  3 -5  4 -8 -4  2 -6  6]
[ 0  0 -4  1  0  0  0  0  0  0 -1 -1  2 -3  2 -4 -4  2 -4  4]
[ 0  0  1  0  0  0  0  0  0  0  0  1 -1  0  2  2  2 -4  0 -4]
[ 0  0 -7  2  0  0  0  0  0  0 -2 -1  3 -5  6 -6 -4  0 -8  4]
[ 0  0  5 -1  0  0  0  0  0  0  1  2 -2  3  0  6  4 -4  4 -8]
Signature:  (2, 18)
Genus symbol at 2:    1^20
Genus symbol at 3:     1^-18 3^-2
glueing
Genus of
[-6]
Signature:  (0, 1)
Genus symbol at 2:    [2^-1]_5
Genus symbol at 3:     3^1
and
Genus of
[6]
Signature:  (1, 0)
Genus symbol at 2:    [2^-1]_3
Genus symbol at 3:     3^-1
above 2
glueing
Genus of
[-4 -2  1  2  1  1  0  0  0  0 -1 -1 -1 -1  0  0  1  1]
[-2 -4 -1  1  0  1  0  0  0  0  0 -1  0 -1  0  0  0  1]
[ 1 -1 -2 -1  0  0  0  0  0  0  0  0  1  0  0  0 -1  0]
[ 2  1 -1 -2  0  0  0  0  0  0  0  0  1  1  0  0 -1 -1]
[ 1  0  0  0 -2 -1 -1 -1  0  0  0  0  0  0  0  0  0  0]
[ 1  1  0  0 -1 -2  0 -1  0  0  0  0  0  0  0  0  0  0]
[ 0  0  0  0 -1  0 -2 -1  0  0 -1  0  0  0  0  0  0  0]
[ 0  0  0  0 -1 -1 -1 -2  0  0 -1 -1  0  0  0  0  0  0]
[ 0  0  0  0  0  0  0  0 -4 -2  1  1  0  0  0  0  0  0]
[ 0  0  0  0  0  0  0  0 -2 -4  0  1  0  0  0  0  0  0]
[-1  0  0  0  0  0 -1 -1  1  0 -2 -1  0  0  0  0  0  0]
[-1 -1  0  0  0  0  0 -1  1  1 -1 -2  0  0  0  0  0  0]
[-1  0  1  1  0  0  0  0  0  0  0  0 -2 -1 -1 -1  0  0]
[-1 -1  0  1  0  0  0  0  0  0  0  0 -1 -2  0 -1  0  0]
[ 0  0  0  0  0  0  0  0  0  0  0  0 -1  0 -2 -1  0  0]
[ 0  0  0  0  0  0  0  0  0  0  0  0 -1 -1 -1 -2  0  0]
[ 1  0 -1 -1  0  0  0  0  0  0  0  0  0  0  0  0  0  0]
[ 1  1  0 -1  0  0  0  0  0  0  0  0  0  0  0  0  0  0]
Signature:  (2, 16)
Genus symbol at 2:    1^16:2^-2
Genus symbol at 3:     1^17 3^1
and
Genus of
[-4  2]
[ 2 -4]
Signature:  (0, 2)
Genus symbol at 2:    2^-2
Genus symbol at 3:     1^-1 3^-1
above 2
3^1 * 2 -- 3^1
Genus of
[-4 -2  1  2  1  1  0  0  0  0 -1 -1  0  0  0  0  1  1  0  0]
[-2 -4 -1  1  0  1  0  0  0  0  0 -1  0  0  0  0  0  1  0  0]
[ 1 -1 -2 -1  0  0  0  0  0  0  0  0  0  0  0  0 -1  0  0  0]
[ 2  1 -1 -2  0  0  0  0  0  0  0  0  0  0  0  0 -1 -1  0  0]
[ 1  0  0  0 -2 -1 -1 -1  0  0  0  0  0  0  0  0  0  0  0  0]
[ 1  1  0  0 -1 -2  0 -1  0  0  0  0  0  0  0  0  0  0  0  0]
[ 0  0  0  0 -1  0 -2 -1  0  0 -1  0  0  0  0  0  0  0  0  0]
[ 0  0  0  0 -1 -1 -1 -2  0  0 -1 -1  0  0  0  0  0  0  0  0]
[ 0  0  0  0  0  0  0  0 -4 -2  1  1  0  0  0  0  0  0  0  0]
[ 0  0  0  0  0  0  0  0 -2 -4  0  1  0  0  0  0  0  0  0  0]
[-1  0  0  0  0  0 -1 -1  1  0 -2 -1  0  0  0  0  0  0  0  0]
[-1 -1  0  0  0  0  0 -1  1  1 -1 -2  0  0  0  0  0  0  0  0]
[ 0  0  0  0  0  0  0  0  0  0  0  0 -4 -1 -2 -2  0  0 -2  1]
[ 0  0  0  0  0  0  0  0  0  0  0  0 -1 -2 -1 -1  0  0  1 -2]
[ 0  0  0  0  0  0  0  0  0  0  0  0 -2 -1 -2 -1  0  0  0  0]
[ 0  0  0  0  0  0  0  0  0  0  0  0 -2 -1 -1 -2  0  0  0  0]
[ 1  0 -1 -1  0  0  0  0  0  0  0  0  0  0  0  0  0  0  0  0]
[ 1  1  0 -1  0  0  0  0  0  0  0  0  0  0  0  0  0  0  0  0]
[ 0  0  0  0  0  0  0  0  0  0  0  0 -2  1  0  0  0  0 -4  2]
[ 0  0  0  0  0  0  0  0  0  0  0  0  1 -2  0  0  0  0  2 -4]
Signature:  (2, 18)
Genus symbol at 2:    1^20
Genus symbol at 3:     1^-18 3^-2
glueing
Genus of
[-6]
Signature:  (0, 1)
Genus symbol at 2:    [2^-1]_5
Genus symbol at 3:     3^1
and
Genus of
[6]
Signature:  (1, 0)
Genus symbol at 2:    [2^-1]_3
Genus symbol at 3:     3^-1
above 2
3^1 * 2 -- 3^1
Genus of
[-4 -2  1  2  0  0  0  0  0  0  0  0  0  0  3  3  0  0  0  0]
[-2 -4 -1  1  0  0  0  0  0  0  0  0  0  0  0  3  0  0  0  0]
[ 1 -1 -2 -1  0  0  0  0  0  0  0  0  0  0 -1  0  0  0  0  0]
[ 2  1 -1 -2  0  0  0  0  0  0  0  0  0  0 -1 -1  0  0  0  0]
[ 0  0  0  0 -4 -2  1  2  0  0  3  3  3  3  1  1  0  0  0  0]
[ 0  0  0  0 -2 -4 -1  1  0  0  0  3  0  3  0  1  0  0  0  0]
[ 0  0  0  0  1 -1 -2 -1  0  0 -2  0 -2  0  0  0  0  0  0  0]
[ 0  0  0  0  2  1 -1 -2  0  0 -2 -2 -2 -2  0  0  0  0  0  0]
[ 0  0  0  0  0  0  0  0 -4 -2  1  1  2  2 -2 -2  0  0  0  0]
[ 0  0  0  0  0  0  0  0 -2 -4  0  1  0  2  0 -2  0  0  0  0]
[ 0  0  0  0  3  0 -2 -2  1  0 -4 -2 -4 -2  0  0  0  0  0  0]
[ 0  0  0  0  3  3  0 -2  1  1 -2 -4 -2 -4  0  0  0  0  0  0]
[ 0  0  0  0  3  0 -2 -2  2  0 -4 -2 -6 -3  0  0  0  0  0  0]
[ 0  0  0  0  3  3  0 -2  2  2 -2 -4 -3 -6  0  0  0  0  0  0]
[ 3  0 -1 -1  1  0  0  0 -2  0  0  0  0  0 -6 -3  0  0  0  0]
[ 3  3  0 -1  1  1  0  0 -2 -2  0  0  0  0 -3 -6  0  0  0  0]
[ 0  0  0  0  0  0  0  0  0  0  0  0  0  0  0  0 -4 -2 -1 -1]
[ 0  0  0  0  0  0  0  0  0  0  0  0  0  0  0  0 -2 -4  0 -1]
[ 0  0  0  0  0  0  0  0  0  0  0  0  0  0  0  0 -1  0  0  0]
[ 0  0  0  0  0  0  0  0  0  0  0  0  0  0  0  0 -1 -1  0  0]
Signature:  (2, 18)
Genus symbol at 2:    1^20
Genus symbol at 3:     1^-18 3^-2
glueing
Genus of
[-6]
Signature:  (0, 1)
Genus symbol at 2:    [2^-1]_5
Genus symbol at 3:     3^1
and
Genus of
[6]
Signature:  (1, 0)
Genus symbol at 2:    [2^-1]_3
Genus symbol at 3:     3^-1
above 2
