1
glueing
Genus of
[ -4   0  -1   2   0   2   0  -1   0   0   0   6  -4   1  -6   4]
[  0  -4   0  -1   2   0   2   0   0   0   0   0   6  -4   1  -6]
[ -1   0  -4   0  -1   2   0   2   1   0   0   0   0   6  -4   1]
[  2  -1   0  -4   0  -1   2   0  -4   1   0   0   0   0   6  -4]
[  0   2  -1   0  -4   0  -1   2   6  -4   1   0   0   0   0   6]
[  2   0   2  -1   0  -4   0  -1  -1   6  -4   1   0   0   0   0]
[  0   2   0   2  -1   0  -4   0   4  -1   6  -4   1   0   0   0]
[ -1   0   2   0   2  -1   0  -4  -7   4  -1   6  -4   1   0   0]
[  0   0   1  -4   6  -1   4  -7 -26  14  -9  12 -15  13   1  -3]
[  0   0   0   1  -4   6  -1   4  14 -26  14  -9  12 -15  13   1]
[  0   0   0   0   1  -4   6  -1  -9  14 -26  14  -9  12 -15  13]
[  6   0   0   0   0   1  -4   6  12  -9  14 -26  14  -9  12 -15]
[ -4   6   0   0   0   0   1  -4 -15  12  -9  14 -26  14  -9  12]
[  1  -4   6   0   0   0   0   1  13 -15  12  -9  14 -26  14  -9]
[ -6   1  -4   6   0   0   0   0   1  13 -15  12  -9  14 -26  14]
[  4  -6   1  -4   6   0   0   0  -3   1  13 -15  12  -9  14 -26]
Signature:  (2, 14)
Genus symbol at 2:    1^16
Genus symbol at 5:     1^-14 5^-2
and
Genus of
[-6  3 -2  1]
[ 3 -6  1 -2]
[-2  1 -4  2]
[ 1 -2  2 -4]
Signature:  (0, 4)
Genus symbol at 2:    1^4
Genus symbol at 3:     1^-2 3^-2
Genus symbol at 5:     1^-2 5^-2
above 5
3^1 * 5 -- 3^1
Genus of
[ -8  -2  -1  -2   0   0   0  -1  -4   2   2   2  -2   3   2  -2  -4  -1  -3   0]
[ -2 -10  -2   0  -2   0  -2   1   3   0   3  -1   1   3  -1   1   3  -6   2  -4]
[ -1  -2  -4   0  -1   2   0   2   1   0   0   0   0   6  -4   1   0   0   0   0]
[ -2   0   0  -4   0  -1   2   0  -4   1   0   0   0   0   6  -4   0   0   0   0]
[  0  -2  -1   0  -4   0  -1   2   6  -4   1   0   0   0   0   6   0   0   0   0]
[  0   0   2  -1   0  -4   0  -1  -1   6  -4   1   0   0   0   0   0   0   0   0]
[  0  -2   0   2  -1   0  -4   0   4  -1   6  -4   1   0   0   0   0   0   0   0]
[ -1   1   2   0   2  -1   0  -4  -7   4  -1   6  -4   1   0   0   0   0   0   0]
[ -4   3   1  -4   6  -1   4  -7 -26  14  -9  12 -15  13   1  -3   0   0   0   0]
[  2   0   0   1  -4   6  -1   4  14 -26  14  -9  12 -15  13   1   0   0   0   0]
[  2   3   0   0   1  -4   6  -1  -9  14 -26  14  -9  12 -15  13   0   0   0   0]
[  2  -1   0   0   0   1  -4   6  12  -9  14 -26  14  -9  12 -15   0   0   0   0]
[ -2   1   0   0   0   0   1  -4 -15  12  -9  14 -26  14  -9  12   0   0   0   0]
[  3   3   6   0   0   0   0   1  13 -15  12  -9  14 -26  14  -9   0   0   0   0]
[  2  -1  -4   6   0   0   0   0   1  13 -15  12  -9  14 -26  14   0   0   0   0]
[ -2   1   1  -4   6   0   0   0  -3   1  13 -15  12  -9  14 -26   0   0   0   0]
[ -4   3   0   0   0   0   0   0   0   0   0   0   0   0   0   0  -6   3  -2   1]
[ -1  -6   0   0   0   0   0   0   0   0   0   0   0   0   0   0   3  -6   1  -2]
[ -3   2   0   0   0   0   0   0   0   0   0   0   0   0   0   0  -2   1  -4   2]
[  0  -4   0   0   0   0   0   0   0   0   0   0   0   0   0   0   1  -2   2  -4]
Signature:  (2, 18)
Genus symbol at 2:    1^20
Genus symbol at 3:     1^-18 3^-2
