1
3^1 * 5 -- 3^1
Genus of
[-2  1  0  0 -2  1  1  0]
[ 1 -2  1  0  0 -2  1  1]
[ 0  1 -2  1  0  0 -2  1]
[ 0  0  1 -2  1  0  0 -2]
[-2  0  0  1 -2  1  0  0]
[ 1 -2  0  0  1 -2  1  0]
[ 1  1 -2  0  0  1 -2  1]
[ 0  1  1 -2  0  0  1 -2]
Signature:  (2, 6)
Genus symbol at 2:    1^8
Genus symbol at 3:     1^-4 3^-4
glueing
Genus of
[-6  0  3  3]
[ 0 -6  0  3]
[ 3  0 -6  0]
[ 3  3  0 -6]
Signature:  (0, 4)
Genus symbol at 2:    1^-4
Genus symbol at 3:     3^-4
Genus symbol at 5:     1^-3 5^-1
and
Genus of
[ 0  0  0  0  0  0  0  0  0  1]
[ 0 -2  1 -1  1  1  1 -1  1  0]
[ 0  1 -2  0  0  0 -1  1  0  0]
[ 0 -1  0 -2  0  1  1 -1  1  0]
[ 0  1  0  0 -2  0  0  0 -1  0]
[ 0  1  0  1  0 -2  0  0  0  0]
[ 0  1 -1  1  0  0 -2  1 -1  0]
[ 0 -1  1 -1  0  0  1 -2  1  0]
[ 0  1  0  1 -1  0 -1  1 -4  0]
[ 1  0  0  0  0  0  0  0  0  0]
Signature:  (1, 9)
Genus symbol at 2:    1^-10
Genus symbol at 5:     1^-9 5^-1
above 5
glueing
Genus of
[ -6   2   1   1   8  -4   4  -8]
[  2  -6   2   1   0   8  -4   4]
[  1   2  -6   2  -8   0   8  -4]
[  1   1   2  -6   4  -8   0   8]
[  8   0  -8   4 -22   9   2   2]
[ -4   8   0  -8   9 -22   9   2]
[  4  -4   8   0   2   9 -22   9]
[ -8   4  -4   8   2   2   9 -22]
Signature:  (0, 8)
Genus symbol at 2:    1^8
Genus symbol at 3:     1^-4 3^-4
Genus symbol at 5:     1^-6 5^-2
and
Genus of
[ 0  0  0  0  0  1]
[ 0 -2  1 -1  1  0]
[ 0  1 -2  1 -1  0]
[ 0 -1  1 -4 -1  0]
[ 0  1 -1 -1 -4  0]
[ 1  0  0  0  0  0]
Signature:  (1, 5)
Genus symbol at 2:    1^6
Genus symbol at 5:     1^-4 5^-2
above 5
