1
glueing
Genus of
[ 2  3 -1 -2 -4 -1  1  3]
[ 3  2  3 -1 -2 -4 -1  1]
[-1  3  2  3 -1 -2 -4 -1]
[-2 -1  3  2  3 -1 -2 -4]
[-4 -2 -1  3  2  3 -1 -2]
[-1 -4 -2 -1  3  2  3 -1]
[ 1 -1 -4 -2 -1  3  2  3]
[ 3  1 -1 -4 -2 -1  3  2]
Signature:  (2, 6)
Genus symbol at 2:    1^8
Genus symbol at 5:     1^-6 5^-2
and
Genus of
[-10   5]
[  5 -10]
Signature:  (0, 2)
Genus symbol at 2:    1^-2
Genus symbol at 3:     1^-1 3^-1
Genus symbol at 5:     5^-2
above 5
3^1 * 5 -- 3^1
Genus of
[ -2  -1   1   0   0  -1  -1  -1  -4   2]
[ -1  -6  -1   1   0   1  -1   0  -2  -5]
[  1  -1   2   3  -1  -2  -4  -1   0   0]
[  0   1   3   2   3  -1  -2  -4   0   0]
[  0   0  -1   3   2   3  -1  -2   0   0]
[ -1   1  -2  -1   3   2   3  -1   0   0]
[ -1  -1  -4  -2  -1   3   2   3   0   0]
[ -1   0  -1  -4  -2  -1   3   2   0   0]
[ -4  -2   0   0   0   0   0   0 -10   5]
[  2  -5   0   0   0   0   0   0   5 -10]
Signature:  (2, 8)
Genus symbol at 2:    1^-10
Genus symbol at 3:     1^-9 3^-1
