1
glueing
Genus of
[-2  0 -1  0  0  0  0  0]
[ 0 -2  0 -1  0  0  0  0]
[-1  0 -2  0  0  0  0  0]
[ 0 -1  0 -2  0  0  0  0]
[ 0  0  0  0  0  1  0  0]
[ 0  0  0  0  1  0  1  0]
[ 0  0  0  0  0  1  0  1]
[ 0  0  0  0  0  0  1  0]
Signature:  (2, 6)
Genus symbol at 2:    1^8
Genus symbol at 3:     1^6 3^2
and
Genus of
[-8  0 -2 -4]
[ 0 -8  4 -2]
[-2  4 -4  0]
[-4 -2  0 -4]
Signature:  (0, 4)
Genus symbol at 2:    2^4
Genus symbol at 3:     1^2 3^2
above 3
2^2 * 3 -- 2^2
Genus of
[ -2  -2  -1   0   0   0   0   0  -2  -2   0  -2]
[ -2 -10   0  -1   0   0   0   0  -8   2  -4  -4]
[ -1   0  -2   0   0   0   0   0   0   0   0   0]
[  0  -1   0  -2   0   0   0   0   0   0   0   0]
[  0   0   0   0   0   1   0   0   0   0   0   0]
[  0   0   0   0   1   0   1   0   0   0   0   0]
[  0   0   0   0   0   1   0   1   0   0   0   0]
[  0   0   0   0   0   0   1   0   0   0   0   0]
[ -2  -8   0   0   0   0   0   0  -8   0  -2  -4]
[ -2   2   0   0   0   0   0   0   0  -8   4  -2]
[  0  -4   0   0   0   0   0   0  -2   4  -4   0]
[ -2  -4   0   0   0   0   0   0  -4  -2   0  -4]
Signature:  (2, 10)
Genus symbol at 2:    1^8:2^4
glueing
Genus of
[-4  2]
[ 2 -4]
Signature:  (0, 2)
Genus symbol at 2:    2^-2
Genus symbol at 3:     1^-1 3^-1
and
Genus of
[ 0  0  0  0  0  0  0  1]
[ 0 -2 -1 -1  1  0  0  0]
[ 0 -1 -2  0  1  0  0  0]
[ 0 -1  0 -2  1  0  0  0]
[ 0  1  1  1 -2  0  0  0]
[ 0  0  0  0  0 -2 -1  0]
[ 0  0  0  0  0 -1 -2  0]
[ 1  0  0  0  0  0  0  0]
Signature:  (1, 7)
Genus symbol at 2:    1^6:2^-2
Genus symbol at 3:     1^-7 3^1
above 3
glueing
Genus of
[-8  4  2  2]
[ 4 -8 -4  2]
[ 2 -4 -4  2]
[ 2  2  2 -4]
Signature:  (0, 4)
Genus symbol at 2:    2^4
Genus symbol at 3:     1^2 3^2
and
Genus of
[ 0  0  0  0  0  1]
[ 0 -2  0  0 -1  0]
[ 0  0 -2 -1  0  0]
[ 0  0 -1 -2  0  0]
[ 0 -1  0  0 -2  0]
[ 1  0  0  0  0  0]
Signature:  (1, 5)
Genus symbol at 2:    1^6
Genus symbol at 3:     1^-4 3^2
above 3
glueing
Genus of
[-6  0 -3  0 -2 -1 -1 -2]
[ 0 -6  0 -3  1 -2 -1 -1]
[-3  0 -6  0 -1  1 -2 -1]
[ 0 -3  0 -6  2 -1  1 -2]
[-2  1 -1  2 -2  1 -1  0]
[-1 -2  1 -1  1 -2  1 -1]
[-1 -1 -2  1 -1  1 -2  1]
[-2 -1 -1 -2  0 -1  1 -2]
Signature:  (2, 6)
Genus symbol at 2:    1^-6:2^-2
Genus symbol at 3:     1^4 3^4
and
Genus of
[-18   0  -9  -3]
[  0 -18   3  -9]
[ -9   3  -6   0]
[ -3  -9   0  -6]
Signature:  (0, 4)
Genus symbol at 2:    1^-2:2^-2
Genus symbol at 3:     3^4
above 3
glueing
Genus of
[-2  0 -1  0  0  0  0  0]
[ 0 -2  0 -1  0  0  0  0]
[-1  0 -2  0  0  0  0  0]
[ 0 -1  0 -2  0  0  0  0]
[ 0  0  0  0 -2  3 -1  0]
[ 0  0  0  0  3 -2  3 -1]
[ 0  0  0  0 -1  3 -2  3]
[ 0  0  0  0  0 -1  3 -2]
Signature:  (2, 6)
Genus symbol at 2:    1^-6:2^-2
Genus symbol at 3:     1^4 3^4
and
Genus of
[-18   0  -9   3]
[  0 -18  -3  -9]
[ -9  -3  -6   0]
[  3  -9   0  -6]
Signature:  (0, 4)
Genus symbol at 2:    1^-2:2^-2
Genus symbol at 3:     3^4
above 3
2^2 * 3 -- 2^2
Genus of
[-38 -28  -1   0 -32 -24   0   0 -16 -20 -12  -8]
[-28 -24   0  -1 -22 -21   0   0  -7 -19  -7  -9]
[ -1   0  -2   0   0   0   0   0   0   0   0   0]
[  0  -1   0  -2   0   0   0   0   0   0   0   0]
[-32 -22   0   0 -30 -17  -1   1 -18 -14 -12  -4]
[-24 -21   0   0 -17 -20   2  -1  -4 -18  -5  -9]
[  0   0   0   0  -1   2  -2   3   0   0   0   0]
[  0   0   0   0   1  -1   3  -2   0   0   0   0]
[-16  -7   0   0 -18  -4   0   0 -18   0  -9   3]
[-20 -19   0   0 -14 -18   0   0   0 -18  -3  -9]
[-12  -7   0   0 -12  -5   0   0  -9  -3  -6   0]
[ -8  -9   0   0  -4  -9   0   0   3  -9   0  -6]
Signature:  (2, 10)
Genus symbol at 2:    1^8:2^4
glueing
Genus of
[-4  2]
[ 2 -4]
Signature:  (0, 2)
Genus symbol at 2:    2^-2
Genus symbol at 3:     1^-1 3^-1
and
Genus of
[ 0  0  0  0  0  0  0  1]
[ 0 -2 -1 -1  1  0  0  0]
[ 0 -1 -2  0  1  0  0  0]
[ 0 -1  0 -2  1  0  0  0]
[ 0  1  1  1 -2  0  0  0]
[ 0  0  0  0  0 -2 -1  0]
[ 0  0  0  0  0 -1 -2  0]
[ 1  0  0  0  0  0  0  0]
Signature:  (1, 7)
Genus symbol at 2:    1^6:2^-2
Genus symbol at 3:     1^-7 3^1
above 3
glueing
Genus of
[-8  4  2  2]
[ 4 -8 -4  2]
[ 2 -4 -4  2]
[ 2  2  2 -4]
Signature:  (0, 4)
Genus symbol at 2:    2^4
Genus symbol at 3:     1^2 3^2
and
Genus of
[ 0  0  0  0  0  1]
[ 0 -2  0  0 -1  0]
[ 0  0 -2 -1  0  0]
[ 0  0 -1 -2  0  0]
[ 0 -1  0  0 -2  0]
[ 1  0  0  0  0  0]
Signature:  (1, 5)
Genus symbol at 2:    1^6
Genus symbol at 3:     1^-4 3^2
above 3
2^2 * 3 -- 2^2
Genus of
[-4  0 -2  0 -2 -3 -1 -2  0  0  0  0]
[ 0 -4  0 -2 -1 -2 -3 -1  0  0  0  0]
[-2  0 -4  0 -1 -1 -2 -3  0  0  0  0]
[ 0 -2  0 -4  2 -1 -1 -2  0  0  0  0]
[-2 -1 -1  2 -4 -2 -2  0  0  0  0  0]
[-3 -2 -1 -1 -2 -4 -2 -2  0  0  0  0]
[-1 -3 -2 -1 -2 -2 -4 -2  0  0  0  0]
[-2 -1 -3 -2  0 -2 -2 -4  0  0  0  0]
[ 0  0  0  0  0  0  0  0  0  1  0  0]
[ 0  0  0  0  0  0  0  0  1  0  1  0]
[ 0  0  0  0  0  0  0  0  0  1  0  1]
[ 0  0  0  0  0  0  0  0  0  0  1  0]
Signature:  (2, 10)
Genus symbol at 2:    1^8:2^4
glueing
Genus of
[-4  2]
[ 2 -4]
Signature:  (0, 2)
Genus symbol at 2:    2^-2
Genus symbol at 3:     1^-1 3^-1
and
Genus of
[ 0  0  0  0  0  0  0  1]
[ 0 -2 -1 -1  1  0  0  0]
[ 0 -1 -2  0  1  0  0  0]
[ 0 -1  0 -2  1  0  0  0]
[ 0  1  1  1 -2  0  0  0]
[ 0  0  0  0  0 -2 -1  0]
[ 0  0  0  0  0 -1 -2  0]
[ 1  0  0  0  0  0  0  0]
Signature:  (1, 7)
Genus symbol at 2:    1^6:2^-2
Genus symbol at 3:     1^-7 3^1
above 3
glueing
Genus of
[-8  4  2  2]
[ 4 -8 -4  2]
[ 2 -4 -4  2]
[ 2  2  2 -4]
Signature:  (0, 4)
Genus symbol at 2:    2^4
Genus symbol at 3:     1^2 3^2
and
Genus of
[ 0  0  0  0  0  1]
[ 0 -2  0  0 -1  0]
[ 0  0 -2 -1  0  0]
[ 0  0 -1 -2  0  0]
[ 0 -1  0  0 -2  0]
[ 1  0  0  0  0  0]
Signature:  (1, 5)
Genus symbol at 2:    1^6
Genus symbol at 3:     1^-4 3^2
above 3
2^2 * 3 -- 2^2
Genus of
[-2  0 -1  0  0  0  1 -1  0  0  0  0]
[ 0 -2  0 -1  1  0  0  1  0  0  0  0]
[-1  0 -2  0 -1  1  0  0  0  0  0  0]
[ 0 -1  0 -2  1 -1  1  0  0  0  0  0]
[ 0  1 -1  1 -2  1 -1  0  0  0  0  0]
[ 0  0  1 -1  1 -2  1 -1  0  0  0  0]
[ 1  0  0  1 -1  1 -2  1  0  0  0  0]
[-1  1  0  0  0 -1  1 -2  0  0  0  0]
[ 0  0  0  0  0  0  0  0  0  2  0  0]
[ 0  0  0  0  0  0  0  0  2  0  2  0]
[ 0  0  0  0  0  0  0  0  0  2  0  2]
[ 0  0  0  0  0  0  0  0  0  0  2  0]
Signature:  (2, 10)
Genus symbol at 2:    1^8:2^4
glueing
Genus of
[-4  2]
[ 2 -4]
Signature:  (0, 2)
Genus symbol at 2:    2^-2
Genus symbol at 3:     1^-1 3^-1
and
Genus of
[ 0  0  0  0  0  0  0  1]
[ 0 -2 -1 -1  1  0  0  0]
[ 0 -1 -2  0  1  0  0  0]
[ 0 -1  0 -2  1  0  0  0]
[ 0  1  1  1 -2  0  0  0]
[ 0  0  0  0  0 -2 -1  0]
[ 0  0  0  0  0 -1 -2  0]
[ 1  0  0  0  0  0  0  0]
Signature:  (1, 7)
Genus symbol at 2:    1^6:2^-2
Genus symbol at 3:     1^-7 3^1
above 3
glueing
Genus of
[-8  4  2  2]
[ 4 -8 -4  2]
[ 2 -4 -4  2]
[ 2  2  2 -4]
Signature:  (0, 4)
Genus symbol at 2:    2^4
Genus symbol at 3:     1^2 3^2
and
Genus of
[ 0  0  0  0  0  1]
[ 0 -2  0  0 -1  0]
[ 0  0 -2 -1  0  0]
[ 0  0 -1 -2  0  0]
[ 0 -1  0  0 -2  0]
[ 1  0  0  0  0  0]
Signature:  (1, 5)
Genus symbol at 2:    1^6
Genus symbol at 3:     1^-4 3^2
above 3
