1
glueing
Genus of
[2 3 1 0]
[3 2 3 1]
[1 3 2 3]
[0 1 3 2]
Signature:  (2, 2)
Genus symbol at 2:    1^-2:2^-2
Genus symbol at 3:     1^2 3^2
and
Genus of
[-6  0]
[ 0 -6]
Signature:  (0, 2)
Genus symbol at 2:    [2^2]_2
Genus symbol at 3:     3^2
above 3
2^2 * 3 -- 2^2
Genus of
[ 0  1  1  1 -2  0]
[ 1  0  2  1  0 -2]
[ 1  2  2  3  0  0]
[ 1  1  3  2  0  0]
[-2  0  0  0 -6  0]
[ 0 -2  0  0  0 -6]
Signature:  (2, 4)
Genus symbol at 2:    1^2 [2^4]_6
2^1 * 3 -- 2^1
Genus of
[-4]
Signature:  (0, 1)
Genus symbol at 2:    [4^1]_7
