1
glueing
Genus of
[-2  0 -1  0  0  0  0  0  0  0  0  0]
[ 0 -2  0 -1  0  0  0  0  0  0  0  0]
[-1  0 -2  0  0  0  0  0  0  0  0  0]
[ 0 -1  0 -2  0  0  0  0  0  0  0  0]
[ 0  0  0  0 -2  0 -1  0  0  0  0  0]
[ 0  0  0  0  0 -2  0 -1  0  0  0  0]
[ 0  0  0  0 -1  0 -2  0  0  0  0  0]
[ 0  0  0  0  0 -1  0 -2  0  0  0  0]
[ 0  0  0  0  0  0  0  0  0  1  0  0]
[ 0  0  0  0  0  0  0  0  1  0  1  0]
[ 0  0  0  0  0  0  0  0  0  1  0  1]
[ 0  0  0  0  0  0  0  0  0  0  1  0]
Signature:  (2, 10)
Genus symbol at 2:    1^12
Genus symbol at 3:     1^8 3^4
and
Genus of
[-18   0   3  -9]
[  0 -18   9   3]
[  3   9  -6   0]
[ -9   3   0  -6]
Signature:  (0, 4)
Genus symbol at 2:    1^-2:2^-2
Genus symbol at 3:     3^4
above 3
2^2 * 3 -- 2^2
Genus of
[ -8  -7  -1   0  -7 -11   0   0   0   0   0   0 -10  -4   3  -5]
[ -7  -8   0  -1  -7 -10   0   0   0   0   0   0 -11  -1   2  -6]
[ -1   0  -2   0   0   0   0   0   0   0   0   0   0   0   0   0]
[  0  -1   0  -2   0   0   0   0   0   0   0   0   0   0   0   0]
[ -7  -7   0   0  -8 -11  -1   0   0   0   0   0 -11  -3   3  -5]
[-11 -10   0   0 -11 -20   0  -1   0   0   0   0 -15 -11   8  -6]
[  0   0   0   0  -1   0  -2   0   0   0   0   0   0   0   0   0]
[  0   0   0   0   0  -1   0  -2   0   0   0   0   0   0   0   0]
[  0   0   0   0   0   0   0   0   0   1   0   0   0   0   0   0]
[  0   0   0   0   0   0   0   0   1   0   1   0   0   0   0   0]
[  0   0   0   0   0   0   0   0   0   1   0   1   0   0   0   0]
[  0   0   0   0   0   0   0   0   0   0   1   0   0   0   0   0]
[-10 -11   0   0 -11 -15   0   0   0   0   0   0 -18   0   3  -9]
[ -4  -1   0   0  -3 -11   0   0   0   0   0   0   0 -18   9   3]
[  3   2   0   0   3   8   0   0   0   0   0   0   3   9  -6   0]
[ -5  -6   0   0  -5  -6   0   0   0   0   0   0  -9   3   0  -6]
Signature:  (2, 14)
Genus symbol at 2:    1^-14:2^-2
glueing
Genus of
[-4  2]
[ 2 -4]
Signature:  (0, 2)
Genus symbol at 2:    2^-2
Genus symbol at 3:     1^-1 3^-1
and
Genus of
[ 0  0  0  1]
[ 0 -2 -1  0]
[ 0 -1 -2  0]
[ 1  0  0  0]
Signature:  (1, 3)
Genus symbol at 2:    1^-4
Genus symbol at 3:     1^-3 3^1
above 3
glueing
Genus of
[-2  0 -1  0 -1  1  0  0  0  0  0  0]
[ 0 -2  0 -1  1 -1  1  0  0  0  0  0]
[-1  0 -2  0 -1  1 -1  1  0  0  0  0]
[ 0 -1  0 -2  0 -1  1 -1  0  0  0  0]
[-1  1 -1  0 -2  1 -1  0  0  0  0  0]
[ 1 -1  1 -1  1 -2  1 -1  0  0  0  0]
[ 0  1 -1  1 -1  1 -2  1  0  0  0  0]
[ 0  0  1 -1  0 -1  1 -2  0  0  0  0]
[ 0  0  0  0  0  0  0  0  0  3  0  0]
[ 0  0  0  0  0  0  0  0  3  0  3  0]
[ 0  0  0  0  0  0  0  0  0  3  0  3]
[ 0  0  0  0  0  0  0  0  0  0  3  0]
Signature:  (2, 10)
Genus symbol at 2:    1^12
Genus symbol at 3:     1^8 3^4
and
Genus of
[-18   0  -3   9]
[  0 -18  -9  -3]
[ -3  -9  -6   0]
[  9  -3   0  -6]
Signature:  (0, 4)
Genus symbol at 2:    1^-2:2^-2
Genus symbol at 3:     3^4
above 3
2^2 * 3 -- 2^2
Genus of
[-2  0 -1  0  0  1 -1  1  0  0  0  0  0  0  0  0]
[ 0 -2  0 -1  0  0  1 -1  0  0  0  0  0  0  0  0]
[-1  0 -2  0  1  0  0  1  0  0  0  0  0  0  0  0]
[ 0 -1  0 -2 -1  1  0  0  0  0  0  0  0  0  0  0]
[ 0  0  1 -1 -2  1 -1  0  0  0  0  0  0  0  0  0]
[ 1  0  0  1  1 -2  1 -1  0  0  0  0  0  0  0  0]
[-1  1  0  0 -1  1 -2  1  0  0  0  0  0  0  0  0]
[ 1 -1  1  0  0 -1  1 -2  0  0  0  0  0  0  0  0]
[ 0  0  0  0  0  0  0  0 -2  0 -1  0  0  0 -1  0]
[ 0  0  0  0  0  0  0  0  0 -2  0 -1  0  0  0 -1]
[ 0  0  0  0  0  0  0  0 -1  0 -2  0  1  0  0  0]
[ 0  0  0  0  0  0  0  0  0 -1  0 -2  0  1  0  0]
[ 0  0  0  0  0  0  0  0  0  0  1  0  0  1  0  0]
[ 0  0  0  0  0  0  0  0  0  0  0  1  1  0  1  0]
[ 0  0  0  0  0  0  0  0 -1  0  0  0  0  1  0  1]
[ 0  0  0  0  0  0  0  0  0 -1  0  0  0  0  1  0]
Signature:  (2, 14)
Genus symbol at 2:    1^-14:2^-2
glueing
Genus of
[-4  2]
[ 2 -4]
Signature:  (0, 2)
Genus symbol at 2:    2^-2
Genus symbol at 3:     1^-1 3^-1
and
Genus of
[ 0  0  0  1]
[ 0 -2 -1  0]
[ 0 -1 -2  0]
[ 1  0  0  0]
Signature:  (1, 3)
Genus symbol at 2:    1^-4
Genus symbol at 3:     1^-3 3^1
above 3
