1
glueing
Genus of
[-6  0 -3  0 -1  0  1  0]
[ 0 -6  0 -3  0 -1  0  1]
[-3  0 -6  0 -2  0 -1  0]
[ 0 -3  0 -6  0 -2  0 -1]
[-1  0 -2  0  0  1  0  0]
[ 0 -1  0 -2  1  0  1  0]
[ 1  0 -1  0  0  1  0  1]
[ 0  1  0 -1  0  0  1  0]
Signature:  (2, 6)
Genus symbol at 2:    1^-6:2^-2
Genus symbol at 3:     1^4 3^4
and
Genus of
[-36   0   6  12]
[  0 -36 -12   6]
[  6 -12  -6   0]
[ 12   6   0  -6]
Signature:  (0, 4)
Genus symbol at 2:    [2^4]_4
Genus symbol at 3:     3^4
above 3
glueing
Genus of
[-2  0 -1  0  0  0  0  0]
[ 0 -2  0 -1  0  0  0  0]
[-1  0 -2  0  0  0  0  0]
[ 0 -1  0 -2  0  0  0  0]
[ 0  0  0  0 -2  3 -1  0]
[ 0  0  0  0  3 -2  3 -1]
[ 0  0  0  0 -1  3 -2  3]
[ 0  0  0  0  0 -1  3 -2]
Signature:  (2, 6)
Genus symbol at 2:    1^-6:2^-2
Genus symbol at 3:     1^4 3^4
and
Genus of
[-36   0   6 -12]
[  0 -36  12   6]
[  6  12  -6   0]
[-12   6   0  -6]
Signature:  (0, 4)
Genus symbol at 2:    [2^4]_4
Genus symbol at 3:     3^4
above 3
2^2 * 3 -- 2^2
Genus of
[-12   0  -1   0   0 -12   0   0 -18   8   0  -8]
[  0  -2   0  -1  -2   0   0   0  -2  -6   2   0]
[ -1   0  -2   0   0   0   0   0   0   0   0   0]
[  0  -1   0  -2   0   0   0   0   0   0   0   0]
[  0  -2   0   0  -4   1  -1   1  -4 -10   4   0]
[-12   0   0   0   1 -14   2  -1 -20   8   0  -8]
[  0   0   0   0  -1   2  -2   3   0   0   0   0]
[  0   0   0   0   1  -1   3  -2   0   0   0   0]
[-18  -2   0   0  -4 -20   0   0 -36   0   6 -12]
[  8  -6   0   0 -10   8   0   0   0 -36  12   6]
[  0   2   0   0   4   0   0   0   6  12  -6   0]
[ -8   0   0   0   0  -8   0   0 -12   6   0  -6]
Signature:  (2, 10)
Genus symbol at 2:    1^6 [2^6]_0
2^1 * 3 -- 2^1
Genus of
[-4  0]
[ 0 -4]
Signature:  (0, 2)
Genus symbol at 2:    [4^2]_6
