1
found 0 extensions at level 5
computing representatives of Genus of
None
Signature:  (0, 1)
Genus symbol at 2:    [2^1]_7
computing representatives of Genus of
None
Signature:  (0, 1)
Genus symbol at 2:    [4^1]_7
Cp,fp: 1
Genus of
[-4]
Signature:  (0, 1)
Genus symbol at 2:    [4^1]_7
C1: 1 Genus symbol at 2:    1^16:[4^1]_1
computing representatives
Found 1 matching extensions
found 1 extensions at level 5
computing representatives of Genus of
None
Signature:  (0, 2)
Genus symbol at 2:    [2^2]_6
computing representatives of Genus of
None
Signature:  (0, 2)
Genus symbol at 2:    [2^2]_6
computing representatives of Genus of
None
Signature:  (0, 2)
Genus symbol at 2:    [2^1 4^1]_6
computing representatives of Genus of
None
Signature:  (0, 3)
Genus symbol at 2:    1^-2:[4^-1]_5
computing representatives of Genus of
None
Signature:  (0, 3)
Genus symbol at 2:    [2^3]_5
computing representatives of Genus of
None
Signature:  (0, 3)
Genus symbol at 2:    [2^3]_5
computing representatives of Genus of
None
Signature:  (0, 3)
Genus symbol at 2:    [2^2 4^1]_5
computing representatives of Genus of
None
Signature:  (0, 3)
Genus symbol at 2:    [2^2 4^1]_5
computing representatives of Genus of
None
Signature:  (0, 4)
Genus symbol at 2:    1^-2:2^-2
computing representatives of Genus of
None
Signature:  (0, 4)
Genus symbol at 2:    1^-2:2^-2
computing representatives of Genus of
None
Signature:  (0, 4)
Genus symbol at 2:    1^-2:2^-2
computing representatives of Genus of
None
Signature:  (0, 4)
Genus symbol at 2:    1^2 [2^1 4^1]_4
computing representatives of Genus of
None
Signature:  (0, 4)
Genus symbol at 2:    [2^4]_4
computing representatives of Genus of
None
Signature:  (0, 4)
Genus symbol at 2:    [2^4]_4
computing representatives of Genus of
None
Signature:  (0, 4)
Genus symbol at 2:    [2^4]_4
computing representatives of Genus of
None
Signature:  (0, 4)
Genus symbol at 2:    [2^4]_4
computing representatives of Genus of
None
Signature:  (0, 4)
Genus symbol at 2:    [2^4]_4
computing representatives of Genus of
None
Signature:  (0, 4)
Genus symbol at 2:    [2^3 4^1]_4
computing representatives of Genus of
None
Signature:  (0, 5)
Genus symbol at 2:    1^-4:[4^-1]_3
computing representatives of Genus of
None
Signature:  (0, 5)
Genus symbol at 2:    1^2 [2^3]_3
computing representatives of Genus of
None
Signature:  (0, 5)
Genus symbol at 2:    1^2 [2^3]_3
computing representatives of Genus of
None
Signature:  (0, 5)
Genus symbol at 2:    1^-2:2^-2 [4^1]_7
computing representatives of Genus of
None
Signature:  (0, 5)
Genus symbol at 2:    1^-2:2^-2 [4^1]_7
computing representatives of Genus of
None
Signature:  (0, 5)
Genus symbol at 2:    1^2 [2^2 4^1]_3
computing representatives of Genus of
None
Signature:  (0, 5)
Genus symbol at 2:    1^2 [2^2 4^1]_3
computing representatives of Genus of
None
Signature:  (0, 5)
Genus symbol at 2:    [2^5]_3
computing representatives of Genus of
None
Signature:  (0, 5)
Genus symbol at 2:    [2^5]_3
computing representatives of Genus of
None
Signature:  (0, 5)
Genus symbol at 2:    [2^5]_3
computing representatives of Genus of
None
Signature:  (0, 5)
Genus symbol at 2:    [2^4 4^1]_3
computing representatives of Genus of
None
Signature:  (0, 5)
Genus symbol at 2:    [2^4 4^1]_3
computing representatives of Genus of
None
Signature:  (0, 6)
Genus symbol at 2:    1^4 [2^2]_2
computing representatives of Genus of
None
Signature:  (0, 6)
Genus symbol at 2:    1^4 [2^2]_2
computing representatives of Genus of
None
Signature:  (0, 6)
Genus symbol at 2:    1^4 [2^1 4^1]_2
computing representatives of Genus of
None
Signature:  (0, 6)
Genus symbol at 2:    1^2 [2^4]_2
computing representatives of Genus of
None
Signature:  (0, 6)
Genus symbol at 2:    1^2 [2^4]_2
computing representatives of Genus of
None
Signature:  (0, 6)
Genus symbol at 2:    1^2 [2^4]_2
computing representatives of Genus of
None
Signature:  (0, 6)
Genus symbol at 2:    1^2 [2^3 4^1]_2
computing representatives of Genus of
None
Signature:  (0, 6)
Genus symbol at 2:    [2^6]_2
computing representatives of Genus of
None
Signature:  (0, 6)
Genus symbol at 2:    [2^6]_2
computing representatives of Genus of
None
Signature:  (0, 6)
Genus symbol at 2:    [2^6]_2
computing representatives of Genus of
None
Signature:  (0, 6)
Genus symbol at 2:    [2^5 4^1]_2
computing representatives of Genus of
None
Signature:  (0, 7)
Genus symbol at 2:    1^6 [2^1]_1
computing representatives of Genus of
None
Signature:  (0, 7)
Genus symbol at 2:    1^6:[4^1]_1
computing representatives of Genus of
None
Signature:  (0, 7)
Genus symbol at 2:    1^4 [2^3]_1
computing representatives of Genus of
None
Signature:  (0, 7)
Genus symbol at 2:    1^4 [2^3]_1
computing representatives of Genus of
None
Signature:  (0, 7)
Genus symbol at 2:    1^4 [2^3]_1
computing representatives of Genus of
None
Signature:  (0, 7)
Genus symbol at 2:    1^4 [2^2 4^1]_1
computing representatives of Genus of
None
Signature:  (0, 7)
Genus symbol at 2:    1^4 [2^2 4^1]_1
computing representatives of Genus of
None
Signature:  (0, 7)
Genus symbol at 2:    1^4:2^2 [4^1]_1
computing representatives of Genus of
None
Signature:  (0, 7)
Genus symbol at 2:    1^4:2^2 [4^1]_1
computing representatives of Genus of
None
Signature:  (0, 7)
Genus symbol at 2:    1^2 [2^5]_1
computing representatives of Genus of
None
Signature:  (0, 7)
Genus symbol at 2:    1^2 [2^5]_1
computing representatives of Genus of
None
Signature:  (0, 7)
Genus symbol at 2:    1^2 [2^5]_1
computing representatives of Genus of
None
Signature:  (0, 7)
Genus symbol at 2:    1^2 [2^4 4^1]_1
computing representatives of Genus of
None
Signature:  (0, 7)
Genus symbol at 2:    1^2 [2^4 4^1]_1
computing representatives of Genus of
None
Signature:  (0, 7)
Genus symbol at 2:    1^2:2^4 [4^1]_1
computing representatives of Genus of
None
Signature:  (0, 7)
Genus symbol at 2:    1^2:2^4 [4^1]_1
computing representatives of Genus of
None
Signature:  (0, 7)
Genus symbol at 2:    [2^7]_1
computing representatives of Genus of
None
Signature:  (0, 7)
Genus symbol at 2:    [2^7]_1
computing representatives of Genus of
None
Signature:  (0, 7)
Genus symbol at 2:    [2^7]_1
computing representatives of Genus of
None
Signature:  (0, 7)
Genus symbol at 2:    [2^6 4^1]_1
computing representatives of Genus of
None
Signature:  (0, 7)
Genus symbol at 2:    [2^6 4^1]_1
computing representatives of Genus of
None
Signature:  (0, 7)
Genus symbol at 2:    2^6 [4^1]_1
Cp,fp: 2
Genus of
None
Signature:  (0, 7)
Genus symbol at 2:    2^6 [4^1]_1
C1: 2 Genus symbol at 2:    1^4 [2^6 4^1]_7
computing representatives
Found 0 matching extensions
computing representatives of Genus of
[-4 -2 -2 -2 -2 -2  2]
[-2 -4 -2 -2 -2  0  2]
[-2 -2 -4  0 -2  0  0]
[-2 -2  0 -4  0  0  2]
[-2 -2 -2  0 -4  0  0]
[-2  0  0  0  0 -4  2]
[ 2  2  0  2  0  2 -4]
Signature:  (0, 7)
Genus symbol at 2:    2^6 [4^1]_1
Cp,fp: 3
Genus of
[-4 -2 -2 -2 -2 -2  2]
[-2 -4 -2 -2 -2  0  2]
[-2 -2 -4  0 -2  0  0]
[-2 -2  0 -4  0  0  2]
[-2 -2 -2  0 -4  0  0]
[-2  0  0  0  0 -4  2]
[ 2  2  0  2  0  2 -4]
Signature:  (0, 7)
Genus symbol at 2:    2^6 [4^1]_1
C1: 3 Genus symbol at 2:    1^4:2^6 [4^1]_7
computing representatives
Found 1 matching extensions
found 1 extensions at level 5
computing representatives of Genus of
None
Signature:  (0, 8)
Genus symbol at 2:    1^8
computing representatives of Genus of
None
Signature:  (0, 8)
Genus symbol at 2:    1^6:2^2
computing representatives of Genus of
None
Signature:  (0, 8)
Genus symbol at 2:    1^6:2^2
computing representatives of Genus of
None
Signature:  (0, 8)
Genus symbol at 2:    1^6:2^2
computing representatives of Genus of
None
Signature:  (0, 8)
Genus symbol at 2:    1^6 [2^2]_0
computing representatives of Genus of
None
Signature:  (0, 8)
Genus symbol at 2:    1^6 [2^2]_0
computing representatives of Genus of
None
Signature:  (0, 8)
Genus symbol at 2:    1^6:2^2
computing representatives of Genus of
None
Signature:  (0, 8)
Genus symbol at 2:    1^6:2^2
computing representatives of Genus of
None
Signature:  (0, 8)
Genus symbol at 2:    1^6 [2^2]_0
computing representatives of Genus of
None
Signature:  (0, 8)
Genus symbol at 2:    1^6 [2^2]_0
computing representatives of Genus of
None
Signature:  (0, 8)
Genus symbol at 2:    1^6 [2^1 4^1]_0
computing representatives of Genus of
None
Signature:  (0, 8)
Genus symbol at 2:    1^4:2^4
computing representatives of Genus of
None
Signature:  (0, 8)
Genus symbol at 2:    1^4:2^4
computing representatives of Genus of
None
Signature:  (0, 8)
Genus symbol at 2:    1^4 [2^4]_0
computing representatives of Genus of
None
Signature:  (0, 8)
Genus symbol at 2:    1^4 [2^4]_0
computing representatives of Genus of
None
Signature:  (0, 8)
Genus symbol at 2:    1^4:2^4
computing representatives of Genus of
None
Signature:  (0, 8)
Genus symbol at 2:    1^4:2^4
computing representatives of Genus of
None
Signature:  (0, 8)
Genus symbol at 2:    1^4 [2^4]_0
computing representatives of Genus of
None
Signature:  (0, 8)
Genus symbol at 2:    1^4 [2^4]_0
computing representatives of Genus of
None
Signature:  (0, 8)
Genus symbol at 2:    1^4:2^4
computing representatives of Genus of
None
Signature:  (0, 8)
Genus symbol at 2:    1^4:2^4
computing representatives of Genus of
None
Signature:  (0, 8)
Genus symbol at 2:    1^4 [2^4]_0
computing representatives of Genus of
None
Signature:  (0, 8)
Genus symbol at 2:    1^4 [2^4]_0
computing representatives of Genus of
None
Signature:  (0, 8)
Genus symbol at 2:    1^4 [2^3 4^1]_0
computing representatives of Genus of
None
Signature:  (0, 8)
Genus symbol at 2:    1^2:2^6
computing representatives of Genus of
None
Signature:  (0, 8)
Genus symbol at 2:    1^2:2^6
computing representatives of Genus of
None
Signature:  (0, 8)
Genus symbol at 2:    1^2 [2^6]_0
computing representatives of Genus of
None
Signature:  (0, 8)
Genus symbol at 2:    1^2 [2^6]_0
computing representatives of Genus of
None
Signature:  (0, 8)
Genus symbol at 2:    1^2:2^6
computing representatives of Genus of
None
Signature:  (0, 8)
Genus symbol at 2:    1^2:2^6
computing representatives of Genus of
None
Signature:  (0, 8)
Genus symbol at 2:    1^2 [2^6]_0
computing representatives of Genus of
None
Signature:  (0, 8)
Genus symbol at 2:    1^2 [2^6]_0
computing representatives of Genus of
None
Signature:  (0, 8)
Genus symbol at 2:    1^2:2^6
computing representatives of Genus of
None
Signature:  (0, 8)
Genus symbol at 2:    1^2:2^6
computing representatives of Genus of
None
Signature:  (0, 8)
Genus symbol at 2:    1^2 [2^6]_0
computing representatives of Genus of
None
Signature:  (0, 8)
Genus symbol at 2:    1^2 [2^6]_0
computing representatives of Genus of
None
Signature:  (0, 8)
Genus symbol at 2:    1^2 [2^5 4^1]_0
computing representatives of Genus of
None
Signature:  (0, 8)
Genus symbol at 2:    2^8
Cp,fp: 4
Genus of
None
Signature:  (0, 8)
Genus symbol at 2:    2^8
C1: 4 Genus symbol at 2:    1^4:2^6
computing representatives
Found 1 matching extensions
found 0 extensions at level 5
computing representatives of Genus of
[-4 -2 -2 -2  2 -2  2 -2]
[-2 -4 -2  0  2 -2  0  0]
[-2 -2 -4 -2  2 -2  2 -2]
[-2  0 -2 -4  2  0  2 -2]
[ 2  2  2  2 -4  0  0  0]
[-2 -2 -2  0  0 -4  2 -2]
[ 2  0  2  2  0  2 -4  2]
[-2  0 -2 -2  0 -2  2 -4]
Signature:  (0, 8)
Genus symbol at 2:    2^8
Cp,fp: 5
Genus of
[-4 -2 -2 -2  2 -2  2 -2]
[-2 -4 -2  0  2 -2  0  0]
[-2 -2 -4 -2  2 -2  2 -2]
[-2  0 -2 -4  2  0  2 -2]
[ 2  2  2  2 -4  0  0  0]
[-2 -2 -2  0  0 -4  2 -2]
[ 2  0  2  2  0  2 -4  2]
[-2  0 -2 -2  0 -2  2 -4]
Signature:  (0, 8)
Genus symbol at 2:    2^8
C1: 5 Genus symbol at 2:    1^4 [2^6]_0
computing representatives
Found 0 matching extensions
computing representatives of Genus of
None
Signature:  (0, 8)
Genus symbol at 2:    [2^8]_0
computing representatives of Genus of
None
Signature:  (0, 8)
Genus symbol at 2:    [2^8]_0
computing representatives of Genus of
None
Signature:  (0, 8)
Genus symbol at 2:    2^8
Cp,fp: 6
Genus of
None
Signature:  (0, 8)
Genus symbol at 2:    2^8
C1: 6 Genus symbol at 2:    1^2:2^8
computing representatives
Found 2 matching extensions
found 0 extensions at level 5
found 0 extensions at level 5
computing representatives of Genus of
[-4 -2 -2 -2  2 -2  2 -2]
[-2 -4 -2  0  2 -2  0  0]
[-2 -2 -4 -2  2 -2  2 -2]
[-2  0 -2 -4  2  0  2 -2]
[ 2  2  2  2 -4  0  0  0]
[-2 -2 -2  0  0 -4  2 -2]
[ 2  0  2  2  0  2 -4  2]
[-2  0 -2 -2  0 -2  2 -4]
Signature:  (0, 8)
Genus symbol at 2:    2^8
Cp,fp: 7
Genus of
[-4 -2 -2 -2  2 -2  2 -2]
[-2 -4 -2  0  2 -2  0  0]
[-2 -2 -4 -2  2 -2  2 -2]
[-2  0 -2 -4  2  0  2 -2]
[ 2  2  2  2 -4  0  0  0]
[-2 -2 -2  0  0 -4  2 -2]
[ 2  0  2  2  0  2 -4  2]
[-2  0 -2 -2  0 -2  2 -4]
Signature:  (0, 8)
Genus symbol at 2:    2^8
C1: 7 Genus symbol at 2:    1^2 [2^8]_0
computing representatives
Found 0 matching extensions
computing representatives of Genus of
None
Signature:  (0, 8)
Genus symbol at 2:    [2^8]_0
computing representatives of Genus of
None
Signature:  (0, 8)
Genus symbol at 2:    [2^8]_0
computing representatives of Genus of
None
Signature:  (0, 8)
Genus symbol at 2:    2^8
Cp,fp: 8
Genus of
None
Signature:  (0, 8)
Genus symbol at 2:    2^8
C1: 8 Genus symbol at 2:    2^10
computing representatives
Found 1 matching extensions
found 0 extensions at level 5
computing representatives of Genus of
[-4 -2 -2 -2  2 -2  2 -2]
[-2 -4 -2  0  2 -2  0  0]
[-2 -2 -4 -2  2 -2  2 -2]
[-2  0 -2 -4  2  0  2 -2]
[ 2  2  2  2 -4  0  0  0]
[-2 -2 -2  0  0 -4  2 -2]
[ 2  0  2  2  0  2 -4  2]
[-2  0 -2 -2  0 -2  2 -4]
Signature:  (0, 8)
Genus symbol at 2:    2^8
Cp,fp: 9
Genus of
[-4 -2 -2 -2  2 -2  2 -2]
[-2 -4 -2  0  2 -2  0  0]
[-2 -2 -4 -2  2 -2  2 -2]
[-2  0 -2 -4  2  0  2 -2]
[ 2  2  2  2 -4  0  0  0]
[-2 -2 -2  0  0 -4  2 -2]
[ 2  0  2  2  0  2 -4  2]
[-2  0 -2 -2  0 -2  2 -4]
Signature:  (0, 8)
Genus symbol at 2:    2^8
C1: 9 Genus symbol at 2:    [2^10]_0
computing representatives
Found 0 matching extensions
computing representatives of Genus of
None
Signature:  (0, 8)
Genus symbol at 2:    [2^8]_0
computing representatives of Genus of
None
Signature:  (0, 8)
Genus symbol at 2:    [2^8]_0
computing representatives of Genus of
None
Signature:  (0, 8)
Genus symbol at 2:    [2^7 4^1]_0
computing representatives of Genus of
None
Signature:  (0, 9)
Genus symbol at 2:    1^8 [2^1]_7
computing representatives of Genus of
None
Signature:  (0, 9)
Genus symbol at 2:    1^8:[4^1]_7
computing representatives of Genus of
None
Signature:  (0, 9)
Genus symbol at 2:    1^6 [2^3]_7
computing representatives of Genus of
None
Signature:  (0, 9)
Genus symbol at 2:    1^6 [2^3]_7
computing representatives of Genus of
None
Signature:  (0, 9)
Genus symbol at 2:    1^6 [2^3]_7
computing representatives of Genus of
None
Signature:  (0, 9)
Genus symbol at 2:    1^6 [2^2 4^1]_7
computing representatives of Genus of
None
Signature:  (0, 9)
Genus symbol at 2:    1^6 [2^2 4^1]_7
computing representatives of Genus of
None
Signature:  (0, 9)
Genus symbol at 2:    1^6:2^2 [4^1]_7
computing representatives of Genus of
None
Signature:  (0, 9)
Genus symbol at 2:    1^6:2^2 [4^1]_7
computing representatives of Genus of
None
Signature:  (0, 9)
Genus symbol at 2:    1^4 [2^5]_7
computing representatives of Genus of
None
Signature:  (0, 9)
Genus symbol at 2:    1^4 [2^5]_7
computing representatives of Genus of
None
Signature:  (0, 9)
Genus symbol at 2:    1^4 [2^5]_7
computing representatives of Genus of
None
Signature:  (0, 9)
Genus symbol at 2:    1^4:2^4 [4^1]_7
computing representatives of Genus of
None
Signature:  (0, 9)
Genus symbol at 2:    1^4:2^4 [4^1]_7
computing representatives of Genus of
None
Signature:  (0, 9)
Genus symbol at 2:    1^4 [2^4 4^1]_7
computing representatives of Genus of
None
Signature:  (0, 9)
Genus symbol at 2:    1^4 [2^4 4^1]_7
computing representatives of Genus of
None
Signature:  (0, 9)
Genus symbol at 2:    1^2 [2^7]_7
computing representatives of Genus of
None
Signature:  (0, 9)
Genus symbol at 2:    1^2 [2^7]_7
computing representatives of Genus of
None
Signature:  (0, 9)
Genus symbol at 2:    1^2 [2^7]_7
computing representatives of Genus of
None
Signature:  (0, 9)
Genus symbol at 2:    1^2 [2^6 4^1]_7
computing representatives of Genus of
None
Signature:  (0, 9)
Genus symbol at 2:    1^2 [2^6 4^1]_7
computing representatives of Genus of
None
Signature:  (0, 9)
Genus symbol at 2:    1^2:2^6 [4^1]_7
computing representatives of Genus of
None
Signature:  (0, 9)
Genus symbol at 2:    1^2:2^6 [4^1]_7
computing representatives of Genus of
None
Signature:  (0, 9)
Genus symbol at 2:    [2^9]_7
computing representatives of Genus of
None
Signature:  (0, 9)
Genus symbol at 2:    [2^9]_7
computing representatives of Genus of
None
Signature:  (0, 9)
Genus symbol at 2:    2^8 [4^1]_7
Cp,fp: 10
Genus of
None
Signature:  (0, 9)
Genus symbol at 2:    2^8 [4^1]_7
C1: 10 Genus symbol at 2:    2^8 [4^1]_1
computing representatives
Found 1 matching extensions
found 1 extensions at level 5
computing representatives of Genus of
[-4 -2 -2  2 -2  2 -2 -2  0]
[-2 -4 -2  2  0  2 -2  0  0]
[-2 -2 -4  0  0  0 -2 -2  0]
[ 2  2  0 -4  2 -2  2  0  0]
[-2  0  0  2 -4  2 -2  0  0]
[ 2  2  0 -2  2 -4  2  0  0]
[-2 -2 -2  2 -2  2 -4  0  0]
[-2  0 -2  0  0  0  0 -4  0]
[ 0  0  0  0  0  0  0  0 -4]
Signature:  (0, 9)
Genus symbol at 2:    2^8 [4^1]_7
Cp,fp: 11
Genus of
[-4 -2 -2  2 -2  2 -2 -2  0]
[-2 -4 -2  2  0  2 -2  0  0]
[-2 -2 -4  0  0  0 -2 -2  0]
[ 2  2  0 -4  2 -2  2  0  0]
[-2  0  0  2 -4  2 -2  0  0]
[ 2  2  0 -2  2 -4  2  0  0]
[-2 -2 -2  2 -2  2 -4  0  0]
[-2  0 -2  0  0  0  0 -4  0]
[ 0  0  0  0  0  0  0  0 -4]
Signature:  (0, 9)
Genus symbol at 2:    2^8 [4^1]_7
C1: 11 Genus symbol at 2:    [2^8 4^1]_1
computing representatives
Found 0 matching extensions
computing representatives of Genus of
None
Signature:  (0, 9)
Genus symbol at 2:    [2^8 4^1]_7
computing representatives of Genus of
None
Signature:  (0, 9)
Genus symbol at 2:    [2^8 4^1]_7
computing representatives of Genus of
None
Signature:  (0, 10)
Genus symbol at 2:    1^8 [2^2]_6
computing representatives of Genus of
None
Signature:  (0, 10)
Genus symbol at 2:    1^8 [2^2]_6
computing representatives of Genus of
None
Signature:  (0, 10)
Genus symbol at 2:    1^8 [2^1 4^1]_6
computing representatives of Genus of
None
Signature:  (0, 10)
Genus symbol at 2:    1^6 [2^4]_6
computing representatives of Genus of
None
Signature:  (0, 10)
Genus symbol at 2:    1^6 [2^4]_6
computing representatives of Genus of
None
Signature:  (0, 10)
Genus symbol at 2:    1^6 [2^4]_6
computing representatives of Genus of
None
Signature:  (0, 10)
Genus symbol at 2:    1^6 [2^3 4^1]_6
computing representatives of Genus of
None
Signature:  (0, 10)
Genus symbol at 2:    1^4 [2^6]_6
computing representatives of Genus of
None
Signature:  (0, 10)
Genus symbol at 2:    1^4 [2^6]_6
computing representatives of Genus of
None
Signature:  (0, 10)
Genus symbol at 2:    1^4 [2^6]_6
computing representatives of Genus of
None
Signature:  (0, 10)
Genus symbol at 2:    1^4 [2^5 4^1]_6
computing representatives of Genus of
None
Signature:  (0, 10)
Genus symbol at 2:    1^2 [2^8]_6
computing representatives of Genus of
None
Signature:  (0, 10)
Genus symbol at 2:    1^2 [2^8]_6
computing representatives of Genus of
None
Signature:  (0, 10)
Genus symbol at 2:    1^2 [2^7 4^1]_6
computing representatives of Genus of
None
Signature:  (0, 10)
Genus symbol at 2:    [2^10]_6
computing representatives of Genus of
None
Signature:  (0, 11)
Genus symbol at 2:    1^-10:[4^-1]_5
computing representatives of Genus of
None
Signature:  (0, 11)
Genus symbol at 2:    1^8 [2^3]_5
computing representatives of Genus of
None
Signature:  (0, 11)
Genus symbol at 2:    1^8 [2^3]_5
computing representatives of Genus of
None
Signature:  (0, 11)
Genus symbol at 2:    1^8 [2^2 4^1]_5
computing representatives of Genus of
None
Signature:  (0, 11)
Genus symbol at 2:    1^8 [2^2 4^1]_5
computing representatives of Genus of
None
Signature:  (0, 11)
Genus symbol at 2:    1^-8:2^-2 [4^1]_1
computing representatives of Genus of
None
Signature:  (0, 11)
Genus symbol at 2:    1^-8:2^-2 [4^1]_1
computing representatives of Genus of
None
Signature:  (0, 11)
Genus symbol at 2:    1^6 [2^5]_5
computing representatives of Genus of
None
Signature:  (0, 11)
Genus symbol at 2:    1^6 [2^5]_5
computing representatives of Genus of
None
Signature:  (0, 11)
Genus symbol at 2:    1^6 [2^5]_5
computing representatives of Genus of
None
Signature:  (0, 11)
Genus symbol at 2:    1^-6:2^-4 [4^1]_1
computing representatives of Genus of
None
Signature:  (0, 11)
Genus symbol at 2:    1^-6:2^-4 [4^1]_1
computing representatives of Genus of
None
Signature:  (0, 11)
Genus symbol at 2:    1^6 [2^4 4^1]_5
computing representatives of Genus of
None
Signature:  (0, 11)
Genus symbol at 2:    1^6 [2^4 4^1]_5
computing representatives of Genus of
None
Signature:  (0, 11)
Genus symbol at 2:    1^4 [2^7]_5
computing representatives of Genus of
None
Signature:  (0, 11)
Genus symbol at 2:    1^4 [2^7]_5
computing representatives of Genus of
None
Signature:  (0, 11)
Genus symbol at 2:    1^4 [2^6 4^1]_5
computing representatives of Genus of
None
Signature:  (0, 11)
Genus symbol at 2:    1^-4:2^-6 [4^1]_1
computing representatives of Genus of
None
Signature:  (0, 11)
Genus symbol at 2:    1^2 [2^9]_5
computing representatives of Genus of
None
Signature:  (0, 12)
Genus symbol at 2:    1^-10:2^-2
computing representatives of Genus of
None
Signature:  (0, 12)
Genus symbol at 2:    1^-10:2^-2
computing representatives of Genus of
None
Signature:  (0, 12)
Genus symbol at 2:    1^-10:2^-2
computing representatives of Genus of
None
Signature:  (0, 12)
Genus symbol at 2:    1^10 [2^1 4^1]_4
computing representatives of Genus of
None
Signature:  (0, 12)
Genus symbol at 2:    1^8 [2^4]_4
computing representatives of Genus of
None
Signature:  (0, 12)
Genus symbol at 2:    1^-8:2^-4
computing representatives of Genus of
None
Signature:  (0, 12)
Genus symbol at 2:    1^8 [2^4]_4
computing representatives of Genus of
None
Signature:  (0, 12)
Genus symbol at 2:    1^8 [2^4]_4
computing representatives of Genus of
None
Signature:  (0, 12)
Genus symbol at 2:    1^-8:2^-4
computing representatives of Genus of
None
Signature:  (0, 12)
Genus symbol at 2:    1^-8:2^-4
computing representatives of Genus of
None
Signature:  (0, 12)
Genus symbol at 2:    1^8 [2^4]_4
computing representatives of Genus of
None
Signature:  (0, 12)
Genus symbol at 2:    1^-8:2^-4
computing representatives of Genus of
None
Signature:  (0, 12)
Genus symbol at 2:    1^8 [2^3 4^1]_4
computing representatives of Genus of
None
Signature:  (0, 12)
Genus symbol at 2:    1^-6:2^-6
computing representatives of Genus of
None
Signature:  (0, 12)
Genus symbol at 2:    1^-6:2^-6
computing representatives of Genus of
None
Signature:  (0, 12)
Genus symbol at 2:    1^6 [2^6]_4
computing representatives of Genus of
None
Signature:  (0, 12)
Genus symbol at 2:    1^6 [2^6]_4
computing representatives of Genus of
None
Signature:  (0, 12)
Genus symbol at 2:    1^-6:2^-6
computing representatives of Genus of
None
Signature:  (0, 12)
Genus symbol at 2:    1^6 [2^6]_4
computing representatives of Genus of
None
Signature:  (0, 12)
Genus symbol at 2:    1^6 [2^5 4^1]_4
computing representatives of Genus of
None
Signature:  (0, 12)
Genus symbol at 2:    1^4 [2^8]_4
computing representatives of Genus of
None
Signature:  (0, 12)
Genus symbol at 2:    1^-4:2^-8
computing representatives of Genus of
None
Signature:  (0, 13)
Genus symbol at 2:    1^-12:[4^-1]_3
computing representatives of Genus of
None
Signature:  (0, 13)
Genus symbol at 2:    1^10 [2^3]_3
computing representatives of Genus of
None
Signature:  (0, 13)
Genus symbol at 2:    1^10 [2^3]_3
computing representatives of Genus of
None
Signature:  (0, 13)
Genus symbol at 2:    1^-10:2^-2 [4^1]_7
computing representatives of Genus of
None
Signature:  (0, 13)
Genus symbol at 2:    1^-10:2^-2 [4^1]_7
computing representatives of Genus of
None
Signature:  (0, 13)
Genus symbol at 2:    1^10 [2^2 4^1]_3
computing representatives of Genus of
None
Signature:  (0, 13)
Genus symbol at 2:    1^10 [2^2 4^1]_3
computing representatives of Genus of
None
Signature:  (0, 13)
Genus symbol at 2:    1^8 [2^5]_3
computing representatives of Genus of
None
Signature:  (0, 13)
Genus symbol at 2:    1^8 [2^5]_3
computing representatives of Genus of
None
Signature:  (0, 13)
Genus symbol at 2:    1^8 [2^4 4^1]_3
computing representatives of Genus of
None
Signature:  (0, 13)
Genus symbol at 2:    1^-8:2^-4 [4^1]_7
computing representatives of Genus of
None
Signature:  (0, 13)
Genus symbol at 2:    1^6 [2^7]_3
computing representatives of Genus of
None
Signature:  (0, 14)
Genus symbol at 2:    1^12 [2^2]_2
computing representatives of Genus of
None
Signature:  (0, 14)
Genus symbol at 2:    1^12 [2^2]_2
computing representatives of Genus of
None
Signature:  (0, 14)
Genus symbol at 2:    1^12 [2^1 4^1]_2
computing representatives of Genus of
None
Signature:  (0, 14)
Genus symbol at 2:    1^10 [2^4]_2
computing representatives of Genus of
None
Signature:  (0, 14)
Genus symbol at 2:    1^10 [2^4]_2
computing representatives of Genus of
None
Signature:  (0, 14)
Genus symbol at 2:    1^10 [2^3 4^1]_2
computing representatives of Genus of
None
Signature:  (0, 14)
Genus symbol at 2:    1^8 [2^6]_2
computing representatives of Genus of
None
Signature:  (0, 15)
Genus symbol at 2:    1^14 [2^1]_1
computing representatives of Genus of
None
Signature:  (0, 15)
Genus symbol at 2:    1^14:[4^1]_1
computing representatives of Genus of
None
Signature:  (0, 15)
Genus symbol at 2:    1^12 [2^3]_1
computing representatives of Genus of
None
Signature:  (0, 15)
Genus symbol at 2:    1^12 [2^3]_1
computing representatives of Genus of
None
Signature:  (0, 15)
Genus symbol at 2:    1^12 [2^2 4^1]_1
computing representatives of Genus of
None
Signature:  (0, 15)
Genus symbol at 2:    1^12 [2^2 4^1]_1
computing representatives of Genus of
None
Signature:  (0, 15)
Genus symbol at 2:    1^12:2^2 [4^1]_1
computing representatives of Genus of
None
Signature:  (0, 15)
Genus symbol at 2:    1^12:2^2 [4^1]_1
computing representatives of Genus of
None
Signature:  (0, 15)
Genus symbol at 2:    1^10 [2^5]_1
computing representatives of Genus of
None
Signature:  (0, 16)
Genus symbol at 2:    1^16
computing representatives of Genus of
None
Signature:  (0, 16)
Genus symbol at 2:    1^14:2^2
computing representatives of Genus of
None
Signature:  (0, 16)
Genus symbol at 2:    1^14:2^2
computing representatives of Genus of
None
Signature:  (0, 16)
Genus symbol at 2:    1^14:2^2
computing representatives of Genus of
None
Signature:  (0, 16)
Genus symbol at 2:    1^14 [2^2]_0
computing representatives of Genus of
None
Signature:  (0, 16)
Genus symbol at 2:    1^14 [2^2]_0
computing representatives of Genus of
None
Signature:  (0, 16)
Genus symbol at 2:    1^14 [2^1 4^1]_0
computing representatives of Genus of
None
Signature:  (0, 16)
Genus symbol at 2:    1^12:2^4
computing representatives of Genus of
None
Signature:  (0, 16)
Genus symbol at 2:    1^12:2^4
computing representatives of Genus of
None
Signature:  (0, 16)
Genus symbol at 2:    1^12 [2^4]_0
computing representatives of Genus of
None
Signature:  (0, 16)
Genus symbol at 2:    1^12 [2^4]_0
computing representatives of Genus of
None
Signature:  (0, 17)
Genus symbol at 2:    1^16:[4^1]_7
computing representatives of Genus of
None
Signature:  (0, 17)
Genus symbol at 2:    1^14 [2^3]_7
