1
glueing
Genus of
[-2 -1 -2 -2 -1  0  1  2]
[-1 -2 -1 -2 -2 -1  0  1]
[-2 -1 -2 -1 -2 -2 -1  0]
[-2 -2 -1 -2 -1 -2 -2 -1]
[-1 -2 -2 -1 -2 -1 -2 -2]
[ 0 -1 -2 -2 -1 -2 -1 -2]
[ 1  0 -1 -2 -2 -1 -2 -1]
[ 2  1  0 -1 -2 -2 -1 -2]
Signature:  (2, 6)
Genus symbol at 2:    1^-4:2^-4
Genus symbol at 5:     1^6 5^2
and
Genus of
[-10   0]
[  0 -10]
Signature:  (0, 2)
Genus symbol at 2:    [2^2]_6
Genus symbol at 5:     5^2
above 5
2^2 * 5 -- 2^2
Genus of
[ -8  -3  -3  -2  -3  -2  -2  -1  -6   0]
[ -3  -8  -2  -3  -2  -3  -2  -2   0  -6]
[ -3  -2  -2  -1  -2  -2  -1   0   0   0]
[ -2  -3  -1  -2  -1  -2  -2  -1   0   0]
[ -3  -2  -2  -1  -2  -1  -2  -2   0   0]
[ -2  -3  -2  -2  -1  -2  -1  -2   0   0]
[ -2  -2  -1  -2  -2  -1  -2  -1   0   0]
[ -1  -2   0  -1  -2  -2  -1  -2   0   0]
[ -6   0   0   0   0   0   0   0 -10   0]
[  0  -6   0   0   0   0   0   0   0 -10]
Signature:  (2, 8)
Genus symbol at 2:    1^4 [2^6]_2
2^1 * 5 -- 2^1
Genus of
[-4  0  0]
[ 0 -4  0]
[ 0  0 -4]
Signature:  (0, 3)
Genus symbol at 2:    [4^3]_5
