1
glueing
Genus of
[-2  0 -1  0  0  0  0  0]
[ 0 -2  0 -1  0  0  0  0]
[-1  0 -2  0  0  0  0  0]
[ 0 -1  0 -2  0  0  0  0]
[ 0  0  0  0  0  2  0  0]
[ 0  0  0  0  2  0  2  0]
[ 0  0  0  0  0  2  0  2]
[ 0  0  0  0  0  0  2  0]
Signature:  (2, 6)
Genus symbol at 2:    1^4:2^4
Genus symbol at 3:     1^6 3^2
and
Genus of
[-6  0]
[ 0 -6]
Signature:  (0, 2)
Genus symbol at 2:    [2^2]_2
Genus symbol at 3:     3^2
above 3
2^2 * 3 -- 2^2
Genus of
[-2 -2 -1  0  0  0  0  0 -2 -2]
[-2 -4  0 -1  0  0  0  0 -4 -2]
[-1  0 -2  0  0  0  0  0  0  0]
[ 0 -1  0 -2  0  0  0  0  0  0]
[ 0  0  0  0  0  2  0  0  0  0]
[ 0  0  0  0  2  0  2  0  0  0]
[ 0  0  0  0  0  2  0  2  0  0]
[ 0  0  0  0  0  0  2  0  0  0]
[-2 -4  0  0  0  0  0  0 -6  0]
[-2 -2  0  0  0  0  0  0  0 -6]
Signature:  (2, 8)
Genus symbol at 2:    1^4 [2^6]_2
2^1 * 3 -- 2^1
Genus of
[-4 -2 -2 -2 -2  2  2]
[-2 -4 -2 -2 -2  2  2]
[-2 -2 -4  0 -2  2  0]
[-2 -2  0 -4  0  2  2]
[-2 -2 -2  0 -4  2  0]
[ 2  2  2  2  2 -4  0]
[ 2  2  0  2  0  0 -4]
Signature:  (0, 7)
Genus symbol at 2:    2^6 [4^1]_1
glueing
Genus of
[-4 -2]
[-2 -4]
Signature:  (0, 2)
Genus symbol at 2:    2^-2
Genus symbol at 3:     1^-1 3^-1
and
Genus of
[-4 -2 -2 -2 -2]
[-2 -4  0  0 -2]
[-2  0 -4 -2  0]
[-2  0 -2 -4  0]
[-2 -2  0  0 -4]
Signature:  (0, 5)
Genus symbol at 2:    2^-4 [4^1]_1
Genus symbol at 3:     1^-4 3^1
above 3
2^1 * 3 -- 2^1
Genus of
[-8 -2 -4 -2 -4 -4 -2]
[-2 -4  0  0  0  0  0]
[-4  0 -4 -2 -2 -2 -2]
[-2  0 -2 -4  0  0 -2]
[-4  0 -2  0 -4 -2  0]
[-4  0 -2  0 -2 -4  0]
[-2  0 -2 -2  0  0 -4]
Signature:  (0, 7)
Genus symbol at 2:    2^6 [4^1]_1
obstructed
glueing
Genus of
[-4 -2  0  0]
[-2 -4  0  0]
[ 0  0 -4 -2]
[ 0  0 -2 -4]
Signature:  (0, 4)
Genus symbol at 2:    2^4
Genus symbol at 3:     1^2 3^2
and
Genus of
[ -4  -2   0]
[ -2  -4   0]
[  0   0 -12]
Signature:  (0, 3)
Genus symbol at 2:    2^2 [4^1]_1
Genus symbol at 3:     1^-1 3^2
above 3
2^1 * 3 -- 2^1
Genus of
[ -8  -2  -4   0  -4  -4  -4]
[ -2  -4   0   0   0   0   0]
[ -4   0  -4  -2  -2  -2  -4]
[  0   0  -2  -4   0   0   0]
[ -4   0  -2   0  -4  -2   0]
[ -4   0  -2   0  -2  -4   0]
[ -4   0  -4   0   0   0 -12]
Signature:  (0, 7)
Genus symbol at 2:    2^6 [4^1]_1
obstructed
glueing
Genus of
[-4 -2  0  0  0  2]
[-2 -4  0  0 -2  0]
[ 0  0 -4 -2  0  2]
[ 0  0 -2 -4 -2  0]
[ 0 -2  0 -2 -4 -2]
[ 2  0  2  0 -2 -4]
Signature:  (0, 6)
Genus symbol at 2:    2^-6
Genus symbol at 3:     1^5 3^1
and
Genus of
[-12]
Signature:  (0, 1)
Genus symbol at 2:    [4^-1]_5
Genus symbol at 3:     3^-1
above 3
2^1 * 3 -- 2^1
Genus of
[ -8  -2  -4  -4  -2   2  -4]
[ -2  -4   0   0  -2   0   0]
[ -4   0  -4  -2   0   2   0]
[ -4   0  -2  -4  -2   0   0]
[ -2  -2   0  -2  -4  -2   0]
[  2   0   2   0  -2  -4   0]
[ -4   0   0   0   0   0 -12]
Signature:  (0, 7)
Genus symbol at 2:    2^6 [4^1]_1
obstructed
glueing
Genus of
[-4  0 -2  0  3 -3  0 -3]
[ 0 -4  0 -2  0  3 -3  0]
[-2  0 -4  0  3  0  3 -3]
[ 0 -2  0 -4  3  3  0  3]
[ 3  0  3  3 -6  1 -3  0]
[-3  3  0  3  1 -6  1 -3]
[ 0 -3  3  0 -3  1 -6  1]
[-3  0 -3  3  0 -3  1 -6]
Signature:  (2, 6)
Genus symbol at 2:    1^4:2^4
Genus symbol at 3:     1^6 3^2
and
Genus of
[-6  0]
[ 0 -6]
Signature:  (0, 2)
Genus symbol at 2:    [2^2]_2
Genus symbol at 3:     3^2
above 3
2^2 * 3 -- 2^2
Genus of
[-4  0 -2  0  2 -1  1 -2 -4  0]
[ 0 -4  0 -2  1  2 -1  1  0 -4]
[-2  0 -4  0  3  0  3 -3  0  0]
[ 0 -2  0 -4  3  3  0  3  0  0]
[ 2  1  3  3 -6  1 -3  0  0  0]
[-1  2  0  3  1 -6  1 -3  0  0]
[ 1 -1  3  0 -3  1 -6  1  0  0]
[-2  1 -3  3  0 -3  1 -6  0  0]
[-4  0  0  0  0  0  0  0 -6  0]
[ 0 -4  0  0  0  0  0  0  0 -6]
Signature:  (2, 8)
Genus symbol at 2:    1^4 [2^6]_2
2^1 * 3 -- 2^1
Genus of
[-4 -2 -2 -2 -2  2  2]
[-2 -4 -2 -2 -2  2  2]
[-2 -2 -4  0 -2  2  0]
[-2 -2  0 -4  0  2  2]
[-2 -2 -2  0 -4  2  0]
[ 2  2  2  2  2 -4  0]
[ 2  2  0  2  0  0 -4]
Signature:  (0, 7)
Genus symbol at 2:    2^6 [4^1]_1
glueing
Genus of
[-4 -2]
[-2 -4]
Signature:  (0, 2)
Genus symbol at 2:    2^-2
Genus symbol at 3:     1^-1 3^-1
and
Genus of
[-4 -2 -2 -2 -2]
[-2 -4  0  0 -2]
[-2  0 -4 -2  0]
[-2  0 -2 -4  0]
[-2 -2  0  0 -4]
Signature:  (0, 5)
Genus symbol at 2:    2^-4 [4^1]_1
Genus symbol at 3:     1^-4 3^1
above 3
2^1 * 3 -- 2^1
Genus of
[-8 -2 -4 -2 -4 -4 -2]
[-2 -4  0  0  0  0  0]
[-4  0 -4 -2 -2 -2 -2]
[-2  0 -2 -4  0  0 -2]
[-4  0 -2  0 -4 -2  0]
[-4  0 -2  0 -2 -4  0]
[-2  0 -2 -2  0  0 -4]
Signature:  (0, 7)
Genus symbol at 2:    2^6 [4^1]_1
obstructed
glueing
Genus of
[-4 -2  0  0]
[-2 -4  0  0]
[ 0  0 -4 -2]
[ 0  0 -2 -4]
Signature:  (0, 4)
Genus symbol at 2:    2^4
Genus symbol at 3:     1^2 3^2
and
Genus of
[ -4  -2   0]
[ -2  -4   0]
[  0   0 -12]
Signature:  (0, 3)
Genus symbol at 2:    2^2 [4^1]_1
Genus symbol at 3:     1^-1 3^2
above 3
2^1 * 3 -- 2^1
Genus of
[ -8  -2  -4   0  -4  -4  -4]
[ -2  -4   0   0   0   0   0]
[ -4   0  -4  -2  -2  -2  -4]
[  0   0  -2  -4   0   0   0]
[ -4   0  -2   0  -4  -2   0]
[ -4   0  -2   0  -2  -4   0]
[ -4   0  -4   0   0   0 -12]
Signature:  (0, 7)
Genus symbol at 2:    2^6 [4^1]_1
obstructed
glueing
Genus of
[-4 -2  0  0  0  2]
[-2 -4  0  0 -2  0]
[ 0  0 -4 -2  0  2]
[ 0  0 -2 -4 -2  0]
[ 0 -2  0 -2 -4 -2]
[ 2  0  2  0 -2 -4]
Signature:  (0, 6)
Genus symbol at 2:    2^-6
Genus symbol at 3:     1^5 3^1
and
Genus of
[-12]
Signature:  (0, 1)
Genus symbol at 2:    [4^-1]_5
Genus symbol at 3:     3^-1
above 3
2^1 * 3 -- 2^1
Genus of
[ -8  -2  -4  -4  -2   2  -4]
[ -2  -4   0   0  -2   0   0]
[ -4   0  -4  -2   0   2   0]
[ -4   0  -2  -4  -2   0   0]
[ -2  -2   0  -2  -4  -2   0]
[  2   0   2   0  -2  -4   0]
[ -4   0   0   0   0   0 -12]
Signature:  (0, 7)
Genus symbol at 2:    2^6 [4^1]_1
obstructed
