1
glueing
Genus of
[-12   7   3 -11   9   0  -9  11]
[  7 -12   7   3 -11   9   0  -9]
[  3   7 -12   7   3 -11   9   0]
[-11   3   7 -12   7   3 -11   9]
[  9 -11   3   7 -12   7   3 -11]
[  0   9 -11   3   7 -12   7   3]
[ -9   0   9 -11   3   7 -12   7]
[ 11  -9   0   9 -11   3   7 -12]
Signature:  (2, 6)
Genus symbol at 2:    1^-4:2^-4
Genus symbol at 5:     1^6 5^2
and
Genus of
[ -4   0  -2  -4]
[  0  -4   4  -2]
[ -2   4 -10   0]
[ -4  -2   0 -10]
Signature:  (0, 4)
Genus symbol at 2:    [2^4]_4
Genus symbol at 5:     1^2 5^2
above 5
2^2 * 5 -- 2^2
Genus of
[-10  -5  -3   4  -3  -1   3  -3  -4  -2  -2  -8]
[ -5  -8  -1  -3   4  -3  -1   3  -4   0  -4  -6]
[ -3  -1 -12   7   3 -11   9   0   0   0   0   0]
[  4  -3   7 -12   7   3 -11   9   0   0   0   0]
[ -3   4   3   7 -12   7   3 -11   0   0   0   0]
[ -1  -3 -11   3   7 -12   7   3   0   0   0   0]
[  3  -1   9 -11   3   7 -12   7   0   0   0   0]
[ -3   3   0   9 -11   3   7 -12   0   0   0   0]
[ -4  -4   0   0   0   0   0   0  -4   0  -2  -4]
[ -2   0   0   0   0   0   0   0   0  -4   4  -2]
[ -2  -4   0   0   0   0   0   0  -2   4 -10   0]
[ -8  -6   0   0   0   0   0   0  -4  -2   0 -10]
Signature:  (2, 10)
Genus symbol at 2:    1^4 [2^8]_0
2^1 * 5 -- 2^1
Genus of
[-4  0  0  0]
[ 0 -4  0  0]
[ 0  0 -4  0]
[ 0  0  0 -4]
Signature:  (0, 4)
Genus symbol at 2:    [4^4]_4
