  ***   Warning: not enough memory, new PARI stack 8713719808
1
glueing
Genus of
[-2  3 -1  0]
[ 3 -2  3 -1]
[-1  3 -2  3]
[ 0 -1  3 -2]
Signature:  (2, 2)
Genus symbol at 2:    1^-2:2^-2
Genus symbol at 3:     1^2 3^2
and
Genus of
[-8  0 -2 -4]
[ 0 -8  4 -2]
[-2  4 -4  0]
[-4 -2  0 -4]
Signature:  (0, 4)
Genus symbol at 2:    2^4
Genus symbol at 3:     1^2 3^2
above 3
2^2 * 3 -- 2^2
Genus of
[-10  -3  -1   1  -8   2  -4  -4]
[ -3  -6   2  -1  -4  -4   0  -4]
[ -1   2  -2   3   0   0   0   0]
[  1  -1   3  -2   0   0   0   0]
[ -8  -4   0   0  -8   0  -2  -4]
[  2  -4   0   0   0  -8   4  -2]
[ -4   0   0   0  -2   4  -4   0]
[ -4  -4   0   0  -4  -2   0  -4]
Signature:  (2, 6)
Genus symbol at 2:    1^-2:2^-6
2^1 * 3 -- 2^1
Genus of
[-4 -2 -2 -2]
[-2 -4  0  0]
[-2  0 -4  0]
[-2  0  0 -4]
Signature:  (0, 4)
Genus symbol at 2:    2^-2:4^-2
glueing
Genus of
[-4 -2]
[-2 -4]
Signature:  (0, 2)
Genus symbol at 2:    2^-2
Genus symbol at 3:     1^-1 3^-1
and
Genus of
[-8 -4]
[-4 -8]
Signature:  (0, 2)
Genus symbol at 2:    4^-2
Genus symbol at 3:     1^1 3^1
above 3
2^1 * 3 -- 2^1
Genus of
[-4 -2 -4 -4]
[-2 -4  0  0]
[-4  0 -8 -4]
[-4  0 -4 -8]
Signature:  (0, 4)
Genus symbol at 2:    2^-2:4^-2
glueing
Genus of
[-8 -4]
[-4 -8]
Signature:  (0, 2)
Genus symbol at 2:    4^-2
Genus symbol at 3:     1^1 3^1
and
Genus of
[-4 -2]
[-2 -4]
Signature:  (0, 2)
Genus symbol at 2:    2^-2
Genus symbol at 3:     1^-1 3^-1
above 3
2^1 * 3 -- 2^1
Genus of
[-4 -4 -2 -2]
[-4 -8  0  0]
[-2  0 -4 -2]
[-2  0 -2 -4]
Signature:  (0, 4)
Genus symbol at 2:    2^-2:4^-2
2^1 * 3 -- 2^1
Genus of
[-4 -2 -2  0]
[-2 -4 -2 -2]
[-2 -2 -4 -2]
[ 0 -2 -2 -4]
Signature:  (0, 4)
Genus symbol at 2:    2^-2:4^-2
2^2 * 3 -- 2^2
Genus of
[-4  0 -2  0 -2  2  0 -2]
[ 0 -4  0 -2  4 -2  2  0]
[-2  0 -4  0 -2  4 -2  2]
[ 0 -2  0 -4  2 -2  4 -2]
[-2  4 -2  2 -6  5 -3  0]
[ 2 -2  4 -2  5 -6  5 -3]
[ 0  2 -2  4 -3  5 -6  5]
[-2  0  2 -2  0 -3  5 -6]
Signature:  (2, 6)
Genus symbol at 2:    1^-2:2^-6
2^1 * 3 -- 2^1
Genus of
[-4 -2 -2 -2]
[-2 -4  0  0]
[-2  0 -4  0]
[-2  0  0 -4]
Signature:  (0, 4)
Genus symbol at 2:    2^-2:4^-2
glueing
Genus of
[-4 -2]
[-2 -4]
Signature:  (0, 2)
Genus symbol at 2:    2^-2
Genus symbol at 3:     1^-1 3^-1
and
Genus of
[-8 -4]
[-4 -8]
Signature:  (0, 2)
Genus symbol at 2:    4^-2
Genus symbol at 3:     1^1 3^1
above 3
2^1 * 3 -- 2^1
Genus of
[-4 -2 -4 -4]
[-2 -4  0  0]
[-4  0 -8 -4]
[-4  0 -4 -8]
Signature:  (0, 4)
Genus symbol at 2:    2^-2:4^-2
glueing
Genus of
[-8 -4]
[-4 -8]
Signature:  (0, 2)
Genus symbol at 2:    4^-2
Genus symbol at 3:     1^1 3^1
and
Genus of
[-4 -2]
[-2 -4]
Signature:  (0, 2)
Genus symbol at 2:    2^-2
Genus symbol at 3:     1^-1 3^-1
above 3
2^1 * 3 -- 2^1
Genus of
[-4 -4 -2 -2]
[-4 -8  0  0]
[-2  0 -4 -2]
[-2  0 -2 -4]
Signature:  (0, 4)
Genus symbol at 2:    2^-2:4^-2
2^1 * 3 -- 2^1
Genus of
[-4 -2  0  2]
[-2 -4 -2  0]
[ 0 -2 -4 -2]
[ 2  0 -2 -4]
Signature:  (0, 4)
Genus symbol at 2:    2^-2:4^-2
