1
glueing
Genus of
[-12   7   3 -11   9   0  -9  11]
[  7 -12   7   3 -11   9   0  -9]
[  3   7 -12   7   3 -11   9   0]
[-11   3   7 -12   7   3 -11   9]
[  9 -11   3   7 -12   7   3 -11]
[  0   9 -11   3   7 -12   7   3]
[ -9   0   9 -11   3   7 -12   7]
[ 11  -9   0   9 -11   3   7 -12]
Signature:  (2, 6)
Genus symbol at 2:    1^-4:2^-4
Genus symbol at 5:     1^6 5^2
and
Genus of
[-10   0]
[  0 -10]
Signature:  (0, 2)
Genus symbol at 2:    [2^2]_6
Genus symbol at 5:     5^2
above 5
2^2 * 5 -- 2^2
Genus of
[ -6   1  -3   4  -3  -1   3  -3  -6   0]
[  1  -6  -1  -3   4  -3  -1   3   0  -6]
[ -3  -1 -12   7   3 -11   9   0   0   0]
[  4  -3   7 -12   7   3 -11   9   0   0]
[ -3   4   3   7 -12   7   3 -11   0   0]
[ -1  -3 -11   3   7 -12   7   3   0   0]
[  3  -1   9 -11   3   7 -12   7   0   0]
[ -3   3   0   9 -11   3   7 -12   0   0]
[ -6   0   0   0   0   0   0   0 -10   0]
[  0  -6   0   0   0   0   0   0   0 -10]
Signature:  (2, 8)
Genus symbol at 2:    1^4 [2^6]_2
2^1 * 5 -- 2^1
Genus of
[-4  0  0]
[ 0 -4  0]
[ 0  0 -4]
Signature:  (0, 3)
Genus symbol at 2:    [4^3]_5
