1
glueing
Genus of
[-2  0 -1  0  0  0  0  0  0  0  0  0]
[ 0 -2  0 -1  0  0  0  0  0  0  0  0]
[-1  0 -2  0  0  0  0  0  0  0  0  0]
[ 0 -1  0 -2  0  0  0  0  0  0  0  0]
[ 0  0  0  0 -2  0 -1  0  0  0  0  0]
[ 0  0  0  0  0 -2  0 -1  0  0  0  0]
[ 0  0  0  0 -1  0 -2  0  0  0  0  0]
[ 0  0  0  0  0 -1  0 -2  0  0  0  0]
[ 0  0  0  0  0  0  0  0  0  1  0  0]
[ 0  0  0  0  0  0  0  0  1  0  1  0]
[ 0  0  0  0  0  0  0  0  0  1  0  1]
[ 0  0  0  0  0  0  0  0  0  0  1  0]
Signature:  (2, 10)
Genus symbol at 2:    1^12
Genus symbol at 3:     1^8 3^4
and
Genus of
[-36   0   6  12]
[  0 -36 -12   6]
[  6 -12  -6   0]
[ 12   6   0  -6]
Signature:  (0, 4)
Genus symbol at 2:    [2^4]_4
Genus symbol at 3:     3^4
above 3
2^2 * 3 -- 2^2
Genus of
[ -2  -2  -1   0   0   2   0   0   0   0   0   0   6  -2  -2  -2]
[ -2  -4   0  -1  -2   2   0   0   0   0   0   0   8  -6  -4  -2]
[ -1   0  -2   0   0   0   0   0   0   0   0   0   0   0   0   0]
[  0  -1   0  -2   0   0   0   0   0   0   0   0   0   0   0   0]
[  0  -2   0   0 -14  -8  -1   0   0   0   0   0  -8 -20  -6   6]
[  2   2   0   0  -8 -10   0  -1   0   0   0   0 -16  -8   0   6]
[  0   0   0   0  -1   0  -2   0   0   0   0   0   0   0   0   0]
[  0   0   0   0   0  -1   0  -2   0   0   0   0   0   0   0   0]
[  0   0   0   0   0   0   0   0   0   1   0   0   0   0   0   0]
[  0   0   0   0   0   0   0   0   1   0   1   0   0   0   0   0]
[  0   0   0   0   0   0   0   0   0   1   0   1   0   0   0   0]
[  0   0   0   0   0   0   0   0   0   0   1   0   0   0   0   0]
[  6   8   0   0  -8 -16   0   0   0   0   0   0 -36   0   6  12]
[ -2  -6   0   0 -20  -8   0   0   0   0   0   0   0 -36 -12   6]
[ -2  -4   0   0  -6   0   0   0   0   0   0   0   6 -12  -6   0]
[ -2  -2   0   0   6   6   0   0   0   0   0   0  12   6   0  -6]
Signature:  (2, 14)
Genus symbol at 2:    1^12 [2^4]_4
2^1 * 3 -- 2^1
Genus of
[-4  0]
[ 0 -4]
Signature:  (0, 2)
Genus symbol at 2:    [4^2]_6
glueing
Genus of
[-2  0 -1  0  1  1  1  0  0  0  0  0]
[ 0 -2  0 -1  1  1  1  1  0  0  0  0]
[-1  0 -2  0  0  1  1  1  0  0  0  0]
[ 0 -1  0 -2  0  0  1  1  0  0  0  0]
[ 1  1  0  0 -2 -1 -1  0  0  0  0  0]
[ 1  1  1  0 -1 -2 -1 -1  0  0  0  0]
[ 1  1  1  1 -1 -1 -2 -1  0  0  0  0]
[ 0  1  1  1  0 -1 -1 -2  0  0  0  0]
[ 0  0  0  0  0  0  0  0  0  3  0  0]
[ 0  0  0  0  0  0  0  0  3  0  3  0]
[ 0  0  0  0  0  0  0  0  0  3  0  3]
[ 0  0  0  0  0  0  0  0  0  0  3  0]
Signature:  (2, 10)
Genus symbol at 2:    1^12
Genus symbol at 3:     1^8 3^4
and
Genus of
[-36   0   6 -12]
[  0 -36  12   6]
[  6  12  -6   0]
[-12   6   0  -6]
Signature:  (0, 4)
Genus symbol at 2:    [2^4]_4
Genus symbol at 3:     3^4
above 3
