1
glueing
Genus of
[-2  0 -1  0  0  0  0  0]
[ 0 -2  0 -1  0  0  0  0]
[-1  0 -2  0  0  0  0  0]
[ 0 -1  0 -2  0  0  0  0]
[ 0  0  0  0  0  2  0  0]
[ 0  0  0  0  2  0  2  0]
[ 0  0  0  0  0  2  0  2]
[ 0  0  0  0  0  0  2  0]
Signature:  (2, 6)
Genus symbol at 2:    1^4:2^4
Genus symbol at 3:     1^6 3^2
and
Genus of
[-6  0]
[ 0 -6]
Signature:  (0, 2)
Genus symbol at 2:    [2^2]_2
Genus symbol at 3:     3^2
above 3
2^2 * 3 -- 2^2
Genus of
[-2 -2 -1  0  0  0  0  0 -2 -2]
[-2 -4  0 -1  0  0  0  0 -4 -2]
[-1  0 -2  0  0  0  0  0  0  0]
[ 0 -1  0 -2  0  0  0  0  0  0]
[ 0  0  0  0  0  2  0  0  0  0]
[ 0  0  0  0  2  0  2  0  0  0]
[ 0  0  0  0  0  2  0  2  0  0]
[ 0  0  0  0  0  0  2  0  0  0]
[-2 -4  0  0  0  0  0  0 -6  0]
[-2 -2  0  0  0  0  0  0  0 -6]
Signature:  (2, 8)
Genus symbol at 2:    1^4 [2^6]_2
2^1 * 3 -- 2^1
Genus of
[-4]
Signature:  (0, 1)
Genus symbol at 2:    [4^1]_7
glueing
Genus of
[-4  0 -2  0  3  0  3  3]
[ 0 -4  0 -2 -3  3  0  3]
[-2  0 -4  0  0 -3  3  0]
[ 0 -2  0 -4 -3  0 -3  3]
[ 3 -3  0 -3 -6  1 -3  0]
[ 0  3 -3  0  1 -6  1 -3]
[ 3  0  3 -3 -3  1 -6  1]
[ 3  3  0  3  0 -3  1 -6]
Signature:  (2, 6)
Genus symbol at 2:    1^4:2^4
Genus symbol at 3:     1^6 3^2
and
Genus of
[-6  0]
[ 0 -6]
Signature:  (0, 2)
Genus symbol at 2:    [2^2]_2
Genus symbol at 3:     3^2
above 3
2^2 * 3 -- 2^2
Genus of
[-4  0 -2  0  1 -1  2  1 -4  0]
[ 0 -4  0 -2 -2  1 -1  2  0 -4]
[-2  0 -4  0  0 -3  3  0  0  0]
[ 0 -2  0 -4 -3  0 -3  3  0  0]
[ 1 -2  0 -3 -6  1 -3  0  0  0]
[-1  1 -3  0  1 -6  1 -3  0  0]
[ 2 -1  3 -3 -3  1 -6  1  0  0]
[ 1  2  0  3  0 -3  1 -6  0  0]
[-4  0  0  0  0  0  0  0 -6  0]
[ 0 -4  0  0  0  0  0  0  0 -6]
Signature:  (2, 8)
Genus symbol at 2:    1^4 [2^6]_2
2^1 * 3 -- 2^1
Genus of
[-4]
Signature:  (0, 1)
Genus symbol at 2:    [4^1]_7
