1
glueing
Genus of
[-6 -4 -5 -3 -2  0  2  3]
[-4 -6 -4 -5 -3 -2  0  2]
[-5 -4 -6 -4 -5 -3 -2  0]
[-3 -5 -4 -6 -4 -5 -3 -2]
[-2 -3 -5 -4 -6 -4 -5 -3]
[ 0 -2 -3 -5 -4 -6 -4 -5]
[ 2  0 -2 -3 -5 -4 -6 -4]
[ 3  2  0 -2 -3 -5 -4 -6]
Signature:  (2, 6)
Genus symbol at 2:    1^-4:2^-4
Genus symbol at 5:     1^6 5^2
and
Genus of
[-10   0]
[  0 -10]
Signature:  (0, 2)
Genus symbol at 2:    [2^2]_6
Genus symbol at 5:     5^2
above 5
2^2 * 5 -- 2^2
Genus of
[-12  -8  -8  -6  -8  -5  -5  -2  -2   0]
[ -8 -12  -5  -8  -6  -8  -5  -5   0  -2]
[ -8  -5  -6  -4  -5  -3  -2   0   0   0]
[ -6  -8  -4  -6  -4  -5  -3  -2   0   0]
[ -8  -6  -5  -4  -6  -4  -5  -3   0   0]
[ -5  -8  -3  -5  -4  -6  -4  -5   0   0]
[ -5  -5  -2  -3  -5  -4  -6  -4   0   0]
[ -2  -5   0  -2  -3  -5  -4  -6   0   0]
[ -2   0   0   0   0   0   0   0 -10   0]
[  0  -2   0   0   0   0   0   0   0 -10]
Signature:  (2, 8)
Genus symbol at 2:    1^4 [2^6]_2
2^1 * 5 -- 2^1
Genus of
[-4]
Signature:  (0, 1)
Genus symbol at 2:    [4^1]_7
