1
glueing
Genus of
[-2  2 -1 -1  0  0  0  1]
[ 2 -2  2 -1 -1  0  0  0]
[-1  2 -2  2 -1 -1  0  0]
[-1 -1  2 -2  2 -1 -1  0]
[ 0 -1 -1  2 -2  2 -1 -1]
[ 0  0 -1 -1  2 -2  2 -1]
[ 0  0  0 -1 -1  2 -2  2]
[ 1  0  0  0 -1 -1  2 -2]
Signature:  (2, 6)
Genus symbol at 2:    1^-4:2^-4
Genus symbol at 5:     1^6 5^2
and
Genus of
[-10   0]
[  0 -10]
Signature:  (0, 2)
Genus symbol at 2:    [2^2]_6
Genus symbol at 5:     5^2
above 5
2^2 * 5 -- 2^2
Genus of
[ -8  -2  -2   2  -2   1  -1   0  -4  -6]
[ -2  -6   1  -2   2  -2   1  -1  -4  -4]
[ -2   1  -2   2  -1  -1   0   0   0   0]
[  2  -2   2  -2   2  -1  -1   0   0   0]
[ -2   2  -1   2  -2   2  -1  -1   0   0]
[  1  -2  -1  -1   2  -2   2  -1   0   0]
[ -1   1   0  -1  -1   2  -2   2   0   0]
[  0  -1   0   0  -1  -1   2  -2   0   0]
[ -4  -4   0   0   0   0   0   0 -10   0]
[ -6  -4   0   0   0   0   0   0   0 -10]
Signature:  (2, 8)
Genus symbol at 2:    1^4 [2^6]_2
2^1 * 5 -- 2^1
Genus of
[-4 -2 -2 -2 -2  2  2]
[-2 -4 -2 -2 -2  2  2]
[-2 -2 -4  0 -2  2  0]
[-2 -2  0 -4  0  2  2]
[-2 -2 -2  0 -4  2  0]
[ 2  2  2  2  2 -4  0]
[ 2  2  0  2  0  0 -4]
Signature:  (0, 7)
Genus symbol at 2:    2^6 [4^1]_1
glueing
Genus of
[-4  0  2 -2]
[ 0 -4  0  2]
[ 2  0 -4  0]
[-2  2  0 -4]
Signature:  (0, 4)
Genus symbol at 2:    2^-4
Genus symbol at 5:     1^-3 5^-1
and
Genus of
[-4 -2 -2]
[-2 -4  0]
[-2  0 -8]
Signature:  (0, 3)
Genus symbol at 2:    2^-2 [4^1]_1
Genus symbol at 5:     1^-2 5^-1
above 5
2^1 * 5 -- 2^1
Genus of
[-4 -2 -2  0 -2 -2 -2]
[-2 -4  0  2  0  0  0]
[-2  0 -4  0  0  0  0]
[ 0  2  0 -4  0  0  0]
[-2  0  0  0 -4 -2 -2]
[-2  0  0  0 -2 -4  0]
[-2  0  0  0 -2  0 -8]
Signature:  (0, 7)
Genus symbol at 2:    2^6 [4^1]_1
