1
glueing
Genus of
[ -6   0  -3   0  -5  -4  -1   1]
[  0  -6   0  -3  -5  -5  -4  -1]
[ -3   0  -6   0  -4  -5  -5  -4]
[  0  -3   0  -6  -1  -4  -5  -5]
[ -5  -5  -4  -1 -10  -7  -5   0]
[ -4  -5  -5  -4  -7 -10  -7  -5]
[ -1  -4  -5  -5  -5  -7 -10  -7]
[  1  -1  -4  -5   0  -5  -7 -10]
Signature:  (2, 6)
Genus symbol at 2:    1^-6:2^-2
Genus symbol at 3:     1^4 3^4
and
Genus of
[-144    0  -60  -60   12  -42]
[   0 -144   60  -60   42   12]
[ -60   60  -54    0  -12  -24]
[ -60  -60    0  -54   24  -12]
[  12   42  -12   24  -14    0]
[ -42   12  -24  -12    0  -14]
Signature:  (0, 6)
Genus symbol at 2:    [2^6]_2
Genus symbol at 3:     1^2 3^4
above 3
glueing
Genus of
[-2  0 -1  0  0  0  0  0]
[ 0 -2  0 -1  0  0  0  0]
[-1  0 -2  0  0  0  0  0]
[ 0 -1  0 -2  0  0  0  0]
[ 0  0  0  0  2  3  1  0]
[ 0  0  0  0  3  2  3  1]
[ 0  0  0  0  1  3  2  3]
[ 0  0  0  0  0  1  3  2]
Signature:  (2, 6)
Genus symbol at 2:    1^-6:2^-2
Genus symbol at 3:     1^4 3^4
and
Genus of
[ -144     0    84   132  -438   -60]
[    0  -144  -132    84    60  -438]
[   84  -132  -174     0   312  -366]
[  132    84     0  -174   366   312]
[ -438    60   312   366 -1358     0]
[  -60  -438  -366   312     0 -1358]
Signature:  (0, 6)
Genus symbol at 2:    [2^6]_2
Genus symbol at 3:     1^2 3^4
above 3
2^2 * 3 -- 2^2
Genus of
[ -238     8    -1     0  -112   -56     0     0     8  -184  -176   100   102  -556]
[    8   -14     0    -1    16   -24     0     0    40     8   -16   -44   118    42]
[   -1     0    -2     0     0     0     0     0     0     0     0     0     0     0]
[    0    -1     0    -2     0     0     0     0     0     0     0     0     0     0]
[ -112    16     0     0   -66     1     1     1   -40   -88   -60    88   -84  -284]
[  -56   -24     0     0     1   -66     2     1    88   -40   -88   -60   284   -84]
[    0     0     0     0     1     2     2     3     0     0     0     0     0     0]
[    0     0     0     0     1     1     3     2     0     0     0     0     0     0]
[    8    40     0     0   -40    88     0     0  -144     0    84   132  -438   -60]
[ -184     8     0     0   -88   -40     0     0     0  -144  -132    84    60  -438]
[ -176   -16     0     0   -60   -88     0     0    84  -132  -174     0   312  -366]
[  100   -44     0     0    88   -60     0     0   132    84     0  -174   366   312]
[  102   118     0     0   -84   284     0     0  -438    60   312   366 -1358     0]
[ -556    42     0     0  -284   -84     0     0   -60  -438  -366   312     0 -1358]
Signature:  (2, 12)
Genus symbol at 2:    1^6 [2^8]_6
2^1 * 3 -- 2^1
Genus of
[-4  0  0]
[ 0 -4  0]
[ 0  0 -4]
Signature:  (0, 3)
Genus symbol at 2:    [4^3]_5
glueing
Genus of
[-8 -4]
[-4 -8]
Signature:  (0, 2)
Genus symbol at 2:    4^-2
Genus symbol at 3:     1^1 3^1
and
Genus of
[-12]
Signature:  (0, 1)
Genus symbol at 2:    [4^-1]_5
Genus symbol at 3:     3^-1
above 3
2^1 * 3 -- 2^1
Genus of
[ -4  -4  -4]
[ -4  -8   0]
[ -4   0 -12]
Signature:  (0, 3)
Genus symbol at 2:    [4^3]_5
glueing
Genus of
[-2  0 -1  0  1  2  1  1  0  0  0  0]
[ 0 -2  0 -1  1  1  2  1  0  0  0  0]
[-1  0 -2  0  0  1  1  2  0  0  0  0]
[ 0 -1  0 -2 -1  0  1  1  0  0  0  0]
[ 1  1  0 -1 -4 -2 -2  0  0  0  0  0]
[ 2  1  1  0 -2 -4 -2 -2  0  0  0  0]
[ 1  2  1  1 -2 -2 -4 -2  0  0  0  0]
[ 1  1  2  1  0 -2 -2 -4  0  0  0  0]
[ 0  0  0  0  0  0  0  0  2  3  1  0]
[ 0  0  0  0  0  0  0  0  3  2  3  1]
[ 0  0  0  0  0  0  0  0  1  3  2  3]
[ 0  0  0  0  0  0  0  0  0  1  3  2]
Signature:  (2, 10)
Genus symbol at 2:    1^-6:2^-6
Genus symbol at 3:     1^10 3^2
and
Genus of
[-6  0]
[ 0 -6]
Signature:  (0, 2)
Genus symbol at 2:    [2^2]_2
Genus symbol at 3:     3^2
above 3
2^2 * 3 -- 2^2
Genus of
[-2  0 -1  0  1  2  1  1  0  0  0  0  0  0]
[ 0 -2  0 -1  1  1  2  1  0  0  0  0  0  0]
[-1  0 -2  0  0  1  1  2  0  0  0  0  0  0]
[ 0 -1  0 -2 -1  0  1  1  0  0  0  0  0  0]
[ 1  1  0 -1 -4 -2 -2  0  0  0  0  0  0  0]
[ 2  1  1  0 -2 -4 -2 -2  0  0  0  0  0  0]
[ 1  2  1  1 -2 -2 -4 -2  0  0  0  0  0  0]
[ 1  1  2  1  0 -2 -2 -4  0  0  0  0  0  0]
[ 0  0  0  0  0  0  0  0  0  1  1  1 -2  0]
[ 0  0  0  0  0  0  0  0  1  0  2  1  0 -2]
[ 0  0  0  0  0  0  0  0  1  2  2  3  0  0]
[ 0  0  0  0  0  0  0  0  1  1  3  2  0  0]
[ 0  0  0  0  0  0  0  0 -2  0  0  0 -6  0]
[ 0  0  0  0  0  0  0  0  0 -2  0  0  0 -6]
Signature:  (2, 12)
Genus symbol at 2:    1^6 [2^8]_6
2^1 * 3 -- 2^1
Genus of
[-4  0  0]
[ 0 -4  0]
[ 0  0 -4]
Signature:  (0, 3)
Genus symbol at 2:    [4^3]_5
glueing
Genus of
[-8 -4]
[-4 -8]
Signature:  (0, 2)
Genus symbol at 2:    4^-2
Genus symbol at 3:     1^1 3^1
and
Genus of
[-12]
Signature:  (0, 1)
Genus symbol at 2:    [4^-1]_5
Genus symbol at 3:     3^-1
above 3
2^1 * 3 -- 2^1
Genus of
[ -4  -4  -4]
[ -4  -8   0]
[ -4   0 -12]
Signature:  (0, 3)
Genus symbol at 2:    [4^3]_5
glueing
Genus of
[-4  0 -2  0  1  2  3  1  0  0  0  0]
[ 0 -4  0 -2  1  1  2  3  0  0  0  0]
[-2  0 -4  0 -2  1  1  2  0  0  0  0]
[ 0 -2  0 -4 -1 -2  1  1  0  0  0  0]
[ 1  1 -2 -1 -4 -2 -2  0  0  0  0  0]
[ 2  1  1 -2 -2 -4 -2 -2  0  0  0  0]
[ 3  2  1  1 -2 -2 -4 -2  0  0  0  0]
[ 1  3  2  1  0 -2 -2 -4  0  0  0  0]
[ 0  0  0  0  0  0  0  0 -2  3 -1  0]
[ 0  0  0  0  0  0  0  0  3 -2  3 -1]
[ 0  0  0  0  0  0  0  0 -1  3 -2  3]
[ 0  0  0  0  0  0  0  0  0 -1  3 -2]
Signature:  (2, 10)
Genus symbol at 2:    1^-6:2^-6
Genus symbol at 3:     1^10 3^2
and
Genus of
[-6  0]
[ 0 -6]
Signature:  (0, 2)
Genus symbol at 2:    [2^2]_2
Genus symbol at 3:     3^2
above 3
2^2 * 3 -- 2^2
Genus of
[-4  0 -2  0  1  2  3  1  0  0  0  0  0  0]
[ 0 -4  0 -2  1  1  2  3  0  0  0  0  0  0]
[-2  0 -4  0 -2  1  1  2  0  0  0  0  0  0]
[ 0 -2  0 -4 -1 -2  1  1  0  0  0  0  0  0]
[ 1  1 -2 -1 -4 -2 -2  0  0  0  0  0  0  0]
[ 2  1  1 -2 -2 -4 -2 -2  0  0  0  0  0  0]
[ 3  2  1  1 -2 -2 -4 -2  0  0  0  0  0  0]
[ 1  3  2  1  0 -2 -2 -4  0  0  0  0  0  0]
[ 0  0  0  0  0  0  0  0 -4 -3 -1  1 -4 -2]
[ 0  0  0  0  0  0  0  0 -3 -6  2 -1 -4 -4]
[ 0  0  0  0  0  0  0  0 -1  2 -2  3  0  0]
[ 0  0  0  0  0  0  0  0  1 -1  3 -2  0  0]
[ 0  0  0  0  0  0  0  0 -4 -4  0  0 -6  0]
[ 0  0  0  0  0  0  0  0 -2 -4  0  0  0 -6]
Signature:  (2, 12)
Genus symbol at 2:    1^6 [2^8]_6
2^1 * 3 -- 2^1
Genus of
[-4  0  0]
[ 0 -4  0]
[ 0  0 -4]
Signature:  (0, 3)
Genus symbol at 2:    [4^3]_5
glueing
Genus of
[-8 -4]
[-4 -8]
Signature:  (0, 2)
Genus symbol at 2:    4^-2
Genus symbol at 3:     1^1 3^1
and
Genus of
[-12]
Signature:  (0, 1)
Genus symbol at 2:    [4^-1]_5
Genus symbol at 3:     3^-1
above 3
2^1 * 3 -- 2^1
Genus of
[ -4  -4  -4]
[ -4  -8   0]
[ -4   0 -12]
Signature:  (0, 3)
Genus symbol at 2:    [4^3]_5
