1
glueing
Genus of
[-6  0 -3  0  2  0  1  0]
[ 0 -6  0 -3  0  2  0  1]
[-3  0 -6  0  1  0  2  0]
[ 0 -3  0 -6  0  1  0  2]
[ 2  0  1  0  0  1  0  0]
[ 0  2  0  1  1  0  1  0]
[ 1  0  2  0  0  1  0  1]
[ 0  1  0  2  0  0  1  0]
Signature:  (2, 6)
Genus symbol at 2:    1^-6:2^-2
Genus symbol at 3:     1^4 3^4
and
Genus of
[-720    0  228 -300 -576  150]
[   0 -720  300  228 -150 -576]
[ 228  300 -198    0  246  192]
[-300  228    0 -198 -192  246]
[-576 -150  246 -192 -494    0]
[ 150 -576  192  246    0 -494]
Signature:  (0, 6)
Genus symbol at 2:    [2^6]_2
Genus symbol at 3:     1^2 3^4
above 3
glueing
Genus of
[-2  0 -1  0  0  0  0  0]
[ 0 -2  0 -1  0  0  0  0]
[-1  0 -2  0  0  0  0  0]
[ 0 -1  0 -2  0  0  0  0]
[ 0  0  0  0  2  3  1  0]
[ 0  0  0  0  3  2  3  1]
[ 0  0  0  0  1  3  2  3]
[ 0  0  0  0  0  1  3  2]
Signature:  (2, 6)
Genus symbol at 2:    1^-6:2^-2
Genus symbol at 3:     1^4 3^4
and
Genus of
[-144    0  -12  -60   84   42]
[   0 -144   60  -12  -42   84]
[ -12   60  -30    0   24  -30]
[ -60  -12    0  -30   30   24]
[  84  -42   24   30  -62    0]
[  42   84  -30   24    0  -62]
Signature:  (0, 6)
Genus symbol at 2:    [2^6]_2
Genus symbol at 3:     1^2 3^4
above 3
2^2 * 3 -- 2^2
Genus of
[  -4    0   -1    0  -16  -16    0    0  -20   -4    0  -10   10    8]
[   0  -14    0   -1    8   24    0    0   -8   40  -20    0   16  -20]
[  -1    0   -2    0    0    0    0    0    0    0    0    0    0    0]
[   0   -1    0   -2    0    0    0    0    0    0    0    0    0    0]
[ -16    8    0    0  -98 -103    1    1 -104  -56   12  -48   44   64]
[ -16   24    0    0 -103 -130    2    1  -88 -104   36  -48   20   86]
[   0    0    0    0    1    2    2    3    0    0    0    0    0    0]
[   0    0    0    0    1    1    3    2    0    0    0    0    0    0]
[ -20   -8    0    0 -104  -88    0    0 -144    0  -12  -60   84   42]
[  -4   40    0    0  -56 -104    0    0    0 -144   60  -12  -42   84]
[   0  -20    0    0   12   36    0    0  -12   60  -30    0   24  -30]
[ -10    0    0    0  -48  -48    0    0  -60  -12    0  -30   30   24]
[  10   16    0    0   44   20    0    0   84  -42   24   30  -62    0]
[   8  -20    0    0   64   86    0    0   42   84  -30   24    0  -62]
Signature:  (2, 12)
Genus symbol at 2:    1^6 [2^8]_6
2^1 * 3 -- 2^1
Genus of
[-4 -2 -2 -2 -2  2  2]
[-2 -4 -2 -2 -2  2  2]
[-2 -2 -4  0 -2  2  0]
[-2 -2  0 -4  0  2  2]
[-2 -2 -2  0 -4  2  0]
[ 2  2  2  2  2 -4  0]
[ 2  2  0  2  0  0 -4]
Signature:  (0, 7)
Genus symbol at 2:    2^6 [4^1]_1
glueing
Genus of
[-4 -2]
[-2 -4]
Signature:  (0, 2)
Genus symbol at 2:    2^-2
Genus symbol at 3:     1^-1 3^-1
and
Genus of
[-4 -2 -2 -2 -2]
[-2 -4  0  0 -2]
[-2  0 -4 -2  0]
[-2  0 -2 -4  0]
[-2 -2  0  0 -4]
Signature:  (0, 5)
Genus symbol at 2:    2^-4 [4^1]_1
Genus symbol at 3:     1^-4 3^1
above 3
2^1 * 3 -- 2^1
Genus of
[-8 -2 -4 -2 -4 -4 -2]
[-2 -4  0  0  0  0  0]
[-4  0 -4 -2 -2 -2 -2]
[-2  0 -2 -4  0  0 -2]
[-4  0 -2  0 -4 -2  0]
[-4  0 -2  0 -2 -4  0]
[-2  0 -2 -2  0  0 -4]
Signature:  (0, 7)
Genus symbol at 2:    2^6 [4^1]_1
glueing
Genus of
[-4 -2  0  0]
[-2 -4  0  0]
[ 0  0 -4 -2]
[ 0  0 -2 -4]
Signature:  (0, 4)
Genus symbol at 2:    2^4
Genus symbol at 3:     1^2 3^2
and
Genus of
[ -4  -2   0]
[ -2  -4   0]
[  0   0 -12]
Signature:  (0, 3)
Genus symbol at 2:    2^2 [4^1]_1
Genus symbol at 3:     1^-1 3^2
above 3
2^1 * 3 -- 2^1
Genus of
[ -8  -2  -4   0  -4  -4  -4]
[ -2  -4   0   0   0   0   0]
[ -4   0  -4  -2  -2  -2  -4]
[  0   0  -2  -4   0   0   0]
[ -4   0  -2   0  -4  -2   0]
[ -4   0  -2   0  -2  -4   0]
[ -4   0  -4   0   0   0 -12]
Signature:  (0, 7)
Genus symbol at 2:    2^6 [4^1]_1
glueing
Genus of
[-4 -2  0  0  0  2]
[-2 -4  0  0 -2  0]
[ 0  0 -4 -2  0  2]
[ 0  0 -2 -4 -2  0]
[ 0 -2  0 -2 -4 -2]
[ 2  0  2  0 -2 -4]
Signature:  (0, 6)
Genus symbol at 2:    2^-6
Genus symbol at 3:     1^5 3^1
and
Genus of
[-12]
Signature:  (0, 1)
Genus symbol at 2:    [4^-1]_5
Genus symbol at 3:     3^-1
above 3
2^1 * 3 -- 2^1
Genus of
[ -8  -2  -4  -4  -2   2  -4]
[ -2  -4   0   0  -2   0   0]
[ -4   0  -4  -2   0   2   0]
[ -4   0  -2  -4  -2   0   0]
[ -2  -2   0  -2  -4  -2   0]
[  2   0   2   0  -2  -4   0]
[ -4   0   0   0   0   0 -12]
Signature:  (0, 7)
Genus symbol at 2:    2^6 [4^1]_1
glueing
Genus of
[-2  0 -1  0  1  1  0 -1  0  0  0  0]
[ 0 -2  0 -1  2  1  1  0  0  0  0  0]
[-1  0 -2  0  1  2  1  1  0  0  0  0]
[ 0 -1  0 -2  1  1  2  1  0  0  0  0]
[ 1  2  1  1 -4 -2 -2  0  0  0  0  0]
[ 1  1  2  1 -2 -4 -2 -2  0  0  0  0]
[ 0  1  1  2 -2 -2 -4 -2  0  0  0  0]
[-1  0  1  1  0 -2 -2 -4  0  0  0  0]
[ 0  0  0  0  0  0  0  0  2  3  1  0]
[ 0  0  0  0  0  0  0  0  3  2  3  1]
[ 0  0  0  0  0  0  0  0  1  3  2  3]
[ 0  0  0  0  0  0  0  0  0  1  3  2]
Signature:  (2, 10)
Genus symbol at 2:    1^-6:2^-6
Genus symbol at 3:     1^10 3^2
and
Genus of
[-6  0]
[ 0 -6]
Signature:  (0, 2)
Genus symbol at 2:    [2^2]_2
Genus symbol at 3:     3^2
above 3
2^2 * 3 -- 2^2
Genus of
[-2  0 -1  0  1  1  0 -1  0  0  0  0  0  0]
[ 0 -2  0 -1  2  1  1  0  0  0  0  0  0  0]
[-1  0 -2  0  1  2  1  1  0  0  0  0  0  0]
[ 0 -1  0 -2  1  1  2  1  0  0  0  0  0  0]
[ 1  2  1  1 -4 -2 -2  0  0  0  0  0  0  0]
[ 1  1  2  1 -2 -4 -2 -2  0  0  0  0  0  0]
[ 0  1  1  2 -2 -2 -4 -2  0  0  0  0  0  0]
[-1  0  1  1  0 -2 -2 -4  0  0  0  0  0  0]
[ 0  0  0  0  0  0  0  0  0  1  1  1 -2  0]
[ 0  0  0  0  0  0  0  0  1  0  2  1  0 -2]
[ 0  0  0  0  0  0  0  0  1  2  2  3  0  0]
[ 0  0  0  0  0  0  0  0  1  1  3  2  0  0]
[ 0  0  0  0  0  0  0  0 -2  0  0  0 -6  0]
[ 0  0  0  0  0  0  0  0  0 -2  0  0  0 -6]
Signature:  (2, 12)
Genus symbol at 2:    1^6 [2^8]_6
2^1 * 3 -- 2^1
Genus of
[-4 -2 -2 -2 -2  2  2]
[-2 -4 -2 -2 -2  2  2]
[-2 -2 -4  0 -2  2  0]
[-2 -2  0 -4  0  2  2]
[-2 -2 -2  0 -4  2  0]
[ 2  2  2  2  2 -4  0]
[ 2  2  0  2  0  0 -4]
Signature:  (0, 7)
Genus symbol at 2:    2^6 [4^1]_1
glueing
Genus of
[-4 -2]
[-2 -4]
Signature:  (0, 2)
Genus symbol at 2:    2^-2
Genus symbol at 3:     1^-1 3^-1
and
Genus of
[-4 -2 -2 -2 -2]
[-2 -4  0  0 -2]
[-2  0 -4 -2  0]
[-2  0 -2 -4  0]
[-2 -2  0  0 -4]
Signature:  (0, 5)
Genus symbol at 2:    2^-4 [4^1]_1
Genus symbol at 3:     1^-4 3^1
above 3
2^1 * 3 -- 2^1
Genus of
[-8 -2 -4 -2 -4 -4 -2]
[-2 -4  0  0  0  0  0]
[-4  0 -4 -2 -2 -2 -2]
[-2  0 -2 -4  0  0 -2]
[-4  0 -2  0 -4 -2  0]
[-4  0 -2  0 -2 -4  0]
[-2  0 -2 -2  0  0 -4]
Signature:  (0, 7)
Genus symbol at 2:    2^6 [4^1]_1
glueing
Genus of
[-4 -2  0  0]
[-2 -4  0  0]
[ 0  0 -4 -2]
[ 0  0 -2 -4]
Signature:  (0, 4)
Genus symbol at 2:    2^4
Genus symbol at 3:     1^2 3^2
and
Genus of
[ -4  -2   0]
[ -2  -4   0]
[  0   0 -12]
Signature:  (0, 3)
Genus symbol at 2:    2^2 [4^1]_1
Genus symbol at 3:     1^-1 3^2
above 3
2^1 * 3 -- 2^1
Genus of
[ -8  -2  -4   0  -4  -4  -4]
[ -2  -4   0   0   0   0   0]
[ -4   0  -4  -2  -2  -2  -4]
[  0   0  -2  -4   0   0   0]
[ -4   0  -2   0  -4  -2   0]
[ -4   0  -2   0  -2  -4   0]
[ -4   0  -4   0   0   0 -12]
Signature:  (0, 7)
Genus symbol at 2:    2^6 [4^1]_1
glueing
Genus of
[-4 -2  0  0  0 -2]
[-2 -4  0  0  2  0]
[ 0  0 -4 -2  0 -2]
[ 0  0 -2 -4  2  0]
[ 0  2  0  2 -4 -2]
[-2  0 -2  0 -2 -4]
Signature:  (0, 6)
Genus symbol at 2:    2^-6
Genus symbol at 3:     1^5 3^1
and
Genus of
[-12]
Signature:  (0, 1)
Genus symbol at 2:    [4^-1]_5
Genus symbol at 3:     3^-1
above 3
2^1 * 3 -- 2^1
Genus of
[ -8  -2  -4  -4   2  -2  -4]
[ -2  -4   0   0   2   0   0]
[ -4   0  -4  -2   0  -2   0]
[ -4   0  -2  -4   2   0   0]
[  2   2   0   2  -4  -2   0]
[ -2   0  -2   0  -2  -4   0]
[ -4   0   0   0   0   0 -12]
Signature:  (0, 7)
Genus symbol at 2:    2^6 [4^1]_1
glueing
Genus of
[-4  0 -2  0  1  2 -1 -1  0  0  0  0]
[ 0 -4  0 -2  3  1  2 -1  0  0  0  0]
[-2  0 -4  0  2  3  1  2  0  0  0  0]
[ 0 -2  0 -4  1  2  3  1  0  0  0  0]
[ 1  3  2  1 -4 -2 -2  0  0  0  0  0]
[ 2  1  3  2 -2 -4 -2 -2  0  0  0  0]
[-1  2  1  3 -2 -2 -4 -2  0  0  0  0]
[-1 -1  2  1  0 -2 -2 -4  0  0  0  0]
[ 0  0  0  0  0  0  0  0  2  3  1  0]
[ 0  0  0  0  0  0  0  0  3  2  3  1]
[ 0  0  0  0  0  0  0  0  1  3  2  3]
[ 0  0  0  0  0  0  0  0  0  1  3  2]
Signature:  (2, 10)
Genus symbol at 2:    1^-6:2^-6
Genus symbol at 3:     1^10 3^2
and
Genus of
[-6  0]
[ 0 -6]
Signature:  (0, 2)
Genus symbol at 2:    [2^2]_2
Genus symbol at 3:     3^2
above 3
2^2 * 3 -- 2^2
Genus of
[-4  0 -2  0  1  2 -1 -1  0  0  0  0  0  0]
[ 0 -4  0 -2  3  1  2 -1  0  0  0  0  0  0]
[-2  0 -4  0  2  3  1  2  0  0  0  0  0  0]
[ 0 -2  0 -4  1  2  3  1  0  0  0  0  0  0]
[ 1  3  2  1 -4 -2 -2  0  0  0  0  0  0  0]
[ 2  1  3  2 -2 -4 -2 -2  0  0  0  0  0  0]
[-1  2  1  3 -2 -2 -4 -2  0  0  0  0  0  0]
[-1 -1  2  1  0 -2 -2 -4  0  0  0  0  0  0]
[ 0  0  0  0  0  0  0  0  0  1  1  1 -2  0]
[ 0  0  0  0  0  0  0  0  1  0  2  1  0 -2]
[ 0  0  0  0  0  0  0  0  1  2  2  3  0  0]
[ 0  0  0  0  0  0  0  0  1  1  3  2  0  0]
[ 0  0  0  0  0  0  0  0 -2  0  0  0 -6  0]
[ 0  0  0  0  0  0  0  0  0 -2  0  0  0 -6]
Signature:  (2, 12)
Genus symbol at 2:    1^6 [2^8]_6
2^1 * 3 -- 2^1
Genus of
[-4 -2 -2 -2 -2  2  2]
[-2 -4 -2 -2 -2  2  2]
[-2 -2 -4  0 -2  2  0]
[-2 -2  0 -4  0  2  2]
[-2 -2 -2  0 -4  2  0]
[ 2  2  2  2  2 -4  0]
[ 2  2  0  2  0  0 -4]
Signature:  (0, 7)
Genus symbol at 2:    2^6 [4^1]_1
glueing
Genus of
[-4 -2]
[-2 -4]
Signature:  (0, 2)
Genus symbol at 2:    2^-2
Genus symbol at 3:     1^-1 3^-1
and
Genus of
[-4 -2 -2 -2 -2]
[-2 -4  0  0 -2]
[-2  0 -4 -2  0]
[-2  0 -2 -4  0]
[-2 -2  0  0 -4]
Signature:  (0, 5)
Genus symbol at 2:    2^-4 [4^1]_1
Genus symbol at 3:     1^-4 3^1
above 3
2^1 * 3 -- 2^1
Genus of
[-8 -2 -4 -2 -4 -4 -2]
[-2 -4  0  0  0  0  0]
[-4  0 -4 -2 -2 -2 -2]
[-2  0 -2 -4  0  0 -2]
[-4  0 -2  0 -4 -2  0]
[-4  0 -2  0 -2 -4  0]
[-2  0 -2 -2  0  0 -4]
Signature:  (0, 7)
Genus symbol at 2:    2^6 [4^1]_1
glueing
Genus of
[-4 -2  0  0]
[-2 -4  0  0]
[ 0  0 -4 -2]
[ 0  0 -2 -4]
Signature:  (0, 4)
Genus symbol at 2:    2^4
Genus symbol at 3:     1^2 3^2
and
Genus of
[ -4  -2   0]
[ -2  -4   0]
[  0   0 -12]
Signature:  (0, 3)
Genus symbol at 2:    2^2 [4^1]_1
Genus symbol at 3:     1^-1 3^2
above 3
2^1 * 3 -- 2^1
Genus of
[ -8  -2  -4   0  -4  -4  -4]
[ -2  -4   0   0   0   0   0]
[ -4   0  -4  -2  -2  -2  -4]
[  0   0  -2  -4   0   0   0]
[ -4   0  -2   0  -4  -2   0]
[ -4   0  -2   0  -2  -4   0]
[ -4   0  -4   0   0   0 -12]
Signature:  (0, 7)
Genus symbol at 2:    2^6 [4^1]_1
glueing
Genus of
[-4 -2  0  0  0  2]
[-2 -4  0  0 -2  0]
[ 0  0 -4 -2  0  2]
[ 0  0 -2 -4 -2  0]
[ 0 -2  0 -2 -4 -2]
[ 2  0  2  0 -2 -4]
Signature:  (0, 6)
Genus symbol at 2:    2^-6
Genus symbol at 3:     1^5 3^1
and
Genus of
[-12]
Signature:  (0, 1)
Genus symbol at 2:    [4^-1]_5
Genus symbol at 3:     3^-1
above 3
2^1 * 3 -- 2^1
Genus of
[ -8  -2  -4  -4  -2   2  -4]
[ -2  -4   0   0  -2   0   0]
[ -4   0  -4  -2   0   2   0]
[ -4   0  -2  -4  -2   0   0]
[ -2  -2   0  -2  -4  -2   0]
[  2   0   2   0  -2  -4   0]
[ -4   0   0   0   0   0 -12]
Signature:  (0, 7)
Genus symbol at 2:    2^6 [4^1]_1
