1
2^2 * 7 -- 2^2
Genus of
[-2  1  0 -2  0  2 -1  0  1 -2  0  2]
[ 1 -2  1  0 -2  0  2 -1  0  1 -2  0]
[ 0  1 -2  1  0 -2  0  2 -1  0  1 -2]
[-2  0  1 -2  1  0 -2  0  2 -1  0  1]
[ 0 -2  0  1 -2  1  0 -2  0  2 -1  0]
[ 2  0 -2  0  1 -2  1  0 -2  0  2 -1]
[-1  2  0 -2  0  1 -2  1  0 -2  0  2]
[ 0 -1  2  0 -2  0  1 -2  1  0 -2  0]
[ 1  0 -1  2  0 -2  0  1 -2  1  0 -2]
[-2  1  0 -1  2  0 -2  0  1 -2  1  0]
[ 0 -2  1  0 -1  2  0 -2  0  1 -2  1]
[ 2  0 -2  1  0 -1  2  0 -2  0  1 -2]
Signature:  (2, 10)
Genus symbol at 2:    1^6:2^6
2^1 * 7 -- 2^1
Genus of
[-4 -2 -2 -2]
[-2 -4  0  0]
[-2  0 -4  0]
[-2  0  0 -4]
Signature:  (0, 4)
Genus symbol at 2:    2^-2:4^-2
