1
2^2 * 7 -- 2^2
Genus of
[ 2  0 -5 -6 -2  3  4  0 -4 -3  2  6]
[ 0  2  0 -5 -6 -2  3  4  0 -4 -3  2]
[-5  0  2  0 -5 -6 -2  3  4  0 -4 -3]
[-6 -5  0  2  0 -5 -6 -2  3  4  0 -4]
[-2 -6 -5  0  2  0 -5 -6 -2  3  4  0]
[ 3 -2 -6 -5  0  2  0 -5 -6 -2  3  4]
[ 4  3 -2 -6 -5  0  2  0 -5 -6 -2  3]
[ 0  4  3 -2 -6 -5  0  2  0 -5 -6 -2]
[-4  0  4  3 -2 -6 -5  0  2  0 -5 -6]
[-3 -4  0  4  3 -2 -6 -5  0  2  0 -5]
[ 2 -3 -4  0  4  3 -2 -6 -5  0  2  0]
[ 6  2 -3 -4  0  4  3 -2 -6 -5  0  2]
Signature:  (2, 10)
Genus symbol at 2:    1^6:2^6
2^1 * 7 -- 2^1
Genus of
[-4 -2 -2 -2]
[-2 -4  0  0]
[-2  0 -4  0]
[-2  0  0 -4]
Signature:  (0, 4)
Genus symbol at 2:    2^-2:4^-2
