1
glueing
Genus of
[-2  0 -1  0  0  0  0  0]
[ 0 -2  0 -1  0  0  0  0]
[-1  0 -2  0  0  0  0  0]
[ 0 -1  0 -2  0  0  0  0]
[ 0  0  0  0  0  1  0  0]
[ 0  0  0  0  1  0  1  0]
[ 0  0  0  0  0  1  0  1]
[ 0  0  0  0  0  0  1  0]
Signature:  (2, 6)
Genus symbol at 2:    1^8
Genus symbol at 3:     1^6 3^2
and
Genus of
[-8  0 -2 -4]
[ 0 -8  4 -2]
[-2  4 -4  0]
[-4 -2  0 -4]
Signature:  (0, 4)
Genus symbol at 2:    2^4
Genus symbol at 3:     1^2 3^2
above 3
2^2 * 3 -- 2^2
Genus of
[ -2  -2  -1   0   0   0   0   0  -2  -2   0  -2]
[ -2 -10   0  -1   0   0   0   0  -8   2  -4  -4]
[ -1   0  -2   0   0   0   0   0   0   0   0   0]
[  0  -1   0  -2   0   0   0   0   0   0   0   0]
[  0   0   0   0   0   1   0   0   0   0   0   0]
[  0   0   0   0   1   0   1   0   0   0   0   0]
[  0   0   0   0   0   1   0   1   0   0   0   0]
[  0   0   0   0   0   0   1   0   0   0   0   0]
[ -2  -8   0   0   0   0   0   0  -8   0  -2  -4]
[ -2   2   0   0   0   0   0   0   0  -8   4  -2]
[  0  -4   0   0   0   0   0   0  -2   4  -4   0]
[ -2  -4   0   0   0   0   0   0  -4  -2   0  -4]
Signature:  (2, 10)
Genus symbol at 2:    1^8:2^4
glueing
Genus of
[-4  2]
[ 2 -4]
Signature:  (0, 2)
Genus symbol at 2:    2^-2
Genus symbol at 3:     1^-1 3^-1
and
Genus of
[ 0  0  0  0  0  0  0  1]
[ 0 -2 -1 -1  1  0  0  0]
[ 0 -1 -2  0  1  0  0  0]
[ 0 -1  0 -2  1  0  0  0]
[ 0  1  1  1 -2  0  0  0]
[ 0  0  0  0  0 -2 -1  0]
[ 0  0  0  0  0 -1 -2  0]
[ 1  0  0  0  0  0  0  0]
Signature:  (1, 7)
Genus symbol at 2:    1^6:2^-2
Genus symbol at 3:     1^-7 3^1
above 3
glueing
Genus of
[-8  4  2  2]
[ 4 -8 -4  2]
[ 2 -4 -4  2]
[ 2  2  2 -4]
Signature:  (0, 4)
Genus symbol at 2:    2^4
Genus symbol at 3:     1^2 3^2
and
Genus of
[ 0  0  0  0  0  1]
[ 0 -2  0  0 -1  0]
[ 0  0 -2 -1  0  0]
[ 0  0 -1 -2  0  0]
[ 0 -1  0  0 -2  0]
[ 1  0  0  0  0  0]
Signature:  (1, 5)
Genus symbol at 2:    1^6
Genus symbol at 3:     1^-4 3^2
above 3
glueing
Genus of
[-6  0 -3  0 -1 -2  1 -1]
[ 0 -6  0 -3 -1 -1 -2  1]
[-3  0 -6  0 -2 -1 -1 -2]
[ 0 -3  0 -6  1 -2 -1 -1]
[-1 -1 -2  1 -2  1 -1  0]
[-2 -1 -1 -2  1 -2  1 -1]
[ 1 -2 -1 -1 -1  1 -2  1]
[-1  1 -2 -1  0 -1  1 -2]
Signature:  (2, 6)
Genus symbol at 2:    1^-6:2^-2
Genus symbol at 3:     1^4 3^4
and
Genus of
[-18   0  -3  -9]
[  0 -18   9  -3]
[ -3   9  -6   0]
[ -9  -3   0  -6]
Signature:  (0, 4)
Genus symbol at 2:    1^-2:2^-2
Genus symbol at 3:     3^4
above 3
glueing
Genus of
[-2  0 -1  0  0  0  0  0]
[ 0 -2  0 -1  0  0  0  0]
[-1  0 -2  0  0  0  0  0]
[ 0 -1  0 -2  0  0  0  0]
[ 0  0  0  0  2  3  1  0]
[ 0  0  0  0  3  2  3  1]
[ 0  0  0  0  1  3  2  3]
[ 0  0  0  0  0  1  3  2]
Signature:  (2, 6)
Genus symbol at 2:    1^-6:2^-2
Genus symbol at 3:     1^4 3^4
and
Genus of
[-18   0   9   3]
[  0 -18  -3   9]
[  9  -3  -6   0]
[  3   9   0  -6]
Signature:  (0, 4)
Genus symbol at 2:    1^-2:2^-2
Genus symbol at 3:     3^4
above 3
2^2 * 3 -- 2^2
Genus of
[ -2  -2  -1   0   0  -2   0   0  -2  -4   0   2]
[ -2  -4   0  -1  -1  -2   0   0  -5  -5   1   3]
[ -1   0  -2   0   0   0   0   0   0   0   0   0]
[  0  -1   0  -2   0   0   0   0   0   0   0   0]
[  0  -1   0   0  -4   5   1   1  -7   5   4  -2]
[ -2  -2   0   0   5  -6   2   1   4 -10  -4   4]
[  0   0   0   0   1   2   2   3   0   0   0   0]
[  0   0   0   0   1   1   3   2   0   0   0   0]
[ -2  -5   0   0  -7   4   0   0 -18   0   9   3]
[ -4  -5   0   0   5 -10   0   0   0 -18  -3   9]
[  0   1   0   0   4  -4   0   0   9  -3  -6   0]
[  2   3   0   0  -2   4   0   0   3   9   0  -6]
Signature:  (2, 10)
Genus symbol at 2:    1^8:2^4
glueing
Genus of
[-4  2]
[ 2 -4]
Signature:  (0, 2)
Genus symbol at 2:    2^-2
Genus symbol at 3:     1^-1 3^-1
and
Genus of
[ 0  0  0  0  0  0  0  1]
[ 0 -2 -1 -1  1  0  0  0]
[ 0 -1 -2  0  1  0  0  0]
[ 0 -1  0 -2  1  0  0  0]
[ 0  1  1  1 -2  0  0  0]
[ 0  0  0  0  0 -2 -1  0]
[ 0  0  0  0  0 -1 -2  0]
[ 1  0  0  0  0  0  0  0]
Signature:  (1, 7)
Genus symbol at 2:    1^6:2^-2
Genus symbol at 3:     1^-7 3^1
above 3
glueing
Genus of
[-8  4  2  2]
[ 4 -8 -4  2]
[ 2 -4 -4  2]
[ 2  2  2 -4]
Signature:  (0, 4)
Genus symbol at 2:    2^4
Genus symbol at 3:     1^2 3^2
and
Genus of
[ 0  0  0  0  0  1]
[ 0 -2  0  0 -1  0]
[ 0  0 -2 -1  0  0]
[ 0  0 -1 -2  0  0]
[ 0 -1  0  0 -2  0]
[ 1  0  0  0  0  0]
Signature:  (1, 5)
Genus symbol at 2:    1^6
Genus symbol at 3:     1^-4 3^2
above 3
2^2 * 3 -- 2^2
Genus of
[-4  0 -2  0  2  3  1  2  0  0  0  0]
[ 0 -4  0 -2  1  2  3  1  0  0  0  0]
[-2  0 -4  0  1  1  2  3  0  0  0  0]
[ 0 -2  0 -4 -2  1  1  2  0  0  0  0]
[ 2  1  1 -2 -4 -2 -2  0  0  0  0  0]
[ 3  2  1  1 -2 -4 -2 -2  0  0  0  0]
[ 1  3  2  1 -2 -2 -4 -2  0  0  0  0]
[ 2  1  3  2  0 -2 -2 -4  0  0  0  0]
[ 0  0  0  0  0  0  0  0  0  1  0  0]
[ 0  0  0  0  0  0  0  0  1  0  1  0]
[ 0  0  0  0  0  0  0  0  0  1  0  1]
[ 0  0  0  0  0  0  0  0  0  0  1  0]
Signature:  (2, 10)
Genus symbol at 2:    1^8:2^4
glueing
Genus of
[-4  2]
[ 2 -4]
Signature:  (0, 2)
Genus symbol at 2:    2^-2
Genus symbol at 3:     1^-1 3^-1
and
Genus of
[ 0  0  0  0  0  0  0  1]
[ 0 -2 -1 -1  1  0  0  0]
[ 0 -1 -2  0  1  0  0  0]
[ 0 -1  0 -2  1  0  0  0]
[ 0  1  1  1 -2  0  0  0]
[ 0  0  0  0  0 -2 -1  0]
[ 0  0  0  0  0 -1 -2  0]
[ 1  0  0  0  0  0  0  0]
Signature:  (1, 7)
Genus symbol at 2:    1^6:2^-2
Genus symbol at 3:     1^-7 3^1
above 3
glueing
Genus of
[-8  4  2  2]
[ 4 -8 -4  2]
[ 2 -4 -4  2]
[ 2  2  2 -4]
Signature:  (0, 4)
Genus symbol at 2:    2^4
Genus symbol at 3:     1^2 3^2
and
Genus of
[ 0  0  0  0  0  1]
[ 0 -2  0  0 -1  0]
[ 0  0 -2 -1  0  0]
[ 0  0 -1 -2  0  0]
[ 0 -1  0  0 -2  0]
[ 1  0  0  0  0  0]
Signature:  (1, 5)
Genus symbol at 2:    1^6
Genus symbol at 3:     1^-4 3^2
above 3
2^2 * 3 -- 2^2
Genus of
[-2  0 -1  0 -1  0  0 -1  0  0  0  0]
[ 0 -2  0 -1  1 -1  0  0  0  0  0  0]
[-1  0 -2  0 -1  1 -1  0  0  0  0  0]
[ 0 -1  0 -2  1 -1  1 -1  0  0  0  0]
[-1  1 -1  1 -2  1 -1  0  0  0  0  0]
[ 0 -1  1 -1  1 -2  1 -1  0  0  0  0]
[ 0  0 -1  1 -1  1 -2  1  0  0  0  0]
[-1  0  0 -1  0 -1  1 -2  0  0  0  0]
[ 0  0  0  0  0  0  0  0  0  2  0  0]
[ 0  0  0  0  0  0  0  0  2  0  2  0]
[ 0  0  0  0  0  0  0  0  0  2  0  2]
[ 0  0  0  0  0  0  0  0  0  0  2  0]
Signature:  (2, 10)
Genus symbol at 2:    1^8:2^4
glueing
Genus of
[-4  2]
[ 2 -4]
Signature:  (0, 2)
Genus symbol at 2:    2^-2
Genus symbol at 3:     1^-1 3^-1
and
Genus of
[ 0  0  0  0  0  0  0  1]
[ 0 -2 -1 -1  1  0  0  0]
[ 0 -1 -2  0  1  0  0  0]
[ 0 -1  0 -2  1  0  0  0]
[ 0  1  1  1 -2  0  0  0]
[ 0  0  0  0  0 -2 -1  0]
[ 0  0  0  0  0 -1 -2  0]
[ 1  0  0  0  0  0  0  0]
Signature:  (1, 7)
Genus symbol at 2:    1^6:2^-2
Genus symbol at 3:     1^-7 3^1
above 3
glueing
Genus of
[-8  4  2  2]
[ 4 -8 -4  2]
[ 2 -4 -4  2]
[ 2  2  2 -4]
Signature:  (0, 4)
Genus symbol at 2:    2^4
Genus symbol at 3:     1^2 3^2
and
Genus of
[ 0  0  0  0  0  1]
[ 0 -2  0  0 -1  0]
[ 0  0 -2 -1  0  0]
[ 0  0 -1 -2  0  0]
[ 0 -1  0  0 -2  0]
[ 1  0  0  0  0  0]
Signature:  (1, 5)
Genus symbol at 2:    1^6
Genus symbol at 3:     1^-4 3^2
above 3
