1
glueing
Genus of
[2 3 1 0]
[3 2 3 1]
[1 3 2 3]
[0 1 3 2]
Signature:  (2, 2)
Genus symbol at 2:    1^-2:2^-2
Genus symbol at 3:     1^2 3^2
and
Genus of
[-8  0 -2 -4]
[ 0 -8  4 -2]
[-2  4 -4  0]
[-4 -2  0 -4]
Signature:  (0, 4)
Genus symbol at 2:    2^4
Genus symbol at 3:     1^2 3^2
above 3
2^2 * 3 -- 2^2
Genus of
[-6 -5  1  1 -6 -4  0 -4]
[-5 -6  2  1 -4 -6  2 -4]
[ 1  2  2  3  0  0  0  0]
[ 1  1  3  2  0  0  0  0]
[-6 -4  0  0 -8  0 -2 -4]
[-4 -6  0  0  0 -8  4 -2]
[ 0  2  0  0 -2  4 -4  0]
[-4 -4  0  0 -4 -2  0 -4]
Signature:  (2, 6)
Genus symbol at 2:    1^-2:2^-6
2^1 * 3 -- 2^1
Genus of
[-4 -2 -2 -2]
[-2 -4  0  0]
[-2  0 -4  0]
[-2  0  0 -4]
Signature:  (0, 4)
Genus symbol at 2:    2^-2:4^-2
glueing
Genus of
[-4 -2]
[-2 -4]
Signature:  (0, 2)
Genus symbol at 2:    2^-2
Genus symbol at 3:     1^-1 3^-1
and
Genus of
[-8 -4]
[-4 -8]
Signature:  (0, 2)
Genus symbol at 2:    4^-2
Genus symbol at 3:     1^1 3^1
above 3
2^1 * 3 -- 2^1
Genus of
[-4 -2 -4 -4]
[-2 -4  0  0]
[-4  0 -8 -4]
[-4  0 -4 -8]
Signature:  (0, 4)
Genus symbol at 2:    2^-2:4^-2
obstructed
obstructed
glueing
Genus of
[-8 -4]
[-4 -8]
Signature:  (0, 2)
Genus symbol at 2:    4^-2
Genus symbol at 3:     1^1 3^1
and
Genus of
[-4 -2]
[-2 -4]
Signature:  (0, 2)
Genus symbol at 2:    2^-2
Genus symbol at 3:     1^-1 3^-1
above 3
2^1 * 3 -- 2^1
Genus of
[-4 -4 -2 -2]
[-4 -8  0  0]
[-2  0 -4 -2]
[-2  0 -2 -4]
Signature:  (0, 4)
Genus symbol at 2:    2^-2:4^-2
2^1 * 3 -- 2^1
Genus of
[-4 -2  0 -2]
[-2 -4  2  0]
[ 0  2 -4 -2]
[-2  0 -2 -4]
Signature:  (0, 4)
Genus symbol at 2:    2^-2:4^-2
obstructed
obstructed
obstructed
obstructed
obstructed
2^2 * 3 -- 2^2
Genus of
[-4  0 -2  0 -2 -4 -2 -2]
[ 0 -4  0 -2 -2 -2 -4 -2]
[-2  0 -4  0  0 -2 -2 -4]
[ 0 -2  0 -4  2  0 -2 -2]
[-2 -2  0  2 -6 -3 -3  0]
[-4 -2 -2  0 -3 -6 -3 -3]
[-2 -4 -2 -2 -3 -3 -6 -3]
[-2 -2 -4 -2  0 -3 -3 -6]
Signature:  (2, 6)
Genus symbol at 2:    1^-2:2^-6
2^1 * 3 -- 2^1
Genus of
[-4 -2 -2 -2]
[-2 -4  0  0]
[-2  0 -4  0]
[-2  0  0 -4]
Signature:  (0, 4)
Genus symbol at 2:    2^-2:4^-2
glueing
Genus of
[-4 -2]
[-2 -4]
Signature:  (0, 2)
Genus symbol at 2:    2^-2
Genus symbol at 3:     1^-1 3^-1
and
Genus of
[-8 -4]
[-4 -8]
Signature:  (0, 2)
Genus symbol at 2:    4^-2
Genus symbol at 3:     1^1 3^1
above 3
2^1 * 3 -- 2^1
Genus of
[-4 -2 -4 -4]
[-2 -4  0  0]
[-4  0 -8 -4]
[-4  0 -4 -8]
Signature:  (0, 4)
Genus symbol at 2:    2^-2:4^-2
obstructed
obstructed
glueing
Genus of
[-8 -4]
[-4 -8]
Signature:  (0, 2)
Genus symbol at 2:    4^-2
Genus symbol at 3:     1^1 3^1
and
Genus of
[-4 -2]
[-2 -4]
Signature:  (0, 2)
Genus symbol at 2:    2^-2
Genus symbol at 3:     1^-1 3^-1
above 3
2^1 * 3 -- 2^1
Genus of
[-4 -4 -2 -2]
[-4 -8  0  0]
[-2  0 -4 -2]
[-2  0 -2 -4]
Signature:  (0, 4)
Genus symbol at 2:    2^-2:4^-2
2^1 * 3 -- 2^1
Genus of
[-4 -2  0  2]
[-2 -4 -2  0]
[ 0 -2 -4 -2]
[ 2  0 -2 -4]
Signature:  (0, 4)
Genus symbol at 2:    2^-2:4^-2
obstructed
obstructed
obstructed
obstructed
obstructed
