1
glueing
Genus of
[-4  0 -2  0  0  0  0  0]
[ 0 -4  0 -2  0  0  0  0]
[-2  0 -4  0  0  0  0  0]
[ 0 -2  0 -4  0  0  0  0]
[ 0  0  0  0  0  2  0  0]
[ 0  0  0  0  2  0  2  0]
[ 0  0  0  0  0  2  0  2]
[ 0  0  0  0  0  0  2  0]
Signature:  (2, 6)
Genus symbol at 2:    2^8
Genus symbol at 3:     1^6 3^2
and
Genus of
[-6  0]
[ 0 -6]
Signature:  (0, 2)
Genus symbol at 2:    [2^2]_2
Genus symbol at 3:     3^2
above 3
2^2 * 3 -- 2^2
Genus of
[-4  0 -2  0  0  0  0  0 -4  0]
[ 0 -4  0 -2  0  0  0  0  0 -4]
[-2  0 -4  0  0  0  0  0  0  0]
[ 0 -2  0 -4  0  0  0  0  0  0]
[ 0  0  0  0  0  2  0  0  0  0]
[ 0  0  0  0  2  0  2  0  0  0]
[ 0  0  0  0  0  2  0  2  0  0]
[ 0  0  0  0  0  0  2  0  0  0]
[-4  0  0  0  0  0  0  0 -6  0]
[ 0 -4  0  0  0  0  0  0  0 -6]
Signature:  (2, 8)
Genus symbol at 2:    [2^10]_2
2^1 * 3 -- 2^1
Genus of
[-4  0  0  0  0]
[ 0 -4  0  0  0]
[ 0  0 -4  0  0]
[ 0  0  0 -4  0]
[ 0  0  0  0 -4]
Signature:  (0, 5)
Genus symbol at 2:    [4^5]_3
glueing
Genus of
[-8 -4]
[-4 -8]
Signature:  (0, 2)
Genus symbol at 2:    4^-2
Genus symbol at 3:     1^1 3^1
and
Genus of
[ -4   0   0]
[  0  -4   0]
[  0   0 -12]
Signature:  (0, 3)
Genus symbol at 2:    [4^-3]_3
Genus symbol at 3:     1^2 3^-1
above 3
2^1 * 3 -- 2^1
Genus of
[ -4  -4   0   0  -4]
[ -4  -8   0   0   0]
[  0   0  -4   0   0]
[  0   0   0  -4   0]
[ -4   0   0   0 -12]
Signature:  (0, 5)
Genus symbol at 2:    [4^5]_3
