1
glueing
Genus of
[-6  0 -3  0  1 -1 -1 -2  0  0  0  0]
[ 0 -6  0 -3  1  1 -1 -1  0  0  0  0]
[-3  0 -6  0  2  1  1 -1  0  0  0  0]
[ 0 -3  0 -6  2  2  1  1  0  0  0  0]
[ 1  1  2  2 -2 -1 -1  0  0  0  0  0]
[-1  1  1  2 -1 -2 -1 -1  0  0  0  0]
[-1 -1  1  1 -1 -1 -2 -1  0  0  0  0]
[-2 -1 -1  1  0 -1 -1 -2  0  0  0  0]
[ 0  0  0  0  0  0  0  0 -2  3 -1  0]
[ 0  0  0  0  0  0  0  0  3 -2  3 -1]
[ 0  0  0  0  0  0  0  0 -1  3 -2  3]
[ 0  0  0  0  0  0  0  0  0 -1  3 -2]
Signature:  (2, 10)
Genus symbol at 2:    1^-10:2^-2
Genus symbol at 3:     1^6 3^6
and
Genus of
[-18   0   6  -6  -9   0]
[  0 -18   6   6   0  -9]
[  6   6 -12   0   6   3]
[ -6   6   0 -12  -3   6]
[ -9   0   6  -3  -6   0]
[  0  -9   3   6   0  -6]
Signature:  (0, 6)
Genus symbol at 2:    1^4 [2^2]_6
Genus symbol at 3:     3^6
above 3
glueing
Genus of
[-2  0 -1  0  0  0  0  0  0  0  0  0]
[ 0 -2  0 -1  0  0  0  0  0  0  0  0]
[-1  0 -2  0  0  0  0  0  0  0  0  0]
[ 0 -1  0 -2  0  0  0  0  0  0  0  0]
[ 0  0  0  0 -2  0 -1  0  0  0  0  0]
[ 0  0  0  0  0 -2  0 -1  0  0  0  0]
[ 0  0  0  0 -1  0 -2  0  0  0  0  0]
[ 0  0  0  0  0 -1  0 -2  0  0  0  0]
[ 0  0  0  0  0  0  0  0 -2  3 -1  0]
[ 0  0  0  0  0  0  0  0  3 -2  3 -1]
[ 0  0  0  0  0  0  0  0 -1  3 -2  3]
[ 0  0  0  0  0  0  0  0  0 -1  3 -2]
Signature:  (2, 10)
Genus symbol at 2:    1^-10:2^-2
Genus symbol at 3:     1^6 3^6
and
Genus of
[-18   0   6  -6  -9   0]
[  0 -18   6   6   0  -9]
[  6   6 -12   0   6   3]
[ -6   6   0 -12  -3   6]
[ -9   0   6  -3  -6   0]
[  0  -9   3   6   0  -6]
Signature:  (0, 6)
Genus symbol at 2:    1^4 [2^2]_6
Genus symbol at 3:     3^6
above 3
2^2 * 3 -- 2^2
Genus of
[ -8  -6  -1   0   2   2   0   0  -2  -4   0   0  -4   6  -6  -6   0   4]
[ -6  -8   0  -1   3   4   0   0  -2  -4   0   0   0   2  -6  -6   2   3]
[ -1   0  -2   0   0   0   0   0   0   0   0   0   0   0   0   0   0   0]
[  0  -1   0  -2   0   0   0   0   0   0   0   0   0   0   0   0   0   0]
[  2   3   0   0 -14 -19  -1   0   0   6   0   0 -12  -9   9   0  -7  -5]
[  2   4   0   0 -19 -28   0  -1   0   8   0   0 -18 -12  12   0 -10  -7]
[  0   0   0   0  -1   0  -2   0   0   0   0   0   0   0   0   0   0   0]
[  0   0   0   0   0  -1   0  -2   0   0   0   0   0   0   0   0   0   0]
[ -2  -2   0   0   0   0   0   0  -2   1  -1   1  -2   2   0  -4  -1   2]
[ -4  -4   0   0   6   8   0   0   1  -6   2  -1   4   4  -8   0   4   2]
[  0   0   0   0   0   0   0   0  -1   2  -2   3   0   0   0   0   0   0]
[  0   0   0   0   0   0   0   0   1  -1   3  -2   0   0   0   0   0   0]
[ -4   0   0   0 -12 -18   0   0  -2   4   0   0 -18   0   6  -6  -9   0]
[  6   2   0   0  -9 -12   0   0   2   4   0   0   0 -18   6   6   0  -9]
[ -6  -6   0   0   9  12   0   0   0  -8   0   0   6   6 -12   0   6   3]
[ -6  -6   0   0   0   0   0   0  -4   0   0   0  -6   6   0 -12  -3   6]
[  0   2   0   0  -7 -10   0   0  -1   4   0   0  -9   0   6  -3  -6   0]
[  4   3   0   0  -5  -7   0   0   2   2   0   0   0  -9   3   6   0  -6]
Signature:  (2, 16)
Genus symbol at 2:    1^14 [2^4]_2
2^1 * 3 -- 2^1
Genus of
[-4]
Signature:  (0, 1)
Genus symbol at 2:    [4^1]_7
