1
2^2 * 5 -- 2^2
Genus of
[-2 -1 -1 -1  0  0  0  1  0  0  0  0  0  0  0  0]
[-1 -2 -1 -1 -1  0  0  0  0  0  0  0  0  0  0  0]
[-1 -1 -2 -1 -1 -1  0  0  0  0  0  0  0  0  0  0]
[-1 -1 -1 -2 -1 -1 -1  0  0  0  0  0  0  0  0  0]
[ 0 -1 -1 -1 -2 -1 -1 -1  0  0  0  0  0  0  0  0]
[ 0  0 -1 -1 -1 -2 -1 -1  0  0  0  0  0  0  0  0]
[ 0  0  0 -1 -1 -1 -2 -1  0  0  0  0  0  0  0  0]
[ 1  0  0  0 -1 -1 -1 -2  0  0  0  0  0  0  0  0]
[ 0  0  0  0  0  0  0  0 -2  0 -1 -1  0  0  0  1]
[ 0  0  0  0  0  0  0  0  0 -2  0 -1 -1  0  0  0]
[ 0  0  0  0  0  0  0  0 -1  0 -2  0 -1 -1  0  0]
[ 0  0  0  0  0  0  0  0 -1 -1  0 -2  0 -1 -1  0]
[ 0  0  0  0  0  0  0  0  0 -1 -1  0 -2  0 -1 -1]
[ 0  0  0  0  0  0  0  0  0  0 -1 -1  0 -2  0 -1]
[ 0  0  0  0  0  0  0  0  0  0  0 -1 -1  0 -2  0]
[ 0  0  0  0  0  0  0  0  1  0  0  0 -1 -1  0 -2]
Signature:  (2, 14)
Genus symbol at 2:    1^-12:2^-4
glueing
Genus of
[-4  0  2  2]
[ 0 -4  0  2]
[ 2  0 -4  0]
[ 2  2  0 -4]
Signature:  (0, 4)
Genus symbol at 2:    2^-4
Genus symbol at 5:     1^-3 5^-1
and
Genus of
[ 2  1]
[ 1 -2]
Signature:  (1, 1)
Genus symbol at 2:    1^-2
Genus symbol at 5:     1^-1 5^-1
above 5
