1
glueing
Genus of
[-2  2 -1 -1  0  0  0  1]
[ 2 -2  2 -1 -1  0  0  0]
[-1  2 -2  2 -1 -1  0  0]
[-1 -1  2 -2  2 -1 -1  0]
[ 0 -1 -1  2 -2  2 -1 -1]
[ 0  0 -1 -1  2 -2  2 -1]
[ 0  0  0 -1 -1  2 -2  2]
[ 1  0  0  0 -1 -1  2 -2]
Signature:  (2, 6)
Genus symbol at 2:    1^-4:2^-4
Genus symbol at 5:     1^6 5^2
and
Genus of
[ -4   0  -4   2]
[  0  -4  -2  -4]
[ -4  -2 -10   0]
[  2  -4   0 -10]
Signature:  (0, 4)
Genus symbol at 2:    [2^4]_4
Genus symbol at 5:     1^2 5^2
above 5
2^2 * 5 -- 2^2
Genus of
[ -8  -2  -2   2  -2   1  -1   0  -4  -2  -6   0]
[ -2  -8   1  -2   2  -2   1  -1  -2  -4  -4  -4]
[ -2   1  -2   2  -1  -1   0   0   0   0   0   0]
[  2  -2   2  -2   2  -1  -1   0   0   0   0   0]
[ -2   2  -1   2  -2   2  -1  -1   0   0   0   0]
[  1  -2  -1  -1   2  -2   2  -1   0   0   0   0]
[ -1   1   0  -1  -1   2  -2   2   0   0   0   0]
[  0  -1   0   0  -1  -1   2  -2   0   0   0   0]
[ -4  -2   0   0   0   0   0   0  -4   0  -4   2]
[ -2  -4   0   0   0   0   0   0   0  -4  -2  -4]
[ -6  -4   0   0   0   0   0   0  -4  -2 -10   0]
[  0  -4   0   0   0   0   0   0   2  -4   0 -10]
Signature:  (2, 10)
Genus symbol at 2:    1^4 [2^8]_0
2^1 * 5 -- 2^1
Genus of
[-4  0]
[ 0 -4]
Signature:  (0, 2)
Genus symbol at 2:    [4^2]_6
