1
found 0 extensions at level 4
computing representatives of Genus of
None
Signature:  (0, 1)
Genus symbol at 2:    [4^1]_7
Cp,fp: 1
Genus of
[-4]
Signature:  (0, 1)
Genus symbol at 2:    [4^1]_7
C1: 1 Genus symbol at 2:    2^2 [4^1]_7
computing representatives
Found 1 matching extensions
found 0 extensions at level 4
computing representatives of Genus of
None
Signature:  (0, 1)
Genus symbol at 2:    [4^1]_7
Cp,fp: 2
Genus of
[-4]
Signature:  (0, 1)
Genus symbol at 2:    [4^1]_7
C1: 2 Genus symbol at 2:    [4^3]_7
computing representatives
Found 1 matching extensions
found 0 extensions at level 4
computing representatives of Genus of
None
Signature:  (0, 1)
Genus symbol at 2:    [8^1]_7
Cp,fp: 3
Genus of
[-8]
Signature:  (0, 1)
Genus symbol at 2:    [8^1]_7
C1: 3 Genus symbol at 2:    2^2:[8^1]_7
computing representatives
Found 1 matching extensions
found 1 extensions at level 4
found 0 extensions at level 5
computing representatives of Genus of
None
Signature:  (0, 2)
Genus symbol at 2:    [4^2]_6
Cp,fp: 4
Genus of
[-4  0]
[ 0 -4]
Signature:  (0, 2)
Genus symbol at 2:    [4^2]_6
C1: 4 Genus symbol at 2:    2^2
computing representatives
Found 1 matching extensions
found 0 extensions at level 4
computing representatives of Genus of
None
Signature:  (0, 2)
Genus symbol at 2:    [4^2]_6
Cp,fp: 5
Genus of
[-4  0]
[ 0 -4]
Signature:  (0, 2)
Genus symbol at 2:    [4^2]_6
C1: 5 Genus symbol at 2:    4^2
computing representatives
Found 1 matching extensions
found 0 extensions at level 4
computing representatives of Genus of
[-4  0]
[ 0 -4]
Signature:  (0, 2)
Genus symbol at 2:    [4^2]_6
Cp,fp: 6
Genus of
[-4  0]
[ 0 -4]
Signature:  (0, 2)
Genus symbol at 2:    [4^2]_6
C1: 6 Genus symbol at 2:    [4^2]_0
computing representatives
Found 1 matching extensions
found 0 extensions at level 4
computing representatives of Genus of
None
Signature:  (0, 2)
Genus symbol at 2:    [4^1 8^1]_6
Cp,fp: 7
Genus of
[-4  0]
[ 0 -8]
Signature:  (0, 2)
Genus symbol at 2:    [4^1 8^1]_6
C1: 7 Genus symbol at 2:    [4^1 8^1]_0
computing representatives
Found 1 matching extensions
found 1 extensions at level 4
found 1 extensions at level 5
computing representatives of Genus of
None
Signature:  (0, 3)
Genus symbol at 2:    2^-2:[8^-1]_5
Cp,fp: 8
Genus of
[-4 -2 -2]
[-2 -4 -2]
[-2 -2 -4]
Signature:  (0, 3)
Genus symbol at 2:    2^-2:[8^-1]_5
C1: 8 Genus symbol at 2:    [8^1]_1
computing representatives
Found 1 matching extensions
found 1 extensions at level 4
found 0 extensions at level 5
computing representatives of Genus of
None
Signature:  (0, 3)
Genus symbol at 2:    [4^3]_5
Cp,fp: 9
Genus of
[-4  0  0]
[ 0 -4  0]
[ 0  0 -4]
Signature:  (0, 3)
Genus symbol at 2:    [4^3]_5
C1: 9 Genus symbol at 2:    [4^1]_1
computing representatives
Found 1 matching extensions
found 0 extensions at level 4
