1
2^2 * 5 -- 2^2
Genus of
[-6  6 -5  3 -2  0  2 -3]
[ 6 -6  6 -5  3 -2  0  2]
[-5  6 -6  6 -5  3 -2  0]
[ 3 -5  6 -6  6 -5  3 -2]
[-2  3 -5  6 -6  6 -5  3]
[ 0 -2  3 -5  6 -6  6 -5]
[ 2  0 -2  3 -5  6 -6  6]
[-3  2  0 -2  3 -5  6 -6]
Signature:  (2, 6)
Genus symbol at 2:    1^-4:2^-4
glueing
Genus of
[-4  0  2  2]
[ 0 -4  0  2]
[ 2  0 -4  0]
[ 2  2  0 -4]
Signature:  (0, 4)
Genus symbol at 2:    2^-4
Genus symbol at 5:     1^-3 5^-1
and
Genus of
[ 0  0  0  0  0  0  0  0  0  1]
[ 0 -2  1 -1  1  1  1 -1  1  0]
[ 0  1 -2  0  0  0 -1  1  0  0]
[ 0 -1  0 -2  0  1  1 -1  1  0]
[ 0  1  0  0 -2  0  0  0 -1  0]
[ 0  1  0  1  0 -2  0  0  0  0]
[ 0  1 -1  1  0  0 -2  1 -1  0]
[ 0 -1  1 -1  0  0  1 -2  1  0]
[ 0  1  0  1 -1  0 -1  1 -4  0]
[ 1  0  0  0  0  0  0  0  0  0]
Signature:  (1, 9)
Genus symbol at 2:    1^-10
Genus symbol at 5:     1^-9 5^-1
above 5
