1
2^2 * 5 -- 2^2
Genus of
[-2  0 -1 -1  0  0  0  1]
[ 0 -2  0 -1 -1  0  0  0]
[-1  0 -2  0 -1 -1  0  0]
[-1 -1  0 -2  0 -1 -1  0]
[ 0 -1 -1  0 -2  0 -1 -1]
[ 0  0 -1 -1  0 -2  0 -1]
[ 0  0  0 -1 -1  0 -2  0]
[ 1  0  0  0 -1 -1  0 -2]
Signature:  (2, 6)
Genus symbol at 2:    1^-4:2^-4
2^1 * 5 -- 2^1
Genus of
[-4 -2  2 -2  2  0 -2  0]
[-2 -4  2  0  2 -2 -2  2]
[ 2  2 -4  2 -2  0  0 -2]
[-2  0  2 -4  2  0  0  0]
[ 2  2 -2  2 -4  2  2 -2]
[ 0 -2  0  0  2 -4 -2  2]
[-2 -2  0  0  2 -2 -4  0]
[ 0  2 -2  0 -2  2  0 -4]
Signature:  (0, 8)
Genus symbol at 2:    2^8
glueing
Genus of
[-4  0  2 -2]
[ 0 -4  0  2]
[ 2  0 -4  0]
[-2  2  0 -4]
Signature:  (0, 4)
Genus symbol at 2:    2^-4
Genus symbol at 5:     1^-3 5^-1
and
Genus of
[-4 -2  2  2]
[-2 -4  0  0]
[ 2  0 -4 -2]
[ 2  0 -2 -4]
Signature:  (0, 4)
Genus symbol at 2:    2^-4
Genus symbol at 5:     1^-3 5^-1
above 5
2^1 * 5 -- 2^1
Genus of
[-4 -2 -2  0 -2 -2  0  0]
[-2 -4  0  2  0  0  0  0]
[-2  0 -4  0  0  0  0  0]
[ 0  2  0 -4  0  0  0  0]
[-2  0  0  0 -4 -2  2  2]
[-2  0  0  0 -2 -4  0  0]
[ 0  0  0  0  2  0 -4 -2]
[ 0  0  0  0  2  0 -2 -4]
Signature:  (0, 8)
Genus symbol at 2:    2^8
obstructed
2^1 * 5 -- 2^1
Genus of
[-4 -2  0  0  0 -4 -4  0]
[-2 -4 -2  0  0  0 -4 -4]
[ 0 -2 -4 -2  0  0  0 -4]
[ 0  0 -2 -4  4  0  0  0]
[ 0  0  0  4 -8 -2  2 -2]
[-4  0  0  0 -2 -8 -2  2]
[-4 -4  0  0  2 -2 -8 -2]
[ 0 -4 -4  0 -2  2 -2 -8]
Signature:  (0, 8)
Genus symbol at 2:    2^8
obstructed
