1
2^2 * 3 -- 2^2
Genus of
[0 2 0 0]
[2 0 2 0]
[0 2 0 2]
[0 0 2 0]
Signature:  (2, 2)
Genus symbol at 2:    2^4
2^1 * 3 -- 2^1
Genus of
[-4 -2 -2 -2]
[-2 -4  0  0]
[-2  0 -4  0]
[-2  0  0 -4]
Signature:  (0, 4)
Genus symbol at 2:    2^-2:4^-2
glueing
Genus of
[-4 -2]
[-2 -4]
Signature:  (0, 2)
Genus symbol at 2:    2^-2
Genus symbol at 3:     1^-1 3^-1
and
Genus of
[-8 -4]
[-4 -8]
Signature:  (0, 2)
Genus symbol at 2:    4^-2
Genus symbol at 3:     1^1 3^1
above 3
2^1 * 3 -- 2^1
Genus of
[-4 -2 -4 -4]
[-2 -4  0  0]
[-4  0 -8 -4]
[-4  0 -4 -8]
Signature:  (0, 4)
Genus symbol at 2:    2^-2:4^-2
obstructed
glueing
Genus of
[-8 -4]
[-4 -8]
Signature:  (0, 2)
Genus symbol at 2:    4^-2
Genus symbol at 3:     1^1 3^1
and
Genus of
[-4 -2]
[-2 -4]
Signature:  (0, 2)
Genus symbol at 2:    2^-2
Genus symbol at 3:     1^-1 3^-1
above 3
2^1 * 3 -- 2^1
Genus of
[-4 -4 -2 -2]
[-4 -8  0  0]
[-2  0 -4 -2]
[-2  0 -2 -4]
Signature:  (0, 4)
Genus symbol at 2:    2^-2:4^-2
2^1 * 3 -- 2^1
Genus of
[-4 -2  2  0]
[-2 -4  2  2]
[ 2  2 -4 -2]
[ 0  2 -2 -4]
Signature:  (0, 4)
Genus symbol at 2:    2^-2:4^-2
obstructed
obstructed
obstructed
obstructed
