1
glueing
Genus of
[-2  3 -1  0]
[ 3 -2  3 -1]
[-1  3 -2  3]
[ 0 -1  3 -2]
Signature:  (2, 2)
Genus symbol at 2:    1^-2:2^-2
Genus symbol at 3:     1^2 3^2
and
Genus of
[-6  0]
[ 0 -6]
Signature:  (0, 2)
Genus symbol at 2:    [2^2]_2
Genus symbol at 3:     3^2
above 3
2^2 * 3 -- 2^2
Genus of
[-4 -3 -1  1 -4 -2]
[-3 -6  2 -1 -4 -4]
[-1  2 -2  3  0  0]
[ 1 -1  3 -2  0  0]
[-4 -4  0  0 -6  0]
[-2 -4  0  0  0 -6]
Signature:  (2, 4)
Genus symbol at 2:    1^2 [2^4]_6
2^1 * 3 -- 2^1
Genus of
[-4 -2 -2 -2 -2  2  2]
[-2 -4 -2 -2 -2  2  2]
[-2 -2 -4  0 -2  2  0]
[-2 -2  0 -4  0  2  2]
[-2 -2 -2  0 -4  2  0]
[ 2  2  2  2  2 -4  0]
[ 2  2  0  2  0  0 -4]
Signature:  (0, 7)
Genus symbol at 2:    2^6 [4^1]_1
glueing
Genus of
[-4 -2]
[-2 -4]
Signature:  (0, 2)
Genus symbol at 2:    2^-2
Genus symbol at 3:     1^-1 3^-1
and
Genus of
[-4 -2 -2 -2 -2]
[-2 -4  0  0 -2]
[-2  0 -4 -2  0]
[-2  0 -2 -4  0]
[-2 -2  0  0 -4]
Signature:  (0, 5)
Genus symbol at 2:    2^-4 [4^1]_1
Genus symbol at 3:     1^-4 3^1
above 3
2^1 * 3 -- 2^1
Genus of
[-8 -2 -4 -2 -4 -4 -2]
[-2 -4  0  0  0  0  0]
[-4  0 -4 -2 -2 -2 -2]
[-2  0 -2 -4  0  0 -2]
[-4  0 -2  0 -4 -2  0]
[-4  0 -2  0 -2 -4  0]
[-2  0 -2 -2  0  0 -4]
Signature:  (0, 7)
Genus symbol at 2:    2^6 [4^1]_1
obstructed
glueing
Genus of
[-4 -2  0  0]
[-2 -4  0  0]
[ 0  0 -4 -2]
[ 0  0 -2 -4]
Signature:  (0, 4)
Genus symbol at 2:    2^4
Genus symbol at 3:     1^2 3^2
and
Genus of
[ -4  -2   0]
[ -2  -4   0]
[  0   0 -12]
Signature:  (0, 3)
Genus symbol at 2:    2^2 [4^1]_1
Genus symbol at 3:     1^-1 3^2
above 3
2^1 * 3 -- 2^1
Genus of
[ -8  -2  -4   0  -4  -4  -4]
[ -2  -4   0   0   0   0   0]
[ -4   0  -4  -2  -2  -2  -4]
[  0   0  -2  -4   0   0   0]
[ -4   0  -2   0  -4  -2   0]
[ -4   0  -2   0  -2  -4   0]
[ -4   0  -4   0   0   0 -12]
Signature:  (0, 7)
Genus symbol at 2:    2^6 [4^1]_1
obstructed
obstructed
glueing
Genus of
[-4 -2  0  0  2  2]
[-2 -4  0  0  0  2]
[ 0  0 -4 -2  2  2]
[ 0  0 -2 -4  0  2]
[ 2  0  2  0 -4 -2]
[ 2  2  2  2 -2 -4]
Signature:  (0, 6)
Genus symbol at 2:    2^-6
Genus symbol at 3:     1^5 3^1
and
Genus of
[-12]
Signature:  (0, 1)
Genus symbol at 2:    [4^-1]_5
Genus symbol at 3:     3^-1
above 3
2^1 * 3 -- 2^1
Genus of
[ -8  -2  -4  -4   2   4  -4]
[ -2  -4   0   0   0   2   0]
[ -4   0  -4  -2   2   2   0]
[ -4   0  -2  -4   0   2   0]
[  2   0   2   0  -4  -2   0]
[  4   2   2   2  -2  -4   0]
[ -4   0   0   0   0   0 -12]
Signature:  (0, 7)
Genus symbol at 2:    2^6 [4^1]_1
obstructed
