1
glueing
Genus of
[-6  0 -3  0  1  1 -1  2  0  0  0  0]
[ 0 -6  0 -3 -1  1  1 -1  0  0  0  0]
[-3  0 -6  0  2 -1  1  1  0  0  0  0]
[ 0 -3  0 -6 -2  2 -1  1  0  0  0  0]
[ 1 -1  2 -2 -2  1 -1  0  0  0  0  0]
[ 1  1 -1  2  1 -2  1 -1  0  0  0  0]
[-1  1  1 -1 -1  1 -2  1  0  0  0  0]
[ 2 -1  1  1  0 -1  1 -2  0  0  0  0]
[ 0  0  0  0  0  0  0  0  2  3  1  0]
[ 0  0  0  0  0  0  0  0  3  2  3  1]
[ 0  0  0  0  0  0  0  0  1  3  2  3]
[ 0  0  0  0  0  0  0  0  0  1  3  2]
Signature:  (2, 10)
Genus symbol at 2:    1^-10:2^-2
Genus symbol at 3:     1^6 3^6
and
Genus of
[-18   0  -6  -6  -9   0]
[  0 -18   6  -6   0  -9]
[ -6   6 -12   0   0   3]
[ -6  -6   0 -12  -3   0]
[ -9   0   0  -3  -6   0]
[  0  -9   3   0   0  -6]
Signature:  (0, 6)
Genus symbol at 2:    1^4 [2^2]_6
Genus symbol at 3:     3^6
above 3
glueing
Genus of
[-2  0 -1  0  0  0  0  0  0  0  0  0]
[ 0 -2  0 -1  0  0  0  0  0  0  0  0]
[-1  0 -2  0  0  0  0  0  0  0  0  0]
[ 0 -1  0 -2  0  0  0  0  0  0  0  0]
[ 0  0  0  0 -2  0 -1  0  0  0  0  0]
[ 0  0  0  0  0 -2  0 -1  0  0  0  0]
[ 0  0  0  0 -1  0 -2  0  0  0  0  0]
[ 0  0  0  0  0 -1  0 -2  0  0  0  0]
[ 0  0  0  0  0  0  0  0 -2  3 -1  0]
[ 0  0  0  0  0  0  0  0  3 -2  3 -1]
[ 0  0  0  0  0  0  0  0 -1  3 -2  3]
[ 0  0  0  0  0  0  0  0  0 -1  3 -2]
Signature:  (2, 10)
Genus symbol at 2:    1^-10:2^-2
Genus symbol at 3:     1^6 3^6
and
Genus of
[-18   0  -6  -6  -9   0]
[  0 -18   6  -6   0  -9]
[ -6   6 -12   0   0   3]
[ -6  -6   0 -12  -3   0]
[ -9   0   0  -3  -6   0]
[  0  -9   3   0   0  -6]
Signature:  (0, 6)
Genus symbol at 2:    1^4 [2^2]_6
Genus symbol at 3:     3^6
above 3
2^2 * 3 -- 2^2
Genus of
[-44 -42  -1   0 -11 -28   0   0 -34 -28   0   0 -24 -13  -7 -14 -11  -6]
[-42 -44   0  -1 -14 -22   0   0 -34 -30   0   0 -20 -18  -4 -16  -9  -8]
[ -1   0  -2   0   0   0   0   0   0   0   0   0   0   0   0   0   0   0]
[  0  -1   0  -2   0   0   0   0   0   0   0   0   0   0   0   0   0   0]
[-11 -14   0   0  -8   0  -1   0 -11 -12   0   0  -2 -11   3  -6  -1  -5]
[-28 -22   0   0   0 -30   0  -1 -18 -10   0   0 -22   4 -12  -6 -10   2]
[  0   0   0   0  -1   0  -2   0   0   0   0   0   0   0   0   0   0   0]
[  0   0   0   0   0  -1   0  -2   0   0   0   0   0   0   0   0   0   0]
[-34 -34   0   0 -11 -18   0   0 -32 -27  -1   1 -18 -15   1 -10 -10  -8]
[-28 -30   0   0 -12 -10   0   0 -27 -28   2  -1 -12 -18   4  -8  -7 -10]
[  0   0   0   0   0   0   0   0  -1   2  -2   3   0   0   0   0   0   0]
[  0   0   0   0   0   0   0   0   1  -1   3  -2   0   0   0   0   0   0]
[-24 -20   0   0  -2 -22   0   0 -18 -12   0   0 -18   0  -6  -6  -9   0]
[-13 -18   0   0 -11   4   0   0 -15 -18   0   0   0 -18   6  -6   0  -9]
[ -7  -4   0   0   3 -12   0   0   1   4   0   0  -6   6 -12   0   0   3]
[-14 -16   0   0  -6  -6   0   0 -10  -8   0   0  -6  -6   0 -12  -3   0]
[-11  -9   0   0  -1 -10   0   0 -10  -7   0   0  -9   0   0  -3  -6   0]
[ -6  -8   0   0  -5   2   0   0  -8 -10   0   0   0  -9   3   0   0  -6]
Signature:  (2, 16)
Genus symbol at 2:    1^14 [2^4]_2
2^1 * 3 -- 2^1
Genus of
[-4]
Signature:  (0, 1)
Genus symbol at 2:    [4^1]_7
