1
2^2 * 7 -- 2^2
Genus of
[-10   9  -7   5  -5   5  -3   0   3  -5   5  -5]
[  9 -10   9  -7   5  -5   5  -3   0   3  -5   5]
[ -7   9 -10   9  -7   5  -5   5  -3   0   3  -5]
[  5  -7   9 -10   9  -7   5  -5   5  -3   0   3]
[ -5   5  -7   9 -10   9  -7   5  -5   5  -3   0]
[  5  -5   5  -7   9 -10   9  -7   5  -5   5  -3]
[ -3   5  -5   5  -7   9 -10   9  -7   5  -5   5]
[  0  -3   5  -5   5  -7   9 -10   9  -7   5  -5]
[  3   0  -3   5  -5   5  -7   9 -10   9  -7   5]
[ -5   3   0  -3   5  -5   5  -7   9 -10   9  -7]
[  5  -5   3   0  -3   5  -5   5  -7   9 -10   9]
[ -5   5  -5   3   0  -3   5  -5   5  -7   9 -10]
Signature:  (2, 10)
Genus symbol at 2:    1^6:2^6
2^1 * 7 -- 2^1
Genus of
[-4 -2 -2 -2]
[-2 -4  0  0]
[-2  0 -4  0]
[-2  0  0 -4]
Signature:  (0, 4)
Genus symbol at 2:    2^-2:4^-2
