1
2^2 * 7 -- 2^2
Genus of
[-4  3 -2  1 -1  2 -1  0  1 -2  1 -1]
[ 3 -4  3 -2  1 -1  2 -1  0  1 -2  1]
[-2  3 -4  3 -2  1 -1  2 -1  0  1 -2]
[ 1 -2  3 -4  3 -2  1 -1  2 -1  0  1]
[-1  1 -2  3 -4  3 -2  1 -1  2 -1  0]
[ 2 -1  1 -2  3 -4  3 -2  1 -1  2 -1]
[-1  2 -1  1 -2  3 -4  3 -2  1 -1  2]
[ 0 -1  2 -1  1 -2  3 -4  3 -2  1 -1]
[ 1  0 -1  2 -1  1 -2  3 -4  3 -2  1]
[-2  1  0 -1  2 -1  1 -2  3 -4  3 -2]
[ 1 -2  1  0 -1  2 -1  1 -2  3 -4  3]
[-1  1 -2  1  0 -1  2 -1  1 -2  3 -4]
Signature:  (2, 10)
Genus symbol at 2:    1^6:2^6
2^1 * 7 -- 2^1
Genus of
[-4 -2  2 -2  2  0 -2  0]
[-2 -4  2  0  2 -2 -2  2]
[ 2  2 -4  2 -2  0  0 -2]
[-2  0  2 -4  2  0  0  0]
[ 2  2 -2  2 -4  2  2 -2]
[ 0 -2  0  0  2 -4 -2  2]
[-2 -2  0  0  2 -2 -4  0]
[ 0  2 -2  0 -2  2  0 -4]
Signature:  (0, 8)
Genus symbol at 2:    2^8
glueing
Genus of
[-4  0  2  0  0 -2]
[ 0 -4  0  2  0  0]
[ 2  0 -4  0  2  0]
[ 0  2  0 -4  0  2]
[ 0  0  2  0 -4  0]
[-2  0  0  2  0 -4]
Signature:  (0, 6)
Genus symbol at 2:    2^6
Genus symbol at 7:     1^5 7^1
and
Genus of
[-4 -2]
[-2 -8]
Signature:  (0, 2)
Genus symbol at 2:    2^2
Genus symbol at 7:     1^-1 7^-1
above 7
2^1 * 7 -- 2^1
Genus of
[-4 -2  0  0 -2  0 -2 -2]
[-2 -4  0  2  0  0  0  0]
[ 0  0 -4  0  2  0  0  0]
[ 0  2  0 -4  0  2  0  0]
[-2  0  2  0 -4  0  0  0]
[ 0  0  0  2  0 -4  0  0]
[-2  0  0  0  0  0 -4 -2]
[-2  0  0  0  0  0 -2 -8]
Signature:  (0, 8)
Genus symbol at 2:    2^8
