1
glueing
Genus of
[-6  0 -3  0 -1  0 -2  0]
[ 0 -6  0 -3  0 -1  0 -2]
[-3  0 -6  0  1  0 -1  0]
[ 0 -3  0 -6  0  1  0 -1]
[-1  0  1  0  0  1  0  0]
[ 0 -1  0  1  1  0  1  0]
[-2  0 -1  0  0  1  0  1]
[ 0 -2  0 -1  0  0  1  0]
Signature:  (2, 6)
Genus symbol at 2:    1^-6:2^-2
Genus symbol at 3:     1^4 3^4
and
Genus of
[-144    0  -12  -60   84   42]
[   0 -144   60  -12  -42   84]
[ -12   60  -30    0   24  -30]
[ -60  -12    0  -30   30   24]
[  84  -42   24   30  -62    0]
[  42   84  -30   24    0  -62]
Signature:  (0, 6)
Genus symbol at 2:    [2^6]_2
Genus symbol at 3:     1^2 3^4
above 3
glueing
Genus of
[-2  0 -1  0  0  0  0  0]
[ 0 -2  0 -1  0  0  0  0]
[-1  0 -2  0  0  0  0  0]
[ 0 -1  0 -2  0  0  0  0]
[ 0  0  0  0 -2  3 -1  0]
[ 0  0  0  0  3 -2  3 -1]
[ 0  0  0  0 -1  3 -2  3]
[ 0  0  0  0  0 -1  3 -2]
Signature:  (2, 6)
Genus symbol at 2:    1^-6:2^-2
Genus symbol at 3:     1^4 3^4
and
Genus of
[-720    0 -228  300 -576  150]
[   0 -720 -300 -228 -150 -576]
[-228 -300 -198    0 -246 -192]
[ 300 -228    0 -198  192 -246]
[-576 -150 -246  192 -494    0]
[ 150 -576 -192 -246    0 -494]
Signature:  (0, 6)
Genus symbol at 2:    [2^6]_2
Genus symbol at 3:     1^2 3^4
above 3
2^2 * 3 -- 2^2
Genus of
[ -530  -774    -1     0  -410  -258     0     0  -456  -416  -318    58  -452  -238]
[ -774 -1188     0    -1  -516  -510     0     0  -532  -756  -484   -18  -584  -494]
[   -1     0    -2     0     0     0     0     0     0     0     0     0     0     0]
[    0    -1     0    -2     0     0     0     0     0     0     0     0     0     0]
[ -410  -516     0     0  -444     1    -1     1  -556  -100  -218   200  -466    36]
[ -258  -510     0     0     1  -444     2    -1   100  -556  -200  -218   -36  -466]
[    0     0     0     0    -1     2    -2     3     0     0     0     0     0     0]
[    0     0     0     0     1    -1     3    -2     0     0     0     0     0     0]
[ -456  -532     0     0  -556   100     0     0  -720     0  -228   300  -576   150]
[ -416  -756     0     0  -100  -556     0     0     0  -720  -300  -228  -150  -576]
[ -318  -484     0     0  -218  -200     0     0  -228  -300  -198     0  -246  -192]
[   58   -18     0     0   200  -218     0     0   300  -228     0  -198   192  -246]
[ -452  -584     0     0  -466   -36     0     0  -576  -150  -246   192  -494     0]
[ -238  -494     0     0    36  -466     0     0   150  -576  -192  -246     0  -494]
Signature:  (2, 12)
Genus symbol at 2:    1^6 [2^8]_6
2^1 * 3 -- 2^1
Genus of
[-4  0  0]
[ 0 -4  0]
[ 0  0 -4]
Signature:  (0, 3)
Genus symbol at 2:    [4^3]_5
glueing
Genus of
[-8 -4]
[-4 -8]
Signature:  (0, 2)
Genus symbol at 2:    4^-2
Genus symbol at 3:     1^1 3^1
and
Genus of
[-12]
Signature:  (0, 1)
Genus symbol at 2:    [4^-1]_5
Genus symbol at 3:     3^-1
above 3
2^1 * 3 -- 2^1
Genus of
[ -4  -4  -4]
[ -4  -8   0]
[ -4   0 -12]
Signature:  (0, 3)
Genus symbol at 2:    [4^3]_5
glueing
Genus of
[-2  0 -1  0  0  1 -1  2  0  0  0  0]
[ 0 -2  0 -1 -1  0  1 -1  0  0  0  0]
[-1  0 -2  0  1 -1  0  1  0  0  0  0]
[ 0 -1  0 -2 -2  1 -1  0  0  0  0  0]
[ 0 -1  1 -2 -4  2 -2  0  0  0  0  0]
[ 1  0 -1  1  2 -4  2 -2  0  0  0  0]
[-1  1  0 -1 -2  2 -4  2  0  0  0  0]
[ 2 -1  1  0  0 -2  2 -4  0  0  0  0]
[ 0  0  0  0  0  0  0  0 -2  3 -1  0]
[ 0  0  0  0  0  0  0  0  3 -2  3 -1]
[ 0  0  0  0  0  0  0  0 -1  3 -2  3]
[ 0  0  0  0  0  0  0  0  0 -1  3 -2]
Signature:  (2, 10)
Genus symbol at 2:    1^-6:2^-6
Genus symbol at 3:     1^10 3^2
and
Genus of
[-6  0]
[ 0 -6]
Signature:  (0, 2)
Genus symbol at 2:    [2^2]_2
Genus symbol at 3:     3^2
above 3
2^2 * 3 -- 2^2
Genus of
[-2  0 -1  0  0  1 -1  2  0  0  0  0  0  0]
[ 0 -2  0 -1 -1  0  1 -1  0  0  0  0  0  0]
[-1  0 -2  0  1 -1  0  1  0  0  0  0  0  0]
[ 0 -1  0 -2 -2  1 -1  0  0  0  0  0  0  0]
[ 0 -1  1 -2 -4  2 -2  0  0  0  0  0  0  0]
[ 1  0 -1  1  2 -4  2 -2  0  0  0  0  0  0]
[-1  1  0 -1 -2  2 -4  2  0  0  0  0  0  0]
[ 2 -1  1  0  0 -2  2 -4  0  0  0  0  0  0]
[ 0  0  0  0  0  0  0  0 -4 -3 -1  1 -4 -2]
[ 0  0  0  0  0  0  0  0 -3 -6  2 -1 -4 -4]
[ 0  0  0  0  0  0  0  0 -1  2 -2  3  0  0]
[ 0  0  0  0  0  0  0  0  1 -1  3 -2  0  0]
[ 0  0  0  0  0  0  0  0 -4 -4  0  0 -6  0]
[ 0  0  0  0  0  0  0  0 -2 -4  0  0  0 -6]
Signature:  (2, 12)
Genus symbol at 2:    1^6 [2^8]_6
2^1 * 3 -- 2^1
Genus of
[-4  0  0]
[ 0 -4  0]
[ 0  0 -4]
Signature:  (0, 3)
Genus symbol at 2:    [4^3]_5
glueing
Genus of
[-8 -4]
[-4 -8]
Signature:  (0, 2)
Genus symbol at 2:    4^-2
Genus symbol at 3:     1^1 3^1
and
Genus of
[-12]
Signature:  (0, 1)
Genus symbol at 2:    [4^-1]_5
Genus symbol at 3:     3^-1
above 3
2^1 * 3 -- 2^1
Genus of
[ -4  -4  -4]
[ -4  -8   0]
[ -4   0 -12]
Signature:  (0, 3)
Genus symbol at 2:    [4^3]_5
glueing
Genus of
[-4  0 -2  0  2  1 -1  2  0  0  0  0]
[ 0 -4  0 -2 -1  2  1 -1  0  0  0  0]
[-2  0 -4  0  3 -1  2  1  0  0  0  0]
[ 0 -2  0 -4 -2  3 -1  2  0  0  0  0]
[ 2 -1  3 -2 -4  2 -2  0  0  0  0  0]
[ 1  2 -1  3  2 -4  2 -2  0  0  0  0]
[-1  1  2 -1 -2  2 -4  2  0  0  0  0]
[ 2 -1  1  2  0 -2  2 -4  0  0  0  0]
[ 0  0  0  0  0  0  0  0  2  3  1  0]
[ 0  0  0  0  0  0  0  0  3  2  3  1]
[ 0  0  0  0  0  0  0  0  1  3  2  3]
[ 0  0  0  0  0  0  0  0  0  1  3  2]
Signature:  (2, 10)
Genus symbol at 2:    1^-6:2^-6
Genus symbol at 3:     1^10 3^2
and
Genus of
[-6  0]
[ 0 -6]
Signature:  (0, 2)
Genus symbol at 2:    [2^2]_2
Genus symbol at 3:     3^2
above 3
2^2 * 3 -- 2^2
Genus of
[-4  0 -2  0  2  1 -1  2  0  0  0  0  0  0]
[ 0 -4  0 -2 -1  2  1 -1  0  0  0  0  0  0]
[-2  0 -4  0  3 -1  2  1  0  0  0  0  0  0]
[ 0 -2  0 -4 -2  3 -1  2  0  0  0  0  0  0]
[ 2 -1  3 -2 -4  2 -2  0  0  0  0  0  0  0]
[ 1  2 -1  3  2 -4  2 -2  0  0  0  0  0  0]
[-1  1  2 -1 -2  2 -4  2  0  0  0  0  0  0]
[ 2 -1  1  2  0 -2  2 -4  0  0  0  0  0  0]
[ 0  0  0  0  0  0  0  0  0  1  1  1 -2  0]
[ 0  0  0  0  0  0  0  0  1  0  2  1  0 -2]
[ 0  0  0  0  0  0  0  0  1  2  2  3  0  0]
[ 0  0  0  0  0  0  0  0  1  1  3  2  0  0]
[ 0  0  0  0  0  0  0  0 -2  0  0  0 -6  0]
[ 0  0  0  0  0  0  0  0  0 -2  0  0  0 -6]
Signature:  (2, 12)
Genus symbol at 2:    1^6 [2^8]_6
2^1 * 3 -- 2^1
Genus of
[-4  0  0]
[ 0 -4  0]
[ 0  0 -4]
Signature:  (0, 3)
Genus symbol at 2:    [4^3]_5
glueing
Genus of
[-8 -4]
[-4 -8]
Signature:  (0, 2)
Genus symbol at 2:    4^-2
Genus symbol at 3:     1^1 3^1
and
Genus of
[-12]
Signature:  (0, 1)
Genus symbol at 2:    [4^-1]_5
Genus symbol at 3:     3^-1
above 3
2^1 * 3 -- 2^1
Genus of
[ -4  -4  -4]
[ -4  -8   0]
[ -4   0 -12]
Signature:  (0, 3)
Genus symbol at 2:    [4^3]_5
