1
glueing
Genus of
[-6  0 -3  0  2  0  1  0]
[ 0 -6  0 -3  0  2  0  1]
[-3  0 -6  0  1  0  2  0]
[ 0 -3  0 -6  0  1  0  2]
[ 2  0  1  0  0  1  0  0]
[ 0  2  0  1  1  0  1  0]
[ 1  0  2  0  0  1  0  1]
[ 0  1  0  2  0  0  1  0]
Signature:  (2, 6)
Genus symbol at 2:    1^-6:2^-2
Genus symbol at 3:     1^4 3^4
and
Genus of
[-720    0  228 -300 -576  150]
[   0 -720  300  228 -150 -576]
[ 228  300 -198    0  246  192]
[-300  228    0 -198 -192  246]
[-576 -150  246 -192 -494    0]
[ 150 -576  192  246    0 -494]
Signature:  (0, 6)
Genus symbol at 2:    [2^6]_2
Genus symbol at 3:     1^2 3^4
above 3
glueing
Genus of
[-2  0 -1  0  0  0  0  0]
[ 0 -2  0 -1  0  0  0  0]
[-1  0 -2  0  0  0  0  0]
[ 0 -1  0 -2  0  0  0  0]
[ 0  0  0  0 -2  3 -1  0]
[ 0  0  0  0  3 -2  3 -1]
[ 0  0  0  0 -1  3 -2  3]
[ 0  0  0  0  0 -1  3 -2]
Signature:  (2, 6)
Genus symbol at 2:    1^-6:2^-2
Genus symbol at 3:     1^4 3^4
and
Genus of
[-720    0 -228  300 -150 -576]
[   0 -720 -300 -228  576 -150]
[-228 -300 -198    0  192 -246]
[ 300 -228    0 -198  246  192]
[-150  576  192  246 -494    0]
[-576 -150 -246  192    0 -494]
Signature:  (0, 6)
Genus symbol at 2:    [2^6]_2
Genus symbol at 3:     1^2 3^4
above 3
2^2 * 3 -- 2^2
Genus of
[ -530  -774    -1     0  -410  -258     0     0  -456  -416  -318    58   238  -452]
[ -774 -1188     0    -1  -516  -510     0     0  -532  -756  -484   -18   494  -584]
[   -1     0    -2     0     0     0     0     0     0     0     0     0     0     0]
[    0    -1     0    -2     0     0     0     0     0     0     0     0     0     0]
[ -410  -516     0     0  -444     1    -1     1  -556  -100  -218   200   -36  -466]
[ -258  -510     0     0     1  -444     2    -1   100  -556  -200  -218   466   -36]
[    0     0     0     0    -1     2    -2     3     0     0     0     0     0     0]
[    0     0     0     0     1    -1     3    -2     0     0     0     0     0     0]
[ -456  -532     0     0  -556   100     0     0  -720     0  -228   300  -150  -576]
[ -416  -756     0     0  -100  -556     0     0     0  -720  -300  -228   576  -150]
[ -318  -484     0     0  -218  -200     0     0  -228  -300  -198     0   192  -246]
[   58   -18     0     0   200  -218     0     0   300  -228     0  -198   246   192]
[  238   494     0     0   -36   466     0     0  -150   576   192   246  -494     0]
[ -452  -584     0     0  -466   -36     0     0  -576  -150  -246   192     0  -494]
Signature:  (2, 12)
Genus symbol at 2:    1^6 [2^8]_6
2^1 * 3 -- 2^1
Genus of
[-4 -2 -2 -2 -2  2  2]
[-2 -4 -2 -2 -2  2  2]
[-2 -2 -4  0 -2  2  0]
[-2 -2  0 -4  0  2  2]
[-2 -2 -2  0 -4  2  0]
[ 2  2  2  2  2 -4  0]
[ 2  2  0  2  0  0 -4]
Signature:  (0, 7)
Genus symbol at 2:    2^6 [4^1]_1
glueing
Genus of
[-4 -2]
[-2 -4]
Signature:  (0, 2)
Genus symbol at 2:    2^-2
Genus symbol at 3:     1^-1 3^-1
and
Genus of
[-4 -2 -2 -2 -2]
[-2 -4  0  0 -2]
[-2  0 -4 -2  0]
[-2  0 -2 -4  0]
[-2 -2  0  0 -4]
Signature:  (0, 5)
Genus symbol at 2:    2^-4 [4^1]_1
Genus symbol at 3:     1^-4 3^1
above 3
2^1 * 3 -- 2^1
Genus of
[-8 -2 -4 -2 -4 -4 -2]
[-2 -4  0  0  0  0  0]
[-4  0 -4 -2 -2 -2 -2]
[-2  0 -2 -4  0  0 -2]
[-4  0 -2  0 -4 -2  0]
[-4  0 -2  0 -2 -4  0]
[-2  0 -2 -2  0  0 -4]
Signature:  (0, 7)
Genus symbol at 2:    2^6 [4^1]_1
glueing
Genus of
[-4 -2  0  0]
[-2 -4  0  0]
[ 0  0 -4 -2]
[ 0  0 -2 -4]
Signature:  (0, 4)
Genus symbol at 2:    2^4
Genus symbol at 3:     1^2 3^2
and
Genus of
[ -4  -2   0]
[ -2  -4   0]
[  0   0 -12]
Signature:  (0, 3)
Genus symbol at 2:    2^2 [4^1]_1
Genus symbol at 3:     1^-1 3^2
above 3
2^1 * 3 -- 2^1
Genus of
[ -8  -2  -4   0  -4  -4  -4]
[ -2  -4   0   0   0   0   0]
[ -4   0  -4  -2  -2  -2  -4]
[  0   0  -2  -4   0   0   0]
[ -4   0  -2   0  -4  -2   0]
[ -4   0  -2   0  -2  -4   0]
[ -4   0  -4   0   0   0 -12]
Signature:  (0, 7)
Genus symbol at 2:    2^6 [4^1]_1
glueing
Genus of
[-4 -2  0  0  2  2]
[-2 -4  0  0  0  2]
[ 0  0 -4 -2  2  2]
[ 0  0 -2 -4  0  2]
[ 2  0  2  0 -4 -2]
[ 2  2  2  2 -2 -4]
Signature:  (0, 6)
Genus symbol at 2:    2^-6
Genus symbol at 3:     1^5 3^1
and
Genus of
[-12]
Signature:  (0, 1)
Genus symbol at 2:    [4^-1]_5
Genus symbol at 3:     3^-1
above 3
2^1 * 3 -- 2^1
Genus of
[ -8  -2  -4  -4   2   4  -4]
[ -2  -4   0   0   0   2   0]
[ -4   0  -4  -2   2   2   0]
[ -4   0  -2  -4   0   2   0]
[  2   0   2   0  -4  -2   0]
[  4   2   2   2  -2  -4   0]
[ -4   0   0   0   0   0 -12]
Signature:  (0, 7)
Genus symbol at 2:    2^6 [4^1]_1
glueing
Genus of
[-2  0 -1  0 -1  1 -2  1  0  0  0  0]
[ 0 -2  0 -1  0 -1  1 -2  0  0  0  0]
[-1  0 -2  0  1  0 -1  1  0  0  0  0]
[ 0 -1  0 -2 -1  1  0 -1  0  0  0  0]
[-1  0  1 -1 -4  2 -2  0  0  0  0  0]
[ 1 -1  0  1  2 -4  2 -2  0  0  0  0]
[-2  1 -1  0 -2  2 -4  2  0  0  0  0]
[ 1 -2  1 -1  0 -2  2 -4  0  0  0  0]
[ 0  0  0  0  0  0  0  0 -2  3 -1  0]
[ 0  0  0  0  0  0  0  0  3 -2  3 -1]
[ 0  0  0  0  0  0  0  0 -1  3 -2  3]
[ 0  0  0  0  0  0  0  0  0 -1  3 -2]
Signature:  (2, 10)
Genus symbol at 2:    1^-6:2^-6
Genus symbol at 3:     1^10 3^2
and
Genus of
[-6  0]
[ 0 -6]
Signature:  (0, 2)
Genus symbol at 2:    [2^2]_2
Genus symbol at 3:     3^2
above 3
2^2 * 3 -- 2^2
Genus of
[-2  0 -1  0 -1  1 -2  1  0  0  0  0  0  0]
[ 0 -2  0 -1  0 -1  1 -2  0  0  0  0  0  0]
[-1  0 -2  0  1  0 -1  1  0  0  0  0  0  0]
[ 0 -1  0 -2 -1  1  0 -1  0  0  0  0  0  0]
[-1  0  1 -1 -4  2 -2  0  0  0  0  0  0  0]
[ 1 -1  0  1  2 -4  2 -2  0  0  0  0  0  0]
[-2  1 -1  0 -2  2 -4  2  0  0  0  0  0  0]
[ 1 -2  1 -1  0 -2  2 -4  0  0  0  0  0  0]
[ 0  0  0  0  0  0  0  0 -4 -3 -1  1 -4 -2]
[ 0  0  0  0  0  0  0  0 -3 -6  2 -1 -4 -4]
[ 0  0  0  0  0  0  0  0 -1  2 -2  3  0  0]
[ 0  0  0  0  0  0  0  0  1 -1  3 -2  0  0]
[ 0  0  0  0  0  0  0  0 -4 -4  0  0 -6  0]
[ 0  0  0  0  0  0  0  0 -2 -4  0  0  0 -6]
Signature:  (2, 12)
Genus symbol at 2:    1^6 [2^8]_6
2^1 * 3 -- 2^1
Genus of
[-4 -2 -2 -2 -2  2  2]
[-2 -4 -2 -2 -2  2  2]
[-2 -2 -4  0 -2  2  0]
[-2 -2  0 -4  0  2  2]
[-2 -2 -2  0 -4  2  0]
[ 2  2  2  2  2 -4  0]
[ 2  2  0  2  0  0 -4]
Signature:  (0, 7)
Genus symbol at 2:    2^6 [4^1]_1
glueing
Genus of
[-4 -2]
[-2 -4]
Signature:  (0, 2)
Genus symbol at 2:    2^-2
Genus symbol at 3:     1^-1 3^-1
and
Genus of
[-4 -2 -2 -2 -2]
[-2 -4  0  0 -2]
[-2  0 -4 -2  0]
[-2  0 -2 -4  0]
[-2 -2  0  0 -4]
Signature:  (0, 5)
Genus symbol at 2:    2^-4 [4^1]_1
Genus symbol at 3:     1^-4 3^1
above 3
2^1 * 3 -- 2^1
Genus of
[-8 -2 -4 -2 -4 -4 -2]
[-2 -4  0  0  0  0  0]
[-4  0 -4 -2 -2 -2 -2]
[-2  0 -2 -4  0  0 -2]
[-4  0 -2  0 -4 -2  0]
[-4  0 -2  0 -2 -4  0]
[-2  0 -2 -2  0  0 -4]
Signature:  (0, 7)
Genus symbol at 2:    2^6 [4^1]_1
glueing
Genus of
[-4 -2  0  0]
[-2 -4  0  0]
[ 0  0 -4 -2]
[ 0  0 -2 -4]
Signature:  (0, 4)
Genus symbol at 2:    2^4
Genus symbol at 3:     1^2 3^2
and
Genus of
[ -4  -2   0]
[ -2  -4   0]
[  0   0 -12]
Signature:  (0, 3)
Genus symbol at 2:    2^2 [4^1]_1
Genus symbol at 3:     1^-1 3^2
above 3
2^1 * 3 -- 2^1
Genus of
[ -8  -2  -4   0  -4  -4  -4]
[ -2  -4   0   0   0   0   0]
[ -4   0  -4  -2  -2  -2  -4]
[  0   0  -2  -4   0   0   0]
[ -4   0  -2   0  -4  -2   0]
[ -4   0  -2   0  -2  -4   0]
[ -4   0  -4   0   0   0 -12]
Signature:  (0, 7)
Genus symbol at 2:    2^6 [4^1]_1
glueing
Genus of
[-4 -2  0  0 -2  0]
[-2 -4  0  0 -2 -2]
[ 0  0 -4 -2 -2  0]
[ 0  0 -2 -4 -2 -2]
[-2 -2 -2 -2 -4 -2]
[ 0 -2  0 -2 -2 -4]
Signature:  (0, 6)
Genus symbol at 2:    2^-6
Genus symbol at 3:     1^5 3^1
and
Genus of
[-12]
Signature:  (0, 1)
Genus symbol at 2:    [4^-1]_5
Genus symbol at 3:     3^-1
above 3
2^1 * 3 -- 2^1
Genus of
[ -8  -2  -4  -4  -4  -2  -4]
[ -2  -4   0   0  -2  -2   0]
[ -4   0  -4  -2  -2   0   0]
[ -4   0  -2  -4  -2  -2   0]
[ -4  -2  -2  -2  -4  -2   0]
[ -2  -2   0  -2  -2  -4   0]
[ -4   0   0   0   0   0 -12]
Signature:  (0, 7)
Genus symbol at 2:    2^6 [4^1]_1
glueing
Genus of
[-4  0 -2  0  1 -2  3 -1  0  0  0  0]
[ 0 -4  0 -2 -1  1 -2  3  0  0  0  0]
[-2  0 -4  0 -2 -1  1 -2  0  0  0  0]
[ 0 -2  0 -4  1 -2 -1  1  0  0  0  0]
[ 1 -1 -2  1 -4  2 -2  0  0  0  0  0]
[-2  1 -1 -2  2 -4  2 -2  0  0  0  0]
[ 3 -2  1 -1 -2  2 -4  2  0  0  0  0]
[-1  3 -2  1  0 -2  2 -4  0  0  0  0]
[ 0  0  0  0  0  0  0  0  2  3  1  0]
[ 0  0  0  0  0  0  0  0  3  2  3  1]
[ 0  0  0  0  0  0  0  0  1  3  2  3]
[ 0  0  0  0  0  0  0  0  0  1  3  2]
Signature:  (2, 10)
Genus symbol at 2:    1^-6:2^-6
Genus symbol at 3:     1^10 3^2
and
Genus of
[-6  0]
[ 0 -6]
Signature:  (0, 2)
Genus symbol at 2:    [2^2]_2
Genus symbol at 3:     3^2
above 3
2^2 * 3 -- 2^2
Genus of
[-4  0 -2  0  1 -2  3 -1  0  0  0  0  0  0]
[ 0 -4  0 -2 -1  1 -2  3  0  0  0  0  0  0]
[-2  0 -4  0 -2 -1  1 -2  0  0  0  0  0  0]
[ 0 -2  0 -4  1 -2 -1  1  0  0  0  0  0  0]
[ 1 -1 -2  1 -4  2 -2  0  0  0  0  0  0  0]
[-2  1 -1 -2  2 -4  2 -2  0  0  0  0  0  0]
[ 3 -2  1 -1 -2  2 -4  2  0  0  0  0  0  0]
[-1  3 -2  1  0 -2  2 -4  0  0  0  0  0  0]
[ 0  0  0  0  0  0  0  0  0  1  1  1 -2  0]
[ 0  0  0  0  0  0  0  0  1  0  2  1  0 -2]
[ 0  0  0  0  0  0  0  0  1  2  2  3  0  0]
[ 0  0  0  0  0  0  0  0  1  1  3  2  0  0]
[ 0  0  0  0  0  0  0  0 -2  0  0  0 -6  0]
[ 0  0  0  0  0  0  0  0  0 -2  0  0  0 -6]
Signature:  (2, 12)
Genus symbol at 2:    1^6 [2^8]_6
2^1 * 3 -- 2^1
Genus of
[-4 -2 -2 -2 -2  2  2]
[-2 -4 -2 -2 -2  2  2]
[-2 -2 -4  0 -2  2  0]
[-2 -2  0 -4  0  2  2]
[-2 -2 -2  0 -4  2  0]
[ 2  2  2  2  2 -4  0]
[ 2  2  0  2  0  0 -4]
Signature:  (0, 7)
Genus symbol at 2:    2^6 [4^1]_1
glueing
Genus of
[-4 -2]
[-2 -4]
Signature:  (0, 2)
Genus symbol at 2:    2^-2
Genus symbol at 3:     1^-1 3^-1
and
Genus of
[-4 -2 -2 -2 -2]
[-2 -4  0  0 -2]
[-2  0 -4 -2  0]
[-2  0 -2 -4  0]
[-2 -2  0  0 -4]
Signature:  (0, 5)
Genus symbol at 2:    2^-4 [4^1]_1
Genus symbol at 3:     1^-4 3^1
above 3
2^1 * 3 -- 2^1
Genus of
[-8 -2 -4 -2 -4 -4 -2]
[-2 -4  0  0  0  0  0]
[-4  0 -4 -2 -2 -2 -2]
[-2  0 -2 -4  0  0 -2]
[-4  0 -2  0 -4 -2  0]
[-4  0 -2  0 -2 -4  0]
[-2  0 -2 -2  0  0 -4]
Signature:  (0, 7)
Genus symbol at 2:    2^6 [4^1]_1
glueing
Genus of
[-4 -2  0  0]
[-2 -4  0  0]
[ 0  0 -4 -2]
[ 0  0 -2 -4]
Signature:  (0, 4)
Genus symbol at 2:    2^4
Genus symbol at 3:     1^2 3^2
and
Genus of
[ -4  -2   0]
[ -2  -4   0]
[  0   0 -12]
Signature:  (0, 3)
Genus symbol at 2:    2^2 [4^1]_1
Genus symbol at 3:     1^-1 3^2
above 3
2^1 * 3 -- 2^1
Genus of
[ -8  -2  -4   0  -4  -4  -4]
[ -2  -4   0   0   0   0   0]
[ -4   0  -4  -2  -2  -2  -4]
[  0   0  -2  -4   0   0   0]
[ -4   0  -2   0  -4  -2   0]
[ -4   0  -2   0  -2  -4   0]
[ -4   0  -4   0   0   0 -12]
Signature:  (0, 7)
Genus symbol at 2:    2^6 [4^1]_1
glueing
Genus of
[-4 -2  0  0 -2  0]
[-2 -4  0  0 -2 -2]
[ 0  0 -4 -2 -2  0]
[ 0  0 -2 -4 -2 -2]
[-2 -2 -2 -2 -4 -2]
[ 0 -2  0 -2 -2 -4]
Signature:  (0, 6)
Genus symbol at 2:    2^-6
Genus symbol at 3:     1^5 3^1
and
Genus of
[-12]
Signature:  (0, 1)
Genus symbol at 2:    [4^-1]_5
Genus symbol at 3:     3^-1
above 3
2^1 * 3 -- 2^1
Genus of
[ -8  -2  -4  -4  -4  -2  -4]
[ -2  -4   0   0  -2  -2   0]
[ -4   0  -4  -2  -2   0   0]
[ -4   0  -2  -4  -2  -2   0]
[ -4  -2  -2  -2  -4  -2   0]
[ -2  -2   0  -2  -2  -4   0]
[ -4   0   0   0   0   0 -12]
Signature:  (0, 7)
Genus symbol at 2:    2^6 [4^1]_1
