1
found 0 extensions at level 4
computing representatives of Genus of
None
Signature:  (0, 1)
Genus symbol at 2:    [4^1]_7
Cp,fp: 1
Genus of
[-4]
Signature:  (0, 1)
Genus symbol at 2:    [4^1]_7
C1: 1 Genus symbol at 2:    2^4 [4^3]_3
computing representatives
Found 1 matching extensions
found 0 extensions at level 4
computing representatives of Genus of
None
Signature:  (0, 1)
Genus symbol at 2:    [8^1]_7
Cp,fp: 2
Genus of
[-8]
Signature:  (0, 1)
Genus symbol at 2:    [8^1]_7
C1: 2 Genus symbol at 2:    2^-6:[8^-1]_3
computing representatives
Found 1 matching extensions
found 0 extensions at level 4
computing representatives of Genus of
None
Signature:  (0, 2)
Genus symbol at 2:    [4^2]_6
Cp,fp: 3
Genus of
[-4  0]
[ 0 -4]
Signature:  (0, 2)
Genus symbol at 2:    [4^2]_6
C1: 3 Genus symbol at 2:    2^-4:4^-2
computing representatives
Found 1 matching extensions
found 0 extensions at level 4
computing representatives of Genus of
None
Signature:  (0, 2)
Genus symbol at 2:    [4^2]_6
Cp,fp: 4
Genus of
[-4  0]
[ 0 -4]
Signature:  (0, 2)
Genus symbol at 2:    [4^2]_6
C1: 4 Genus symbol at 2:    2^-2:4^-4
computing representatives
Found 0 matching extensions
computing representatives of Genus of
[-4  0]
[ 0 -4]
Signature:  (0, 2)
Genus symbol at 2:    [4^2]_6
Cp,fp: 5
Genus of
[-4  0]
[ 0 -4]
Signature:  (0, 2)
Genus symbol at 2:    [4^2]_6
C1: 5 Genus symbol at 2:    2^2 [4^4]_4
computing representatives
Found 1 matching extensions
found 0 extensions at level 4
computing representatives of Genus of
None
Signature:  (0, 2)
Genus symbol at 2:    [4^1 8^1]_6
Cp,fp: 6
Genus of
[-4  0]
[ 0 -8]
Signature:  (0, 2)
Genus symbol at 2:    [4^1 8^1]_6
C1: 6 Genus symbol at 2:    2^4 [4^1 8^1]_4
computing representatives
Found 1 matching extensions
found 0 extensions at level 4
computing representatives of Genus of
None
Signature:  (0, 3)
Genus symbol at 2:    2^-2:[8^-1]_5
Cp,fp: 7
Genus of
[-4 -2 -2]
[-2 -4 -2]
[-2 -2 -4]
Signature:  (0, 3)
Genus symbol at 2:    2^-2:[8^-1]_5
C1: 7 Genus symbol at 2:    2^-4:[8^-1]_5
computing representatives
Found 1 matching extensions
found 0 extensions at level 4
computing representatives of Genus of
None
Signature:  (0, 3)
Genus symbol at 2:    2^-2:[8^-1]_5
Cp,fp: 8
Genus of
[-4 -2 -2]
[-2 -4 -2]
[-2 -2 -4]
Signature:  (0, 3)
Genus symbol at 2:    2^-2:[8^-1]_5
C1: 8 Genus symbol at 2:    2^2 [4^2 8^1]_5
computing representatives
Found 0 matching extensions
computing representatives of Genus of
[-4 -2 -2]
[-2 -4 -2]
[-2 -2 -4]
Signature:  (0, 3)
Genus symbol at 2:    2^-2:[8^-1]_5
Cp,fp: 9
Genus of
[-4 -2 -2]
[-2 -4 -2]
[-2 -2 -4]
Signature:  (0, 3)
Genus symbol at 2:    2^-2:[8^-1]_5
C1: 9 Genus symbol at 2:    2^-2:4^-2 [8^1]_1
computing representatives
Found 0 matching extensions
computing representatives of Genus of
None
Signature:  (0, 3)
Genus symbol at 2:    [4^3]_5
Cp,fp: 10
Genus of
[-4  0  0]
[ 0 -4  0]
[ 0  0 -4]
Signature:  (0, 3)
Genus symbol at 2:    [4^3]_5
C1: 10 Genus symbol at 2:    2^2 [4^3]_5
computing representatives
Found 2 matching extensions
found 0 extensions at level 4
found 0 extensions at level 4
computing representatives of Genus of
None
Signature:  (0, 3)
Genus symbol at 2:    [4^3]_5
Cp,fp: 11
Genus of
[-4  0  0]
[ 0 -4  0]
[ 0  0 -4]
Signature:  (0, 3)
Genus symbol at 2:    [4^3]_5
C1: 11 Genus symbol at 2:    [4^5]_5
computing representatives
Found 1 matching extensions
found 0 extensions at level 4
computing representatives of Genus of
None
Signature:  (0, 3)
Genus symbol at 2:    [4^2 8^1]_5
Cp,fp: 12
Genus of
[-4  0  0]
[ 0 -4  0]
[ 0  0 -8]
Signature:  (0, 3)
Genus symbol at 2:    [4^2 8^1]_5
C1: 12 Genus symbol at 2:    2^-4:[8^-1]_5
computing representatives
Found 0 matching extensions
computing representatives of Genus of
None
Signature:  (0, 3)
Genus symbol at 2:    [4^2 8^1]_5
Cp,fp: 13
Genus of
[-4  0  0]
[ 0 -4  0]
[ 0  0 -8]
Signature:  (0, 3)
Genus symbol at 2:    [4^2 8^1]_5
C1: 13 Genus symbol at 2:    2^2 [4^2 8^1]_5
computing representatives
Found 1 matching extensions
found 0 extensions at level 4
computing representatives of Genus of
[-4  0  0]
[ 0 -4  0]
[ 0  0 -8]
Signature:  (0, 3)
Genus symbol at 2:    [4^2 8^1]_5
Cp,fp: 14
Genus of
[-4  0  0]
[ 0 -4  0]
[ 0  0 -8]
Signature:  (0, 3)
Genus symbol at 2:    [4^2 8^1]_5
C1: 14 Genus symbol at 2:    2^-2:4^-2 [8^1]_1
computing representatives
Found 0 matching extensions
computing representatives of Genus of
None
Signature:  (0, 4)
Genus symbol at 2:    2^-2:4^-2
Cp,fp: 15
Genus of
[-4 -2 -2 -2]
[-2 -4  0  0]
[-2  0 -4  0]
[-2  0  0 -4]
Signature:  (0, 4)
Genus symbol at 2:    2^-2:4^-2
C1: 15 Genus symbol at 2:    2^2 [4^2]_6
computing representatives
Found 1 matching extensions
found 0 extensions at level 4
computing representatives of Genus of
None
Signature:  (0, 4)
Genus symbol at 2:    2^-2:4^-2
Cp,fp: 16
Genus of
[-4 -2 -2 -2]
[-2 -4  0  0]
[-2  0 -4  0]
[-2  0  0 -4]
Signature:  (0, 4)
Genus symbol at 2:    2^-2:4^-2
C1: 16 Genus symbol at 2:    [4^4]_6
computing representatives
Found 1 matching extensions
found 0 extensions at level 4
computing representatives of Genus of
None
Signature:  (0, 4)
Genus symbol at 2:    2^2 [4^1 8^1]_4
Cp,fp: 17
Genus of
[-4  0  0  0]
[ 0 -4 -2 -2]
[ 0 -2 -4 -2]
[ 0 -2 -2 -4]
Signature:  (0, 4)
Genus symbol at 2:    2^2 [4^1 8^1]_4
C1: 17 Genus symbol at 2:    2^2 [4^1 8^1]_6
computing representatives
Found 1 matching extensions
found 0 extensions at level 4
computing representatives of Genus of
None
Signature:  (0, 4)
Genus symbol at 2:    2^2 [4^1 8^1]_4
Cp,fp: 18
Genus of
[-4  0  0  0]
[ 0 -4 -2 -2]
[ 0 -2 -4 -2]
[ 0 -2 -2 -4]
Signature:  (0, 4)
Genus symbol at 2:    2^2 [4^1 8^1]_4
C1: 18 Genus symbol at 2:    [4^3 8^1]_6
computing representatives
Found 0 matching extensions
computing representatives of Genus of
None
Signature:  (0, 4)
Genus symbol at 2:    [4^4]_4
Cp,fp: 19
Genus of
[-4  0  0  0]
[ 0 -4  0  0]
[ 0  0 -4  0]
[ 0  0  0 -4]
Signature:  (0, 4)
Genus symbol at 2:    [4^4]_4
C1: 19 Genus symbol at 2:    2^2 [4^2]_6
computing representatives
Found 1 matching extensions
found 0 extensions at level 4
computing representatives of Genus of
None
Signature:  (0, 4)
Genus symbol at 2:    2^-2:[8^-2]_4
Cp,fp: 20
Genus of
[-4 -2 -2  0]
[-2 -4 -2  0]
[-2 -2 -4  0]
[ 0  0  0 -8]
Signature:  (0, 4)
Genus symbol at 2:    2^-2:[8^-2]_4
C1: 20 Genus symbol at 2:    2^-2:[8^-2]_6
computing representatives
Found 0 matching extensions
computing representatives of Genus of
[-4 -2 -2  0]
[-2 -4 -2  0]
[-2 -2 -4  0]
[ 0  0  0 -8]
Signature:  (0, 4)
Genus symbol at 2:    2^-2:[8^-2]_4
Cp,fp: 21
Genus of
[-4 -2 -2  0]
[-2 -4 -2  0]
[-2 -2 -4  0]
[ 0  0  0 -8]
Signature:  (0, 4)
Genus symbol at 2:    2^-2:[8^-2]_4
C1: 21 Genus symbol at 2:    2^2:[8^2]_6
computing representatives
Found 0 matching extensions
computing representatives of Genus of
None
Signature:  (0, 4)
Genus symbol at 2:    [4^4]_4
Cp,fp: 22
Genus of
[-4  0  0  0]
[ 0 -4  0  0]
[ 0  0 -4  0]
[ 0  0  0 -4]
Signature:  (0, 4)
Genus symbol at 2:    [4^4]_4
C1: 22 Genus symbol at 2:    [4^4]_6
computing representatives
Found 2 matching extensions
found 0 extensions at level 4
found 0 extensions at level 4
computing representatives of Genus of
None
Signature:  (0, 4)
Genus symbol at 2:    [4^3 8^1]_4
Cp,fp: 23
Genus of
[-4  0  0  0]
[ 0 -4  0  0]
[ 0  0 -4  0]
[ 0  0  0 -8]
Signature:  (0, 4)
Genus symbol at 2:    [4^3 8^1]_4
C1: 23 Genus symbol at 2:    2^2 [4^1 8^1]_6
computing representatives
Found 0 matching extensions
computing representatives of Genus of
None
Signature:  (0, 4)
Genus symbol at 2:    [4^3 8^1]_4
Cp,fp: 24
Genus of
[-4  0  0  0]
[ 0 -4  0  0]
[ 0  0 -4  0]
[ 0  0  0 -8]
Signature:  (0, 4)
Genus symbol at 2:    [4^3 8^1]_4
C1: 24 Genus symbol at 2:    [4^3 8^1]_6
computing representatives
Found 1 matching extensions
found 1 extensions at level 4
found 1 extensions at level 5
computing representatives of Genus of
None
Signature:  (0, 5)
Genus symbol at 2:    2^-4:[8^-1]_3
Cp,fp: 25
Genus of
[-4 -2  2 -2  2]
[-2 -4  2  0  0]
[ 2  2 -4  2  0]
[-2  0  2 -4  0]
[ 2  0  0  0 -4]
Signature:  (0, 5)
Genus symbol at 2:    2^-4:[8^-1]_3
C1: 25 Genus symbol at 2:    2^2:[8^1]_7
computing representatives
Found 1 matching extensions
found 0 extensions at level 4
computing representatives of Genus of
None
Signature:  (0, 5)
Genus symbol at 2:    2^-4:[8^-1]_3
Cp,fp: 26
Genus of
[-4 -2  2 -2  2]
[-2 -4  2  0  0]
[ 2  2 -4  2  0]
[-2  0  2 -4  0]
[ 2  0  0  0 -4]
Signature:  (0, 5)
Genus symbol at 2:    2^-4:[8^-1]_3
C1: 26 Genus symbol at 2:    [4^2 8^1]_7
computing representatives
Found 0 matching extensions
computing representatives of Genus of
[-4 -2  2 -2  2]
[-2 -4  2  0  0]
[ 2  2 -4  2  0]
[-2  0  2 -4  0]
[ 2  0  0  0 -4]
Signature:  (0, 5)
Genus symbol at 2:    2^-4:[8^-1]_3
Cp,fp: 27
Genus of
[-4 -2  2 -2  2]
[-2 -4  2  0  0]
[ 2  2 -4  2  0]
[-2  0  2 -4  0]
[ 2  0  0  0 -4]
Signature:  (0, 5)
Genus symbol at 2:    2^-4:[8^-1]_3
C1: 27 Genus symbol at 2:    4^2 [8^1]_7
computing representatives
Found 0 matching extensions
computing representatives of Genus of
None
Signature:  (0, 5)
Genus symbol at 2:    2^2 [4^3]_3
Cp,fp: 28
Genus of
[-4 -2 -2 -2  0]
[-2 -4  0  0  0]
[-2  0 -4  0  0]
[-2  0  0 -4  0]
[ 0  0  0  0 -4]
Signature:  (0, 5)
Genus symbol at 2:    2^2 [4^3]_3
C1: 28 Genus symbol at 2:    2^2 [4^1]_7
computing representatives
Found 1 matching extensions
found 0 extensions at level 4
computing representatives of Genus of
None
Signature:  (0, 5)
Genus symbol at 2:    2^2 [4^3]_3
Cp,fp: 29
Genus of
[-4 -2 -2 -2  0]
[-2 -4  0  0  0]
[-2  0 -4  0  0]
[-2  0  0 -4  0]
[ 0  0  0  0 -4]
Signature:  (0, 5)
Genus symbol at 2:    2^2 [4^3]_3
C1: 29 Genus symbol at 2:    [4^3]_7
computing representatives
Found 2 matching extensions
found 0 extensions at level 4
found 0 extensions at level 4
computing representatives of Genus of
None
Signature:  (0, 5)
Genus symbol at 2:    2^-2:4^-2 [8^1]_7
Cp,fp: 30
Genus of
[-4 -2 -2 -2  0]
[-2 -4  0  0  0]
[-2  0 -4  0  0]
[-2  0  0 -4  0]
[ 0  0  0  0 -8]
Signature:  (0, 5)
Genus symbol at 2:    2^-2:4^-2 [8^1]_7
C1: 30 Genus symbol at 2:    2^2:[8^1]_7
computing representatives
Found 0 matching extensions
computing representatives of Genus of
None
Signature:  (0, 5)
Genus symbol at 2:    2^2 [4^2 8^1]_3
Cp,fp: 31
Genus of
[-4 -2 -2  0  0]
[-2 -4 -2  0  0]
[-2 -2 -4  0  0]
[ 0  0  0 -4  0]
[ 0  0  0  0 -4]
Signature:  (0, 5)
Genus symbol at 2:    2^2 [4^2 8^1]_3
C1: 31 Genus symbol at 2:    2^2:[8^1]_7
computing representatives
Found 0 matching extensions
computing representatives of Genus of
None
Signature:  (0, 5)
Genus symbol at 2:    2^-2:4^-2 [8^1]_7
Cp,fp: 32
Genus of
[-4 -2 -2 -2  0]
[-2 -4  0  0  0]
[-2  0 -4  0  0]
[-2  0  0 -4  0]
[ 0  0  0  0 -8]
Signature:  (0, 5)
Genus symbol at 2:    2^-2:4^-2 [8^1]_7
C1: 32 Genus symbol at 2:    [4^2 8^1]_7
computing representatives
Found 0 matching extensions
computing representatives of Genus of
[-4 -2 -2 -2  0]
[-2 -4  0  0  0]
[-2  0 -4  0  0]
[-2  0  0 -4  0]
[ 0  0  0  0 -8]
Signature:  (0, 5)
Genus symbol at 2:    2^-2:4^-2 [8^1]_7
Cp,fp: 33
Genus of
[-4 -2 -2 -2  0]
[-2 -4  0  0  0]
[-2  0 -4  0  0]
[-2  0  0 -4  0]
[ 0  0  0  0 -8]
Signature:  (0, 5)
Genus symbol at 2:    2^-2:4^-2 [8^1]_7
C1: 33 Genus symbol at 2:    4^2 [8^1]_7
computing representatives
Found 1 matching extensions
found 1 extensions at level 4
found 0 extensions at level 5
computing representatives of Genus of
None
Signature:  (0, 5)
Genus symbol at 2:    2^2 [4^2 8^1]_3
Cp,fp: 34
Genus of
[-4 -2 -2  0  0]
[-2 -4 -2  0  0]
[-2 -2 -4  0  0]
[ 0  0  0 -4  0]
[ 0  0  0  0 -4]
Signature:  (0, 5)
Genus symbol at 2:    2^2 [4^2 8^1]_3
C1: 34 Genus symbol at 2:    [4^2 8^1]_7
computing representatives
Found 1 matching extensions
found 0 extensions at level 4
computing representatives of Genus of
[-4 -2 -2  0  0]
[-2 -4 -2  0  0]
[-2 -2 -4  0  0]
[ 0  0  0 -4  0]
[ 0  0  0  0 -4]
Signature:  (0, 5)
Genus symbol at 2:    2^2 [4^2 8^1]_3
Cp,fp: 35
Genus of
[-4 -2 -2  0  0]
[-2 -4 -2  0  0]
[-2 -2 -4  0  0]
[ 0  0  0 -4  0]
[ 0  0  0  0 -4]
Signature:  (0, 5)
Genus symbol at 2:    2^2 [4^2 8^1]_3
C1: 35 Genus symbol at 2:    4^2 [8^1]_7
computing representatives
Found 0 matching extensions
computing representatives of Genus of
None
Signature:  (0, 5)
Genus symbol at 2:    [4^5]_3
Cp,fp: 36
Genus of
[-4  0  0  0  0]
[ 0 -4  0  0  0]
[ 0  0 -4  0  0]
[ 0  0  0 -4  0]
[ 0  0  0  0 -4]
Signature:  (0, 5)
Genus symbol at 2:    [4^5]_3
C1: 36 Genus symbol at 2:    2^2 [4^1]_7
computing representatives
Found 0 matching extensions
computing representatives of Genus of
None
Signature:  (0, 5)
Genus symbol at 2:    [4^5]_3
Cp,fp: 37
Genus of
[-4  0  0  0  0]
[ 0 -4  0  0  0]
[ 0  0 -4  0  0]
[ 0  0  0 -4  0]
[ 0  0  0  0 -4]
Signature:  (0, 5)
Genus symbol at 2:    [4^5]_3
C1: 37 Genus symbol at 2:    [4^3]_7
computing representatives
Found 1 matching extensions
found 0 extensions at level 4
computing representatives of Genus of
None
Signature:  (0, 6)
Genus symbol at 2:    2^4 [4^2]_2
Cp,fp: 38
Genus of
[-4 -2 -2 -2 -2 -2]
[-2 -4  0 -2 -2 -2]
[-2  0 -4 -2  0  0]
[-2 -2 -2 -4 -2 -2]
[-2 -2  0 -2 -4 -2]
[-2 -2  0 -2 -2 -4]
Signature:  (0, 6)
Genus symbol at 2:    2^4 [4^2]_2
C1: 38 Genus symbol at 2:    2^2
computing representatives
Found 1 matching extensions
found 0 extensions at level 4
computing representatives of Genus of
None
Signature:  (0, 6)
Genus symbol at 2:    2^4 [4^2]_2
Cp,fp: 39
Genus of
[-4 -2 -2 -2 -2 -2]
[-2 -4  0 -2 -2 -2]
[-2  0 -4 -2  0  0]
[-2 -2 -2 -4 -2 -2]
[-2 -2  0 -2 -4 -2]
[-2 -2  0 -2 -2 -4]
Signature:  (0, 6)
Genus symbol at 2:    2^4 [4^2]_2
C1: 39 Genus symbol at 2:    4^2
computing representatives
Found 1 matching extensions
found 0 extensions at level 4
computing representatives of Genus of
[-4 -2 -2 -2 -2 -2]
[-2 -4  0 -2 -2 -2]
[-2  0 -4 -2  0  0]
[-2 -2 -2 -4 -2 -2]
[-2 -2  0 -2 -4 -2]
[-2 -2  0 -2 -2 -4]
Signature:  (0, 6)
Genus symbol at 2:    2^4 [4^2]_2
Cp,fp: 40
Genus of
[-4 -2 -2 -2 -2 -2]
[-2 -4  0 -2 -2 -2]
[-2  0 -4 -2  0  0]
[-2 -2 -2 -4 -2 -2]
[-2 -2  0 -2 -4 -2]
[-2 -2  0 -2 -2 -4]
Signature:  (0, 6)
Genus symbol at 2:    2^4 [4^2]_2
C1: 40 Genus symbol at 2:    [4^2]_0
computing representatives
Found 1 matching extensions
found 0 extensions at level 4
computing representatives of Genus of
None
Signature:  (0, 6)
Genus symbol at 2:    2^4 [4^1 8^1]_2
Cp,fp: 41
Genus of
[-4  2  2  2 -2  0]
[ 2 -4 -2 -2  2  0]
[ 2 -2 -4  0  2  0]
[ 2 -2  0 -4  2  0]
[-2  2  2  2 -4  0]
[ 0  0  0  0  0 -4]
Signature:  (0, 6)
Genus symbol at 2:    2^4 [4^1 8^1]_2
C1: 41 Genus symbol at 2:    [4^1 8^1]_0
computing representatives
Found 1 matching extensions
found 0 extensions at level 4
computing representatives of Genus of
None
Signature:  (0, 6)
Genus symbol at 2:    2^2 [4^4]_2
Cp,fp: 42
Genus of
[-4 -2  2 -2  0  0]
[-2 -4  2  0  0  0]
[ 2  2 -4  2  0  0]
[-2  0  2 -4  0  0]
[ 0  0  0  0 -4  0]
[ 0  0  0  0  0 -4]
Signature:  (0, 6)
Genus symbol at 2:    2^2 [4^4]_2
C1: 42 Genus symbol at 2:    2^2
computing representatives
Found 0 matching extensions
computing representatives of Genus of
None
Signature:  (0, 6)
Genus symbol at 2:    2^2 [4^4]_2
Cp,fp: 43
Genus of
[-4 -2  2 -2  0  0]
[-2 -4  2  0  0  0]
[ 2  2 -4  2  0  0]
[-2  0  2 -4  0  0]
[ 0  0  0  0 -4  0]
[ 0  0  0  0  0 -4]
Signature:  (0, 6)
Genus symbol at 2:    2^2 [4^4]_2
C1: 43 Genus symbol at 2:    4^2
computing representatives
Found 1 matching extensions
found 0 extensions at level 4
computing representatives of Genus of
[-4 -2  2 -2  0  0]
[-2 -4  2  0  0  0]
[ 2  2 -4  2  0  0]
[-2  0  2 -4  0  0]
[ 0  0  0  0 -4  0]
[ 0  0  0  0  0 -4]
Signature:  (0, 6)
Genus symbol at 2:    2^2 [4^4]_2
Cp,fp: 44
Genus of
[-4 -2  2 -2  0  0]
[-2 -4  2  0  0  0]
[ 2  2 -4  2  0  0]
[-2  0  2 -4  0  0]
[ 0  0  0  0 -4  0]
[ 0  0  0  0  0 -4]
Signature:  (0, 6)
Genus symbol at 2:    2^2 [4^4]_2
C1: 44 Genus symbol at 2:    [4^2]_0
computing representatives
Found 1 matching extensions
found 0 extensions at level 4
computing representatives of Genus of
None
Signature:  (0, 7)
Genus symbol at 2:    2^6 [4^1]_1
Cp,fp: 45
Genus of
None
Signature:  (0, 7)
Genus symbol at 2:    2^6 [4^1]_1
C1: 45 Genus symbol at 2:    [4^1]_1
computing representatives
Found 1 matching extensions
found 0 extensions at level 4
computing representatives of Genus of
None
Signature:  (0, 7)
Genus symbol at 2:    2^6:[8^1]_1
Cp,fp: 46
Genus of
[-4  2 -2 -2 -2  2  2]
[ 2 -4  2  0  2 -2  0]
[-2  2 -4 -2 -2  2  0]
[-2  0 -2 -4 -2  2  0]
[-2  2 -2 -2 -4  2  0]
[ 2 -2  2  2  2 -4  0]
[ 2  0  0  0  0  0 -4]
Signature:  (0, 7)
Genus symbol at 2:    2^6:[8^1]_1
C1: 46 Genus symbol at 2:    [8^1]_1
computing representatives
Found 1 matching extensions
found 0 extensions at level 4
computing representatives of Genus of
None
Signature:  (0, 7)
Genus symbol at 2:    2^4 [4^3]_1
Cp,fp: 47
Genus of
[-4 -2  2  2 -2 -2  0]
[-2 -4  2  2 -2 -2  0]
[ 2  2 -4  0  2  2  0]
[ 2  2  0 -4  2  2  0]
[-2 -2  2  2 -4 -2  0]
[-2 -2  2  2 -2 -4  0]
[ 0  0  0  0  0  0 -4]
Signature:  (0, 7)
Genus symbol at 2:    2^4 [4^3]_1
C1: 47 Genus symbol at 2:    [4^1]_1
computing representatives
Found 1 matching extensions
found 0 extensions at level 4
