1
glueing
Genus of
[-4  2  0 -4  4  0]
[ 2 -4  2  0 -4  4]
[ 0  2 -4  2  0 -4]
[-4  0  2 -4  2  0]
[ 4 -4  0  2 -4  2]
[ 0  4 -4  0  2 -4]
Signature:  (2, 4)
Genus symbol at 2:    2^6
Genus symbol at 7:     1^-5 7^-1
and
Genus of
[-4  0  2  0  0  2]
[ 0 -4  0  2  0  0]
[ 2  0 -4  0  2  0]
[ 0  2  0 -4  0  2]
[ 0  0  2  0 -4  0]
[ 2  0  0  2  0 -4]
Signature:  (0, 6)
Genus symbol at 2:    2^6
Genus symbol at 7:     1^5 7^1
above 2
7^1 * 2 -- 7^1
Genus of
[-2  0  0 -1  1  0  1 -1  0  0  0 -1]
[ 0 -2  0  0 -1  1 -1 -1  1  0  0  0]
[ 0  0 -2  0  0 -1 -1  1  1 -1  0  0]
[-1  0  0 -2  0  0  0  1 -1 -1  1  0]
[ 1 -1  0  0 -2  0  0  0 -1  1  1 -1]
[ 0  1 -1  0  0 -2  0  0  0  1 -1 -1]
[ 1 -1 -1  0  0  0 -4  0  2  0  0  2]
[-1 -1  1  1  0  0  0 -4  0  2  0  0]
[ 0  1  1 -1 -1  0  2  0 -4  0  2  0]
[ 0  0 -1 -1  1  1  0  2  0 -4  0  2]
[ 0  0  0  1  1 -1  0  0  2  0 -4  0]
[-1  0  0  0 -1 -1  2  0  0  2  0 -4]
Signature:  (2, 10)
Genus symbol at 2:    1^12
Genus symbol at 7:     1^-10 7^-2
glueing
Genus of
[-14]
Signature:  (0, 1)
Genus symbol at 2:    [2^1]_1
Genus symbol at 7:     7^-1
and
Genus of
[ 0  0  0  0  0  0  0  0  1]
[ 0 -2  1 -1  1  1 -1  0  0]
[ 0  1 -2  1 -1 -1  1  0  0]
[ 0 -1  1 -2  1  1 -1  0  0]
[ 0  1 -1  1 -2 -1  1  0  0]
[ 0  1 -1  1 -1 -2  1  0  0]
[ 0 -1  1 -1  1  1 -2  0  0]
[ 0  0  0  0  0  0  0 -2  0]
[ 1  0  0  0  0  0  0  0  0]
Signature:  (1, 8)
Genus symbol at 2:    1^8 [2^1]_7
Genus symbol at 7:     1^8 7^1
above 2
glueing
Genus of
[-4 -2]
[-2 -8]
Signature:  (0, 2)
Genus symbol at 2:    2^2
Genus symbol at 7:     1^-1 7^-1
and
Genus of
[ 0  0  0  0  0  0  0  1]
[ 0 -2 -1 -1  0  0  1  0]
[ 0 -1 -2 -1  0  0  0  0]
[ 0 -1 -1 -2  0  0  1  0]
[ 0  0  0  0 -2 -1 -1  0]
[ 0  0  0  0 -1 -2 -1  0]
[ 0  1  0  1 -1 -1 -4  0]
[ 1  0  0  0  0  0  0  0]
Signature:  (1, 7)
Genus symbol at 2:    1^6:2^2
Genus symbol at 7:     1^-7 7^1
above 2
glueing
Genus of
[-4 -2 -2]
[-2 -4 -2]
[-2 -2 -6]
Signature:  (0, 3)
Genus symbol at 2:    [2^3]_3
Genus symbol at 7:     1^-2 7^1
and
Genus of
[ 0  0  0  0  0  0  1]
[ 0 -2  0  0  0  1  0]
[ 0  0 -2  0  0  0  0]
[ 0  0  0 -2  0  0  0]
[ 0  0  0  0 -2  0  0]
[ 0  1  0  0  0 -4  0]
[ 1  0  0  0  0  0  0]
Signature:  (1, 6)
Genus symbol at 2:    1^4 [2^3]_5
Genus symbol at 7:     1^-6 7^-1
above 2
glueing
Genus of
[ -6  -2   2]
[ -2 -10  -4]
[  2  -4 -10]
Signature:  (0, 3)
Genus symbol at 2:    [2^3]_5
Genus symbol at 7:     1^1 7^-2
and
Genus of
[ 0  0  0  0  0  0  1]
[ 0 -2 -1 -1 -1  0  0]
[ 0 -1 -2 -1 -1  0  0]
[ 0 -1 -1 -2  0  0  0]
[ 0 -1 -1  0 -2  0  0]
[ 0  0  0  0  0 -2  0]
[ 1  0  0  0  0  0  0]
Signature:  (1, 6)
Genus symbol at 2:    1^4 [2^3]_3
above 2
glueing
Genus of
[-4  2  2 -2]
[ 2 -4  0  2]
[ 2  0 -6  3]
[-2  2  3 -6]
Signature:  (0, 4)
Genus symbol at 2:    1^-2:2^-2
Genus symbol at 7:     1^-2 7^-2
and
Genus of
[ 0  0  0  0  0  1]
[ 0 -2 -1 -1 -1  0]
[ 0 -1 -2 -1  0  0]
[ 0 -1 -1 -2 -1  0]
[ 0 -1  0 -1 -2  0]
[ 1  0  0  0  0  0]
Signature:  (1, 5)
Genus symbol at 2:    1^-4:2^-2
above 2
glueing
Genus of
[ -4  -2  -2   0]
[ -2  -4  -2   0]
[ -2  -2  -6   0]
[  0   0   0 -14]
Signature:  (0, 4)
Genus symbol at 2:    [2^4]_4
Genus symbol at 7:     1^-2 7^-2
and
Genus of
[ 0  0  0  0  0  1]
[ 0 -2  0  0  0  0]
[ 0  0 -2  0  0  0]
[ 0  0  0 -2  0  0]
[ 0  0  0  0 -2  0]
[ 1  0  0  0  0  0]
Signature:  (1, 5)
Genus symbol at 2:    1^2 [2^4]_4
above 2
glueing
Genus of
[-4  0  0  0  2]
[ 0 -4  2  2  0]
[ 0  2 -4 -2  0]
[ 0  2 -2 -6  0]
[ 2  0  0  0 -8]
Signature:  (0, 5)
Genus symbol at 2:    [2^5]_3
Genus symbol at 7:     1^3 7^-2
and
Genus of
[ 0  0  0  0  2]
[ 0 -2  0  0  0]
[ 0  0 -2  0  0]
[ 0  0  0 -2  0]
[ 2  0  0  0  0]
Signature:  (1, 4)
Genus symbol at 2:    [2^5]_5
above 2
7^1 * 2 -- 7^1
Genus of
[-2  0  1  0  0 -1  0  0  0  0  0  0]
[ 0 -2  0  1  0  0  0  0  0  0  0  0]
[ 1  0 -2  0  1  0  0  0  0  0  0  0]
[ 0  1  0 -2  0  1  0  0  0  0  0  0]
[ 0  0  1  0 -2  0  0  0  0  0  0  0]
[-1  0  0  1  0 -2  0  0  0  0  0  0]
[ 0  0  0  0  0  0 -2  1  0 -2  2  0]
[ 0  0  0  0  0  0  1 -2  1  0 -2  2]
[ 0  0  0  0  0  0  0  1 -2  1  0 -2]
[ 0  0  0  0  0  0 -2  0  1 -2  1  0]
[ 0  0  0  0  0  0  2 -2  0  1 -2  1]
[ 0  0  0  0  0  0  0  2 -2  0  1 -2]
Signature:  (2, 10)
Genus symbol at 2:    1^12
Genus symbol at 7:     1^-10 7^-2
glueing
Genus of
[-14]
Signature:  (0, 1)
Genus symbol at 2:    [2^1]_1
Genus symbol at 7:     7^-1
and
Genus of
[ 0  0  0  0  0  0  0  0  1]
[ 0 -2  1 -1  1  1 -1  0  0]
[ 0  1 -2  1 -1 -1  1  0  0]
[ 0 -1  1 -2  1  1 -1  0  0]
[ 0  1 -1  1 -2 -1  1  0  0]
[ 0  1 -1  1 -1 -2  1  0  0]
[ 0 -1  1 -1  1  1 -2  0  0]
[ 0  0  0  0  0  0  0 -2  0]
[ 1  0  0  0  0  0  0  0  0]
Signature:  (1, 8)
Genus symbol at 2:    1^8 [2^1]_7
Genus symbol at 7:     1^8 7^1
above 2
glueing
Genus of
[-4 -2]
[-2 -8]
Signature:  (0, 2)
Genus symbol at 2:    2^2
Genus symbol at 7:     1^-1 7^-1
and
Genus of
[ 0  0  0  0  0  0  0  1]
[ 0 -2 -1 -1  0  0  1  0]
[ 0 -1 -2 -1  0  0  0  0]
[ 0 -1 -1 -2  0  0  1  0]
[ 0  0  0  0 -2 -1 -1  0]
[ 0  0  0  0 -1 -2 -1  0]
[ 0  1  0  1 -1 -1 -4  0]
[ 1  0  0  0  0  0  0  0]
Signature:  (1, 7)
Genus symbol at 2:    1^6:2^2
Genus symbol at 7:     1^-7 7^1
above 2
glueing
Genus of
[-4 -2 -2]
[-2 -4 -2]
[-2 -2 -6]
Signature:  (0, 3)
Genus symbol at 2:    [2^3]_3
Genus symbol at 7:     1^-2 7^1
and
Genus of
[ 0  0  0  0  0  0  1]
[ 0 -2  0  0  0  1  0]
[ 0  0 -2  0  0  0  0]
[ 0  0  0 -2  0  0  0]
[ 0  0  0  0 -2  0  0]
[ 0  1  0  0  0 -4  0]
[ 1  0  0  0  0  0  0]
Signature:  (1, 6)
Genus symbol at 2:    1^4 [2^3]_5
Genus symbol at 7:     1^-6 7^-1
above 2
glueing
Genus of
[ -6  -2   2]
[ -2 -10  -4]
[  2  -4 -10]
Signature:  (0, 3)
Genus symbol at 2:    [2^3]_5
Genus symbol at 7:     1^1 7^-2
and
Genus of
[ 0  0  0  0  0  0  1]
[ 0 -2 -1 -1 -1  0  0]
[ 0 -1 -2 -1 -1  0  0]
[ 0 -1 -1 -2  0  0  0]
[ 0 -1 -1  0 -2  0  0]
[ 0  0  0  0  0 -2  0]
[ 1  0  0  0  0  0  0]
Signature:  (1, 6)
Genus symbol at 2:    1^4 [2^3]_3
above 2
glueing
Genus of
[-4  2  2 -2]
[ 2 -4  0  2]
[ 2  0 -6  3]
[-2  2  3 -6]
Signature:  (0, 4)
Genus symbol at 2:    1^-2:2^-2
Genus symbol at 7:     1^-2 7^-2
and
Genus of
[ 0  0  0  0  0  1]
[ 0 -2 -1 -1 -1  0]
[ 0 -1 -2 -1  0  0]
[ 0 -1 -1 -2 -1  0]
[ 0 -1  0 -1 -2  0]
[ 1  0  0  0  0  0]
Signature:  (1, 5)
Genus symbol at 2:    1^-4:2^-2
above 2
glueing
Genus of
[ -4  -2  -2   0]
[ -2  -4  -2   0]
[ -2  -2  -6   0]
[  0   0   0 -14]
Signature:  (0, 4)
Genus symbol at 2:    [2^4]_4
Genus symbol at 7:     1^-2 7^-2
and
Genus of
[ 0  0  0  0  0  1]
[ 0 -2  0  0  0  0]
[ 0  0 -2  0  0  0]
[ 0  0  0 -2  0  0]
[ 0  0  0  0 -2  0]
[ 1  0  0  0  0  0]
Signature:  (1, 5)
Genus symbol at 2:    1^2 [2^4]_4
above 2
glueing
Genus of
[-4  0  0  0  2]
[ 0 -4  2  2  0]
[ 0  2 -4 -2  0]
[ 0  2 -2 -6  0]
[ 2  0  0  0 -8]
Signature:  (0, 5)
Genus symbol at 2:    [2^5]_3
Genus symbol at 7:     1^3 7^-2
and
Genus of
[ 0  0  0  0  2]
[ 0 -2  0  0  0]
[ 0  0 -2  0  0]
[ 0  0  0 -2  0]
[ 2  0  0  0  0]
Signature:  (1, 4)
Genus symbol at 2:    [2^5]_5
above 2
