1
7^1 * 3 -- 7^1
Genus of
[-2  1 -1  1  0  0 -1  1  0  1 -1 -1]
[ 1 -2  1 -1  1  0  0 -1  1  0  1 -1]
[-1  1 -2  1 -1  1  0  0 -1  1  0  1]
[ 1 -1  1 -2  1 -1  1  0  0 -1  1  0]
[ 0  1 -1  1 -2  1 -1  1  0  0 -1  1]
[ 0  0  1 -1  1 -2  1 -1  1  0  0 -1]
[-1  0  0  1 -1  1 -2  1 -1  1  0  0]
[ 1 -1  0  0  1 -1  1 -2  1 -1  1  0]
[ 0  1 -1  0  0  1 -1  1 -2  1 -1  1]
[ 1  0  1 -1  0  0  1 -1  1 -2  1 -1]
[-1  1  0  1 -1  0  0  1 -1  1 -2  1]
[-1 -1  1  0  1 -1  0  0  1 -1  1 -2]
Signature:  (2, 10)
Genus symbol at 2:    1^12
Genus symbol at 7:     1^-10 7^-2
glueing
Genus of
[-14   7]
[  7 -14]
Signature:  (0, 2)
Genus symbol at 2:    1^-2
Genus symbol at 3:     1^1 3^1
Genus symbol at 7:     7^-2
and
Genus of
[ 0  0  0  0  0  0  0  1]
[ 0 -2 -1  1 -1  1  1  0]
[ 0 -1 -2  1 -1  1  1  0]
[ 0  1  1 -2  0 -1 -1  0]
[ 0 -1 -1  0 -2  1  0  0]
[ 0  1  1 -1  1 -2 -1  0]
[ 0  1  1 -1  0 -1 -2  0]
[ 1  0  0  0  0  0  0  0]
Signature:  (1, 7)
Genus symbol at 2:    1^-8
Genus symbol at 3:     1^7 3^-1
above 3
glueing
Genus of
[ -8   4  -3   9]
[  4  -8  -6  -3]
[ -3  -6 -14   7]
[  9  -3   7 -14]
Signature:  (0, 4)
Genus symbol at 2:    1^4
Genus symbol at 3:     1^2 3^2
Genus symbol at 7:     1^-2 7^-2
and
Genus of
[ 0  0  0  0  0  1]
[ 0 -2  0  0 -1  0]
[ 0  0 -2 -1  0  0]
[ 0  0 -1 -2  0  0]
[ 0 -1  0  0 -2  0]
[ 1  0  0  0  0  0]
Signature:  (1, 5)
Genus symbol at 2:    1^6
Genus symbol at 3:     1^-4 3^2
above 3
glueing
Genus of
[ -6   3  -3   0   5   2]
[  3  -6   3  -3  -7   5]
[ -3   3  -4   2   7  -2]
[  0  -3   2  -4  -5   7]
[  5  -7   7  -5 -18   9]
[  2   5  -2   7   9 -18]
Signature:  (0, 6)
Genus symbol at 2:    1^-6
Genus symbol at 3:     1^3 3^3
Genus symbol at 7:     1^4 7^-2
and
Genus of
[ 0  0  0  3]
[ 0 -2 -1  0]
[ 0 -1 -2  0]
[ 3  0  0  0]
Signature:  (1, 3)
Genus symbol at 2:    1^-4
Genus symbol at 3:     1^1 3^-3
above 3
