  ***   Warning: not enough memory, new PARI stack 8713719808
1
glueing
Genus of
[-2  0  1  0  0 -1 -1  0  0  1  1 -1]
[ 0 -2  0  1  0  0  0 -1  0  0  1  1]
[ 1  0 -2  0  1  0  1  0 -1  0  0  1]
[ 0  1  0 -2  0  1 -1  1  0 -1  0  0]
[ 0  0  1  0 -2  0 -1 -1  1  0 -1  0]
[-1  0  0  1  0 -2  0 -1 -1  1  0 -1]
[-1  0  1 -1 -1  0 -4  0  0 -2  2  0]
[ 0 -1  0  1 -1 -1  0 -4  0  0 -2  2]
[ 0  0 -1  0  1 -1  0  0 -4  0  0 -2]
[ 1  0  0 -1  0  1 -2  0  0 -4  0  0]
[ 1  1  0  0 -1  0  2 -2  0  0 -4  0]
[-1  1  1  0  0 -1  0  2 -2  0  0 -4]
Signature:  (2, 10)
Genus symbol at 2:    1^6:2^6
and
Genus of
[-4  2  0  0  0  0]
[ 2 -4  2  0  0  0]
[ 0  2 -4  2  0  0]
[ 0  0  2 -4  2  0]
[ 0  0  0  2 -4  2]
[ 0  0  0  0  2 -4]
Signature:  (0, 6)
Genus symbol at 2:    2^6
Genus symbol at 7:     1^5 7^1
above 2
7^1 * 2 -- 7^1
Genus of
[-4 -3 -1  0 -1 -1 -2  0 -1 -1  0 -1 -1 -1  1  1 -2  1]
[-3 -4 -1  0 -1 -1 -2  0 -3  0  0 -2 -1 -1  1  1 -1 -1]
[-1 -1 -6 -1  0  0 -4 -2 -2 -2 -2  0 -2  2 -2  2 -1 -1]
[ 0  0 -1 -2  0  1 -1  0  0 -1  0  0  0  0  0  0  0  0]
[-1 -1  0  0 -2  0 -1 -1  0  0 -1  0  0  0  0  0  0  0]
[-1 -1  0  1  0 -2  0  0 -1  1  0 -1  0  0  0  0  0  0]
[-2 -2 -4 -1 -1  0 -6 -2 -2 -3 -1 -2  0  1 -2  2 -1 -1]
[ 0  0 -2  0 -1  0 -2 -6 -2 -2 -3  1  1 -1  0 -1  2 -2]
[-1 -3 -2  0  0 -1 -2 -2 -6  0 -2 -3 -1 -1  1  0  1 -2]
[-1  0 -2 -1  0  1 -3 -2  0 -4  0  0  0  0  0  0  0  0]
[ 0  0 -2  0 -1  0 -1 -3 -2  0 -4  0  0  0  0  0  0  0]
[-1 -2  0  0  0 -1 -2  1 -3  0  0 -4  0  0  0  0  0  0]
[-1 -1 -2  0  0  0  0  1 -1  0  0  0 -4  2  0  0  0  0]
[-1 -1  2  0  0  0  1 -1 -1  0  0  0  2 -4  2  0  0  0]
[ 1  1 -2  0  0  0 -2  0  1  0  0  0  0  2 -4  2  0  0]
[ 1  1  2  0  0  0  2 -1  0  0  0  0  0  0  2 -4  2  0]
[-2 -1 -1  0  0  0 -1  2  1  0  0  0  0  0  0  2 -4  2]
[ 1 -1 -1  0  0  0 -1 -2 -2  0  0  0  0  0  0  0  2 -4]
Signature:  (2, 16)
Genus symbol at 2:    1^18
Genus symbol at 7:     1^17 7^1
glueing
Genus of
[-14]
Signature:  (0, 1)
Genus symbol at 2:    [2^1]_1
Genus symbol at 7:     7^-1
and
Genus of
[ 0  0  1]
[ 0 -2  0]
[ 1  0  0]
Signature:  (1, 2)
Genus symbol at 2:    1^2 [2^1]_7
above 2
glueing
Genus of
[-4 -2]
[-2 -8]
Signature:  (0, 2)
Genus symbol at 2:    2^2
Genus symbol at 7:     1^-1 7^-1
and
Genus of
[0 2]
[2 0]
Signature:  (1, 1)
Genus symbol at 2:    2^2
above 2
7^1 * 2 -- 7^1
Genus of
[-2  0  0 -1  1  0  0  0  0  0  0  0  0  0  0  0  0  0]
[ 0 -2  0  0 -1  1  0  0  0  0  0  0  0  0  0  0  0  0]
[ 0  0 -2  0  0 -1  0  0  0  0  0  0  0  0  0  0  0  0]
[-1  0  0 -2  0  0  0  0  0  0  0  0  0  0  0  0  0  0]
[ 1 -1  0  0 -2  0  0  0  0  0  0  0  0  0  0  0  0  0]
[ 0  1 -1  0  0 -2  0  0  0  0  0  0  0  0  0  0  0  0]
[ 0  0  0  0  0  0 -2  0  0 -1  1  0  0  0  1  0  0  1]
[ 0  0  0  0  0  0  0 -2  0  0 -1  1  0  0  0  1  0  0]
[ 0  0  0  0  0  0  0  0 -2  0  0 -1 -1  0  0  0  1  0]
[ 0  0  0  0  0  0 -1  0  0 -2  0  0  0 -1  0  0  0  1]
[ 0  0  0  0  0  0  1 -1  0  0 -2  0  0  0 -1  0  0  0]
[ 0  0  0  0  0  0  0  1 -1  0  0 -2 -1  0  0 -1  0  0]
[ 0  0  0  0  0  0  0  0 -1  0  0 -1 -2  0  0 -1  1  0]
[ 0  0  0  0  0  0  0  0  0 -1  0  0  0 -2  0  0 -1  1]
[ 0  0  0  0  0  0  1  0  0  0 -1  0  0  0 -2  0  0 -1]
[ 0  0  0  0  0  0  0  1  0  0  0 -1 -1  0  0 -2  0  0]
[ 0  0  0  0  0  0  0  0  1  0  0  0  1 -1  0  0 -2  0]
[ 0  0  0  0  0  0  1  0  0  1  0  0  0  1 -1  0  0 -2]
Signature:  (2, 16)
Genus symbol at 2:    1^18
Genus symbol at 7:     1^17 7^1
glueing
Genus of
[-14]
Signature:  (0, 1)
Genus symbol at 2:    [2^1]_1
Genus symbol at 7:     7^-1
and
Genus of
[ 0  0  1]
[ 0 -2  0]
[ 1  0  0]
Signature:  (1, 2)
Genus symbol at 2:    1^2 [2^1]_7
above 2
glueing
Genus of
[-4 -2]
[-2 -8]
Signature:  (0, 2)
Genus symbol at 2:    2^2
Genus symbol at 7:     1^-1 7^-1
and
Genus of
[0 2]
[2 0]
Signature:  (1, 1)
Genus symbol at 2:    2^2
above 2
