  ***   Warning: not enough memory, new PARI stack 8713719808
1
glueing
Genus of
[-4  2  0 -4  4  0]
[ 2 -4  2  0 -4  4]
[ 0  2 -4  2  0 -4]
[-4  0  2 -4  2  0]
[ 4 -4  0  2 -4  2]
[ 0  4 -4  0  2 -4]
Signature:  (2, 4)
Genus symbol at 2:    2^6
Genus symbol at 7:     1^-5 7^-1
and
Genus of
[ -6   2  -1   2   2  -1  -1   4   3 -10   5  -6]
[  2  -6   2  -1   2   2   5  -1   4   3 -10   5]
[ -1   2  -6   2  -1   2  -6   5  -1   4   3 -10]
[  2  -1   2  -6   2  -1   5  -6   5  -1   4   3]
[  2   2  -1   2  -6   2 -10   5  -6   5  -1   4]
[ -1   2   2  -1   2  -6   3 -10   5  -6   5  -1]
[ -1   5  -6   5 -10   3 -26  12  -2   3   3  -2]
[  4  -1   5  -6   5 -10  12 -26  12  -2   3   3]
[  3   4  -1   5  -6   5  -2  12 -26  12  -2   3]
[-10   3   4  -1   5  -6   3  -2  12 -26  12  -2]
[  5 -10   3   4  -1   5   3   3  -2  12 -26  12]
[ -6   5 -10   3   4  -1  -2   3   3  -2  12 -26]
Signature:  (0, 12)
Genus symbol at 2:    1^6:2^6
Genus symbol at 7:     1^10 7^2
above 2
7^1 * 2 -- 7^1
Genus of
[-16  -5  -7  -7  -5  -8   1  -2   0   0   5  -6   8 -15   9   1  -3  -6]
[ -5 -16   4  -8   5  -5  -2  -1   2   0   0  -5  -6  -8  15  -9  -1   3]
[ -7   4 -10   0  -8  -3   0   0  -2   4   2  -1   5  -2  -5   5  -4  -7]
[ -7  -8   0 -16   6  -7   5  -6   2   1  -2   0  -3  -6   6   8 -15   9]
[ -5   5  -8   6 -16  -3   0   5  -6   2   1  -2   1  -3  -6   6   8 -15]
[ -8  -5  -3  -7  -3 -10   2  -1  -3   0   0  -2  -4  -7   8   5  -2  -5]
[  1  -2   0   5   0   2  -6   2  -1   2   2  -1  -1   4   3 -10   5  -6]
[ -2  -1   0  -6   5  -1   2  -6   2  -1   2   2   5  -1   4   3 -10   5]
[  0   2  -2   2  -6  -3  -1   2  -6   2  -1   2  -6   5  -1   4   3 -10]
[  0   0   4   1   2   0   2  -1   2  -6   2  -1   5  -6   5  -1   4   3]
[  5   0   2  -2   1   0   2   2  -1   2  -6   2 -10   5  -6   5  -1   4]
[ -6  -5  -1   0  -2  -2  -1   2   2  -1   2  -6   3 -10   5  -6   5  -1]
[  8  -6   5  -3   1  -4  -1   5  -6   5 -10   3 -26  12  -2   3   3  -2]
[-15  -8  -2  -6  -3  -7   4  -1   5  -6   5 -10  12 -26  12  -2   3   3]
[  9  15  -5   6  -6   8   3   4  -1   5  -6   5  -2  12 -26  12  -2   3]
[  1  -9   5   8   6   5 -10   3   4  -1   5  -6   3  -2  12 -26  12  -2]
[ -3  -1  -4 -15   8  -2   5 -10   3   4  -1   5   3   3  -2  12 -26  12]
[ -6   3  -7   9 -15  -5  -6   5 -10   3   4  -1  -2   3   3  -2  12 -26]
Signature:  (2, 16)
Genus symbol at 2:    1^18
Genus symbol at 7:     1^-15 7^-3
Traceback (most recent call last):
  File "/home/lehrstuhl/ag-brandhorst/brandhorst/sage/src/bin/sage-eval", line 10, in <module>
    eval(compile(s,'<cmdline>','exec'))
  File "<cmdline>", line 1, in <module>
  File "<string>", line 319, in classify
  File "<string>", line 296, in classify_purely_ns_peq
  File "<string>", line 759, in pnq_actions
  File "<string>", line 745, in pnq_actions
  File "<string>", line 902, in splitpq
  File "<string>", line 132, in all_lattice_with_isometry
  File "<string>", line 132, in <listcomp>
  File "/home/lehrstuhl/ag-brandhorst/brandhorst/sage/local/lib/python3.9/site-packages/sage/quadratic_forms/genera/genus.py", line 3401, in representatives
    Q = QuadraticForm(ZZ,e*self.representative())
  File "/home/lehrstuhl/ag-brandhorst/brandhorst/sage/local/lib/python3.9/site-packages/sage/quadratic_forms/genera/genus.py", line 3287, in representative
    self._compute_representative()
  File "/home/lehrstuhl/ag-brandhorst/brandhorst/sage/local/lib/python3.9/site-packages/sage/quadratic_forms/genera/genus.py", line 3245, in _compute_representative
    gp.read(SAGE_EXTCODE + "/pari/simon/qfsolve.gp")
  File "/home/lehrstuhl/ag-brandhorst/brandhorst/sage/local/lib/python3.9/site-packages/sage/interfaces/interface.py", line 223, in read
    self.eval(self._read_in_file_command(filename))
  File "/home/lehrstuhl/ag-brandhorst/brandhorst/sage/local/lib/python3.9/site-packages/sage/interfaces/expect.py", line 1381, in eval
    return '\n'.join([self._eval_line(L, allow_use_file=allow_use_file, **kwds)
  File "/home/lehrstuhl/ag-brandhorst/brandhorst/sage/local/lib/python3.9/site-packages/sage/interfaces/expect.py", line 1381, in <listcomp>
    return '\n'.join([self._eval_line(L, allow_use_file=allow_use_file, **kwds)
  File "/home/lehrstuhl/ag-brandhorst/brandhorst/sage/local/lib/python3.9/site-packages/sage/interfaces/gp.py", line 441, in _eval_line
    a = Expect._eval_line(self, line,
  File "/home/lehrstuhl/ag-brandhorst/brandhorst/sage/local/lib/python3.9/site-packages/sage/interfaces/expect.py", line 947, in _eval_line
    self._start()
  File "/home/lehrstuhl/ag-brandhorst/brandhorst/sage/local/lib/python3.9/site-packages/sage/interfaces/gp.py", line 241, in _start
    Expect._start(self, alt_message, block_during_init)
  File "/home/lehrstuhl/ag-brandhorst/brandhorst/sage/local/lib/python3.9/site-packages/sage/interfaces/expect.py", line 492, in _start
    self._expect = SageSpawn(cmd,
  File "sage/interfaces/sagespawn.pyx", line 65, in sage.interfaces.sagespawn.SageSpawn.__init__ (build/cythonized/sage/interfaces/sagespawn.c:1984)
  File "sage/interfaces/sagespawn.pyx", line 66, in sage.interfaces.sagespawn.SageSpawn.__init__ (build/cythonized/sage/interfaces/sagespawn.c:1938)
  File "/home/lehrstuhl/ag-brandhorst/brandhorst/sage/local/lib/python3.9/site-packages/pexpect/pty_spawn.py", line 205, in __init__
    self._spawn(command, args, preexec_fn, dimensions)
  File "/home/lehrstuhl/ag-brandhorst/brandhorst/sage/local/lib/python3.9/site-packages/pexpect/pty_spawn.py", line 303, in _spawn
    self.ptyproc = self._spawnpty(self.args, env=self.env,
  File "sage/interfaces/sagespawn.pyx", line 82, in sage.interfaces.sagespawn.SageSpawn._spawnpty (build/cythonized/sage/interfaces/sagespawn.c:2175)
  File "/home/lehrstuhl/ag-brandhorst/brandhorst/sage/local/lib/python3.9/site-packages/ptyprocess/ptyprocess.py", line 220, in spawn
    pid, fd = pty.fork()
  File "/home/lehrstuhl/ag-brandhorst/brandhorst/sage/local/lib/python3.9/pty.py", line 98, in fork
    pid = os.fork()
OSError: [Errno 12] Cannot allocate memory
