1
glueing
Genus of
[-4  2 -2  0  1  0  0  2 -2  2 -1 -1]
[ 2 -4  2 -2  0  1  0  0  2 -2  2 -1]
[-2  2 -4  2 -2  0  1  0  0  2 -2  2]
[ 0 -2  2 -4  2 -2  0  1  0  0  2 -2]
[ 1  0 -2  2 -4  2 -2  0  1  0  0  2]
[ 0  1  0 -2  2 -4  2 -2  0  1  0  0]
[ 0  0  1  0 -2  2 -4  2 -2  0  1  0]
[ 2  0  0  1  0 -2  2 -4  2 -2  0  1]
[-2  2  0  0  1  0 -2  2 -4  2 -2  0]
[ 2 -2  2  0  0  1  0 -2  2 -4  2 -2]
[-1  2 -2  2  0  0  1  0 -2  2 -4  2]
[-1 -1  2 -2  2  0  0  1  0 -2  2 -4]
Signature:  (2, 10)
Genus symbol at 2:    1^12
and
Genus of
[-4  2 -1  1  1 -1]
[ 2 -4  2 -1  1  1]
[-1  2 -4  2 -1  1]
[ 1 -1  2 -4  2 -1]
[ 1  1 -1  2 -4  2]
[-1  1  1 -1  2 -4]
Signature:  (0, 6)
Genus symbol at 2:    1^6
Genus symbol at 7:     1^-3 7^-3
above 3
