1
glueing
Genus of
[2 1]
[1 2]
Signature:  (2, 0)
Genus symbol at 2:    1^-2
Genus symbol at 3:     1^-1 3^-1
and
Genus of
[-6]
Signature:  (0, 1)
Genus symbol at 2:    [2^-1]_5
Genus symbol at 3:     3^1
above 3
2^1 * 3 -- 2^1
Genus of
[ 0  1 -2]
[ 1  2  0]
[-2  0 -6]
Signature:  (2, 1)
Genus symbol at 2:    1^2 [2^1]_1
glueing
Genus of
[-8  4  2  2  2  2  0  0  0  6  1  1]
[ 4 -8 -4  2 -4  2  0  0 -6  0 -2  1]
[ 2 -4 -4  2 -2  1  0  0 -4  0 -2  1]
[ 2  2  2 -4  1 -2  0  0  4 -4  1 -2]
[ 2 -4 -2  1 -4  2  0  0 -3  0 -2  1]
[ 2  2  1 -2  2 -4  0  0  3 -3  1 -2]
[ 0  0  0  0  0  0 -6  3 -2  1  3 -3]
[ 0  0  0  0  0  0  3 -6  1 -2  0  3]
[ 0 -6 -4  4 -3  3 -2  1 -8  4 -1  1]
[ 6  0  0 -4  0 -3  1 -2  4 -8  0 -1]
[ 1 -2 -2  1 -2  1  3  0 -1  0 -4  2]
[ 1  1  1 -2  1 -2 -3  3  1 -1  2 -4]
Signature:  (0, 12)
Genus symbol at 2:    1^12
Genus symbol at 3:     1^6 3^6
and
Genus of
[ 0  0  0  0  0  0  3]
[ 0 -4  2  1  1 -2 -1]
[ 0  2 -4  1 -2  1 -1]
[ 0  1  1 -4 -1 -1  1]
[ 0  1 -2 -1 -4 -1  1]
[ 0 -2  1 -1 -1 -4  1]
[ 3 -1 -1  1  1  1  2]
Signature:  (1, 6)
Genus symbol at 2:    1^6 [2^1]_7
Genus symbol at 3:     1^-1 3^6
above 3
glueing
Genus of
[-6  3 -3  3 -3  3 -3  3 -3  3 -1  2]
[ 3 -6  0 -3  0 -3  0 -3  0 -3 -1 -1]
[-3  0 -4  2 -2  1 -2  1 -2  1  0  0]
[ 3 -3  2 -4  1 -2  1 -2  1 -2  0  0]
[-3  0 -2  1 -4  2 -2  1 -2  1  0  0]
[ 3 -3  1 -2  2 -4  1 -2  1 -2  0  0]
[-3  0 -2  1 -2  1 -4  2 -2  1  0  0]
[ 3 -3  1 -2  1 -2  2 -4  1 -2  0  0]
[-3  0 -2  1 -2  1 -2  1 -4  2  0  0]
[ 3 -3  1 -2  1 -2  1 -2  2 -4  0  0]
[-1 -1  0  0  0  0  0  0  0  0 -4  2]
[ 2 -1  0  0  0  0  0  0  0  0  2 -4]
Signature:  (0, 12)
Genus symbol at 2:    1^12
Genus symbol at 3:     1^6 3^6
and
Genus of
[ 0  0  0  0  0  0  3]
[ 0 -4  2  1  1 -2 -1]
[ 0  2 -4  1 -2  1 -1]
[ 0  1  1 -4 -1 -1  1]
[ 0  1 -2 -1 -4 -1  1]
[ 0 -2  1 -1 -1 -4  1]
[ 3 -1 -1  1  1  1  2]
Signature:  (1, 6)
Genus symbol at 2:    1^6 [2^1]_7
Genus symbol at 3:     1^-1 3^6
above 3
