1
glueing
Genus of
[-4 -2  0  0]
[-2 -4  0  0]
[ 0  0  2  1]
[ 0  0  1  2]
Signature:  (2, 2)
Genus symbol at 2:    1^-2:2^-2
Genus symbol at 3:     1^2 3^2
and
Genus of
[-6  0]
[ 0 -6]
Signature:  (0, 2)
Genus symbol at 2:    [2^2]_2
Genus symbol at 3:     3^2
above 3
2^1 * 3 -- 2^1
Genus of
[-2 -2  0  0 -2  0]
[-2 -4  0  0  0  0]
[ 0  0  0  1  0 -2]
[ 0  0  1  2  0  0]
[-2  0  0  0 -6  0]
[ 0  0 -2  0  0 -6]
Signature:  (2, 4)
Genus symbol at 2:    1^2 [2^4]_6
glueing
Genus of
[-4  2]
[ 2 -4]
Signature:  (0, 2)
Genus symbol at 2:    2^-2
Genus symbol at 3:     1^-1 3^-1
and
Genus of
[ 0  0  0  0  0  0  0  0  0  0  0  0  0  1]
[ 0 -2 -1  1  1  1 -1  1  1  0  0  0  0  0]
[ 0 -1 -2  1  1  1 -1  1  1  0  0  0  0  0]
[ 0  1  1 -2  0 -1  0  0  0  0  0  0  0  0]
[ 0  1  1  0 -2 -1  1 -1 -1  0  0  0  0  0]
[ 0  1  1 -1 -1 -2  1 -1 -1  0  0  0  0  0]
[ 0 -1 -1  0  1  1 -2  1  1  0  0  0  0  0]
[ 0  1  1  0 -1 -1  1 -2 -1  0  0  0  0  0]
[ 0  1  1  0 -1 -1  1 -1 -2  0  0  0  0  0]
[ 0  0  0  0  0  0  0  0  0 -2 -1  0  0  0]
[ 0  0  0  0  0  0  0  0  0 -1 -2  0  0  0]
[ 0  0  0  0  0  0  0  0  0  0  0 -2  0  0]
[ 0  0  0  0  0  0  0  0  0  0  0  0 -2  0]
[ 1  0  0  0  0  0  0  0  0  0  0  0  0  0]
Signature:  (1, 13)
Genus symbol at 2:    1^-12 [2^2]_6
Genus symbol at 3:     1^-13 3^1
above 3
glueing
Genus of
[-14   7   0   0 -14  -7  -9  -3   1   4]
[  7 -14   0   0  21 -14  12  -9  -5   1]
[  0   0 -14   7  16   8 -10   2   3   0]
[  0   0   7 -14 -24  16   8 -10  -3   3]
[-14  21  16 -24 -76  38  -3  -5   1   5]
[ -7 -14   8  16  38 -76   8  -3  -6   1]
[ -9  12 -10   8  -3   8 -20  10   6   0]
[ -3  -9   2 -10  -5  -3  10 -20  -6   6]
[  1  -5   3  -3   1  -6   6  -6  -4   2]
[  4   1   0   3   5   1   0   6   2  -4]
Signature:  (0, 10)
Genus symbol at 2:    1^8:2^-2
Genus symbol at 3:     1^-5 3^-5
and
Genus of
[ 0  0  0  0  0  3]
[ 0 -4  2  1 -1 -1]
[ 0  2 -4 -2  2 -1]
[ 0  1 -2 -4  1  1]
[ 0 -1  2  1 -4 -1]
[ 3 -1 -1  1 -1  2]
Signature:  (1, 5)
Genus symbol at 2:    1^-4 [2^2]_6
Genus symbol at 3:     1^-1 3^5
above 3
glueing
Genus of
[-6  3  3  0  3  0  3  0 -2  1]
[ 3 -6 -3  3 -3  3 -3  3  1 -2]
[ 3 -3 -4  2 -2  1 -2  1  0  0]
[ 0  3  2 -4  1 -2  1 -2  0  0]
[ 3 -3 -2  1 -4  2 -2  1  0  0]
[ 0  3  1 -2  2 -4  1 -2  0  0]
[ 3 -3 -2  1 -2  1 -4  2  0  0]
[ 0  3  1 -2  1 -2  2 -4  0  0]
[-2  1  0  0  0  0  0  0 -4  2]
[ 1 -2  0  0  0  0  0  0  2 -4]
Signature:  (0, 10)
Genus symbol at 2:    1^8:2^-2
Genus symbol at 3:     1^-5 3^-5
and
Genus of
[ 0  0  0  0  0  3]
[ 0 -4  2  1 -1 -1]
[ 0  2 -4 -2  2 -1]
[ 0  1 -2 -4  1  1]
[ 0 -1  2  1 -4 -1]
[ 3 -1 -1  1 -1  2]
Signature:  (1, 5)
Genus symbol at 2:    1^-4 [2^2]_6
Genus symbol at 3:     1^-1 3^5
above 3
