1
glueing
Genus of
[ 0  2  2 -2]
[ 2  0  2  2]
[ 2  2  0  2]
[-2  2  2  0]
Signature:  (2, 2)
Genus symbol at 2:    2^-4
Genus symbol at 5:     1^3 5^1
and
Genus of
[-4 -2]
[-2 -6]
Signature:  (0, 2)
Genus symbol at 2:    [2^-2]_6
Genus symbol at 5:     1^1 5^1
above 5
2^1 * 5 -- 2^1
Genus of
[ 2  2  2  2 -2 -2]
[ 2  0  2  2  0  0]
[ 2  2  0  2  0  0]
[ 2  2  2  0  0  0]
[-2  0  0  0 -4 -2]
[-2  0  0  0 -2 -6]
Signature:  (2, 4)
Genus symbol at 2:    [2^6]_6
glueing
Genus of
[-4  2  0  0]
[ 2 -4  2  0]
[ 0  2 -4  2]
[ 0  0  2 -4]
Signature:  (0, 4)
Genus symbol at 2:    2^-4
Genus symbol at 5:     1^-3 5^-1
and
Genus of
[  0   0   0   0   0   0   0   0   0   0   0   1]
[  0  -2  -1   1   1   1  -1   1   1   0   0   0]
[  0  -1  -2   1   1   1  -1   1   1   0   0   0]
[  0   1   1  -2   0  -1   0   0   0   0   0   0]
[  0   1   1   0  -2  -1   1  -1  -1   0   0   0]
[  0   1   1  -1  -1  -2   1  -1  -1   0   0   0]
[  0  -1  -1   0   1   1  -2   1   1   0   0   0]
[  0   1   1   0  -1  -1   1  -2  -1   0   0   0]
[  0   1   1   0  -1  -1   1  -1  -2   0   0   0]
[  0   0   0   0   0   0   0   0   0  -2   0   0]
[  0   0   0   0   0   0   0   0   0   0 -10   0]
[  1   0   0   0   0   0   0   0   0   0   0   0]
Signature:  (1, 11)
Genus symbol at 2:    1^-10 [2^2]_6
Genus symbol at 5:     1^-11 5^-1
above 5
glueing
Genus of
[ -6   1   2   2   8   0   2  -6   4   1  -4   0]
[  1  -6   1   2  -4   8   0   2  -1   4   1  -4]
[  2   1  -6   1  -6  -4   8   0   0  -1   4   1]
[  2   2   1  -6   2  -6  -4   8  -4   0  -1   4]
[  8  -4  -6   2 -20   5   5   5  -4   0  10  -4]
[  0   8  -4  -6   5 -20   5   5  -2  -4   0  10]
[  2   0   8  -4   5   5 -20   5  -4  -2  -4   0]
[ -6   2   0   8   5   5   5 -20  10  -4  -2  -4]
[  4  -1   0  -4  -4  -2  -4  10  -6   1   2   2]
[  1   4  -1   0   0  -4  -2  -4   1  -6   1   2]
[ -4   1   4  -1  10   0  -4  -2   2   1  -6   1]
[  0  -4   1   4  -4  10   0  -4   2   2   1  -6]
Signature:  (0, 12)
Genus symbol at 2:    1^8:2^-4
Genus symbol at 5:     1^-9 5^-3
and
Genus of
[  0   0   0   5]
[  0  -2   0  -1]
[  0   0 -10   0]
[  5  -1   0   2]
Signature:  (1, 3)
Genus symbol at 2:    1^-2 [2^2]_6
Genus symbol at 5:     1^-1 5^-3
above 5
glueing
Genus of
[  -6    1    2    2    4    0    1   -3   27   -1  -27    0]
[   1   -6    1    2   -2    4    0    1    1   27   -1  -27]
[   2    1   -6    1   -3   -2    4    0    0    1   27   -1]
[   2    2    1   -6    1   -3   -2    4  -27    0    1   27]
[   4   -2   -3    1   -8    2    2    2  -14    8   35  -18]
[   0    4   -2   -3    2   -8    2    2  -11  -14    8   35]
[   1    0    4   -2    2    2   -8    2  -18  -11  -14    8]
[  -3    1    0    4    2    2    2   -8   35  -18  -11  -14]
[  27    1    0  -27  -14  -11  -18   35 -222   12   99   99]
[  -1   27    1    0    8  -14  -11  -18   12 -222   12   99]
[ -27   -1   27    1   35    8  -14  -11   99   12 -222   12]
[   0  -27   -1   27  -18   35    8  -14   99   99   12 -222]
Signature:  (0, 12)
Genus symbol at 2:    1^8:2^-4
Genus symbol at 5:     1^-9 5^-3
and
Genus of
[  0   0   0   5]
[  0  -2   0  -1]
[  0   0 -10   0]
[  5  -1   0   2]
Signature:  (1, 3)
Genus symbol at 2:    1^-2 [2^2]_6
Genus symbol at 5:     1^-1 5^-3
above 5
glueing
Genus of
[-4  1  1  1  0 -2  1 -1 -2  2  0  2]
[ 1 -4  1  1  2  0 -2  1 -2 -2  2  0]
[ 1  1 -4  1 -1  2  0 -2  2 -2 -2  2]
[ 1  1  1 -4  1 -1  2  0  0  2 -2 -2]
[ 0  2 -1  1 -4  2  0  0  0  0  0  0]
[-2  0  2 -1  2 -4  2  0  0  0  0  0]
[ 1 -2  0  2  0  2 -4  2  0  0  0  0]
[-1  1 -2  0  0  0  2 -4  0  0  0  0]
[-2 -2  2  0  0  0  0  0 -8  2  2  2]
[ 2 -2 -2  2  0  0  0  0  2 -8  2  2]
[ 0  2 -2 -2  0  0  0  0  2  2 -8  2]
[ 2  0  2 -2  0  0  0  0  2  2  2 -8]
Signature:  (0, 12)
Genus symbol at 2:    1^8:2^-4
Genus symbol at 5:     1^-9 5^-3
and
Genus of
[  0   0   0   5]
[  0  -2   0  -1]
[  0   0 -10   0]
[  5  -1   0   2]
Signature:  (1, 3)
Genus symbol at 2:    1^-2 [2^2]_6
Genus symbol at 5:     1^-1 5^-3
above 5
