1
glueing
Genus of
[-4 -2  0  0]
[-2 -4  0  0]
[ 0  0  4  2]
[ 0  0  2  4]
Signature:  (2, 2)
Genus symbol at 2:    2^4
Genus symbol at 3:     1^-2 3^-2
and
Genus of
[-4  2  0]
[ 2 -4  0]
[ 0  0 -6]
Signature:  (0, 3)
Genus symbol at 2:    [2^3]_5
Genus symbol at 3:     1^-1 3^-2
above 3
2^1 * 3 -- 2^1
Genus of
[-2 -2  0  0  0  0 -2]
[-2 -4  0  0  0  0  0]
[ 0  0  0  2 -2  0  0]
[ 0  0  2  4  0  0  0]
[ 0  0 -2  0 -4  2  0]
[ 0  0  0  0  2 -4  0]
[-2  0  0  0  0  0 -6]
Signature:  (2, 5)
Genus symbol at 2:    [2^7]_5
glueing
Genus of
[-4  2]
[ 2 -4]
Signature:  (0, 2)
Genus symbol at 2:    2^-2
Genus symbol at 3:     1^-1 3^-1
and
Genus of
[ 0  0  0  0  0  0  0  0  0  0  0  0  2]
[ 0 -2 -1  1  1  1 -1  1  1  0  0  0  0]
[ 0 -1 -2  1  1  1 -1  1  1  0  0  0  0]
[ 0  1  1 -2  0 -1  0  0  0  0  0  0  0]
[ 0  1  1  0 -2 -1  1 -1 -1  0  0  0  0]
[ 0  1  1 -1 -1 -2  1 -1 -1  0  0  0  0]
[ 0 -1 -1  0  1  1 -2  1  1  0  0  0  0]
[ 0  1  1  0 -1 -1  1 -2 -1  0  0  0  0]
[ 0  1  1  0 -1 -1  1 -1 -2  0  0  0  0]
[ 0  0  0  0  0  0  0  0  0 -2  0  0  0]
[ 0  0  0  0  0  0  0  0  0  0 -2  0  0]
[ 0  0  0  0  0  0  0  0  0  0  0 -6  0]
[ 2  0  0  0  0  0  0  0  0  0  0  0  0]
Signature:  (1, 12)
Genus symbol at 2:    1^-8 [2^5]_7
Genus symbol at 3:     1^-12 3^1
above 3
glueing
Genus of
[-8  4  2  2]
[ 4 -8 -4  2]
[ 2 -4 -4  2]
[ 2  2  2 -4]
Signature:  (0, 4)
Genus symbol at 2:    2^4
Genus symbol at 3:     1^2 3^2
and
Genus of
[-2  1  1  1  1  1  1  1  0 -1  1]
[ 1 -2 -1  0  0  0  0 -1  0  1  0]
[ 1 -1 -2 -1  0  0  0 -1  0  1  0]
[ 1  0 -1 -2  0  0  0 -1  0  1  0]
[ 1  0  0  0 -2 -1 -1  0  0  0 -1]
[ 1  0  0  0 -1 -2 -1  0  0  0 -1]
[ 1  0  0  0 -1 -1 -2  0  0  0 -1]
[ 1 -1 -1 -1  0  0  0 -2  0  1  0]
[ 0  0  0  0  0  0  0  0  2  0  0]
[-1  1  1  1  0  0  0  1  0 -4  0]
[ 1  0  0  0 -1 -1 -1  0  0  0 -4]
Signature:  (1, 10)
Genus symbol at 2:    1^8 [2^3]_3
Genus symbol at 3:     1^-9 3^2
above 3
glueing
Genus of
[-8  4  2  2  0  6]
[ 4 -8 -4  2 -6  0]
[ 2 -4 -4  2 -4  0]
[ 2  2  2 -4  4 -4]
[ 0 -6 -4  4 -8  4]
[ 6  0  0 -4  4 -8]
Signature:  (0, 6)
Genus symbol at 2:    2^-6
Genus symbol at 3:     1^5 3^1
and
Genus of
[ 0  0  0  0  0  0  0  0  1]
[ 0 -2  1  1 -1 -1 -1  0  0]
[ 0  1 -2 -1  1  0  1  0  0]
[ 0  1 -1 -2  0  0  1  0  0]
[ 0 -1  1  0 -2 -1 -1  0  0]
[ 0 -1  0  0 -1 -2  0  0  0]
[ 0 -1  1  1 -1  0 -2  0  0]
[ 0  0  0  0  0  0  0 -2  0]
[ 1  0  0  0  0  0  0  0  0]
Signature:  (1, 8)
Genus symbol at 2:    1^-8 [2^1]_7
Genus symbol at 3:     1^8 3^-1
above 3
glueing
Genus of
[-8  4  2  2  0  0]
[ 4 -8 -4  2  0  0]
[ 2 -4 -4  2  0  0]
[ 2  2  2 -4  0  0]
[ 0  0  0  0 -4  2]
[ 0  0  0  0  2 -4]
Signature:  (0, 6)
Genus symbol at 2:    2^-6
Genus symbol at 3:     1^-3 3^-3
and
Genus of
[ 0  0  0  0  0  0  0  0  1]
[ 0 -2 -1  0  0  0  0  0  0]
[ 0 -1 -2  0  0  0  0  0  0]
[ 0  0  0 -2  0  0  0  1  0]
[ 0  0  0  0 -2  0  0  0  0]
[ 0  0  0  0  0 -2 -1  0  0]
[ 0  0  0  0  0 -1 -2  0  0]
[ 0  0  0  1  0  0  0 -2  0]
[ 1  0  0  0  0  0  0  0  0]
Signature:  (1, 8)
Genus symbol at 2:    1^-8 [2^1]_7
Genus symbol at 3:     1^-6 3^3
above 3
glueing
Genus of
[-56  28  54 -36  66 -44  14   2]
[ 28 -56 -18  54 -22  66 -16  14]
[ 54 -18 -60  30 -64  32 -12  -6]
[-36  54  30 -60  32 -64  18 -12]
[ 66 -22 -64  32 -82  41 -14  -6]
[-44  66  32 -64  41 -82  20 -14]
[ 14 -16 -12  18 -14  20  -6   3]
[  2  14  -6 -12  -6 -14   3  -6]
Signature:  (0, 8)
Genus symbol at 2:    1^4:2^4
Genus symbol at 3:     1^4 3^4
and
Genus of
[-2  1  0 -1  1  0  0]
[ 1 -2  0 -1  1  0  0]
[ 0  0 -2  1 -1  0 -2]
[-1 -1  1 -2  0  1 -2]
[ 1  1 -1  0 -2  1  2]
[ 0  0  0  1  1 -4  0]
[ 0  0 -2 -2  2  0 -2]
Signature:  (1, 6)
Genus symbol at 2:    1^4 [2^3]_3
Genus symbol at 3:     1^-3 3^4
above 3
glueing
Genus of
[-24  12   0 -18   0 -12  -8   4]
[ 12 -24  18   0  12   0   4  -8]
[  0  18 -20  10 -12   6   0   6]
[-18   0  10 -20   6 -12  -6   0]
[  0  12 -12   6 -10   5   1   4]
[-12   0   6 -12   5 -10  -5   1]
[ -8   4   0  -6   1  -5  -4   2]
[  4  -8   6   0   4   1   2  -4]
Signature:  (0, 8)
Genus symbol at 2:    1^4:2^4
Genus symbol at 3:     1^4 3^4
and
Genus of
[-2  1  0 -1  1  0  0]
[ 1 -2  0 -1  1  0  0]
[ 0  0 -2  1 -1  0 -2]
[-1 -1  1 -2  0  1 -2]
[ 1  1 -1  0 -2  1  2]
[ 0  0  0  1  1 -4  0]
[ 0  0 -2 -2  2  0 -2]
Signature:  (1, 6)
Genus symbol at 2:    1^4 [2^3]_3
Genus symbol at 3:     1^-3 3^4
above 3
glueing
Genus of
[ -56   28   56  -70   48  -60   12    0   12  -36]
[  28  -56   14   56   12   48  -12   12   24   12]
[  56   14 -100   50  -84   42   -6  -12  -42   42]
[ -70   56   50 -100   42  -84   18   -6    0  -42]
[  48   12  -84   42  -74   37   -5  -11  -36   36]
[ -60   48   42  -84   37  -74   16   -5    0  -36]
[  12  -12   -6   18   -5   16   -4    2    2    7]
[   0   12  -12   -6  -11   -5    2   -4   -9    2]
[  12   24  -42    0  -36    0    2   -9  -26   13]
[ -36   12   42  -42   36  -36    7    2   13  -26]
Signature:  (0, 10)
Genus symbol at 2:    1^4:2^-6
Genus symbol at 3:     1^7 3^3
and
Genus of
[ 0  0  0  0  3]
[ 0 -2 -1  0  0]
[ 0 -1 -2  0  0]
[ 0  0  0 -2 -1]
[ 3  0  0 -1 -2]
Signature:  (1, 4)
Genus symbol at 2:    1^-4 [2^1]_7
Genus symbol at 3:     1^2 3^-3
above 3
glueing
Genus of
[-8  4  2  2  0  0  6 -6  0  0]
[ 4 -8 -4  2  0  0  0  6  0  0]
[ 2 -4 -4  2  0  0  0  4  0  0]
[ 2  2  2 -4  0  0 -4  0  0  0]
[ 0  0  0  0 -6  3  2 -1  0  3]
[ 0  0  0  0  3 -6 -1  2 -3  0]
[ 6  0  0 -4  2 -1 -8  4  0 -1]
[-6  6  4  0 -1  2  4 -8  1  0]
[ 0  0  0  0  0 -3  0  1 -4  2]
[ 0  0  0  0  3  0 -1  0  2 -4]
Signature:  (0, 10)
Genus symbol at 2:    1^-6:2^4
Genus symbol at 3:     1^5 3^5
and
Genus of
[ 0  0  0  0  3]
[ 0 -6  0  0  0]
[ 0  0 -6  0  0]
[ 0  0  0 -6  0]
[ 3  0  0  0  0]
Signature:  (1, 4)
Genus symbol at 2:    1^-2 [2^3]_3
Genus symbol at 3:     3^-5
above 3
glueing
Genus of
[-4 -2  0  0  0  0]
[-2 -4  0  0  0  0]
[ 0  0 -4 -2 -2  0]
[ 0  0 -2 -4 -2 -2]
[ 0  0 -2 -2  0  0]
[ 0  0  0 -2  0  0]
Signature:  (2, 4)
Genus symbol at 2:    2^-6
Genus symbol at 3:     1^-5 3^-1
and
Genus of
[-6]
Signature:  (0, 1)
Genus symbol at 2:    [2^-1]_5
Genus symbol at 3:     3^1
above 3
2^1 * 3 -- 2^1
Genus of
[-4 -2  0  0  0  0 -4]
[-2 -4  0  0  0  0  0]
[ 0  0 -4 -2 -2  0  0]
[ 0  0 -2 -4 -2 -2  0]
[ 0  0 -2 -2  0  0  0]
[ 0  0  0 -2  0  0  0]
[-4  0  0  0  0  0 -6]
Signature:  (2, 5)
Genus symbol at 2:    [2^7]_5
glueing
Genus of
[-4  2]
[ 2 -4]
Signature:  (0, 2)
Genus symbol at 2:    2^-2
Genus symbol at 3:     1^-1 3^-1
and
Genus of
[ 0  0  0  0  0  0  0  0  0  0  0  0  2]
[ 0 -2 -1  1  1  1 -1  1  1  0  0  0  0]
[ 0 -1 -2  1  1  1 -1  1  1  0  0  0  0]
[ 0  1  1 -2  0 -1  0  0  0  0  0  0  0]
[ 0  1  1  0 -2 -1  1 -1 -1  0  0  0  0]
[ 0  1  1 -1 -1 -2  1 -1 -1  0  0  0  0]
[ 0 -1 -1  0  1  1 -2  1  1  0  0  0  0]
[ 0  1  1  0 -1 -1  1 -2 -1  0  0  0  0]
[ 0  1  1  0 -1 -1  1 -1 -2  0  0  0  0]
[ 0  0  0  0  0  0  0  0  0 -2  0  0  0]
[ 0  0  0  0  0  0  0  0  0  0 -2  0  0]
[ 0  0  0  0  0  0  0  0  0  0  0 -6  0]
[ 2  0  0  0  0  0  0  0  0  0  0  0  0]
Signature:  (1, 12)
Genus symbol at 2:    1^-8 [2^5]_7
Genus symbol at 3:     1^-12 3^1
above 3
glueing
Genus of
[-8  4  2  2]
[ 4 -8 -4  2]
[ 2 -4 -4  2]
[ 2  2  2 -4]
Signature:  (0, 4)
Genus symbol at 2:    2^4
Genus symbol at 3:     1^2 3^2
and
Genus of
[-2  1  1  1  1  1  1  1  0 -1  1]
[ 1 -2 -1  0  0  0  0 -1  0  1  0]
[ 1 -1 -2 -1  0  0  0 -1  0  1  0]
[ 1  0 -1 -2  0  0  0 -1  0  1  0]
[ 1  0  0  0 -2 -1 -1  0  0  0 -1]
[ 1  0  0  0 -1 -2 -1  0  0  0 -1]
[ 1  0  0  0 -1 -1 -2  0  0  0 -1]
[ 1 -1 -1 -1  0  0  0 -2  0  1  0]
[ 0  0  0  0  0  0  0  0  2  0  0]
[-1  1  1  1  0  0  0  1  0 -4  0]
[ 1  0  0  0 -1 -1 -1  0  0  0 -4]
Signature:  (1, 10)
Genus symbol at 2:    1^8 [2^3]_3
Genus symbol at 3:     1^-9 3^2
above 3
glueing
Genus of
[-8  4  2  2  0  6]
[ 4 -8 -4  2 -6  0]
[ 2 -4 -4  2 -4  0]
[ 2  2  2 -4  4 -4]
[ 0 -6 -4  4 -8  4]
[ 6  0  0 -4  4 -8]
Signature:  (0, 6)
Genus symbol at 2:    2^-6
Genus symbol at 3:     1^5 3^1
and
Genus of
[ 0  0  0  0  0  0  0  0  1]
[ 0 -2  1  1 -1 -1 -1  0  0]
[ 0  1 -2 -1  1  0  1  0  0]
[ 0  1 -1 -2  0  0  1  0  0]
[ 0 -1  1  0 -2 -1 -1  0  0]
[ 0 -1  0  0 -1 -2  0  0  0]
[ 0 -1  1  1 -1  0 -2  0  0]
[ 0  0  0  0  0  0  0 -2  0]
[ 1  0  0  0  0  0  0  0  0]
Signature:  (1, 8)
Genus symbol at 2:    1^-8 [2^1]_7
Genus symbol at 3:     1^8 3^-1
above 3
glueing
Genus of
[-8  4  2  2  0  0]
[ 4 -8 -4  2  0  0]
[ 2 -4 -4  2  0  0]
[ 2  2  2 -4  0  0]
[ 0  0  0  0 -4  2]
[ 0  0  0  0  2 -4]
Signature:  (0, 6)
Genus symbol at 2:    2^-6
Genus symbol at 3:     1^-3 3^-3
and
Genus of
[ 0  0  0  0  0  0  0  0  1]
[ 0 -2 -1  0  0  0  0  0  0]
[ 0 -1 -2  0  0  0  0  0  0]
[ 0  0  0 -2  0  0  0  1  0]
[ 0  0  0  0 -2  0  0  0  0]
[ 0  0  0  0  0 -2 -1  0  0]
[ 0  0  0  0  0 -1 -2  0  0]
[ 0  0  0  1  0  0  0 -2  0]
[ 1  0  0  0  0  0  0  0  0]
Signature:  (1, 8)
Genus symbol at 2:    1^-8 [2^1]_7
Genus symbol at 3:     1^-6 3^3
above 3
glueing
Genus of
[-56  28  36  18  44  22  14   2]
[ 28 -56 -54  36 -66  44 -16  14]
[ 36 -54 -60  30 -64  32 -18  12]
[ 18  36  30 -60  32 -64   6 -18]
[ 44 -66 -64  32 -82  41 -20  14]
[ 22  44  32 -64  41 -82   6 -20]
[ 14 -16 -18   6 -20   6  -6   3]
[  2  14  12 -18  14 -20   3  -6]
Signature:  (0, 8)
Genus symbol at 2:    1^4:2^4
Genus symbol at 3:     1^4 3^4
and
Genus of
[-2  1  0 -1  1  0  0]
[ 1 -2  0 -1  1  0  0]
[ 0  0 -2  1 -1  0 -2]
[-1 -1  1 -2  0  1 -2]
[ 1  1 -1  0 -2  1  2]
[ 0  0  0  1  1 -4  0]
[ 0  0 -2 -2  2  0 -2]
Signature:  (1, 6)
Genus symbol at 2:    1^4 [2^3]_3
Genus symbol at 3:     1^-3 3^4
above 3
glueing
Genus of
[-24  12  18   0  12   0   4   4]
[ 12 -24 -18  18 -12  12  -8   4]
[ 18 -18 -20  10 -12   6  -6   0]
[  0  18  10 -20   6 -12   6  -6]
[ 12 -12 -12   6 -10   5  -5   1]
[  0  12   6 -12   5 -10   4  -5]
[  4  -8  -6   6  -5   4  -4   2]
[  4   4   0  -6   1  -5   2  -4]
Signature:  (0, 8)
Genus symbol at 2:    1^4:2^4
Genus symbol at 3:     1^4 3^4
and
Genus of
[-2  1  0 -1  1  0  0]
[ 1 -2  0 -1  1  0  0]
[ 0  0 -2  1 -1  0 -2]
[-1 -1  1 -2  0  1 -2]
[ 1  1 -1  0 -2  1  2]
[ 0  0  0  1  1 -4  0]
[ 0  0 -2 -2  2  0 -2]
Signature:  (1, 6)
Genus symbol at 2:    1^4 [2^3]_3
Genus symbol at 3:     1^-3 3^4
above 3
glueing
Genus of
[ -56   28   70  -14   60  -12   12    0   24   12]
[  28  -56  -56   70  -48   60  -12   12  -36   24]
[  70  -56 -100   50  -84   42  -18    6  -42    0]
[ -14   70   50 -100   42  -84   12  -18   42  -42]
[  60  -48  -84   42  -74   37  -16    5  -36    0]
[ -12   60   42  -84   37  -74   11  -16   36  -36]
[  12  -12  -18   12  -16   11   -4    2   -9    2]
[   0   12    6  -18    5  -16    2   -4    7   -9]
[  24  -36  -42   42  -36   36   -9    7  -26   13]
[  12   24    0  -42    0  -36    2   -9   13  -26]
Signature:  (0, 10)
Genus symbol at 2:    1^4:2^-6
Genus symbol at 3:     1^7 3^3
and
Genus of
[ 0  0  0  0  3]
[ 0 -2 -1  0  0]
[ 0 -1 -2  0  0]
[ 0  0  0 -2 -1]
[ 3  0  0 -1 -2]
Signature:  (1, 4)
Genus symbol at 2:    1^-4 [2^1]_7
Genus symbol at 3:     1^2 3^-3
above 3
glueing
Genus of
[-8  4  2  2  0  0  0  6  0  0]
[ 4 -8 -4  2  0  0 -6  0  0  0]
[ 2 -4 -4  2  0  0 -4  0  0  0]
[ 2  2  2 -4  0  0  4 -4  0  0]
[ 0  0  0  0 -6  3  2 -1  3 -3]
[ 0  0  0  0  3 -6 -1  2  0  3]
[ 0 -6 -4  4  2 -1 -8  4 -1  1]
[ 6  0  0 -4 -1  2  4 -8  0 -1]
[ 0  0  0  0  3  0 -1  0 -4  2]
[ 0  0  0  0 -3  3  1 -1  2 -4]
Signature:  (0, 10)
Genus symbol at 2:    1^-6:2^4
Genus symbol at 3:     1^5 3^5
and
Genus of
[ 0  0  0  0  3]
[ 0 -6  0  0  0]
[ 0  0 -6  0  0]
[ 0  0  0 -6  0]
[ 3  0  0  0  0]
Signature:  (1, 4)
Genus symbol at 2:    1^-2 [2^3]_3
Genus symbol at 3:     3^-5
above 3
