1
glueing
Genus of
[-4 -2  1  2  0 -1]
[-2 -4 -1  1  1  0]
[ 1 -1 -2 -1  1  1]
[ 2  1 -1 -2  0  1]
[ 0  1  1  0  0  0]
[-1  0  1  1  0  0]
Signature:  (2, 4)
Genus symbol at 2:    1^-6
Genus symbol at 3:     1^5 3^1
and
Genus of
[-4 -2]
[-2 -4]
Signature:  (0, 2)
Genus symbol at 2:    2^-2
Genus symbol at 3:     1^-1 3^-1
above 3
2^1 * 3 -- 2^1
Genus of
[-4 -2 -2 -1  1  1 -2 -2]
[-2 -4 -1  1  1  0  0  0]
[-2 -1 -2 -1  1  1  0  0]
[-1  1 -1 -2  0  1  0  0]
[ 1  1  1  0  0  0  0  0]
[ 1  0  1  1  0  0  0  0]
[-2  0  0  0  0  0 -4 -2]
[-2  0  0  0  0  0 -2 -4]
Signature:  (2, 6)
Genus symbol at 2:    1^-6:2^-2
glueing
Genus of
[-4  2]
[ 2 -4]
Signature:  (0, 2)
Genus symbol at 2:    2^-2
Genus symbol at 3:     1^-1 3^-1
and
Genus of
[ 0  0  0  0  0  0  0  0  0  0  0  1]
[ 0 -2 -1  1  1  1 -1  1  1  0  0  0]
[ 0 -1 -2  1  1  1 -1  1  1  0  0  0]
[ 0  1  1 -2  0 -1  0  0  0  0  0  0]
[ 0  1  1  0 -2 -1  1 -1 -1  0  0  0]
[ 0  1  1 -1 -1 -2  1 -1 -1  0  0  0]
[ 0 -1 -1  0  1  1 -2  1  1  0  0  0]
[ 0  1  1  0 -1 -1  1 -2 -1  0  0  0]
[ 0  1  1  0 -1 -1  1 -1 -2  0  0  0]
[ 0  0  0  0  0  0  0  0  0 -2 -1  0]
[ 0  0  0  0  0  0  0  0  0 -1 -2  0]
[ 1  0  0  0  0  0  0  0  0  0  0  0]
Signature:  (1, 11)
Genus symbol at 2:    1^-12
Genus symbol at 3:     1^-11 3^1
above 3
2^1 * 3 -- 2^1
Genus of
[-4 -2  1  2  0 -1  0  1]
[-2 -4 -1  1  1  0 -1  0]
[ 1 -1 -2 -1  0  0 -1 -1]
[ 2  1 -1 -2  0  0  0 -1]
[ 0  1  0  0 -2 -1  0  0]
[-1  0  0  0 -1 -2  0  0]
[ 0 -1 -1  0  0  0  0  0]
[ 1  0 -1 -1  0  0  0  0]
Signature:  (2, 6)
Genus symbol at 2:    1^-6:2^-2
glueing
Genus of
[-4  2]
[ 2 -4]
Signature:  (0, 2)
Genus symbol at 2:    2^-2
Genus symbol at 3:     1^-1 3^-1
and
Genus of
[ 0  0  0  0  0  0  0  0  0  0  0  1]
[ 0 -2 -1  1  1  1 -1  1  1  0  0  0]
[ 0 -1 -2  1  1  1 -1  1  1  0  0  0]
[ 0  1  1 -2  0 -1  0  0  0  0  0  0]
[ 0  1  1  0 -2 -1  1 -1 -1  0  0  0]
[ 0  1  1 -1 -1 -2  1 -1 -1  0  0  0]
[ 0 -1 -1  0  1  1 -2  1  1  0  0  0]
[ 0  1  1  0 -1 -1  1 -2 -1  0  0  0]
[ 0  1  1  0 -1 -1  1 -1 -2  0  0  0]
[ 0  0  0  0  0  0  0  0  0 -2 -1  0]
[ 0  0  0  0  0  0  0  0  0 -1 -2  0]
[ 1  0  0  0  0  0  0  0  0  0  0  0]
Signature:  (1, 11)
Genus symbol at 2:    1^-12
Genus symbol at 3:     1^-11 3^1
above 3
