1
glueing
Genus of
[-2  1  0 -2  2  0]
[ 1 -2  1  0 -2  2]
[ 0  1 -2  1  0 -2]
[-2  0  1 -2  1  0]
[ 2 -2  0  1 -2  1]
[ 0  2 -2  0  1 -2]
Signature:  (2, 4)
Genus symbol at 2:    1^6
Genus symbol at 7:     1^-5 7^-1
and
Genus of
[-4 -2 -2]
[-2 -4 -2]
[-2 -2 -6]
Signature:  (0, 3)
Genus symbol at 2:    [2^3]_3
Genus symbol at 7:     1^-2 7^1
above 7
2^1 * 7 -- 2^1
Genus of
[-4 -2  0  0 -2  1 -2 -2 -2]
[-2 -2  1  0 -2  2  0  0  0]
[ 0  1 -2  1  0 -2  0  0  0]
[ 0  0  1 -2  1  0  0  0  0]
[-2 -2  0  1 -2  1  0  0  0]
[ 1  2 -2  0  1 -2  0  0  0]
[-2  0  0  0  0  0 -4 -2 -2]
[-2  0  0  0  0  0 -2 -4 -2]
[-2  0  0  0  0  0 -2 -2 -6]
Signature:  (2, 7)
Genus symbol at 2:    1^6 [2^3]_3
