1
glueing
Genus of
[-4 -2  0  0  0  0]
[-2 -4  0  0  0  0]
[ 0  0 -4 -2  0  0]
[ 0  0 -2 -4  0  0]
[ 0  0  0  0  2  1]
[ 0  0  0  0  1  2]
Signature:  (2, 4)
Genus symbol at 2:    1^-2:2^4
Genus symbol at 3:     1^-3 3^-3
and
Genus of
[-6  0  0]
[ 0 -6  0]
[ 0  0 -6]
Signature:  (0, 3)
Genus symbol at 2:    [2^-3]_7
Genus symbol at 3:     3^3
above 3
2^1 * 3 -- 2^1
Genus of
[-2 -2  0  0  0  0  0 -2  0]
[-2 -4  0  0  0  0  0  0  0]
[ 0  0 -2 -2  0  0 -2  0  0]
[ 0  0 -2 -4  0  0  0  0  0]
[ 0  0  0  0  0  1  0  0 -2]
[ 0  0  0  0  1  2  0  0  0]
[ 0  0 -2  0  0  0 -6  0  0]
[-2  0  0  0  0  0  0 -6  0]
[ 0  0  0  0 -2  0  0  0 -6]
Signature:  (2, 7)
Genus symbol at 2:    1^2 [2^7]_3
glueing
Genus of
[-4  2]
[ 2 -4]
Signature:  (0, 2)
Genus symbol at 2:    2^-2
Genus symbol at 3:     1^-1 3^-1
and
Genus of
[ 0  0  0  0  0  0  0  0  0  0  1]
[ 0 -2 -1  1  0  0  0  0 -1  0  0]
[ 0 -1 -2  1  0  0  0  0 -1  0  0]
[ 0  1  1 -2  0  0  0  0  0  0  0]
[ 0  0  0  0 -2 -1  1 -1  0  0  0]
[ 0  0  0  0 -1 -2  1 -1  0  0  0]
[ 0  0  0  0  1  1 -2  0  0  0  0]
[ 0  0  0  0 -1 -1  0 -2  0  0  0]
[ 0 -1 -1  0  0  0  0  0 -2  0  0]
[ 0  0  0  0  0  0  0  0  0 -6  0]
[ 1  0  0  0  0  0  0  0  0  0  0]
Signature:  (1, 10)
Genus symbol at 2:    1^-6 [2^5]_1
Genus symbol at 3:     1^-10 3^1
above 3
glueing
Genus of
[-8  4  2  2]
[ 4 -8 -4  2]
[ 2 -4 -4  2]
[ 2  2  2 -4]
Signature:  (0, 4)
Genus symbol at 2:    2^4
Genus symbol at 3:     1^2 3^2
and
Genus of
[-2  1 -1  1 -1  1  0  1  1]
[ 1 -2  1  0  0  0  0 -1 -1]
[-1  1 -2  0  0  0  0  1  0]
[ 1  0  0 -2  1  0  0 -1  0]
[-1  0  0  1 -2  0  0  1  1]
[ 1  0  0  0  0 -2  0 -1 -1]
[ 0  0  0  0  0  0 -2  0  0]
[ 1 -1  1 -1  1 -1  0 -2  0]
[ 1 -1  0  0  1 -1  0  0 -4]
Signature:  (1, 8)
Genus symbol at 2:    1^6 [2^3]_5
Genus symbol at 3:     1^-7 3^2
above 3
glueing
Genus of
[-8  4  2  2  6  0]
[ 4 -8 -4  2 -6  6]
[ 2 -4 -4  2 -4  4]
[ 2  2  2 -4  0 -4]
[ 6 -6 -4  0 -8  4]
[ 0  6  4 -4  4 -8]
Signature:  (0, 6)
Genus symbol at 2:    2^-6
Genus symbol at 3:     1^5 3^1
and
Genus of
[ 0  0  0  0  0  0  1]
[ 0 -2 -1  1 -1 -1  0]
[ 0 -1 -2  1 -1 -1  0]
[ 0  1  1 -2  1  1  0]
[ 0 -1 -1  1 -2 -1  0]
[ 0 -1 -1  1 -1 -2  0]
[ 1  0  0  0  0  0  0]
Signature:  (1, 6)
Genus symbol at 2:    1^-6 [2^1]_1
Genus symbol at 3:     1^6 3^-1
above 3
glueing
Genus of
[-8  4  2  2  0  0]
[ 4 -8 -4  2  0  0]
[ 2 -4 -4  2  0  0]
[ 2  2  2 -4  0  0]
[ 0  0  0  0 -4  2]
[ 0  0  0  0  2 -4]
Signature:  (0, 6)
Genus symbol at 2:    2^-6
Genus symbol at 3:     1^-3 3^-3
and
Genus of
[ 0  0  0  0  0  0  1]
[ 0 -2 -1  0  0  0  0]
[ 0 -1 -2  0  0  0  0]
[ 0  0  0 -2  1  0  0]
[ 0  0  0  1 -2  0  0]
[ 0  0  0  0  0 -6  0]
[ 1  0  0  0  0  0  0]
Signature:  (1, 6)
Genus symbol at 2:    1^-6 [2^1]_1
Genus symbol at 3:     1^-4 3^3
above 3
glueing
Genus of
[-56  28  18 -54  22 -66  14   2]
[ 28 -56  36  18  44  22 -16  14]
[ 18  36 -60  30 -64  32   6 -18]
[-54  18  30 -60  32 -64  12   6]
[ 22  44 -64  32 -82  41   6 -20]
[-66  22  32 -64  41 -82  14   6]
[ 14 -16   6  12   6  14  -6   3]
[  2  14 -18   6 -20   6   3  -6]
Signature:  (0, 8)
Genus symbol at 2:    1^4:2^4
Genus symbol at 3:     1^4 3^4
and
Genus of
[ 0  0  0  0  3]
[ 0 -4 -2  0  1]
[ 0 -2 -4  0 -4]
[ 0  0  0 -6 -3]
[ 3  1 -4 -3  2]
Signature:  (1, 4)
Genus symbol at 2:    1^2 [2^3]_5
Genus symbol at 3:     1^-1 3^4
above 3
glueing
Genus of
[-24  12  18   0  12   0   4   4]
[ 12 -24 -18  18 -12  12  -8   4]
[ 18 -18 -20  10 -12   6  -6   0]
[  0  18  10 -20   6 -12   6  -6]
[ 12 -12 -12   6 -10   5  -5   1]
[  0  12   6 -12   5 -10   4  -5]
[  4  -8  -6   6  -5   4  -4   2]
[  4   4   0  -6   1  -5   2  -4]
Signature:  (0, 8)
Genus symbol at 2:    1^4:2^4
Genus symbol at 3:     1^4 3^4
and
Genus of
[ 0  0  0  0  3]
[ 0 -4 -2  0  1]
[ 0 -2 -4  0 -4]
[ 0  0  0 -6 -3]
[ 3  1 -4 -3  2]
Signature:  (1, 4)
Genus symbol at 2:    1^2 [2^3]_5
Genus symbol at 3:     1^-1 3^4
above 3
glueing
Genus of
[ -56   28   70  -14   60  -12   12    0   36  -24]
[  28  -56  -56   70  -48   60  -12   12  -12   36]
[  70  -56 -100   50  -84   42  -18    6  -42   42]
[ -14   70   50 -100   42  -84   12  -18    0  -42]
[  60  -48  -84   42  -74   37  -16    5  -36   36]
[ -12   60   42  -84   37  -74   11  -16    0  -36]
[  12  -12  -18   12  -16   11   -4    2   -7    9]
[   0   12    6  -18    5  -16    2   -4   -2   -7]
[  36  -12  -42    0  -36    0   -7   -2  -26   13]
[ -24   36   42  -42   36  -36    9   -7   13  -26]
Signature:  (0, 10)
Genus symbol at 2:    1^4:2^-6
Genus symbol at 3:     1^7 3^3
and
Genus of
[ 0  0  3]
[ 0 -6  0]
[ 3  0  0]
Signature:  (1, 2)
Genus symbol at 2:    1^-2 [2^1]_1
Genus symbol at 3:     3^-3
above 3
