1
glueing
Genus of
[-4  2  0 -4  4  0]
[ 2 -4  2  0 -4  4]
[ 0  2 -4  2  0 -4]
[-4  0  2 -4  2  0]
[ 4 -4  0  2 -4  2]
[ 0  4 -4  0  2 -4]
Signature:  (2, 4)
Genus symbol at 2:    2^6
Genus symbol at 7:     1^-5 7^-1
and
Genus of
[-4 -2 -2]
[-2 -4 -2]
[-2 -2 -6]
Signature:  (0, 3)
Genus symbol at 2:    [2^3]_3
Genus symbol at 7:     1^-2 7^1
above 7
2^1 * 7 -- 2^1
Genus of
[-18  -4   0   0  -4   2  -6  -6  -6]
[ -4  -4   2   0  -4   4   0   0   0]
[  0   2  -4   2   0  -4   0   0   0]
[  0   0   2  -4   2   0   0   0   0]
[ -4  -4   0   2  -4   2   0   0   0]
[  2   4  -4   0   2  -4   0   0   0]
[ -6   0   0   0   0   0  -4  -2  -2]
[ -6   0   0   0   0   0  -2  -4  -2]
[ -6   0   0   0   0   0  -2  -2  -6]
Signature:  (2, 7)
Genus symbol at 2:    [2^9]_3
glueing
Genus of
[-4  0  2  0  0  2]
[ 0 -4  0  2  0  0]
[ 2  0 -4  0  2  0]
[ 0  2  0 -4  0  2]
[ 0  0  2  0 -4  0]
[ 2  0  0  2  0 -4]
Signature:  (0, 6)
Genus symbol at 2:    2^6
Genus symbol at 7:     1^5 7^1
and
Genus of
[ 0  0  0  0  0  0  1]
[ 0 -2  0  0  0  1  0]
[ 0  0 -2  0  0  0  0]
[ 0  0  0 -2  0  0  0]
[ 0  0  0  0 -2  0  0]
[ 0  1  0  0  0 -4  0]
[ 1  0  0  0  0  0  0]
Signature:  (1, 6)
Genus symbol at 2:    1^4 [2^3]_5
Genus symbol at 7:     1^-6 7^-1
above 7
