1
glueing
Genus of
[-4 -2  1  2  0  0  0  0]
[-2 -4 -1  1  0  0  0  0]
[ 1 -1 -2 -1  0  0  0  0]
[ 2  1 -1 -2  0  0  0  0]
[ 0  0  0  0 -4 -2  0 -1]
[ 0  0  0  0 -2 -4  1  0]
[ 0  0  0  0  0  1  0  0]
[ 0  0  0  0 -1  0  0  0]
Signature:  (2, 6)
Genus symbol at 2:    1^8
Genus symbol at 3:     1^6 3^2
and
Genus of
[-6  0]
[ 0 -6]
Signature:  (0, 2)
Genus symbol at 2:    [2^2]_2
Genus symbol at 3:     3^2
above 3
2^1 * 3 -- 2^1
Genus of
[-4 -2 -1  1  0  0  0  0  0 -4]
[-2 -4  0  1  0  0  0  0  0  0]
[-1  0 -4 -1  0  0  0  0 -4 -2]
[ 1  1 -1 -2  0  0  0  0  0  0]
[ 0  0  0  0 -4 -2  0 -1  0  0]
[ 0  0  0  0 -2 -4  1  0  0  0]
[ 0  0  0  0  0  1  0  0  0  0]
[ 0  0  0  0 -1  0  0  0  0  0]
[ 0  0 -4  0  0  0  0  0 -6  0]
[-4  0 -2  0  0  0  0  0  0 -6]
Signature:  (2, 8)
Genus symbol at 2:    1^8 [2^2]_2
