1
glueing
Genus of
[-4 -2  1  2  0  0]
[-2 -4 -1  1  0  0]
[ 1 -1 -2 -1  0  0]
[ 2  1 -1 -2  0  0]
[ 0  0  0  0  4  2]
[ 0  0  0  0  2  4]
Signature:  (2, 4)
Genus symbol at 2:    1^4:2^-2
Genus symbol at 3:     1^3 3^3
and
Genus of
[-4 -2  1 -1]
[-2 -4  2 -2]
[ 1  2 -4  1]
[-1 -2  1 -4]
Signature:  (0, 4)
Genus symbol at 2:    1^-2 [2^2]_6
Genus symbol at 3:     1^-1 3^-3
above 3
2^1 * 3 -- 2^1
Genus of
[-2 -2  0  1  0  0  0  0 -1 -1]
[-2 -4  0  1  0  0  0  0  0  0]
[ 0  0 -2 -1 -2  0 -1 -2  0 -1]
[ 1  1 -1 -2  0  0  0  0  0  0]
[ 0  0 -2  0 -4  2 -4 -4  2 -2]
[ 0  0  0  0  2  4  0  0  0  0]
[ 0  0 -1  0 -4  0 -4 -2  1 -1]
[ 0  0 -2  0 -4  0 -2 -4  2 -2]
[-1  0  0  0  2  0  1  2 -4  1]
[-1  0 -1  0 -2  0 -1 -2  1 -4]
Signature:  (2, 8)
Genus symbol at 2:    1^6 [2^4]_2
glueing
Genus of
[-4  2]
[ 2 -4]
Signature:  (0, 2)
Genus symbol at 2:    2^-2
Genus symbol at 3:     1^-1 3^-1
and
Genus of
[ 0  0  0  0  0  0  0  0  0  1]
[ 0 -2 -1 -1  1 -1 -1  0  0  0]
[ 0 -1 -2  0  1  0  0  0  0  0]
[ 0 -1  0 -2  1 -1 -1  0  0  0]
[ 0  1  1  1 -2  1  1  0  0  0]
[ 0 -1  0 -1  1 -2 -1  0  0  0]
[ 0 -1  0 -1  1 -1 -2  0  0  0]
[ 0  0  0  0  0  0  0 -2 -1  0]
[ 0  0  0  0  0  0  0 -1 -2  0]
[ 1  0  0  0  0  0  0  0  0  0]
Signature:  (1, 9)
Genus symbol at 2:    1^-8 [2^2]_2
Genus symbol at 3:     1^-9 3^1
above 3
