1
glueing
Genus of
[-4 -2  1  2  0  0  0  3  0  3]
[-2 -4 -1  1  0  0 -3  0 -3  0]
[ 1 -1 -2 -1  0  0 -2 -2 -1 -1]
[ 2  1 -1 -2  0  0  0 -2  0 -1]
[ 0  0  0  0 -4 -2  0 -1  0  2]
[ 0  0  0  0 -2 -4  1  0 -2  0]
[ 0 -3 -2  0  0  1 -4 -2 -2 -1]
[ 3  0 -2 -2 -1  0 -2 -4 -1 -2]
[ 0 -3 -1  0  0 -2 -2 -1 -4 -2]
[ 3  0 -1 -1  2  0 -1 -2 -2 -4]
Signature:  (2, 8)
Genus symbol at 2:    1^-10
Genus symbol at 3:     1^-9 3^-1
and
Genus of
[-6]
Signature:  (0, 1)
Genus symbol at 2:    [2^-1]_5
Genus symbol at 3:     3^1
above 3
2^1 * 3 -- 2^1
Genus of
[-4 -2  0  1  0  0 -1  1 -1  1 -4]
[-2 -4 -1  1  0  0 -3  0 -3  0  0]
[ 0 -1 -2 -1  0  0 -2 -2 -1 -1  0]
[ 1  1 -1 -2  0  0  0 -2  0 -1  0]
[ 0  0  0  0 -4 -2  0 -1  0  2  0]
[ 0  0  0  0 -2 -4  1  0 -2  0  0]
[-1 -3 -2  0  0  1 -4 -2 -2 -1  0]
[ 1  0 -2 -2 -1  0 -2 -4 -1 -2  0]
[-1 -3 -1  0  0 -2 -2 -1 -4 -2  0]
[ 1  0 -1 -1  2  0 -1 -2 -2 -4  0]
[-4  0  0  0  0  0  0  0  0  0 -6]
Signature:  (2, 9)
Genus symbol at 2:    1^10 [2^1]_1
