1
glueing
Genus of
[-4 -2  0  0 -1  1  3  4]
[-2 -4 -2  0 -3 -1  1  3]
[ 0 -2 -4 -2 -4 -3 -1  1]
[ 0  0 -2 -4 -3 -4 -3 -1]
[-1 -3 -4 -3 -4 -3 -1  1]
[ 1 -1 -3 -4 -3 -4 -3 -1]
[ 3  1 -1 -3 -1 -3 -4 -3]
[ 4  3  1 -1  1 -1 -3 -4]
Signature:  (2, 6)
Genus symbol at 2:    1^8
Genus symbol at 5:     1^-6 5^-2
and
Genus of
[ -4  -2   0]
[ -2  -6   0]
[  0   0 -10]
Signature:  (0, 3)
Genus symbol at 2:    [2^3]_1
Genus symbol at 5:     1^1 5^-2
above 5
2^1 * 5 -- 2^1
Genus of
[-12  -4  -4  -2  -5  -3   0   3  -2  -4  -6]
[ -4  -4  -2   0   0  -1   1   3   0   0   0]
[ -4  -2  -4  -2  -3  -3  -1   1   0   0   0]
[ -2   0  -2  -4  -5  -4  -3  -1   0   0   0]
[ -5   0  -3  -5 -10  -5  -5  -3  -2  -4   0]
[ -3  -1  -3  -4  -5  -4  -3  -1   0   0   0]
[  0   1  -1  -3  -5  -3  -4  -3   0   0   0]
[  3   3   1  -1  -3  -1  -3  -4   0   0   0]
[ -2   0   0   0  -2   0   0   0  -4  -2   0]
[ -4   0   0   0  -4   0   0   0  -2  -6   0]
[ -6   0   0   0   0   0   0   0   0   0 -10]
Signature:  (2, 9)
Genus symbol at 2:    1^8 [2^3]_1
