1
glueing
Genus of
[ 0  2  2 -2]
[ 2  0  2  2]
[ 2  2  0  2]
[-2  2  2  0]
Signature:  (2, 2)
Genus symbol at 2:    2^-4
Genus symbol at 5:     1^3 5^1
and
Genus of
[-4  2 -2  0  0  0 -2]
[ 2 -4  2  0  2 -2  0]
[-2  2 -4 -2 -2  2 -2]
[ 0  0 -2 -4  0  2 -2]
[ 0  2 -2  0 -4  2  0]
[ 0 -2  2  2  2 -4  0]
[-2  0 -2 -2  0  0 -6]
Signature:  (0, 7)
Genus symbol at 2:    [2^-7]_1
Genus symbol at 5:     1^-6 5^1
above 5
2^1 * 5 -- 2^1
Genus of
[ 0  2  2  2 -2  0 -2 -2  0  0 -4]
[ 2  0  2  2  0  0  0  0  0  0  0]
[ 2  2  0  2  0  0  0  0  0  0  0]
[ 2  2  2  0  0  0  0  0  0  0  0]
[-2  0  0  0 -4  2 -2  0  0  0 -2]
[ 0  0  0  0  2 -4  2  0  2 -2  0]
[-2  0  0  0 -2  2 -4 -2 -2  2 -2]
[-2  0  0  0  0  0 -2 -4  0  2 -2]
[ 0  0  0  0  0  2 -2  0 -4  2  0]
[ 0  0  0  0  0 -2  2  2  2 -4  0]
[-4  0  0  0 -2  0 -2 -2  0  0 -6]
Signature:  (2, 9)
Genus symbol at 2:    [2^11]_1
glueing
Genus of
[-4  2  0  0]
[ 2 -4  2  0]
[ 0  2 -4  2]
[ 0  0  2 -4]
Signature:  (0, 4)
Genus symbol at 2:    2^-4
Genus symbol at 5:     1^-3 5^-1
and
Genus of
[ 0  0  0  0  0  0  2]
[ 0 -2  0  0  0  0  0]
[ 0  0 -4 -2 -2 -2  0]
[ 0  0 -2 -4 -2 -2  0]
[ 0  0 -2 -2 -4 -2  0]
[ 0  0 -2 -2 -2 -4  0]
[ 2  0  0  0  0  0  0]
Signature:  (1, 6)
Genus symbol at 2:    [2^-7]_7
Genus symbol at 5:     1^6 5^-1
above 5
glueing
Genus of
[-8  0  4  4  6  0  0 -6]
[ 0 -8  0  4  0  6  0  0]
[ 4  0 -8  0 -6  0  6  0]
[ 4  4  0 -8  0 -6  0  6]
[ 6  0 -6  0 -8  2  2  2]
[ 0  6  0 -6  2 -8  2  2]
[ 0  0  6  0  2  2 -8  2]
[-6  0  0  6  2  2  2 -8]
Signature:  (0, 8)
Genus symbol at 2:    2^8
and
Genus of
[ 0  0  2]
[ 0 -2  0]
[ 2  0  0]
Signature:  (1, 2)
Genus symbol at 2:    [2^3]_7
above 5
glueing
Genus of
[-8  0  4  4 -2 -2  0  4]
[ 0 -8  0  4  0 -2 -2  0]
[ 4  0 -8  0  4  0 -2 -2]
[ 4  4  0 -8  0  4  0 -2]
[-2  0  4  0 -4  0  2  2]
[-2 -2  0  4  0 -4  0  2]
[ 0 -2 -2  0  2  0 -4  0]
[ 4  0 -2 -2  2  2  0 -4]
Signature:  (0, 8)
Genus symbol at 2:    2^8
Genus symbol at 5:     1^6 5^2
and
Genus of
[ 0  0 10]
[ 0 -2 -2]
[10 -2 -2]
Signature:  (1, 2)
Genus symbol at 2:    [2^3]_7
Genus symbol at 5:     1^-1 5^2
above 5
glueing
Genus of
[-4  0  2 -2  0  0  0  0]
[ 0 -4  0  2  0  0  0  0]
[ 2  0 -4  0  0  0  0  0]
[-2  2  0 -4  0  0  0  0]
[ 0  0  0  0  0  2  2 -2]
[ 0  0  0  0  2  0  2  2]
[ 0  0  0  0  2  2  0  2]
[ 0  0  0  0 -2  2  2  0]
Signature:  (2, 6)
Genus symbol at 2:    2^8
Genus symbol at 5:     1^-6 5^-2
and
Genus of
[ -4  -2   0]
[ -2  -6   0]
[  0   0 -10]
Signature:  (0, 3)
Genus symbol at 2:    [2^3]_1
Genus symbol at 5:     1^1 5^-2
above 5
2^1 * 5 -- 2^1
Genus of
[ -6  -2  -2   0   0   0   0   0   0   0  -6]
[ -2  -4   0   2   0   0   0   0   0   0   0]
[ -2   0  -4   0   0   0   0   0   0   0   0]
[  0   2   0  -4   0   0   0   0   0   0   0]
[  0   0   0   0   2   2   2   2  -2  -2   0]
[  0   0   0   0   2   0   2   2   0   0   0]
[  0   0   0   0   2   2   0   2   0   0   0]
[  0   0   0   0   2   2   2   0   0   0   0]
[  0   0   0   0  -2   0   0   0  -4  -2   0]
[  0   0   0   0  -2   0   0   0  -2  -6   0]
[ -6   0   0   0   0   0   0   0   0   0 -10]
Signature:  (2, 9)
Genus symbol at 2:    [2^11]_1
glueing
Genus of
[-4  0  2  2]
[ 0 -4  0  2]
[ 2  0 -4  0]
[ 2  2  0 -4]
Signature:  (0, 4)
Genus symbol at 2:    2^-4
Genus symbol at 5:     1^-3 5^-1
and
Genus of
[ 0  0  0  0  0  0  2]
[ 0 -2  0  0  0  0  0]
[ 0  0 -4 -2 -2 -2  0]
[ 0  0 -2 -4 -2 -2  0]
[ 0  0 -2 -2 -4 -2  0]
[ 0  0 -2 -2 -2 -4  0]
[ 2  0  0  0  0  0  0]
Signature:  (1, 6)
Genus symbol at 2:    [2^-7]_7
Genus symbol at 5:     1^6 5^-1
above 5
glueing
Genus of
[-8  4  0  0  0  0  0  6]
[ 4 -8  4  0 -6  0  0  0]
[ 0  4 -8  4  6 -6  0  0]
[ 0  0  4 -8  0  6 -6  0]
[ 0 -6  6  0 -8  2  2  2]
[ 0  0 -6  6  2 -8  2  2]
[ 0  0  0 -6  2  2 -8  2]
[ 6  0  0  0  2  2  2 -8]
Signature:  (0, 8)
Genus symbol at 2:    2^8
and
Genus of
[ 0  0  2]
[ 0 -2  0]
[ 2  0  0]
Signature:  (1, 2)
Genus symbol at 2:    [2^3]_7
above 5
glueing
Genus of
[-8  4  0  0  0  0 -2  4]
[ 4 -8  4  0 -2  0  0 -2]
[ 0  4 -8  4  4 -2  0  0]
[ 0  0  4 -8 -2  4 -2  0]
[ 0 -2  4 -2 -4  2  0  0]
[ 0  0 -2  4  2 -4  2  0]
[-2  0  0 -2  0  2 -4  2]
[ 4 -2  0  0  0  0  2 -4]
Signature:  (0, 8)
Genus symbol at 2:    2^8
Genus symbol at 5:     1^6 5^2
and
Genus of
[ 0  0 10]
[ 0 -2 -2]
[10 -2 -2]
Signature:  (1, 2)
Genus symbol at 2:    [2^3]_7
Genus symbol at 5:     1^-1 5^2
above 5
