1
found 1 extensions at level 5
computing representatives of Genus of
None
Signature:  (0, 1)
Genus symbol at 2:    [2^1]_7
computing representatives of Genus of
None
Signature:  (0, 2)
Genus symbol at 2:    [2^2]_6
computing representatives of Genus of
None
Signature:  (0, 3)
Genus symbol at 2:    [2^3]_5
computing representatives of Genus of
None
Signature:  (0, 4)
Genus symbol at 2:    1^-2:2^-2
computing representatives of Genus of
None
Signature:  (0, 4)
Genus symbol at 2:    [2^4]_4
computing representatives of Genus of
None
Signature:  (0, 5)
Genus symbol at 2:    1^2 [2^3]_3
computing representatives of Genus of
None
Signature:  (0, 5)
Genus symbol at 2:    [2^5]_3
computing representatives of Genus of
None
Signature:  (0, 6)
Genus symbol at 2:    1^4 [2^2]_2
computing representatives of Genus of
None
Signature:  (0, 6)
Genus symbol at 2:    1^2 [2^4]_2
computing representatives of Genus of
None
Signature:  (0, 7)
Genus symbol at 2:    1^6 [2^1]_1
computing representatives of Genus of
None
Signature:  (0, 7)
Genus symbol at 2:    1^4 [2^3]_1
computing representatives of Genus of
None
Signature:  (0, 8)
Genus symbol at 2:    1^8
computing representatives of Genus of
None
Signature:  (0, 8)
Genus symbol at 2:    1^6:2^2
computing representatives of Genus of
None
Signature:  (0, 8)
Genus symbol at 2:    1^6 [2^2]_0
computing representatives of Genus of
None
Signature:  (0, 9)
Genus symbol at 2:    1^8 [2^1]_7
