1
glueing
Genus of
[-4 -2  1  2  0  0  0  0]
[-2 -4 -1  1  0  0  0  0]
[ 1 -1 -2 -1  0  0  0  0]
[ 2  1 -1 -2  0  0  0  0]
[ 0  0  0  0 -4 -2  1  1]
[ 0  0  0  0 -2 -4  0  1]
[ 0  0  0  0  1  0  0  0]
[ 0  0  0  0  1  1  0  0]
Signature:  (2, 6)
Genus symbol at 2:    1^8
Genus symbol at 3:     1^6 3^2
and
Genus of
[-4  0  0 -2]
[ 0 -4 -2  0]
[ 0 -2 -4  0]
[-2  0  0 -4]
Signature:  (0, 4)
Genus symbol at 2:    2^4
Genus symbol at 3:     1^2 3^2
above 3
2^1 * 3 -- 2^1
Genus of
[-12  -2  -5   1   0   0   0   0  -4  -4  -4  -4]
[ -2  -4   0   1   0   0   0   0   0   0   0   0]
[ -5   0  -6  -1   0   0   0   0   0  -4  -4   0]
[  1   1  -1  -2   0   0   0   0   0   0   0   0]
[  0   0   0   0  -4  -2   1   1   0   0   0   0]
[  0   0   0   0  -2  -4   0   1   0   0   0   0]
[  0   0   0   0   1   0   0   0   0   0   0   0]
[  0   0   0   0   1   1   0   0   0   0   0   0]
[ -4   0   0   0   0   0   0   0  -4   0   0  -2]
[ -4   0  -4   0   0   0   0   0   0  -4  -2   0]
[ -4   0  -4   0   0   0   0   0   0  -2  -4   0]
[ -4   0   0   0   0   0   0   0  -2   0   0  -4]
Signature:  (2, 10)
Genus symbol at 2:    1^8:2^4
glueing
Genus of
[-4  2]
[ 2 -4]
Signature:  (0, 2)
Genus symbol at 2:    2^-2
Genus symbol at 3:     1^-1 3^-1
and
Genus of
[ 0  0  0  0  0  0  0  1]
[ 0 -2 -1 -1  1  0  0  0]
[ 0 -1 -2  0  1  0  0  0]
[ 0 -1  0 -2  1  0  0  0]
[ 0  1  1  1 -2  0  0  0]
[ 0  0  0  0  0 -2 -1  0]
[ 0  0  0  0  0 -1 -2  0]
[ 1  0  0  0  0  0  0  0]
Signature:  (1, 7)
Genus symbol at 2:    1^6:2^-2
Genus symbol at 3:     1^-7 3^1
above 3
glueing
Genus of
[-8  4  2  2]
[ 4 -8 -4  2]
[ 2 -4 -4  2]
[ 2  2  2 -4]
Signature:  (0, 4)
Genus symbol at 2:    2^4
Genus symbol at 3:     1^2 3^2
and
Genus of
[ 0  0  0  0  0  1]
[ 0 -2  0  0 -1  0]
[ 0  0 -2 -1  0  0]
[ 0  0 -1 -2  0  0]
[ 0 -1  0  0 -2  0]
[ 1  0  0  0  0  0]
Signature:  (1, 5)
Genus symbol at 2:    1^6
Genus symbol at 3:     1^-4 3^2
above 3
glueing
Genus of
[-4 -2 -3 -3  1  1  1  2]
[-2 -4  0 -3  0  1 -1  1]
[-3  0 -6 -3  0  0  0  0]
[-3 -3 -3 -6  0  0  0  0]
[ 1  0  0  0 -2 -1 -1 -1]
[ 1  1  0  0 -1 -2  0 -1]
[ 1 -1  0  0 -1  0  0  0]
[ 2  1  0  0 -1 -1  0  0]
Signature:  (2, 6)
Genus symbol at 2:    1^-6:2^-2
Genus symbol at 3:     1^4 3^4
and
Genus of
[-6 -3 -3 -3]
[-3 -6  0  0]
[-3  0 -6  0]
[-3  0  0 -6]
Signature:  (0, 4)
Genus symbol at 2:    1^-2:2^-2
Genus symbol at 3:     3^4
above 3
glueing
Genus of
[-4 -2  1  2  0  0  0  0]
[-2 -4 -1  1  0  0  0  0]
[ 1 -1 -2 -1  0  0  0  0]
[ 2  1 -1 -2  0  0  0  0]
[ 0  0  0  0 -4 -2  0  0]
[ 0  0  0  0 -2 -4  0  0]
[ 0  0  0  0  0  0  2  1]
[ 0  0  0  0  0  0  1  2]
Signature:  (2, 6)
Genus symbol at 2:    1^-6:2^-2
Genus symbol at 3:     1^4 3^4
and
Genus of
[-6 -3 -3 -3]
[-3 -6  0  0]
[-3  0 -6  0]
[-3  0  0 -6]
Signature:  (0, 4)
Genus symbol at 2:    1^-2:2^-2
Genus symbol at 3:     3^4
above 3
2^1 * 3 -- 2^1
Genus of
[-2 -2  0  1  0  0  0  0 -1  0 -2  0]
[-2 -4  0  1  0  0  0  0  0  0  0  0]
[ 0  0 -4 -1 -1  0 -1  0 -4 -3 -1 -3]
[ 1  1 -1 -2  0  0  0  0  0  0  0  0]
[ 0  0 -1  0 -2 -2  0  0 -1 -2  0  0]
[ 0  0  0  0 -2 -4  0  0  0  0  0  0]
[ 0  0 -1  0  0  0  0  1 -1  0  0 -2]
[ 0  0  0  0  0  0  1  2  0  0  0  0]
[-1  0 -4  0 -1  0 -1  0 -6 -3 -3 -3]
[ 0  0 -3  0 -2  0  0  0 -3 -6  0  0]
[-2  0 -1  0  0  0  0  0 -3  0 -6  0]
[ 0  0 -3  0  0  0 -2  0 -3  0  0 -6]
Signature:  (2, 10)
Genus symbol at 2:    1^8:2^4
glueing
Genus of
[-4  2]
[ 2 -4]
Signature:  (0, 2)
Genus symbol at 2:    2^-2
Genus symbol at 3:     1^-1 3^-1
and
Genus of
[ 0  0  0  0  0  0  0  1]
[ 0 -2 -1 -1  1  0  0  0]
[ 0 -1 -2  0  1  0  0  0]
[ 0 -1  0 -2  1  0  0  0]
[ 0  1  1  1 -2  0  0  0]
[ 0  0  0  0  0 -2 -1  0]
[ 0  0  0  0  0 -1 -2  0]
[ 1  0  0  0  0  0  0  0]
Signature:  (1, 7)
Genus symbol at 2:    1^6:2^-2
Genus symbol at 3:     1^-7 3^1
above 3
glueing
Genus of
[-8  4  2  2]
[ 4 -8 -4  2]
[ 2 -4 -4  2]
[ 2  2  2 -4]
Signature:  (0, 4)
Genus symbol at 2:    2^4
Genus symbol at 3:     1^2 3^2
and
Genus of
[ 0  0  0  0  0  1]
[ 0 -2  0  0 -1  0]
[ 0  0 -2 -1  0  0]
[ 0  0 -1 -2  0  0]
[ 0 -1  0  0 -2  0]
[ 1  0  0  0  0  0]
Signature:  (1, 5)
Genus symbol at 2:    1^6
Genus symbol at 3:     1^-4 3^2
above 3
glueing
Genus of
[-4 -2  1  2 -1 -1  0  0 -1 -1]
[-2 -4 -1  1  0 -1  0  0  0 -1]
[ 1 -1 -2 -1  1  0  0  0  1  0]
[ 2  1 -1 -2  1  1  0  0  1  1]
[-1  0  1  1 -2 -1 -1 -1  0  0]
[-1 -1  0  1 -1 -2  0 -1  0  0]
[ 0  0  0  0 -1  0 -2 -1  0  0]
[ 0  0  0  0 -1 -1 -1 -2  0  0]
[-1  0  1  1  0  0  0  0  0  0]
[-1 -1  0  1  0  0  0  0  0  0]
Signature:  (2, 8)
Genus symbol at 2:    1^8:2^-2
Genus symbol at 3:     1^9 3^1
and
Genus of
[-4 -2]
[-2 -4]
Signature:  (0, 2)
Genus symbol at 2:    2^-2
Genus symbol at 3:     1^-1 3^-1
above 3
2^1 * 3 -- 2^1
Genus of
[-4 -2 -2 -1  1  0  0  0  1  0 -2 -2]
[-2 -4 -1  1  0 -1  0  0  0 -1  0  0]
[-2 -1 -2 -1  1  0  0  0  1  0  0  0]
[-1  1 -1 -2  1  1  0  0  1  1  0  0]
[ 1  0  1  1 -2 -1 -1 -1  0  0  0  0]
[ 0 -1  0  1 -1 -2  0 -1  0  0  0  0]
[ 0  0  0  0 -1  0 -2 -1  0  0  0  0]
[ 0  0  0  0 -1 -1 -1 -2  0  0  0  0]
[ 1  0  1  1  0  0  0  0  0  0  0  0]
[ 0 -1  0  1  0  0  0  0  0  0  0  0]
[-2  0  0  0  0  0  0  0  0  0 -4 -2]
[-2  0  0  0  0  0  0  0  0  0 -2 -4]
Signature:  (2, 10)
Genus symbol at 2:    1^8:2^4
glueing
Genus of
[-4  2]
[ 2 -4]
Signature:  (0, 2)
Genus symbol at 2:    2^-2
Genus symbol at 3:     1^-1 3^-1
and
Genus of
[ 0  0  0  0  0  0  0  1]
[ 0 -2 -1 -1  1  0  0  0]
[ 0 -1 -2  0  1  0  0  0]
[ 0 -1  0 -2  1  0  0  0]
[ 0  1  1  1 -2  0  0  0]
[ 0  0  0  0  0 -2 -1  0]
[ 0  0  0  0  0 -1 -2  0]
[ 1  0  0  0  0  0  0  0]
Signature:  (1, 7)
Genus symbol at 2:    1^6:2^-2
Genus symbol at 3:     1^-7 3^1
above 3
glueing
Genus of
[-8  4  2  2]
[ 4 -8 -4  2]
[ 2 -4 -4  2]
[ 2  2  2 -4]
Signature:  (0, 4)
Genus symbol at 2:    2^4
Genus symbol at 3:     1^2 3^2
and
Genus of
[ 0  0  0  0  0  1]
[ 0 -2  0  0 -1  0]
[ 0  0 -2 -1  0  0]
[ 0  0 -1 -2  0  0]
[ 0 -1  0  0 -2  0]
[ 1  0  0  0  0  0]
Signature:  (1, 5)
Genus symbol at 2:    1^6
Genus symbol at 3:     1^-4 3^2
above 3
2^1 * 3 -- 2^1
Genus of
[-4 -2  1  2  1  1  3  3  0  0  0  0]
[-2 -4 -1  1  0  1  0  3  0  0  0  0]
[ 1 -1 -2 -1  0  0 -1  0  0  0  0  0]
[ 2  1 -1 -2  0  0 -1 -1  0  0  0  0]
[ 1  0  0  0 -2 -1 -2 -1  0  0  0  0]
[ 1  1  0  0 -1 -2 -1 -2  0  0  0  0]
[ 3  0 -1 -1 -2 -1 -4 -2  0  0  0  0]
[ 3  3  0 -1 -1 -2 -2 -4  0  0  0  0]
[ 0  0  0  0  0  0  0  0 -4 -2  2  2]
[ 0  0  0  0  0  0  0  0 -2 -4  0  2]
[ 0  0  0  0  0  0  0  0  2  0  0  0]
[ 0  0  0  0  0  0  0  0  2  2  0  0]
Signature:  (2, 10)
Genus symbol at 2:    1^8:2^4
glueing
Genus of
[-4  2]
[ 2 -4]
Signature:  (0, 2)
Genus symbol at 2:    2^-2
Genus symbol at 3:     1^-1 3^-1
and
Genus of
[ 0  0  0  0  0  0  0  1]
[ 0 -2 -1 -1  1  0  0  0]
[ 0 -1 -2  0  1  0  0  0]
[ 0 -1  0 -2  1  0  0  0]
[ 0  1  1  1 -2  0  0  0]
[ 0  0  0  0  0 -2 -1  0]
[ 0  0  0  0  0 -1 -2  0]
[ 1  0  0  0  0  0  0  0]
Signature:  (1, 7)
Genus symbol at 2:    1^6:2^-2
Genus symbol at 3:     1^-7 3^1
above 3
glueing
Genus of
[-8  4  2  2]
[ 4 -8 -4  2]
[ 2 -4 -4  2]
[ 2  2  2 -4]
Signature:  (0, 4)
Genus symbol at 2:    2^4
Genus symbol at 3:     1^2 3^2
and
Genus of
[ 0  0  0  0  0  1]
[ 0 -2  0  0 -1  0]
[ 0  0 -2 -1  0  0]
[ 0  0 -1 -2  0  0]
[ 0 -1  0  0 -2  0]
[ 1  0  0  0  0  0]
Signature:  (1, 5)
Genus symbol at 2:    1^6
Genus symbol at 3:     1^-4 3^2
above 3
