1
glueing
Genus of
[-4  0  2 -2  0  0  1  2]
[ 0 -4  0  2 -1  0  0  1]
[ 2  0 -4  0 -2 -1  0  0]
[-2  2  0 -4 -1 -2 -1  0]
[ 0 -1 -2 -1 -2 -1  0  0]
[ 0  0 -1 -2 -1 -2 -1  0]
[ 1  0  0 -1  0 -1 -2 -1]
[ 2  1  0  0  0  0 -1 -2]
Signature:  (2, 6)
Genus symbol at 2:    1^8
Genus symbol at 5:     1^-6 5^-2
and
Genus of
[-4  2 -2 -2]
[ 2 -4  2  0]
[-2  2 -8 -4]
[-2  0 -4 -8]
Signature:  (0, 4)
Genus symbol at 2:    2^4
Genus symbol at 5:     1^-2 5^-2
above 5
2^1 * 5 -- 2^1
Genus of
[-4 -2 -2  0 -2 -1  0  1 -2  0 -2 -2]
[-2 -4  0  2  0  0  0  1  0  0  0  0]
[-2  0 -4  0 -1 -1  0  0  0  0  0  0]
[ 0  2  0 -4 -2 -2 -1  0  0  0  0  0]
[-2  0 -1 -2 -6 -2 -2 -1  0 -2 -2 -4]
[-1  0 -1 -2 -2 -2 -1  0  0  0  0  0]
[ 0  0  0 -1 -2 -1 -2 -1  0  0  0  0]
[ 1  1  0  0 -1  0 -1 -2  0  0  0  0]
[-2  0  0  0  0  0  0  0 -4  2 -2 -2]
[ 0  0  0  0 -2  0  0  0  2 -4  2  0]
[-2  0  0  0 -2  0  0  0 -2  2 -8 -4]
[-2  0  0  0 -4  0  0  0 -2  0 -4 -8]
Signature:  (2, 10)
Genus symbol at 2:    1^8:2^4
