1
glueing
Genus of
[-4  1  0 -3  3  0]
[ 1 -4  1  0 -3  3]
[ 0  1 -4  1  0 -3]
[-3  0  1 -4  1  0]
[ 3 -3  0  1 -4  1]
[ 0  3 -3  0  1 -4]
Signature:  (2, 4)
Genus symbol at 2:    1^6
Genus symbol at 7:     1^-5 7^-1
and
Genus of
[-4  2 -2  2  2 -2]
[ 2 -4  2 -2 -2  2]
[-2  2 -4  2  2 -2]
[ 2 -2  2 -4 -2  2]
[ 2 -2  2 -2 -4  2]
[-2  2 -2  2  2 -4]
Signature:  (0, 6)
Genus symbol at 2:    2^6
Genus symbol at 7:     1^5 7^1
above 7
2^1 * 7 -- 2^1
Genus of
[-20  -4  -1  -1  -4   1   4  -6   4  -6  -6   4]
[ -4  -4   1   0  -3   3   0   0   0   0   0   0]
[ -1   1  -4   1   0  -3   0   0   0   0   0   0]
[ -1   0   1  -4   1   0   0   0   0   0   0   0]
[ -4  -3   0   1  -4   1   0   0   0   0   0   0]
[  1   3  -3   0   1  -4   0   0   0   0   0   0]
[  4   0   0   0   0   0  -4   2  -2   2   2  -2]
[ -6   0   0   0   0   0   2  -4   2  -2  -2   2]
[  4   0   0   0   0   0  -2   2  -4   2   2  -2]
[ -6   0   0   0   0   0   2  -2   2  -4  -2   2]
[ -6   0   0   0   0   0   2  -2   2  -2  -4   2]
[  4   0   0   0   0   0  -2   2  -2   2   2  -4]
Signature:  (2, 10)
Genus symbol at 2:    1^6:2^6
glueing
Genus of
[-4  2  0  0  0  0]
[ 2 -4  2  0  0  0]
[ 0  2 -4  2  0  0]
[ 0  0  2 -4  2  0]
[ 0  0  0  2 -4  2]
[ 0  0  0  0  2 -4]
Signature:  (0, 6)
Genus symbol at 2:    2^6
Genus symbol at 7:     1^5 7^1
and
Genus of
[ 0  0  0  1]
[ 0 -2  1  0]
[ 0  1 -4  0]
[ 1  0  0  0]
Signature:  (1, 3)
Genus symbol at 2:    1^4
Genus symbol at 7:     1^3 7^-1
above 7
2^1 * 7 -- 2^1
Genus of
[-2  0  1  0  0 -1  0  1  1 -1  0  1]
[ 0 -2  0  1  0  0  0  0  1  1 -1  0]
[ 1  0 -2  0  1  0 -1  0  0  1  1 -1]
[ 0  1  0 -2  0  1  0 -1  0  0  1  1]
[ 0  0  1  0 -2  0  1  0 -1  0  0  1]
[-1  0  0  1  0 -2 -1  1  0 -1  0  0]
[ 0  0 -1  0  1 -1 -4  0  0 -2  2  0]
[ 1  0  0 -1  0  1  0 -4  0  0 -2  2]
[ 1  1  0  0 -1  0  0  0 -4  0  0 -2]
[-1  1  1  0  0 -1 -2  0  0 -4  0  0]
[ 0 -1  1  1  0  0  2 -2  0  0 -4  0]
[ 1  0 -1  1  1  0  0  2 -2  0  0 -4]
Signature:  (2, 10)
Genus symbol at 2:    1^6:2^6
glueing
Genus of
[-4  0  2  0  0  2]
[ 0 -4  0  2  0  0]
[ 2  0 -4  0  2  0]
[ 0  2  0 -4  0  2]
[ 0  0  2  0 -4  0]
[ 2  0  0  2  0 -4]
Signature:  (0, 6)
Genus symbol at 2:    2^6
Genus symbol at 7:     1^5 7^1
and
Genus of
[ 0  0  0  1]
[ 0 -2  1  0]
[ 0  1 -4  0]
[ 1  0  0  0]
Signature:  (1, 3)
Genus symbol at 2:    1^4
Genus symbol at 7:     1^3 7^-1
above 7
