1
found 0 extensions at level 5
computing representatives of Genus of
None
Signature:  (0, 1)
Genus symbol at 2:    [4^1]_7
Cp,fp: 1
Genus of
[-4]
Signature:  (0, 1)
Genus symbol at 2:    [4^1]_7
C1: 1 Genus symbol at 2:    2^8 [4^1]_1
computing representatives
Found 1 matching extensions
found 0 extensions at level 5
computing representatives of Genus of
None
Signature:  (0, 2)
Genus symbol at 2:    [4^2]_6
Cp,fp: 2
Genus of
[-4  0]
[ 0 -4]
Signature:  (0, 2)
Genus symbol at 2:    [4^2]_6
C1: 2 Genus symbol at 2:    2^6 [4^2]_2
computing representatives
Found 1 matching extensions
found 0 extensions at level 5
computing representatives of Genus of
None
Signature:  (0, 3)
Genus symbol at 2:    [4^3]_5
Cp,fp: 3
Genus of
[-4  0  0]
[ 0 -4  0]
[ 0  0 -4]
Signature:  (0, 3)
Genus symbol at 2:    [4^3]_5
C1: 3 Genus symbol at 2:    2^4 [4^3]_3
computing representatives
Found 1 matching extensions
found 0 extensions at level 5
computing representatives of Genus of
None
Signature:  (0, 4)
Genus symbol at 2:    2^-2:4^-2
Cp,fp: 4
Genus of
[-4 -2 -2 -2]
[-2 -4  0  0]
[-2  0 -4  0]
[-2  0  0 -4]
Signature:  (0, 4)
Genus symbol at 2:    2^-2:4^-2
C1: 4 Genus symbol at 2:    2^-4:4^-2
computing representatives
Found 1 matching extensions
found 0 extensions at level 5
computing representatives of Genus of
None
Signature:  (0, 4)
Genus symbol at 2:    [4^4]_4
Cp,fp: 5
Genus of
[-4  0  0  0]
[ 0 -4  0  0]
[ 0  0 -4  0]
[ 0  0  0 -4]
Signature:  (0, 4)
Genus symbol at 2:    [4^4]_4
C1: 5 Genus symbol at 2:    2^2 [4^4]_4
computing representatives
Found 1 matching extensions
found 0 extensions at level 5
computing representatives of Genus of
None
Signature:  (0, 5)
Genus symbol at 2:    2^2 [4^3]_3
Cp,fp: 6
Genus of
[-4 -2 -2 -2  0]
[-2 -4  0  0  0]
[-2  0 -4  0  0]
[-2  0  0 -4  0]
[ 0  0  0  0 -4]
Signature:  (0, 5)
Genus symbol at 2:    2^2 [4^3]_3
C1: 6 Genus symbol at 2:    2^2 [4^3]_5
computing representatives
Found 1 matching extensions
found 0 extensions at level 5
computing representatives of Genus of
None
Signature:  (0, 5)
Genus symbol at 2:    [4^5]_3
Cp,fp: 7
Genus of
[-4  0  0  0  0]
[ 0 -4  0  0  0]
[ 0  0 -4  0  0]
[ 0  0  0 -4  0]
[ 0  0  0  0 -4]
Signature:  (0, 5)
Genus symbol at 2:    [4^5]_3
C1: 7 Genus symbol at 2:    [4^5]_5
computing representatives
Found 1 matching extensions
found 0 extensions at level 5
computing representatives of Genus of
None
Signature:  (0, 6)
Genus symbol at 2:    2^4 [4^2]_2
Cp,fp: 8
Genus of
[-4 -2 -2 -2 -2 -2]
[-2 -4  0 -2 -2 -2]
[-2  0 -4 -2  0  0]
[-2 -2 -2 -4 -2 -2]
[-2 -2  0 -2 -4 -2]
[-2 -2  0 -2 -2 -4]
Signature:  (0, 6)
Genus symbol at 2:    2^4 [4^2]_2
C1: 8 Genus symbol at 2:    2^2 [4^2]_6
computing representatives
Found 1 matching extensions
found 0 extensions at level 5
computing representatives of Genus of
None
Signature:  (0, 6)
Genus symbol at 2:    2^2 [4^4]_2
Cp,fp: 9
Genus of
[-4 -2  2 -2  0  0]
[-2 -4  2  0  0  0]
[ 2  2 -4  2  0  0]
[-2  0  2 -4  0  0]
[ 0  0  0  0 -4  0]
[ 0  0  0  0  0 -4]
Signature:  (0, 6)
Genus symbol at 2:    2^2 [4^4]_2
C1: 9 Genus symbol at 2:    [4^4]_6
computing representatives
Found 1 matching extensions
found 0 extensions at level 5
computing representatives of Genus of
None
Signature:  (0, 7)
Genus symbol at 2:    2^6 [4^1]_1
Cp,fp: 10
Genus of
None
Signature:  (0, 7)
Genus symbol at 2:    2^6 [4^1]_1
C1: 10 Genus symbol at 2:    2^2 [4^1]_7
computing representatives
Found 1 matching extensions
found 0 extensions at level 5
computing representatives of Genus of
None
Signature:  (0, 7)
Genus symbol at 2:    2^4 [4^3]_1
Cp,fp: 11
Genus of
[-4 -2  2  2 -2 -2  0]
[-2 -4  2  2 -2 -2  0]
[ 2  2 -4  0  2  2  0]
[ 2  2  0 -4  2  2  0]
[-2 -2  2  2 -4 -2  0]
[-2 -2  2  2 -2 -4  0]
[ 0  0  0  0  0  0 -4]
Signature:  (0, 7)
Genus symbol at 2:    2^4 [4^3]_1
C1: 11 Genus symbol at 2:    [4^3]_7
computing representatives
Found 1 matching extensions
found 0 extensions at level 5
computing representatives of Genus of
None
Signature:  (0, 8)
Genus symbol at 2:    2^8
Cp,fp: 12
Genus of
None
Signature:  (0, 8)
Genus symbol at 2:    2^8
C1: 12 Genus symbol at 2:    2^2
computing representatives
Found 1 matching extensions
found 0 extensions at level 5
computing representatives of Genus of
None
Signature:  (0, 8)
Genus symbol at 2:    2^6:4^2
Cp,fp: 13
Genus of
[-4 -2  2 -2 -2 -2 -2 -2]
[-2 -4  2  0 -2 -2 -2 -2]
[ 2  2 -4  2  2  2  2  2]
[-2  0  2 -4  0  0  0  0]
[-2 -2  2  0 -4 -2 -2 -2]
[-2 -2  2  0 -2 -4 -2 -2]
[-2 -2  2  0 -2 -2 -4 -2]
[-2 -2  2  0 -2 -2 -2 -4]
Signature:  (0, 8)
Genus symbol at 2:    2^6:4^2
C1: 13 Genus symbol at 2:    4^2
computing representatives
Found 1 matching extensions
found 0 extensions at level 5
computing representatives of Genus of
None
Signature:  (0, 8)
Genus symbol at 2:    2^6 [4^2]_0
Cp,fp: 14
Genus of
[-4 -2  2  2  2  2 -2  0]
[-2 -4  2  0  2  0 -2  0]
[ 2  2 -4 -2 -2  0  0  0]
[ 2  0 -2 -4  0  0  0  0]
[ 2  2 -2  0 -4  0  0  0]
[ 2  0  0  0  0 -4  2  0]
[-2 -2  0  0  0  2 -4  0]
[ 0  0  0  0  0  0  0 -4]
Signature:  (0, 8)
Genus symbol at 2:    2^6 [4^2]_0
C1: 14 Genus symbol at 2:    [4^2]_0
computing representatives
Found 1 matching extensions
found 0 extensions at level 5
computing representatives of Genus of
None
Signature:  (0, 9)
Genus symbol at 2:    2^8 [4^1]_7
Cp,fp: 15
Genus of
None
Signature:  (0, 9)
Genus symbol at 2:    2^8 [4^1]_7
C1: 15 Genus symbol at 2:    [4^1]_1
computing representatives
Found 1 matching extensions
found 0 extensions at level 5
