1
glueing
Genus of
[-4 -2  1  2  0  0  0  0]
[-2 -4 -1  1  0  0  0  0]
[ 1 -1 -2 -1  0  0  0  0]
[ 2  1 -1 -2  0  0  0  0]
[ 0  0  0  0 -4 -2  1  2]
[ 0  0  0  0 -2 -4 -1  1]
[ 0  0  0  0  1 -1  0  0]
[ 0  0  0  0  2  1  0  0]
Signature:  (2, 6)
Genus symbol at 2:    1^8
Genus symbol at 3:     1^-4 3^-4
and
Genus of
[-4 -2 -1  2 -1]
[-2 -4 -2  1  1]
[-1 -2 -4 -1 -1]
[ 2  1 -1 -4 -1]
[-1  1 -1 -1 -4]
Signature:  (0, 5)
Genus symbol at 2:    1^4 [2^1]_7
Genus symbol at 3:     1^-1 3^-4
above 3
2^1 * 3 -- 2^1
Genus of
[-8 -2 -3  1 -3  0 -5  0 -4 -4 -4  1 -1]
[-2 -4  0  1  0  0  0  0  0  0  0  0  0]
[-3  0 -4 -1 -1  0 -5  0 -1 -2 -3 -2 -1]
[ 1  1 -1 -2  0  0  0  0  0  0  0  0  0]
[-3  0 -1  0 -4 -2 -1  1 -3 -1 -1  1 -2]
[ 0  0  0  0 -2 -4  0  1  0  0  0  0  0]
[-5  0 -5  0 -1  0 -8  0 -1 -3 -5 -3 -2]
[ 0  0  0  0  1  1  0  0  0  0  0  0  0]
[-4  0 -1  0 -3  0 -1  0 -4 -2 -1  2 -1]
[-4  0 -2  0 -1  0 -3  0 -2 -4 -2  1  1]
[-4  0 -3  0 -1  0 -5  0 -1 -2 -4 -1 -1]
[ 1  0 -2  0  1  0 -3  0  2  1 -1 -4 -1]
[-1  0 -1  0 -2  0 -2  0 -1  1 -1 -1 -4]
Signature:  (2, 11)
Genus symbol at 2:    1^12 [2^1]_7
