1
glueing
Genus of
[ -4   0   2  -2   1  -1   0   2  -5   0   0  -5]
[  0  -4   0   2   0   1  -1   0   0  -5   0   0]
[  2   0  -4   0  -2   0   1  -1   5   0  -5   0]
[ -2   2   0  -4   0  -2   0   1   0   5   0  -5]
[  1   0  -2   0  -2   0   1  -1   3   0  -3   0]
[ -1   1   0  -2   0  -2   0   1   0   3   0  -3]
[  0  -1   1   0   1   0  -2   0   0   0   3   0]
[  2   0  -1   1  -1   1   0  -2   3   0   0   3]
[ -5   0   5   0   3   0   0   3 -10  -2   3  -3]
[  0  -5   0   5   0   3   0   0  -2 -10  -2   3]
[  0   0  -5   0  -3   0   3   0   3  -2 -10  -2]
[ -5   0   0  -5   0  -3   0   3  -3   3  -2 -10]
Signature:  (2, 10)
Genus symbol at 2:    1^-12
Genus symbol at 5:     1^-11 5^-1
and
Genus of
[-10]
Signature:  (0, 1)
Genus symbol at 2:    [2^-1]_3
Genus symbol at 5:     5^-1
above 5
2^1 * 5 -- 2^1
Genus of
[ -4  -2  -2   0  -1   0   0   0   2  -2  -3  -2  -4]
[ -2  -4   0   2   0   1  -1   0   0  -5   0   0   0]
[ -2   0  -4   0  -2   0   1  -1   5   0  -5   0   0]
[  0   2   0  -4   0  -2   0   1   0   5   0  -5   0]
[ -1   0  -2   0  -2   0   1  -1   3   0  -3   0   0]
[  0   1   0  -2   0  -2   0   1   0   3   0  -3   0]
[  0  -1   1   0   1   0  -2   0   0   0   3   0   0]
[  0   0  -1   1  -1   1   0  -2   3   0   0   3   0]
[  2   0   5   0   3   0   0   3 -10  -2   3  -3   0]
[ -2  -5   0   5   0   3   0   0  -2 -10  -2   3   0]
[ -3   0  -5   0  -3   0   3   0   3  -2 -10  -2   0]
[ -2   0   0  -5   0  -3   0   3  -3   3  -2 -10   0]
[ -4   0   0   0   0   0   0   0   0   0   0   0 -10]
Signature:  (2, 11)
Genus symbol at 2:    1^12 [2^1]_7
