1
glueing
Genus of
[-4 -2  1  2  0  0  0  0]
[-2 -4 -1  1  0  0  0  0]
[ 1 -1 -2 -1  0  0  0  0]
[ 2  1 -1 -2  0  0  0  0]
[ 0  0  0  0 -4 -2  1  2]
[ 0  0  0  0 -2 -4 -1  1]
[ 0  0  0  0  1 -1  0  0]
[ 0  0  0  0  2  1  0  0]
Signature:  (2, 6)
Genus symbol at 2:    1^8
Genus symbol at 3:     1^-4 3^-4
and
Genus of
[-4  2  1 -1  0]
[ 2 -4 -2  2  0]
[ 1 -2 -4  1  0]
[-1  2  1 -4  0]
[ 0  0  0  0 -6]
Signature:  (0, 5)
Genus symbol at 2:    1^2 [2^3]_7
Genus symbol at 3:     1^-1 3^-4
above 3
2^1 * 3 -- 2^1
Genus of
[-4 -2 -1  1  0  0 -1  0 -1 -2 -2  1  0]
[-2 -4  0  1  0  0  0  0  0  0  0  0  0]
[-1  0 -2 -1  0  0 -1  0  1 -2 -2  1  0]
[ 1  1 -1 -2  0  0  0  0  0  0  0  0  0]
[ 0  0  0  0 -2 -2 -1  1  0  0  0  0 -2]
[ 0  0  0  0 -2 -4  0  1  0  0  0  0  0]
[-1  0 -1  0 -1  0 -4  0  1 -2 -1  0 -4]
[ 0  0  0  0  1  1  0  0  0  0  0  0  0]
[-1  0  1  0  0  0  1  0 -4  2  1 -1  0]
[-2  0 -2  0  0  0 -2  0  2 -4 -2  2  0]
[-2  0 -2  0  0  0 -1  0  1 -2 -4  1  0]
[ 1  0  1  0  0  0  0  0 -1  2  1 -4  0]
[ 0  0  0  0 -2  0 -4  0  0  0  0  0 -6]
Signature:  (2, 11)
Genus symbol at 2:    1^10 [2^3]_7
