1
glueing
Genus of
[-4  0  2 -2  0  0  1  2]
[ 0 -4  0  2 -1  0  0  1]
[ 2  0 -4  0 -2 -1  0  0]
[-2  2  0 -4 -1 -2 -1  0]
[ 0 -1 -2 -1 -2 -1  0  0]
[ 0  0 -1 -2 -1 -2 -1  0]
[ 1  0  0 -1  0 -1 -2 -1]
[ 2  1  0  0  0  0 -1 -2]
Signature:  (2, 6)
Genus symbol at 2:    1^8
Genus symbol at 5:     1^-6 5^-2
and
Genus of
[-4 -2  2  2  0  0]
[-2 -4  2  2  0  0]
[ 2  2 -4 -2  0  0]
[ 2  2 -2 -4  0  0]
[ 0  0  0  0 -4 -2]
[ 0  0  0  0 -2 -6]
Signature:  (0, 6)
Genus symbol at 2:    [2^6]_6
Genus symbol at 5:     1^-4 5^-2
above 5
2^1 * 5 -- 2^1
Genus of
[-6 -2 -2  0 -2 -1  0  1 -2 -2  0  0 -2 -2]
[-2 -4  0  2  0  0  0  1  0  0  0  0  0  0]
[-2  0 -4  0 -1 -1  0  0  0  0  0  0  0  0]
[ 0  2  0 -4 -2 -2 -1  0  0  0  0  0  0  0]
[-2  0 -1 -2 -4 -2 -2 -1  0  0  0  0 -2 -2]
[-1  0 -1 -2 -2 -2 -1  0  0  0  0  0  0  0]
[ 0  0  0 -1 -2 -1 -2 -1  0  0  0  0  0  0]
[ 1  1  0  0 -1  0 -1 -2  0  0  0  0  0  0]
[-2  0  0  0  0  0  0  0 -4 -2  2  2  0  0]
[-2  0  0  0  0  0  0  0 -2 -4  2  2  0  0]
[ 0  0  0  0  0  0  0  0  2  2 -4 -2  0  0]
[ 0  0  0  0  0  0  0  0  2  2 -2 -4  0  0]
[-2  0  0  0 -2  0  0  0  0  0  0  0 -4 -2]
[-2  0  0  0 -2  0  0  0  0  0  0  0 -2 -6]
Signature:  (2, 12)
Genus symbol at 2:    1^8 [2^6]_6
glueing
Genus of
[-4  2  0  0]
[ 2 -4  2  0]
[ 0  2 -4  2]
[ 0  0  2 -4]
Signature:  (0, 4)
Genus symbol at 2:    2^-4
Genus symbol at 5:     1^-3 5^-1
and
Genus of
[  0   0   0   1]
[  0  -2   0   0]
[  0   0 -10   0]
[  1   0   0   0]
Signature:  (1, 3)
Genus symbol at 2:    1^-2 [2^2]_6
Genus symbol at 5:     1^-3 5^-1
above 5
glueing
Genus of
[-4 -2  0  0  0  0  1  2  0  0  1  1]
[-2 -4 -2  0 -1  0  0  1  0  0  0  1]
[ 0 -2 -4 -2 -2 -1  0  0 -1  0  0  0]
[ 0  0 -2 -4 -1 -2 -1  0 -1 -1  0  0]
[ 0 -1 -2 -1 -2 -1  0  0 -1  0  0  0]
[ 0  0 -1 -2 -1 -2 -1  0 -1 -1  0  0]
[ 1  0  0 -1  0 -1 -2 -1  0 -1 -1  0]
[ 2  1  0  0  0  0 -1 -2  0  0 -1 -1]
[ 0  0 -1 -1 -1 -1  0  0  0  1  1 -1]
[ 0  0  0 -1  0 -1 -1  0  1  0  1  1]
[ 1  0  0  0  0  0 -1 -1  1  1  0  1]
[ 1  1  0  0  0  0  0 -1 -1  1  1  0]
Signature:  (2, 10)
Genus symbol at 2:    1^8:2^-4
Genus symbol at 5:     1^11 5^1
and
Genus of
[-4 -2]
[-2 -6]
Signature:  (0, 2)
Genus symbol at 2:    [2^-2]_6
Genus symbol at 5:     1^1 5^1
above 5
2^1 * 5 -- 2^1
Genus of
[-14  -4  -6  -4  -4  -3  -2  -1  -2  -1  -1   0  -2  -2]
[ -4  -4  -2   0  -1   0   0   1   0   0   0   1   0   0]
[ -6  -2  -4  -2  -2  -1   0   0  -1   0   0   0   0   0]
[ -4   0  -2  -4  -1  -2  -1   0  -1  -1   0   0   0   0]
[ -4  -1  -2  -1  -2  -1   0   0  -1   0   0   0   0   0]
[ -3   0  -1  -2  -1  -2  -1   0  -1  -1   0   0   0   0]
[ -2   0   0  -1   0  -1  -2  -1   0  -1  -1   0   0   0]
[ -1   1   0   0   0   0  -1  -2   0   0  -1  -1   0   0]
[ -2   0  -1  -1  -1  -1   0   0   0   1   1  -1   0   0]
[ -1   0   0  -1   0  -1  -1   0   1   0   1   1   0   0]
[ -1   0   0   0   0   0  -1  -1   1   1   0   1   0   0]
[  0   1   0   0   0   0   0  -1  -1   1   1   0   0   0]
[ -2   0   0   0   0   0   0   0   0   0   0   0  -4  -2]
[ -2   0   0   0   0   0   0   0   0   0   0   0  -2  -6]
Signature:  (2, 12)
Genus symbol at 2:    1^8 [2^6]_6
glueing
Genus of
[-4  2  0  0]
[ 2 -4  2  0]
[ 0  2 -4  2]
[ 0  0  2 -4]
Signature:  (0, 4)
Genus symbol at 2:    2^-4
Genus symbol at 5:     1^-3 5^-1
and
Genus of
[  0   0   0   1]
[  0  -2   0   0]
[  0   0 -10   0]
[  1   0   0   0]
Signature:  (1, 3)
Genus symbol at 2:    1^-2 [2^2]_6
Genus symbol at 5:     1^-3 5^-1
above 5
