1
glueing
Genus of
[-2  1  0 -2  2  0]
[ 1 -2  1  0 -2  2]
[ 0  1 -2  1  0 -2]
[-2  0  1 -2  1  0]
[ 2 -2  0  1 -2  1]
[ 0  2 -2  0  1 -2]
Signature:  (2, 4)
Genus symbol at 2:    1^6
Genus symbol at 7:     1^-5 7^-1
and
Genus of
[-4  2  2 -2  0  2  0  0]
[ 2 -4 -2  2  2 -2 -2 -2]
[ 2 -2 -4  0  0 -2  0  0]
[-2  2  0 -4 -2  2  2  2]
[ 0  2  0 -2 -4  2  2  2]
[ 2 -2 -2  2  2 -4 -2 -2]
[ 0 -2  0  2  2 -2 -6 -4]
[ 0 -2  0  2  2 -2 -4 -6]
Signature:  (0, 8)
Genus symbol at 2:    [2^8]_6
Genus symbol at 7:     1^7 7^1
above 7
2^1 * 7 -- 2^1
Genus of
[-18  -2   0   0  -2   1   0  -4  -2   2   2  -4  -8  -8]
[ -2  -2   1   0  -2   2   0   0   0   0   0   0   0   0]
[  0   1  -2   1   0  -2   0   0   0   0   0   0   0   0]
[  0   0   1  -2   1   0   0   0   0   0   0   0   0   0]
[ -2  -2   0   1  -2   1   0   0   0   0   0   0   0   0]
[  1   2  -2   0   1  -2   0   0   0   0   0   0   0   0]
[  0   0   0   0   0   0  -4   2   2  -2   0   2   0   0]
[ -4   0   0   0   0   0   2  -4  -2   2   2  -2  -2  -2]
[ -2   0   0   0   0   0   2  -2  -4   0   0  -2   0   0]
[  2   0   0   0   0   0  -2   2   0  -4  -2   2   2   2]
[  2   0   0   0   0   0   0   2   0  -2  -4   2   2   2]
[ -4   0   0   0   0   0   2  -2  -2   2   2  -4  -2  -2]
[ -8   0   0   0   0   0   0  -2   0   2   2  -2  -6  -4]
[ -8   0   0   0   0   0   0  -2   0   2   2  -2  -4  -6]
Signature:  (2, 12)
Genus symbol at 2:    1^6 [2^8]_6
glueing
Genus of
[-4  2  0  0  0  0]
[ 2 -4  2  0  0  0]
[ 0  2 -4  2  0  0]
[ 0  0  2 -4  2  0]
[ 0  0  0  2 -4  2]
[ 0  0  0  0  2 -4]
Signature:  (0, 6)
Genus symbol at 2:    2^6
Genus symbol at 7:     1^5 7^1
and
Genus of
[ 4  2]
[ 2 -6]
Signature:  (1, 1)
Genus symbol at 2:    [2^2]_2
Genus symbol at 7:     1^1 7^-1
above 7
