1
glueing
Genus of
[ -8  -2   2  -2  -5 -10   0  10  -5  -5   0  -5]
[ -2  -8  -2   2  -5  -5 -10   0   5  -5  -5   0]
[  2  -2  -8  -2 -10  -5  -5 -10   5   5  -5  -5]
[ -2   2  -2  -8   0 -10  -5  -5   0   5   5  -5]
[ -5  -5 -10   0 -26 -13   0   0   0   0 -13 -13]
[-10  -5  -5 -10 -13 -26 -13   0   0   0   0 -13]
[  0 -10  -5  -5   0 -13 -26 -13  13   0   0   0]
[ 10   0 -10  -5   0   0 -13 -26  13  13   0   0]
[ -5   5   5   0   0   0  13  13 -10  -2   3  -3]
[ -5  -5   5   5   0   0   0  13  -2 -10  -2   3]
[  0  -5  -5   5 -13   0   0   0   3  -2 -10  -2]
[ -5   0  -5  -5 -13 -13   0   0  -3   3  -2 -10]
Signature:  (2, 10)
Genus symbol at 2:    1^-12
Genus symbol at 5:     1^-9 5^-3
and
Genus of
[-10   0   0]
[  0 -10   0]
[  0   0 -10]
Signature:  (0, 3)
Genus symbol at 2:    [2^-3]_1
Genus symbol at 5:     5^-3
above 5
glueing
Genus of
[-4 -2  0  0  0  0  1  2  0  0  0  0]
[-2 -4 -2  0 -1  0  0  1  0  0  0  0]
[ 0 -2 -4 -2 -2 -1  0  0  0  0  0  0]
[ 0  0 -2 -4 -1 -2 -1  0  0  0  0  0]
[ 0 -1 -2 -1 -2 -1  0  0  0  0  0  0]
[ 0  0 -1 -2 -1 -2 -1  0  0  0  0  0]
[ 1  0  0 -1  0 -1 -2 -1  0  0  0  0]
[ 2  1  0  0  0  0 -1 -2  0  0  0  0]
[ 0  0  0  0  0  0  0  0  2  2  1 -1]
[ 0  0  0  0  0  0  0  0  2  2  2  1]
[ 0  0  0  0  0  0  0  0  1  2  2  2]
[ 0  0  0  0  0  0  0  0 -1  1  2  2]
Signature:  (2, 10)
Genus symbol at 2:    1^-12
Genus symbol at 5:     1^-9 5^-3
and
Genus of
[-10   0   0]
[  0 -10   0]
[  0   0 -10]
Signature:  (0, 3)
Genus symbol at 2:    [2^-3]_1
Genus symbol at 5:     5^-3
above 5
2^1 * 5 -- 2^1
Genus of
[-12  -4  -4  -2  -4  -1   0   1   0   0   0   0  -8   0   0]
[ -4  -4  -2   0   0   0   0   1   0   0   0   0   0   0   0]
[ -4  -2  -4  -2  -1  -1   0   0   0   0   0   0   0   0   0]
[ -2   0  -2  -4  -2  -2  -1   0   0   0   0   0   0   0   0]
[ -4   0  -1  -2  -6  -2  -2  -1   0   0   0   0  -4  -4   0]
[ -1   0  -1  -2  -2  -2  -1   0   0   0   0   0   0   0   0]
[  0   0   0  -1  -2  -1  -2  -1   0   0   0   0   0   0   0]
[  1   1   0   0  -1   0  -1  -2   0   0   0   0   0   0   0]
[  0   0   0   0   0   0   0   0  -2   3   3   2   0   0  -8]
[  0   0   0   0   0   0   0   0   3   2   2   1   0   0   0]
[  0   0   0   0   0   0   0   0   3   2   2   2   0   0   0]
[  0   0   0   0   0   0   0   0   2   1   2   2   0   0   0]
[ -8   0   0   0  -4   0   0   0   0   0   0   0 -10   0   0]
[  0   0   0   0  -4   0   0   0   0   0   0   0   0 -10   0]
[  0   0   0   0   0   0   0   0  -8   0   0   0   0   0 -10]
Signature:  (2, 13)
Genus symbol at 2:    1^12 [2^3]_5
