1
glueing
Genus of
[-2  0  1  0  0 -1  0  0  0  0  0  0]
[ 0 -2  0  1  0  0  0  0  0  0  0  0]
[ 1  0 -2  0  1  0  0  0  0  0  0  0]
[ 0  1  0 -2  0  1  0  0  0  0  0  0]
[ 0  0  1  0 -2  0  0  0  0  0  0  0]
[-1  0  0  1  0 -2  0  0  0  0  0  0]
[ 0  0  0  0  0  0 -2  1  0 -2  2  0]
[ 0  0  0  0  0  0  1 -2  1  0 -2  2]
[ 0  0  0  0  0  0  0  1 -2  1  0 -2]
[ 0  0  0  0  0  0 -2  0  1 -2  1  0]
[ 0  0  0  0  0  0  2 -2  0  1 -2  1]
[ 0  0  0  0  0  0  0  2 -2  0  1 -2]
Signature:  (2, 10)
Genus symbol at 2:    1^12
Genus symbol at 7:     1^-10 7^-2
and
Genus of
[ -6  -2   2]
[ -2 -10  -4]
[  2  -4 -10]
Signature:  (0, 3)
Genus symbol at 2:    [2^3]_5
Genus symbol at 7:     1^1 7^-2
above 7
2^1 * 7 -- 2^1
Genus of
[ -8  -1   0   0  -1   0  -4   0   0   0   0   0  -2  -8  -4]
[ -1  -2   0   1   0   0   0   0   0   0   0   0   0   0   0]
[  0   0  -2   0   1   0   0   0   0   0   0   0   0   0   0]
[  0   1   0  -2   0   1   0   0   0   0   0   0   0   0   0]
[ -1   0   1   0  -2   0   0   0   0   0   0   0   0   0   0]
[  0   0   0   1   0  -2   0   0   0   0   0   0   0   0   0]
[ -4   0   0   0   0   0  -8  -2   0   0  -2   1  -2  -4  -6]
[  0   0   0   0   0   0  -2  -2   1   0  -2   2   0   0   0]
[  0   0   0   0   0   0   0   1  -2   1   0  -2   0   0   0]
[  0   0   0   0   0   0   0   0   1  -2   1   0   0   0   0]
[  0   0   0   0   0   0  -2  -2   0   1  -2   1   0   0   0]
[  0   0   0   0   0   0   1   2  -2   0   1  -2   0   0   0]
[ -2   0   0   0   0   0  -2   0   0   0   0   0  -6  -2   2]
[ -8   0   0   0   0   0  -4   0   0   0   0   0  -2 -10  -4]
[ -4   0   0   0   0   0  -6   0   0   0   0   0   2  -4 -10]
Signature:  (2, 13)
Genus symbol at 2:    1^12 [2^3]_5
