1
glueing
Genus of
[ -4  -2   1   2   0   0   0   3   0   0]
[ -2  -4  -1   1   0   0  -3   0   0   0]
[  1  -1  -2  -1   0   0  -2  -2   0   0]
[  2   1  -1  -2   0   0   0  -2   0   0]
[  0   0   0   0 -12  -6   2   1  -6   0]
[  0   0   0   0  -6 -12   1   2  -6  -6]
[  0  -3  -2   0   2   1  -4  -2   1   0]
[  3   0  -2  -2   1   2  -2  -4   1   1]
[  0   0   0   0  -6  -6   1   1  -2  -1]
[  0   0   0   0   0  -6   0   1  -1  -2]
Signature:  (2, 8)
Genus symbol at 2:    1^-10
Genus symbol at 3:     1^-5 3^-5
and
Genus of
[-6  0  0  0  0]
[ 0 -6  0  0  0]
[ 0  0 -6  0  0]
[ 0  0  0 -6  0]
[ 0  0  0  0 -6]
Signature:  (0, 5)
Genus symbol at 2:    [2^-5]_1
Genus symbol at 3:     3^5
above 3
glueing
Genus of
[-4 -2  1  2  0  0  0  0  0  0]
[-2 -4 -1  1  0  0  0  0  0  0]
[ 1 -1 -2 -1  0  0  0  0  0  0]
[ 2  1 -1 -2  0  0  0  0  0  0]
[ 0  0  0  0 -4 -2  1  2  0  0]
[ 0  0  0  0 -2 -4 -1  1  0  0]
[ 0  0  0  0  1 -1 -2 -1  0  0]
[ 0  0  0  0  2  1 -1 -2  0  0]
[ 0  0  0  0  0  0  0  0  2  1]
[ 0  0  0  0  0  0  0  0  1  2]
Signature:  (2, 8)
Genus symbol at 2:    1^-10
Genus symbol at 3:     1^-5 3^-5
and
Genus of
[-6  0  0  0  0]
[ 0 -6  0  0  0]
[ 0  0 -6  0  0]
[ 0  0  0 -6  0]
[ 0  0  0  0 -6]
Signature:  (0, 5)
Genus symbol at 2:    [2^-5]_1
Genus symbol at 3:     3^5
above 3
2^1 * 3 -- 2^1
Genus of
[-12  -2  -5   1  -8   0  -4   0   0   0  -4  -4  -4  -4   0]
[ -2  -4   0   1   0   0   0   0   0   0   0   0   0   0   0]
[ -5   0  -6  -1  -4   0   0   0   0   0  -4  -4   0   0   0]
[  1   1  -1  -2   0   0   0   0   0   0   0   0   0   0   0]
[ -8   0  -4   0  -8  -2  -3   1   0   0  -2  -4  -2  -4   0]
[  0   0   0   0  -2  -4   0   1   0   0   0   0   0   0   0]
[ -4   0   0   0  -3   0  -4  -1   0   0   0   0  -2  -4   0]
[  0   0   0   0   1   1  -1  -2   0   0   0   0   0   0   0]
[  0   0   0   0   0   0   0   0   0   1   0   0   0   0  -2]
[  0   0   0   0   0   0   0   0   1   2   0   0   0   0   0]
[ -4   0  -4   0  -2   0   0   0   0   0  -6   0   0   0   0]
[ -4   0  -4   0  -4   0   0   0   0   0   0  -6   0   0   0]
[ -4   0   0   0  -2   0  -2   0   0   0   0   0  -6   0   0]
[ -4   0   0   0  -4   0  -4   0   0   0   0   0   0  -6   0]
[  0   0   0   0   0   0   0   0  -2   0   0   0   0   0  -6]
Signature:  (2, 13)
Genus symbol at 2:    1^10 [2^5]_5
glueing
Genus of
[-4  2]
[ 2 -4]
Signature:  (0, 2)
Genus symbol at 2:    2^-2
Genus symbol at 3:     1^-1 3^-1
and
Genus of
[ 0  0  0  0  1]
[ 0 -2  0  0  0]
[ 0  0 -2  0  0]
[ 0  0  0 -6  0]
[ 1  0  0  0  0]
Signature:  (1, 4)
Genus symbol at 2:    1^-2 [2^3]_7
Genus symbol at 3:     1^-4 3^1
above 3
