1
glueing
Genus of
[4 2]
[2 4]
Signature:  (2, 0)
Genus symbol at 2:    2^-2
Genus symbol at 3:     1^1 3^1
and
Genus of
[-4 -2]
[-2 -4]
Signature:  (0, 2)
Genus symbol at 2:    2^-2
Genus symbol at 3:     1^-1 3^-1
above 3
2^1 * 3 -- 2^1
Genus of
[ 0  2 -2 -2]
[ 2  4  0  0]
[-2  0 -4 -2]
[-2  0 -2 -4]
Signature:  (2, 2)
Genus symbol at 2:    2^4
glueing
Genus of
[-4  2]
[ 2 -4]
Signature:  (0, 2)
Genus symbol at 2:    2^-2
Genus symbol at 3:     1^-1 3^-1
and
Genus of
[ 0  0  0  0  0  0  0  0  0  0  0  0  0  0  0  1]
[ 0 -2 -1 -1  1 -1  1 -1 -1  0  0  0  0  0  0  0]
[ 0 -1 -2 -1  0 -1  0 -1  0  0  0  0  0  0  0  0]
[ 0 -1 -1 -2  1 -1  1 -1  0  0  0  0  0  0  0  0]
[ 0  1  0  1 -2  1 -1  0  1  0  0  0  0  0  0  0]
[ 0 -1 -1 -1  1 -2  0  0  0  0  0  0  0  0  0  0]
[ 0  1  0  1 -1  0 -2  1  1  0  0  0  0  0  0  0]
[ 0 -1 -1 -1  0  0  1 -2  0  0  0  0  0  0  0  0]
[ 0 -1  0  0  1  0  1  0 -2  0  0  0  0  0  0  0]
[ 0  0  0  0  0  0  0  0  0 -2 -1 -1  1  0  0  0]
[ 0  0  0  0  0  0  0  0  0 -1 -2  0  1  0  0  0]
[ 0  0  0  0  0  0  0  0  0 -1  0 -2  1  0  0  0]
[ 0  0  0  0  0  0  0  0  0  1  1  1 -2  0  0  0]
[ 0  0  0  0  0  0  0  0  0  0  0  0  0 -2 -1  0]
[ 0  0  0  0  0  0  0  0  0  0  0  0  0 -1 -2  0]
[ 1  0  0  0  0  0  0  0  0  0  0  0  0  0  0  0]
Signature:  (1, 15)
Genus symbol at 2:    1^14:2^-2
Genus symbol at 3:     1^-15 3^1
above 3
glueing
Genus of
[-8  4  2  2]
[ 4 -8 -4  2]
[ 2 -4 -4  2]
[ 2  2  2 -4]
Signature:  (0, 4)
Genus symbol at 2:    2^4
Genus symbol at 3:     1^2 3^2
and
Genus of
[ 0  0  0  0  0  0  0  0  0  0  0  0  0  1]
[ 0 -2 -1  1  1  1 -1  1  1  0  0  0  0  0]
[ 0 -1 -2  1  1  1 -1  1  1  0  0  0  0  0]
[ 0  1  1 -2  0 -1  0  0  0  0  0  0  0  0]
[ 0  1  1  0 -2 -1  1 -1 -1  0  0  0  0  0]
[ 0  1  1 -1 -1 -2  1 -1 -1  0  0  0  0  0]
[ 0 -1 -1  0  1  1 -2  1  1  0  0  0  0  0]
[ 0  1  1  0 -1 -1  1 -2 -1  0  0  0  0  0]
[ 0  1  1  0 -1 -1  1 -1 -2  0  0  0  0  0]
[ 0  0  0  0  0  0  0  0  0 -2  0  0 -1  0]
[ 0  0  0  0  0  0  0  0  0  0 -2 -1  0  0]
[ 0  0  0  0  0  0  0  0  0  0 -1 -2  0  0]
[ 0  0  0  0  0  0  0  0  0 -1  0  0 -2  0]
[ 1  0  0  0  0  0  0  0  0  0  0  0  0  0]
Signature:  (1, 13)
Genus symbol at 2:    1^14
Genus symbol at 3:     1^-12 3^2
above 3
glueing
Genus of
[-56  28 -18  54 -22  66  14   2]
[ 28 -56 -36 -18 -44 -22 -16  14]
[-18 -36 -60  30 -64  32  -6  18]
[ 54 -18  30 -60  32 -64 -12  -6]
[-22 -44 -64  32 -82  41  -6  20]
[ 66 -22  32 -64  41 -82 -14  -6]
[ 14 -16  -6 -12  -6 -14  -6   3]
[  2  14  18  -6  20  -6   3  -6]
Signature:  (0, 8)
Genus symbol at 2:    1^4:2^4
Genus symbol at 3:     1^4 3^4
and
Genus of
[ 0  0  0  0  0  0  0  0  0  1]
[ 0 -2  1 -1 -1  1  1 -1  1  0]
[ 0  1 -2  0  0  0  0  1 -1  0]
[ 0 -1  0 -2  0  0  1  0  0  0]
[ 0 -1  0  0 -2  1  0  0  0  0]
[ 0  1  0  0  1 -4 -2  2  1  0]
[ 0  1  0  1  0 -2 -4  2  1  0]
[ 0 -1  1  0  0  2  2 -4  1  0]
[ 0  1 -1  0  0  1  1  1 -4  0]
[ 1  0  0  0  0  0  0  0  0  0]
Signature:  (1, 9)
Genus symbol at 2:    1^10
Genus symbol at 3:     1^-6 3^4
above 3
glueing
Genus of
[-24  12   0 -18   0 -12  -8   4]
[ 12 -24  18   0  12   0   4  -8]
[  0  18 -20  10 -12   6   0   6]
[-18   0  10 -20   6 -12  -6   0]
[  0  12 -12   6 -10   5   1   4]
[-12   0   6 -12   5 -10  -5   1]
[ -8   4   0  -6   1  -5  -4   2]
[  4  -8   6   0   4   1   2  -4]
Signature:  (0, 8)
Genus symbol at 2:    1^4:2^4
Genus symbol at 3:     1^4 3^4
and
Genus of
[ 0  0  0  0  0  0  0  0  0  1]
[ 0 -2  1 -1 -1  1  1 -1  1  0]
[ 0  1 -2  0  0  0  0  1 -1  0]
[ 0 -1  0 -2  0  0  1  0  0  0]
[ 0 -1  0  0 -2  1  0  0  0  0]
[ 0  1  0  0  1 -4 -2  2  1  0]
[ 0  1  0  1  0 -2 -4  2  1  0]
[ 0 -1  1  0  0  2  2 -4  1  0]
[ 0  1 -1  0  0  1  1  1 -4  0]
[ 1  0  0  0  0  0  0  0  0  0]
Signature:  (1, 9)
Genus symbol at 2:    1^10
Genus symbol at 3:     1^-6 3^4
above 3
glueing
Genus of
[-14   7   0   0 -21  14  12  -9   1   4]
[  7 -14   0   0   7 -21  -3  12  -5   1]
[  0   0 -14   7  24 -16   8 -10   3   0]
[  0   0   7 -14  -8  24   2   8  -3   3]
[-21   7  24  -8 -76  38   3   5  -5   6]
[ 14 -21 -16  24  38 -76  -8   3  -1  -5]
[ 12  -3   8   2   3  -8 -20  10   0  -6]
[ -9  12 -10   8   5   3  10 -20   6   0]
[  1  -5   3  -3  -5  -1   0   6  -4   2]
[  4   1   0   3   6  -5  -6   0   2  -4]
Signature:  (0, 10)
Genus symbol at 2:    1^8:2^-2
Genus symbol at 3:     1^-5 3^-5
and
Genus of
[ 0  0  0  0  0  0  0  1]
[ 0 -2  1  0  0  0  0  0]
[ 0  1 -2  0  0  0  0  0]
[ 0  0  0 -6 -3 -3 -3  0]
[ 0  0  0 -3 -6 -3  0  0]
[ 0  0  0 -3 -3 -6 -3  0]
[ 0  0  0 -3  0 -3 -6  0]
[ 1  0  0  0  0  0  0  0]
Signature:  (1, 7)
Genus symbol at 2:    1^6:2^-2
Genus symbol at 3:     1^-3 3^5
above 3
glueing
Genus of
[-6  3  3  0  3  0  3  0 -2  1]
[ 3 -6 -3  3 -3  3 -3  3  1 -2]
[ 3 -3 -4  2 -2  1 -2  1  0  0]
[ 0  3  2 -4  1 -2  1 -2  0  0]
[ 3 -3 -2  1 -4  2 -2  1  0  0]
[ 0  3  1 -2  2 -4  1 -2  0  0]
[ 3 -3 -2  1 -2  1 -4  2  0  0]
[ 0  3  1 -2  1 -2  2 -4  0  0]
[-2  1  0  0  0  0  0  0 -4  2]
[ 1 -2  0  0  0  0  0  0  2 -4]
Signature:  (0, 10)
Genus symbol at 2:    1^8:2^-2
Genus symbol at 3:     1^-5 3^-5
and
Genus of
[ 0  0  0  0  0  0  0  1]
[ 0 -2  1  0  0  0  0  0]
[ 0  1 -2  0  0  0  0  0]
[ 0  0  0 -6 -3 -3 -3  0]
[ 0  0  0 -3 -6 -3  0  0]
[ 0  0  0 -3 -3 -6 -3  0]
[ 0  0  0 -3  0 -3 -6  0]
[ 1  0  0  0  0  0  0  0]
Signature:  (1, 7)
Genus symbol at 2:    1^6:2^-2
Genus symbol at 3:     1^-3 3^5
above 3
glueing
Genus of
[-8  4  2  2  0  0 -6  6  0  0]
[ 4 -8 -4  2  0  0  0 -6  0  0]
[ 2 -4 -4  2  0  0  0 -4  0  0]
[ 2  2  2 -4  0  0  4  0  0  0]
[ 0  0  0  0 -6  3  2 -1  0 -3]
[ 0  0  0  0  3 -6 -1  2  3  0]
[-6  0  0  4  2 -1 -8  4  0  1]
[ 6 -6 -4  0 -1  2  4 -8 -1  0]
[ 0  0  0  0  0  3  0 -1 -4  2]
[ 0  0  0  0 -3  0  1  0  2 -4]
Signature:  (0, 10)
Genus symbol at 2:    1^-6:2^4
Genus symbol at 3:     1^5 3^5
and
Genus of
[ 2  0 -1 -1 -1  1 -1  0]
[ 0 -2  0  0  0  0  0  1]
[-1  0 -2  1  0  0  0  0]
[-1  0  1 -2  0  0  0  0]
[-1  0  0  0 -2 -1  1  0]
[ 1  0  0  0 -1 -2 -1  0]
[-1  0  0  0  1 -1 -2  0]
[ 0  1  0  0  0  0  0 -2]
Signature:  (1, 7)
Genus symbol at 2:    1^-8
Genus symbol at 3:     1^3 3^-5
above 3
glueing
Genus of
[ -56   28   14   14   14   56   18  -18   14   56   -8   10]
[  28  -56  -28   14  -70   14    0   18  -70   14   -2   -8]
[  14  -28  -28   14  -50   10    4    4  -50   10    0   -6]
[  14   14   14  -28   40  -50   -8    4   40  -50    6    0]
[  14  -70  -50   40 -118   59   12   12 -116   58   -4  -10]
[  56   14   10  -50   59 -118  -24   12   58 -116   14   -4]
[  18    0    4   -8   12  -24  -10    5   12  -24    3   -2]
[ -18   18    4    4   12   12    5  -10   12   12   -1    3]
[  14  -70  -50   40 -116   58   12   12 -118   59   -7   -9]
[  56   14   10  -50   58 -116  -24   12   59 -118   16   -7]
[  -8   -2    0    6   -4   14    3   -1   -7   16   -6    3]
[  10   -8   -6    0  -10   -4   -2    3   -9   -7    3   -6]
Signature:  (0, 12)
Genus symbol at 2:    1^8:2^4
Genus symbol at 3:     1^-8 3^-4
and
Genus of
[ 0  0  0  0  0  3]
[ 0 -2  1  0  0  0]
[ 0  1 -2  0  0  0]
[ 0  0  0 -2 -1  0]
[ 0  0  0 -1 -2  0]
[ 3  0  0  0  0  0]
Signature:  (1, 5)
Genus symbol at 2:    1^6
Genus symbol at 3:     1^2 3^-4
above 3
2^1 * 3 -- 2^1
Genus of
[-4 -2  0  2]
[-2 -4 -2  0]
[ 0 -2  0  0]
[ 2  0  0  0]
Signature:  (2, 2)
Genus symbol at 2:    2^4
glueing
Genus of
[-4  2]
[ 2 -4]
Signature:  (0, 2)
Genus symbol at 2:    2^-2
Genus symbol at 3:     1^-1 3^-1
and
Genus of
[ 0  0  0  0  0  0  0  0  0  0  0  0  0  0  0  1]
[ 0 -2 -1 -1  1 -1  1 -1 -1  0  0  0  0  0  0  0]
[ 0 -1 -2 -1  0 -1  0 -1  0  0  0  0  0  0  0  0]
[ 0 -1 -1 -2  1 -1  1 -1  0  0  0  0  0  0  0  0]
[ 0  1  0  1 -2  1 -1  0  1  0  0  0  0  0  0  0]
[ 0 -1 -1 -1  1 -2  0  0  0  0  0  0  0  0  0  0]
[ 0  1  0  1 -1  0 -2  1  1  0  0  0  0  0  0  0]
[ 0 -1 -1 -1  0  0  1 -2  0  0  0  0  0  0  0  0]
[ 0 -1  0  0  1  0  1  0 -2  0  0  0  0  0  0  0]
[ 0  0  0  0  0  0  0  0  0 -2 -1 -1  1  0  0  0]
[ 0  0  0  0  0  0  0  0  0 -1 -2  0  1  0  0  0]
[ 0  0  0  0  0  0  0  0  0 -1  0 -2  1  0  0  0]
[ 0  0  0  0  0  0  0  0  0  1  1  1 -2  0  0  0]
[ 0  0  0  0  0  0  0  0  0  0  0  0  0 -2 -1  0]
[ 0  0  0  0  0  0  0  0  0  0  0  0  0 -1 -2  0]
[ 1  0  0  0  0  0  0  0  0  0  0  0  0  0  0  0]
Signature:  (1, 15)
Genus symbol at 2:    1^14:2^-2
Genus symbol at 3:     1^-15 3^1
above 3
glueing
Genus of
[-8  4  2  2]
[ 4 -8 -4  2]
[ 2 -4 -4  2]
[ 2  2  2 -4]
Signature:  (0, 4)
Genus symbol at 2:    2^4
Genus symbol at 3:     1^2 3^2
and
Genus of
[ 0  0  0  0  0  0  0  0  0  0  0  0  0  1]
[ 0 -2 -1  1  1  1 -1  1  1  0  0  0  0  0]
[ 0 -1 -2  1  1  1 -1  1  1  0  0  0  0  0]
[ 0  1  1 -2  0 -1  0  0  0  0  0  0  0  0]
[ 0  1  1  0 -2 -1  1 -1 -1  0  0  0  0  0]
[ 0  1  1 -1 -1 -2  1 -1 -1  0  0  0  0  0]
[ 0 -1 -1  0  1  1 -2  1  1  0  0  0  0  0]
[ 0  1  1  0 -1 -1  1 -2 -1  0  0  0  0  0]
[ 0  1  1  0 -1 -1  1 -1 -2  0  0  0  0  0]
[ 0  0  0  0  0  0  0  0  0 -2  0  0 -1  0]
[ 0  0  0  0  0  0  0  0  0  0 -2 -1  0  0]
[ 0  0  0  0  0  0  0  0  0  0 -1 -2  0  0]
[ 0  0  0  0  0  0  0  0  0 -1  0  0 -2  0]
[ 1  0  0  0  0  0  0  0  0  0  0  0  0  0]
Signature:  (1, 13)
Genus symbol at 2:    1^14
Genus symbol at 3:     1^-12 3^2
above 3
glueing
Genus of
[-56  28  36  18  44  22  14   2]
[ 28 -56 -54  36 -66  44 -16  14]
[ 36 -54 -60  30 -64  32 -18  12]
[ 18  36  30 -60  32 -64   6 -18]
[ 44 -66 -64  32 -82  41 -20  14]
[ 22  44  32 -64  41 -82   6 -20]
[ 14 -16 -18   6 -20   6  -6   3]
[  2  14  12 -18  14 -20   3  -6]
Signature:  (0, 8)
Genus symbol at 2:    1^4:2^4
Genus symbol at 3:     1^4 3^4
and
Genus of
[ 0  0  0  0  0  0  0  0  0  1]
[ 0 -2  1 -1 -1  1  1 -1  1  0]
[ 0  1 -2  0  0  0  0  1 -1  0]
[ 0 -1  0 -2  0  0  1  0  0  0]
[ 0 -1  0  0 -2  1  0  0  0  0]
[ 0  1  0  0  1 -4 -2  2  1  0]
[ 0  1  0  1  0 -2 -4  2  1  0]
[ 0 -1  1  0  0  2  2 -4  1  0]
[ 0  1 -1  0  0  1  1  1 -4  0]
[ 1  0  0  0  0  0  0  0  0  0]
Signature:  (1, 9)
Genus symbol at 2:    1^10
Genus symbol at 3:     1^-6 3^4
above 3
glueing
Genus of
[-24  12  18 -18  12 -12   4  -8]
[ 12 -24   0  18   0  12   4   4]
[ 18   0 -20  10 -12   6  -6   6]
[-18  18  10 -20   6 -12   0  -6]
[ 12   0 -12   6 -10   5  -4   5]
[-12  12   6 -12   5 -10  -1  -4]
[  4   4  -6   0  -4  -1  -4   2]
[ -8   4   6  -6   5  -4   2  -4]
Signature:  (0, 8)
Genus symbol at 2:    1^4:2^4
Genus symbol at 3:     1^4 3^4
and
Genus of
[ 0  0  0  0  0  0  0  0  0  1]
[ 0 -2  1 -1 -1  1  1 -1  1  0]
[ 0  1 -2  0  0  0  0  1 -1  0]
[ 0 -1  0 -2  0  0  1  0  0  0]
[ 0 -1  0  0 -2  1  0  0  0  0]
[ 0  1  0  0  1 -4 -2  2  1  0]
[ 0  1  0  1  0 -2 -4  2  1  0]
[ 0 -1  1  0  0  2  2 -4  1  0]
[ 0  1 -1  0  0  1  1  1 -4  0]
[ 1  0  0  0  0  0  0  0  0  0]
Signature:  (1, 9)
Genus symbol at 2:    1^10
Genus symbol at 3:     1^-6 3^4
above 3
glueing
Genus of
[-14   7   0   0  21 -14 -12   9   1   4]
[  7 -14   0   0  -7  21   3 -12  -5   1]
[  0   0 -14   7 -24  16  -8  10   3   0]
[  0   0   7 -14   8 -24  -2  -8  -3   3]
[ 21  -7 -24   8 -76  38   3   5   5  -6]
[-14  21  16 -24  38 -76  -8   3   1   5]
[-12   3  -8  -2   3  -8 -20  10   0   6]
[  9 -12  10  -8   5   3  10 -20  -6   0]
[  1  -5   3  -3   5   1   0  -6  -4   2]
[  4   1   0   3  -6   5   6   0   2  -4]
Signature:  (0, 10)
Genus symbol at 2:    1^8:2^-2
Genus symbol at 3:     1^-5 3^-5
and
Genus of
[ 0  0  0  0  0  0  0  1]
[ 0 -2  1  0  0  0  0  0]
[ 0  1 -2  0  0  0  0  0]
[ 0  0  0 -6 -3 -3 -3  0]
[ 0  0  0 -3 -6 -3  0  0]
[ 0  0  0 -3 -3 -6 -3  0]
[ 0  0  0 -3  0 -3 -6  0]
[ 1  0  0  0  0  0  0  0]
Signature:  (1, 7)
Genus symbol at 2:    1^6:2^-2
Genus symbol at 3:     1^-3 3^5
above 3
glueing
Genus of
[-6  3  3  0  3  0  3  0 -2  1]
[ 3 -6 -3  3 -3  3 -3  3  1 -2]
[ 3 -3 -4  2 -2  1 -2  1  0  0]
[ 0  3  2 -4  1 -2  1 -2  0  0]
[ 3 -3 -2  1 -4  2 -2  1  0  0]
[ 0  3  1 -2  2 -4  1 -2  0  0]
[ 3 -3 -2  1 -2  1 -4  2  0  0]
[ 0  3  1 -2  1 -2  2 -4  0  0]
[-2  1  0  0  0  0  0  0 -4  2]
[ 1 -2  0  0  0  0  0  0  2 -4]
Signature:  (0, 10)
Genus symbol at 2:    1^8:2^-2
Genus symbol at 3:     1^-5 3^-5
and
Genus of
[ 0  0  0  0  0  0  0  1]
[ 0 -2  1  0  0  0  0  0]
[ 0  1 -2  0  0  0  0  0]
[ 0  0  0 -6 -3 -3 -3  0]
[ 0  0  0 -3 -6 -3  0  0]
[ 0  0  0 -3 -3 -6 -3  0]
[ 0  0  0 -3  0 -3 -6  0]
[ 1  0  0  0  0  0  0  0]
Signature:  (1, 7)
Genus symbol at 2:    1^6:2^-2
Genus symbol at 3:     1^-3 3^5
above 3
glueing
Genus of
[-8  4  2  2  0  0  6  0  0  0]
[ 4 -8 -4  2  0  0 -6  6  0  0]
[ 2 -4 -4  2  0  0 -4  4  0  0]
[ 2  2  2 -4  0  0  0 -4  0  0]
[ 0  0  0  0 -6  3  2 -1  3  0]
[ 0  0  0  0  3 -6 -1  2 -3  3]
[ 6 -6 -4  0  2 -1 -8  4 -1  0]
[ 0  6  4 -4 -1  2  4 -8  1 -1]
[ 0  0  0  0  3 -3 -1  1 -4  2]
[ 0  0  0  0  0  3  0 -1  2 -4]
Signature:  (0, 10)
Genus symbol at 2:    1^-6:2^4
Genus symbol at 3:     1^5 3^5
and
Genus of
[ 2  0 -1 -1 -1  1 -1  0]
[ 0 -2  0  0  0  0  0  1]
[-1  0 -2  1  0  0  0  0]
[-1  0  1 -2  0  0  0  0]
[-1  0  0  0 -2 -1  1  0]
[ 1  0  0  0 -1 -2 -1  0]
[-1  0  0  0  1 -1 -2  0]
[ 0  1  0  0  0  0  0 -2]
Signature:  (1, 7)
Genus symbol at 2:    1^-8
Genus symbol at 3:     1^3 3^-5
above 3
glueing
Genus of
[ -56   28   14   14  -14  -56   18  -18  -14  -56   -2   -8]
[  28  -56  -28   14   70  -14    0   18   70  -14   10   -2]
[  14  -28  -28   14   50  -10    4    4   50  -10    6    0]
[  14   14   14  -28  -40   50   -8    4  -40   50   -6    6]
[ -14   70   50  -40 -118   59  -12  -12 -116   58  -14    4]
[ -56  -14  -10   50   59 -118   24  -12   58 -116   10  -14]
[  18    0    4   -8  -12   24  -10    5  -12   24   -1    3]
[ -18   18    4    4  -12  -12    5  -10  -12  -12   -2   -1]
[ -14   70   50  -40 -116   58  -12  -12 -118   59  -16    7]
[ -56  -14  -10   50   58 -116   24  -12   59 -118    9  -16]
[  -2   10    6   -6  -14   10   -1   -2  -16    9   -6    3]
[  -8   -2    0    6    4  -14    3   -1    7  -16    3   -6]
Signature:  (0, 12)
Genus symbol at 2:    1^8:2^4
Genus symbol at 3:     1^-8 3^-4
and
Genus of
[ 0  0  0  0  0  3]
[ 0 -2  1  0  0  0]
[ 0  1 -2  0  0  0]
[ 0  0  0 -2 -1  0]
[ 0  0  0 -1 -2  0]
[ 3  0  0  0  0  0]
Signature:  (1, 5)
Genus symbol at 2:    1^6
Genus symbol at 3:     1^2 3^-4
above 3
