1
glueing
Genus of
[-4 -2  1  2  0  0]
[-2 -4 -1  1  0  0]
[ 1 -1 -2 -1  0  0]
[ 2  1 -1 -2  0  0]
[ 0  0  0  0  2  1]
[ 0  0  0  0  1  2]
Signature:  (2, 4)
Genus symbol at 2:    1^-6
Genus symbol at 3:     1^-3 3^-3
and
Genus of
[-4  1  2 -2  0  0 -2 -1  0]
[ 1 -4 -1 -1 -2 -2 -1  1  0]
[ 2 -1 -4  2 -2 -2  2 -1 -2]
[-2 -1  2 -4  0  0 -2  1  0]
[ 0 -2 -2  0 -4 -2  0  0 -2]
[ 0 -2 -2  0 -2 -4  0  0 -2]
[-2 -1  2 -2  0  0 -4  1  0]
[-1  1 -1  1  0  0  1 -4  0]
[ 0  0 -2  0 -2 -2  0  0 -6]
Signature:  (0, 9)
Genus symbol at 2:    1^-2 [2^7]_5
Genus symbol at 3:     1^6 3^3
above 3
2^1 * 3 -- 2^1
Genus of
[-4 -2 -1  1 -1  0 -3  1  1 -1  0  0 -1 -2  0]
[-2 -4  0  1  0  0  0  0  0  0  0  0  0  0  0]
[-1  0 -4 -1 -4  0 -2 -2  0 -2 -2 -2 -2  0 -2]
[ 1  1 -1 -2  0  0  0  0  0  0  0  0  0  0  0]
[-1  0 -4  0 -8  1 -1 -2 -3 -1 -4 -4 -1 -1 -6]
[ 0  0  0  0  1  2  0  0  0  0  0  0  0  0  0]
[-3  0 -2  0 -1  0 -4  1  2 -2  0  0 -2 -1  0]
[ 1  0 -2  0 -2  0  1 -4 -1 -1 -2 -2 -1  1  0]
[ 1  0  0  0 -3  0  2 -1 -4  2 -2 -2  2 -1 -2]
[-1  0 -2  0 -1  0 -2 -1  2 -4  0  0 -2  1  0]
[ 0  0 -2  0 -4  0  0 -2 -2  0 -4 -2  0  0 -2]
[ 0  0 -2  0 -4  0  0 -2 -2  0 -2 -4  0  0 -2]
[-1  0 -2  0 -1  0 -2 -1  2 -2  0  0 -4  1  0]
[-2  0  0  0 -1  0 -1  1 -1  1  0  0  1 -4  0]
[ 0  0 -2  0 -6  0  0  0 -2  0 -2 -2  0  0 -6]
Signature:  (2, 13)
Genus symbol at 2:    1^8 [2^7]_5
glueing
Genus of
[-4  2]
[ 2 -4]
Signature:  (0, 2)
Genus symbol at 2:    2^-2
Genus symbol at 3:     1^-1 3^-1
and
Genus of
[ 0  0  0  0  2]
[ 0 -2  0  0  0]
[ 0  0 -2  0  0]
[ 0  0  0 -6  0]
[ 2  0  0  0  0]
Signature:  (1, 4)
Genus symbol at 2:    [2^-5]_3
Genus symbol at 3:     1^-4 3^1
above 3
glueing
Genus of
[-8  4  2  2]
[ 4 -8 -4  2]
[ 2 -4 -4  2]
[ 2  2  2 -4]
Signature:  (0, 4)
Genus symbol at 2:    2^4
Genus symbol at 3:     1^2 3^2
and
Genus of
[ 2  0  0]
[ 0 -6  0]
[ 0  0 -6]
Signature:  (1, 2)
Genus symbol at 2:    [2^3]_3
Genus symbol at 3:     1^-1 3^2
above 3
glueing
Genus of
[-8  4  2  2  6 -6]
[ 4 -8 -4  2  0  6]
[ 2 -4 -4  2  0  4]
[ 2  2  2 -4 -4  0]
[ 6  0  0 -4 -8  4]
[-6  6  4  0  4 -8]
Signature:  (0, 6)
Genus symbol at 2:    2^-6
Genus symbol at 3:     1^5 3^1
and
Genus of
[6]
Signature:  (1, 0)
Genus symbol at 2:    [2^-1]_3
Genus symbol at 3:     3^-1
above 3
glueing
Genus of
[-4 -2  1  2  0  0  0  0]
[-2 -4 -1  1  0  0  0  0]
[ 1 -1 -2 -1  0  0  0  0]
[ 2  1 -1 -2  0  0  0  0]
[ 0  0  0  0 -4 -2  1  1]
[ 0  0  0  0 -2 -4  0  1]
[ 0  0  0  0  1  0  0  0]
[ 0  0  0  0  1  1  0  0]
Signature:  (2, 6)
Genus symbol at 2:    1^8
Genus symbol at 3:     1^6 3^2
and
Genus of
[-4  2  0  0  2  0  0]
[ 2 -4 -2  0 -2  0  0]
[ 0 -2 -4  0 -2  2  0]
[ 0  0  0 -4 -2  0  0]
[ 2 -2 -2 -2 -4  2  0]
[ 0  0  2  0  2 -4  0]
[ 0  0  0  0  0  0 -6]
Signature:  (0, 7)
Genus symbol at 2:    [2^7]_5
Genus symbol at 3:     1^5 3^2
above 3
2^1 * 3 -- 2^1
Genus of
[ -4  -2  -1   1   0   0   0   0   0   0   0   0   0   0  -4]
[ -2  -4   0   1   0   0   0   0   0   0   0   0   0   0   0]
[ -1   0 -12  -1   0   0   0   0   0  -4  -4  -4  -4   0  -2]
[  1   1  -1  -2   0   0   0   0   0   0   0   0   0   0   0]
[  0   0   0   0  -4  -2   1   1   0   0   0   0   0   0   0]
[  0   0   0   0  -2  -4   0   1   0   0   0   0   0   0   0]
[  0   0   0   0   1   0   0   0   0   0   0   0   0   0   0]
[  0   0   0   0   1   1   0   0   0   0   0   0   0   0   0]
[  0   0   0   0   0   0   0   0  -4   2   0   0   2   0   0]
[  0   0  -4   0   0   0   0   0   2  -4  -2   0  -2   0   0]
[  0   0  -4   0   0   0   0   0   0  -2  -4   0  -2   2   0]
[  0   0  -4   0   0   0   0   0   0   0   0  -4  -2   0   0]
[  0   0  -4   0   0   0   0   0   2  -2  -2  -2  -4   2   0]
[  0   0   0   0   0   0   0   0   0   0   2   0   2  -4   0]
[ -4   0  -2   0   0   0   0   0   0   0   0   0   0   0  -6]
Signature:  (2, 13)
Genus symbol at 2:    1^8 [2^7]_5
glueing
Genus of
[-4  2]
[ 2 -4]
Signature:  (0, 2)
Genus symbol at 2:    2^-2
Genus symbol at 3:     1^-1 3^-1
and
Genus of
[ 0  0  0  0  2]
[ 0 -2  0  0  0]
[ 0  0 -2  0  0]
[ 0  0  0 -6  0]
[ 2  0  0  0  0]
Signature:  (1, 4)
Genus symbol at 2:    [2^-5]_3
Genus symbol at 3:     1^-4 3^1
above 3
glueing
Genus of
[-8  4  2  2]
[ 4 -8 -4  2]
[ 2 -4 -4  2]
[ 2  2  2 -4]
Signature:  (0, 4)
Genus symbol at 2:    2^4
Genus symbol at 3:     1^2 3^2
and
Genus of
[ 2  0  0]
[ 0 -6  0]
[ 0  0 -6]
Signature:  (1, 2)
Genus symbol at 2:    [2^3]_3
Genus symbol at 3:     1^-1 3^2
above 3
glueing
Genus of
[-8  4  2  2  0 -6]
[ 4 -8 -4  2  6  0]
[ 2 -4 -4  2  4  0]
[ 2  2  2 -4 -4  4]
[ 0  6  4 -4 -8  4]
[-6  0  0  4  4 -8]
Signature:  (0, 6)
Genus symbol at 2:    2^-6
Genus symbol at 3:     1^5 3^1
and
Genus of
[6]
Signature:  (1, 0)
Genus symbol at 2:    [2^-1]_3
Genus symbol at 3:     3^-1
above 3
glueing
Genus of
[-4 -2  1  2  0  0  0  0]
[-2 -4 -1  1  0  0  0  0]
[ 1 -1 -2 -1  0  0  0  0]
[ 2  1 -1 -2  0  0  0  0]
[ 0  0  0  0 -4 -2  1  2]
[ 0  0  0  0 -2 -4 -1  1]
[ 0  0  0  0  1 -1  0  0]
[ 0  0  0  0  2  1  0  0]
Signature:  (2, 6)
Genus symbol at 2:    1^8
Genus symbol at 3:     1^-4 3^-4
and
Genus of
[-4  0  0  0  0  2  0]
[ 0 -4  0  0  2  0  0]
[ 0  0 -4 -2  0  0  0]
[ 0  0 -2 -4  0  0  0]
[ 0  2  0  0 -4  0  0]
[ 2  0  0  0  0 -4  0]
[ 0  0  0  0  0  0 -6]
Signature:  (0, 7)
Genus symbol at 2:    [2^7]_5
Genus symbol at 3:     1^-3 3^-4
above 3
2^1 * 3 -- 2^1
Genus of
[-4 -2 -1  1  0  0  0  0  0 -2 -2 -2  0  0  0]
[-2 -4  0  1  0  0  0  0  0  0  0  0  0  0  0]
[-1  0 -2 -1  0  0  0  0  0  0 -2 -2  0  0  0]
[ 1  1 -1 -2  0  0  0  0  0  0  0  0  0  0  0]
[ 0  0  0  0 -2 -2 -1  1  0  0  0  0  0  0 -2]
[ 0  0  0  0 -2 -4  0  1  0  0  0  0  0  0  0]
[ 0  0  0  0 -1  0 -4  0 -2  0  0  0  0  0 -4]
[ 0  0  0  0  1  1  0  0  0  0  0  0  0  0  0]
[ 0  0  0  0  0  0 -2  0 -4  0  0  0  0  2  0]
[-2  0  0  0  0  0  0  0  0 -4  0  0  2  0  0]
[-2  0 -2  0  0  0  0  0  0  0 -4 -2  0  0  0]
[-2  0 -2  0  0  0  0  0  0  0 -2 -4  0  0  0]
[ 0  0  0  0  0  0  0  0  0  2  0  0 -4  0  0]
[ 0  0  0  0  0  0  0  0  2  0  0  0  0 -4  0]
[ 0  0  0  0 -2  0 -4  0  0  0  0  0  0  0 -6]
Signature:  (2, 13)
Genus symbol at 2:    1^8 [2^7]_5
glueing
Genus of
[-4  2]
[ 2 -4]
Signature:  (0, 2)
Genus symbol at 2:    2^-2
Genus symbol at 3:     1^-1 3^-1
and
Genus of
[ 0  0  0  0  2]
[ 0 -2  0  0  0]
[ 0  0 -2  0  0]
[ 0  0  0 -6  0]
[ 2  0  0  0  0]
Signature:  (1, 4)
Genus symbol at 2:    [2^-5]_3
Genus symbol at 3:     1^-4 3^1
above 3
glueing
Genus of
[-8  4  2  2]
[ 4 -8 -4  2]
[ 2 -4 -4  2]
[ 2  2  2 -4]
Signature:  (0, 4)
Genus symbol at 2:    2^4
Genus symbol at 3:     1^2 3^2
and
Genus of
[ 2  0  0]
[ 0 -6  0]
[ 0  0 -6]
Signature:  (1, 2)
Genus symbol at 2:    [2^3]_3
Genus symbol at 3:     1^-1 3^2
above 3
glueing
Genus of
[-8  4  2  2  6  0]
[ 4 -8 -4  2 -6  6]
[ 2 -4 -4  2 -4  4]
[ 2  2  2 -4  0 -4]
[ 6 -6 -4  0 -8  4]
[ 0  6  4 -4  4 -8]
Signature:  (0, 6)
Genus symbol at 2:    2^-6
Genus symbol at 3:     1^5 3^1
and
Genus of
[6]
Signature:  (1, 0)
Genus symbol at 2:    [2^-1]_3
Genus symbol at 3:     3^-1
above 3
glueing
Genus of
[-4 -2  3  3 -1 -1  1  2]
[-2 -4  0  3  0 -1 -1  1]
[ 3  0 -6 -3  0  0  0  0]
[ 3  3 -3 -6  0  0  0  0]
[-1  0  0  0 -2 -1  1  1]
[-1 -1  0  0 -1 -2  0  1]
[ 1 -1  0  0  1  0  0  0]
[ 2  1  0  0  1  1  0  0]
Signature:  (2, 6)
Genus symbol at 2:    1^-6:2^-2
Genus symbol at 3:     1^4 3^4
and
Genus of
[-4 -1 -1  2  1  2  2]
[-1 -4 -1 -1 -2 -1 -1]
[-1 -1 -4 -1  1 -1 -1]
[ 2 -1 -1 -4 -1 -2 -2]
[ 1 -2  1 -1 -4 -1 -1]
[ 2 -1 -1 -2 -1 -6  0]
[ 2 -1 -1 -2 -1  0 -6]
Signature:  (0, 7)
Genus symbol at 2:    1^2 [2^5]_1
Genus symbol at 3:     1^3 3^4
above 3
glueing
Genus of
[-4 -2  1  2  0  0  0  0]
[-2 -4 -1  1  0  0  0  0]
[ 1 -1 -2 -1  0  0  0  0]
[ 2  1 -1 -2  0  0  0  0]
[ 0  0  0  0 -4 -2  0  0]
[ 0  0  0  0 -2 -4  0  0]
[ 0  0  0  0  0  0  2  1]
[ 0  0  0  0  0  0  1  2]
Signature:  (2, 6)
Genus symbol at 2:    1^-6:2^-2
Genus symbol at 3:     1^4 3^4
and
Genus of
[-4 -1  2 -1 -2 -2 -2]
[-1 -4 -1 -1 -1 -1 -1]
[ 2 -1 -4 -1  2  2  2]
[-1 -1 -1 -4 -1 -1 -1]
[-2 -1  2 -1 -4 -2 -2]
[-2 -1  2 -1 -2 -6  0]
[-2 -1  2 -1 -2  0 -6]
Signature:  (0, 7)
Genus symbol at 2:    1^2 [2^5]_1
Genus symbol at 3:     1^3 3^4
above 3
2^1 * 3 -- 2^1
Genus of
[ -4  -2  -5   1  -5   0  -3   0  -1  -2  -1  -3  -1  -1  -1]
[ -2  -4   0   1   0   0   0   0   0   0   0   0   0   0   0]
[ -5   0 -24  -1 -19   0 -13   0  -7  -6   3  -5  -7  -7  -7]
[  1   1  -1  -2   0   0   0   0   0   0   0   0   0   0   0]
[ -5   0 -19   0 -18  -2 -10   0  -6  -5   2  -5  -6  -6  -4]
[  0   0   0   0  -2  -4   0   0   0   0   0   0   0   0   0]
[ -3   0 -13   0 -10   0  -8   1  -4  -3   2  -3  -4  -2  -6]
[  0   0   0   0   0   0   1   2   0   0   0   0   0   0   0]
[ -1   0  -7   0  -6   0  -4   0  -4  -1   2  -1  -2  -2  -2]
[ -2   0  -6   0  -5   0  -3   0  -1  -4  -1  -1  -1  -1  -1]
[ -1   0   3   0   2   0   2   0   2  -1  -4  -1   2   2   2]
[ -3   0  -5   0  -5   0  -3   0  -1  -1  -1  -4  -1  -1  -1]
[ -1   0  -7   0  -6   0  -4   0  -2  -1   2  -1  -4  -2  -2]
[ -1   0  -7   0  -6   0  -2   0  -2  -1   2  -1  -2  -6   0]
[ -1   0  -7   0  -4   0  -6   0  -2  -1   2  -1  -2   0  -6]
Signature:  (2, 13)
Genus symbol at 2:    1^8 [2^7]_5
glueing
Genus of
[-4  2]
[ 2 -4]
Signature:  (0, 2)
Genus symbol at 2:    2^-2
Genus symbol at 3:     1^-1 3^-1
and
Genus of
[ 0  0  0  0  2]
[ 0 -2  0  0  0]
[ 0  0 -2  0  0]
[ 0  0  0 -6  0]
[ 2  0  0  0  0]
Signature:  (1, 4)
Genus symbol at 2:    [2^-5]_3
Genus symbol at 3:     1^-4 3^1
above 3
glueing
Genus of
[-8  4  2  2]
[ 4 -8 -4  2]
[ 2 -4 -4  2]
[ 2  2  2 -4]
Signature:  (0, 4)
Genus symbol at 2:    2^4
Genus symbol at 3:     1^2 3^2
and
Genus of
[ 2  0  0]
[ 0 -6  0]
[ 0  0 -6]
Signature:  (1, 2)
Genus symbol at 2:    [2^3]_3
Genus symbol at 3:     1^-1 3^2
above 3
glueing
Genus of
[-8  4  2  2  0  6]
[ 4 -8 -4  2 -6  0]
[ 2 -4 -4  2 -4  0]
[ 2  2  2 -4  4 -4]
[ 0 -6 -4  4 -8  4]
[ 6  0  0 -4  4 -8]
Signature:  (0, 6)
Genus symbol at 2:    2^-6
Genus symbol at 3:     1^5 3^1
and
Genus of
[6]
Signature:  (1, 0)
Genus symbol at 2:    [2^-1]_3
Genus symbol at 3:     3^-1
above 3
glueing
Genus of
[-4 -2  1  2  0  0  0  0  0  0]
[-2 -4 -1  1  0  0  0  0  0  0]
[ 1 -1 -2 -1  0  0  0  0  0  0]
[ 2  1 -1 -2  0  0  0  0  0  0]
[ 0  0  0  0 -4 -2  1  2  0  3]
[ 0  0  0  0 -2 -4 -1  1 -3  0]
[ 0  0  0  0  1 -1 -2 -1 -1 -1]
[ 0  0  0  0  2  1 -1 -2  0 -1]
[ 0  0  0  0  0 -3 -1  0 -2 -1]
[ 0  0  0  0  3  0 -1 -1 -1 -2]
Signature:  (2, 8)
Genus symbol at 2:    1^8:2^-2
Genus symbol at 3:     1^-7 3^-3
and
Genus of
[-4  2  0  0  0]
[ 2 -4  0  0  0]
[ 0  0 -4  2  0]
[ 0  0  2 -4  0]
[ 0  0  0  0 -6]
Signature:  (0, 5)
Genus symbol at 2:    [2^-5]_5
Genus symbol at 3:     1^2 3^3
above 3
2^1 * 3 -- 2^1
Genus of
[-4 -2 -1  1  0  0  0  0  0  0  0  0  0  0 -4]
[-2 -4  0  1  0  0  0  0  0  0  0  0  0  0  0]
[-1  0 -4 -1 -2  0  0  0  0  0  0 -2  0 -2 -2]
[ 1  1 -1 -2  0  0  0  0  0  0  0  0  0  0  0]
[ 0  0 -2  0 -4 -2  0  1 -1  1 -2  0  0 -2  0]
[ 0  0  0  0 -2 -4 -1  1 -3  0  0  0  0  0  0]
[ 0  0  0  0  0 -1 -2 -1 -1 -1  0  0  0  0  0]
[ 0  0  0  0  1  1 -1 -2  0 -1  0  0  0  0  0]
[ 0  0  0  0 -1 -3 -1  0 -2 -1  0  0  0  0  0]
[ 0  0  0  0  1  0 -1 -1 -1 -2  0  0  0  0  0]
[ 0  0  0  0 -2  0  0  0  0  0 -4  2  0  0  0]
[ 0  0 -2  0  0  0  0  0  0  0  2 -4  0  0  0]
[ 0  0  0  0  0  0  0  0  0  0  0  0 -4  2  0]
[ 0  0 -2  0 -2  0  0  0  0  0  0  0  2 -4  0]
[-4  0 -2  0  0  0  0  0  0  0  0  0  0  0 -6]
Signature:  (2, 13)
Genus symbol at 2:    1^8 [2^7]_5
glueing
Genus of
[-4  2]
[ 2 -4]
Signature:  (0, 2)
Genus symbol at 2:    2^-2
Genus symbol at 3:     1^-1 3^-1
and
Genus of
[ 0  0  0  0  2]
[ 0 -2  0  0  0]
[ 0  0 -2  0  0]
[ 0  0  0 -6  0]
[ 2  0  0  0  0]
Signature:  (1, 4)
Genus symbol at 2:    [2^-5]_3
Genus symbol at 3:     1^-4 3^1
above 3
glueing
Genus of
[-8  4  2  2]
[ 4 -8 -4  2]
[ 2 -4 -4  2]
[ 2  2  2 -4]
Signature:  (0, 4)
Genus symbol at 2:    2^4
Genus symbol at 3:     1^2 3^2
and
Genus of
[ 2  0  0]
[ 0 -6  0]
[ 0  0 -6]
Signature:  (1, 2)
Genus symbol at 2:    [2^3]_3
Genus symbol at 3:     1^-1 3^2
above 3
glueing
Genus of
[-8  4  2  2  0 -6]
[ 4 -8 -4  2  6  0]
[ 2 -4 -4  2  4  0]
[ 2  2  2 -4 -4  4]
[ 0  6  4 -4 -8  4]
[-6  0  0  4  4 -8]
Signature:  (0, 6)
Genus symbol at 2:    2^-6
Genus symbol at 3:     1^5 3^1
and
Genus of
[6]
Signature:  (1, 0)
Genus symbol at 2:    [2^-1]_3
Genus symbol at 3:     3^-1
above 3
glueing
Genus of
[ -4  -2   1   2   0   0   0   3   0   0]
[ -2  -4  -1   1   0   0  -3   0   0   0]
[  1  -1  -2  -1   0   0  -1  -1   0   0]
[  2   1  -1  -2   0   0   0  -1   0   0]
[  0   0   0   0 -12  -6   4   2  -6   0]
[  0   0   0   0  -6 -12   2   4  -6  -6]
[  0  -3  -1   0   4   2  -6  -3   2   0]
[  3   0  -1  -1   2   4  -3  -6   2   2]
[  0   0   0   0  -6  -6   2   2  -2  -1]
[  0   0   0   0   0  -6   0   2  -1  -2]
Signature:  (2, 8)
Genus symbol at 2:    1^-6:2^4
Genus symbol at 3:     1^-5 3^-5
and
Genus of
[-6 -3  3 -3  0]
[-3 -6  0  0  0]
[ 3  0 -6  0  0]
[-3  0  0 -6  0]
[ 0  0  0  0 -6]
Signature:  (0, 5)
Genus symbol at 2:    1^-2 [2^3]_5
Genus symbol at 3:     3^5
above 3
glueing
Genus of
[-4 -2  1  2  0  0  0  0  0  0]
[-2 -4 -1  1  0  0  0  0  0  0]
[ 1 -1 -2 -1  0  0  0  0  0  0]
[ 2  1 -1 -2  0  0  0  0  0  0]
[ 0  0  0  0 -4 -2  0  0  0  0]
[ 0  0  0  0 -2 -4  0  0  0  0]
[ 0  0  0  0  0  0 -4 -2  0  0]
[ 0  0  0  0  0  0 -2 -4  0  0]
[ 0  0  0  0  0  0  0  0  2  1]
[ 0  0  0  0  0  0  0  0  1  2]
Signature:  (2, 8)
Genus symbol at 2:    1^-6:2^4
Genus symbol at 3:     1^-5 3^-5
and
Genus of
[-6 -3  3 -3  0]
[-3 -6  0  0  0]
[ 3  0 -6  0  0]
[-3  0  0 -6  0]
[ 0  0  0  0 -6]
Signature:  (0, 5)
Genus symbol at 2:    1^-2 [2^3]_5
Genus symbol at 3:     3^5
above 3
2^1 * 3 -- 2^1
Genus of
[-2 -2 -1  1 -1  0  0  0  0  0 -1  0  0 -2  0]
[-2 -4  0  1  0  0  0  0  0  0  0  0  0  0  0]
[-1  0 -4 -1 -3  0  0  0  0  0 -3 -2  0 -4  0]
[ 1  1 -1 -2  0  0  0  0  0  0  0  0  0  0  0]
[-1  0 -3  0 -6 -2 -1  0  0  0 -2 -3 -3 -3  0]
[ 0  0  0  0 -2 -4  0  0  0  0  0  0  0  0  0]
[ 0  0  0  0 -1  0 -2 -2  0  0  1  0 -2  0  0]
[ 0  0  0  0  0  0 -2 -4  0  0  0  0  0  0  0]
[ 0  0  0  0  0  0  0  0  0  1  0  0  0  0 -2]
[ 0  0  0  0  0  0  0  0  1  2  0  0  0  0  0]
[-1  0 -3  0 -2  0  1  0  0  0 -6 -3  3 -3  0]
[ 0  0 -2  0 -3  0  0  0  0  0 -3 -6  0  0  0]
[ 0  0  0  0 -3  0 -2  0  0  0  3  0 -6  0  0]
[-2  0 -4  0 -3  0  0  0  0  0 -3  0  0 -6  0]
[ 0  0  0  0  0  0  0  0 -2  0  0  0  0  0 -6]
Signature:  (2, 13)
Genus symbol at 2:    1^8 [2^7]_5
glueing
Genus of
[-4  2]
[ 2 -4]
Signature:  (0, 2)
Genus symbol at 2:    2^-2
Genus symbol at 3:     1^-1 3^-1
and
Genus of
[ 0  0  0  0  2]
[ 0 -2  0  0  0]
[ 0  0 -2  0  0]
[ 0  0  0 -6  0]
[ 2  0  0  0  0]
Signature:  (1, 4)
Genus symbol at 2:    [2^-5]_3
Genus symbol at 3:     1^-4 3^1
above 3
glueing
Genus of
[-8  4  2  2]
[ 4 -8 -4  2]
[ 2 -4 -4  2]
[ 2  2  2 -4]
Signature:  (0, 4)
Genus symbol at 2:    2^4
Genus symbol at 3:     1^2 3^2
and
Genus of
[ 2  0  0]
[ 0 -6  0]
[ 0  0 -6]
Signature:  (1, 2)
Genus symbol at 2:    [2^3]_3
Genus symbol at 3:     1^-1 3^2
above 3
glueing
Genus of
[-8  4  2  2  6  0]
[ 4 -8 -4  2 -6  6]
[ 2 -4 -4  2 -4  4]
[ 2  2  2 -4  0 -4]
[ 6 -6 -4  0 -8  4]
[ 0  6  4 -4  4 -8]
Signature:  (0, 6)
Genus symbol at 2:    2^-6
Genus symbol at 3:     1^5 3^1
and
Genus of
[6]
Signature:  (1, 0)
Genus symbol at 2:    [2^-1]_3
Genus symbol at 3:     3^-1
above 3
glueing
Genus of
[-4 -2  1  2  0  0  3  3  0  0  0  0]
[-2 -4 -1  1  0  0  0  3  0  0  0  0]
[ 1 -1 -2 -1  0  0 -1  0  0  0  0  0]
[ 2  1 -1 -2  0  0 -1 -1  0  0  0  0]
[ 0  0  0  0 -4 -2  1  1  0  0  0  0]
[ 0  0  0  0 -2 -4  0  1  0  0  0  0]
[ 3  0 -1 -1  1  0 -4 -2  0  0  0  0]
[ 3  3  0 -1  1  1 -2 -4  0  0  0  0]
[ 0  0  0  0  0  0  0  0 -4 -2  2  2]
[ 0  0  0  0  0  0  0  0 -2 -4  0  2]
[ 0  0  0  0  0  0  0  0  2  0  0  0]
[ 0  0  0  0  0  0  0  0  2  2  0  0]
Signature:  (2, 10)
Genus symbol at 2:    1^8:2^4
Genus symbol at 3:     1^-10 3^-2
and
Genus of
[-4  2  0]
[ 2 -4  0]
[ 0  0 -6]
Signature:  (0, 3)
Genus symbol at 2:    [2^3]_5
Genus symbol at 3:     1^-1 3^-2
above 3
2^1 * 3 -- 2^1
Genus of
[-4 -2 -1  1  0  0  1  2  0  0  0  0  0  0 -4]
[-2 -4  0  1  0  0  0  3  0  0  0  0  0  0  0]
[-1  0 -8 -1 -4 -4  0  1  0  0  0  0 -2  0 -2]
[ 1  1 -1 -2  0  0 -1 -1  0  0  0  0  0  0  0]
[ 0  0 -4  0 -4 -2  1  1  0  0  0  0  0  0  0]
[ 0  0 -4  0 -2 -4  0  1  0  0  0  0  0  0  0]
[ 1  0  0 -1  1  0 -4 -2  0  0  0  0  0  0  0]
[ 2  3  1 -1  1  1 -2 -4  0  0  0  0  0  0  0]
[ 0  0  0  0  0  0  0  0 -4 -2  2  2  0  0  0]
[ 0  0  0  0  0  0  0  0 -2 -4  0  2  0  0  0]
[ 0  0  0  0  0  0  0  0  2  0  0  0  0  0  0]
[ 0  0  0  0  0  0  0  0  2  2  0  0  0  0  0]
[ 0  0 -2  0  0  0  0  0  0  0  0  0 -4  2  0]
[ 0  0  0  0  0  0  0  0  0  0  0  0  2 -4  0]
[-4  0 -2  0  0  0  0  0  0  0  0  0  0  0 -6]
Signature:  (2, 13)
Genus symbol at 2:    1^8 [2^7]_5
glueing
Genus of
[-4  2]
[ 2 -4]
Signature:  (0, 2)
Genus symbol at 2:    2^-2
Genus symbol at 3:     1^-1 3^-1
and
Genus of
[ 0  0  0  0  2]
[ 0 -2  0  0  0]
[ 0  0 -2  0  0]
[ 0  0  0 -6  0]
[ 2  0  0  0  0]
Signature:  (1, 4)
Genus symbol at 2:    [2^-5]_3
Genus symbol at 3:     1^-4 3^1
above 3
glueing
Genus of
[-8  4  2  2]
[ 4 -8 -4  2]
[ 2 -4 -4  2]
[ 2  2  2 -4]
Signature:  (0, 4)
Genus symbol at 2:    2^4
Genus symbol at 3:     1^2 3^2
and
Genus of
[ 2  0  0]
[ 0 -6  0]
[ 0  0 -6]
Signature:  (1, 2)
Genus symbol at 2:    [2^3]_3
Genus symbol at 3:     1^-1 3^2
above 3
glueing
Genus of
[-8  4  2  2  6  0]
[ 4 -8 -4  2 -6  6]
[ 2 -4 -4  2 -4  4]
[ 2  2  2 -4  0 -4]
[ 6 -6 -4  0 -8  4]
[ 0  6  4 -4  4 -8]
Signature:  (0, 6)
Genus symbol at 2:    2^-6
Genus symbol at 3:     1^5 3^1
and
Genus of
[6]
Signature:  (1, 0)
Genus symbol at 2:    [2^-1]_3
Genus symbol at 3:     3^-1
above 3
glueing
Genus of
[-4 -2  1  2  0  1  0  0  0 -1  0  0  0  0]
[-2 -4 -1  1 -1  0  0  0  1  0  0  0  0  0]
[ 1 -1 -2 -1  0  0  0  0  1  1  0  0  0  0]
[ 2  1 -1 -2  0  0  0  0  0  1  0  0  0  0]
[ 0 -1  0  0 -2 -1 -1  0  0  0  0  0  0  0]
[ 1  0  0  0 -1 -2 -1 -1  0  0  0  0  0  0]
[ 0  0  0  0 -1 -1 -2 -1  0  0  0  0  0  0]
[ 0  0  0  0  0 -1 -1 -2  0  0  0  0  0  0]
[ 0  1  1  0  0  0  0  0 -2 -1  0  0  0  0]
[-1  0  1  1  0  0  0  0 -1 -2  0  0  0  0]
[ 0  0  0  0  0  0  0  0  0  0 -4 -2  0  2]
[ 0  0  0  0  0  0  0  0  0  0 -2 -4 -2  0]
[ 0  0  0  0  0  0  0  0  0  0  0 -2  0  0]
[ 0  0  0  0  0  0  0  0  0  0  2  0  0  0]
Signature:  (2, 12)
Genus symbol at 2:    1^8:2^-6
Genus symbol at 3:     1^-13 3^-1
and
Genus of
[-6]
Signature:  (0, 1)
Genus symbol at 2:    [2^-1]_5
Genus symbol at 3:     3^1
above 3
2^1 * 3 -- 2^1
Genus of
[-6 -2 -2 -1 -1 -1 -2 -2  1  1  0  0  0  0 -2]
[-2 -4 -1  1 -1  0  0  0  1  0  0  0  0  0  0]
[-2 -1 -2 -1  0  0  0  0  1  1  0  0  0  0  0]
[-1  1 -1 -2  0  0  0  0  0  1  0  0  0  0  0]
[-1 -1  0  0 -2 -1 -1  0  0  0  0  0  0  0  0]
[-1  0  0  0 -1 -2 -1 -1  0  0  0  0  0  0  0]
[-2  0  0  0 -1 -1 -2 -1  0  0  0  0  0  0  0]
[-2  0  0  0  0 -1 -1 -2  0  0  0  0  0  0  0]
[ 1  1  1  0  0  0  0  0 -2 -1  0  0  0  0  0]
[ 1  0  1  1  0  0  0  0 -1 -2  0  0  0  0  0]
[ 0  0  0  0  0  0  0  0  0  0 -4 -2  0  2  0]
[ 0  0  0  0  0  0  0  0  0  0 -2 -4 -2  0  0]
[ 0  0  0  0  0  0  0  0  0  0  0 -2  0  0  0]
[ 0  0  0  0  0  0  0  0  0  0  2  0  0  0  0]
[-2  0  0  0  0  0  0  0  0  0  0  0  0  0 -6]
Signature:  (2, 13)
Genus symbol at 2:    1^8 [2^7]_5
glueing
Genus of
[-4  2]
[ 2 -4]
Signature:  (0, 2)
Genus symbol at 2:    2^-2
Genus symbol at 3:     1^-1 3^-1
and
Genus of
[ 0  0  0  0  2]
[ 0 -2  0  0  0]
[ 0  0 -2  0  0]
[ 0  0  0 -6  0]
[ 2  0  0  0  0]
Signature:  (1, 4)
Genus symbol at 2:    [2^-5]_3
Genus symbol at 3:     1^-4 3^1
above 3
glueing
Genus of
[-8  4  2  2]
[ 4 -8 -4  2]
[ 2 -4 -4  2]
[ 2  2  2 -4]
Signature:  (0, 4)
Genus symbol at 2:    2^4
Genus symbol at 3:     1^2 3^2
and
Genus of
[ 2  0  0]
[ 0 -6  0]
[ 0  0 -6]
Signature:  (1, 2)
Genus symbol at 2:    [2^3]_3
Genus symbol at 3:     1^-1 3^2
above 3
glueing
Genus of
[-8  4  2  2  6  0]
[ 4 -8 -4  2 -6  6]
[ 2 -4 -4  2 -4  4]
[ 2  2  2 -4  0 -4]
[ 6 -6 -4  0 -8  4]
[ 0  6  4 -4  4 -8]
Signature:  (0, 6)
Genus symbol at 2:    2^-6
Genus symbol at 3:     1^5 3^1
and
Genus of
[6]
Signature:  (1, 0)
Genus symbol at 2:    [2^-1]_3
Genus symbol at 3:     3^-1
above 3
