1
glueing
Genus of
[-4  0  2 -2  0  0  1  2]
[ 0 -4  0  2 -1  0  0  1]
[ 2  0 -4  0 -2 -1  0  0]
[-2  2  0 -4 -1 -2 -1  0]
[ 0 -1 -2 -1 -2 -1  0  0]
[ 0  0 -1 -2 -1 -2 -1  0]
[ 1  0  0 -1  0 -1 -2 -1]
[ 2  1  0  0  0  0 -1 -2]
Signature:  (2, 6)
Genus symbol at 2:    1^8
Genus symbol at 5:     1^-6 5^-2
and
Genus of
[-4  0  2 -2 -2  2  0]
[ 0 -4  2 -2  0  2 -2]
[ 2  2 -4  2  0 -2  0]
[-2 -2  2 -4 -2  2 -2]
[-2  0  0 -2 -6  2 -2]
[ 2  2 -2  2  2 -6  0]
[ 0 -2  0 -2 -2  0 -6]
Signature:  (0, 7)
Genus symbol at 2:    [2^7]_5
Genus symbol at 5:     1^5 5^-2
above 5
2^1 * 5 -- 2^1
Genus of
[ -6  -2  -2   0  -6  -1   0   1  -2   0   0  -2  -4   0  -2]
[ -2  -4   0   2   0   0   0   1   0   0   0   0   0   0   0]
[ -2   0  -4   0  -1  -1   0   0   0   0   0   0   0   0   0]
[  0   2   0  -4  -2  -2  -1   0   0   0   0   0   0   0   0]
[ -6   0  -1  -2 -12  -2  -2  -1  -4  -2   2  -4  -6   2  -4]
[ -1   0  -1  -2  -2  -2  -1   0   0   0   0   0   0   0   0]
[  0   0   0  -1  -2  -1  -2  -1   0   0   0   0   0   0   0]
[  1   1   0   0  -1   0  -1  -2   0   0   0   0   0   0   0]
[ -2   0   0   0  -4   0   0   0  -4   0   2  -2  -2   2   0]
[  0   0   0   0  -2   0   0   0   0  -4   2  -2   0   2  -2]
[  0   0   0   0   2   0   0   0   2   2  -4   2   0  -2   0]
[ -2   0   0   0  -4   0   0   0  -2  -2   2  -4  -2   2  -2]
[ -4   0   0   0  -6   0   0   0  -2   0   0  -2  -6   2  -2]
[  0   0   0   0   2   0   0   0   2   2  -2   2   2  -6   0]
[ -2   0   0   0  -4   0   0   0   0  -2   0  -2  -2   0  -6]
Signature:  (2, 13)
Genus symbol at 2:    1^8 [2^7]_5
glueing
Genus of
[-4  2  0  0]
[ 2 -4  2  0]
[ 0  2 -4  2]
[ 0  0  2 -4]
Signature:  (0, 4)
Genus symbol at 2:    2^-4
Genus symbol at 5:     1^-3 5^-1
and
Genus of
[  0   0   2]
[  0 -10   0]
[  2   0   0]
Signature:  (1, 2)
Genus symbol at 2:    [2^-3]_3
Genus symbol at 5:     1^2 5^-1
above 5
