1
glueing
Genus of
[-2  0  1  0  0 -1  0  0  0  0  0  0]
[ 0 -2  0  1  0  0  0  0  0  0  0  0]
[ 1  0 -2  0  1  0  0  0  0  0  0  0]
[ 0  1  0 -2  0  1  0  0  0  0  0  0]
[ 0  0  1  0 -2  0  0  0  0  0  0  0]
[-1  0  0  1  0 -2  0  0  0  0  0  0]
[ 0  0  0  0  0  0 -2  1  0 -2  2  0]
[ 0  0  0  0  0  0  1 -2  1  0 -2  2]
[ 0  0  0  0  0  0  0  1 -2  1  0 -2]
[ 0  0  0  0  0  0 -2  0  1 -2  1  0]
[ 0  0  0  0  0  0  2 -2  0  1 -2  1]
[ 0  0  0  0  0  0  0  2 -2  0  1 -2]
Signature:  (2, 10)
Genus symbol at 2:    1^12
Genus symbol at 7:     1^-10 7^-2
and
Genus of
[-4  2  2 -2]
[ 2 -4  0  2]
[ 2  0 -6  3]
[-2  2  3 -6]
Signature:  (0, 4)
Genus symbol at 2:    1^-2:2^-2
Genus symbol at 7:     1^-2 7^-2
above 7
2^1 * 7 -- 2^1
Genus of
[-4 -1  0  0 -1  0 -1  0  0  0  0  0 -2  0  2 -3]
[-1 -2  0  1  0  0  0  0  0  0  0  0  0  0  0  0]
[ 0  0 -2  0  1  0  0  0  0  0  0  0  0  0  0  0]
[ 0  1  0 -2  0  1  0  0  0  0  0  0  0  0  0  0]
[-1  0  1  0 -2  0  0  0  0  0  0  0  0  0  0  0]
[ 0  0  0  1  0 -2  0  0  0  0  0  0  0  0  0  0]
[-1  0  0  0  0  0 -4 -2  0  0 -2  1  0 -2  1  0]
[ 0  0  0  0  0  0 -2 -2  1  0 -2  2  0  0  0  0]
[ 0  0  0  0  0  0  0  1 -2  1  0 -2  0  0  0  0]
[ 0  0  0  0  0  0  0  0  1 -2  1  0  0  0  0  0]
[ 0  0  0  0  0  0 -2 -2  0  1 -2  1  0  0  0  0]
[ 0  0  0  0  0  0  1  2 -2  0  1 -2  0  0  0  0]
[-2  0  0  0  0  0  0  0  0  0  0  0 -4  2  2 -2]
[ 0  0  0  0  0  0 -2  0  0  0  0  0  2 -4  0  2]
[ 2  0  0  0  0  0  1  0  0  0  0  0  2  0 -6  3]
[-3  0  0  0  0  0  0  0  0  0  0  0 -2  2  3 -6]
Signature:  (2, 14)
Genus symbol at 2:    1^-14:2^-2
