1
glueing
Genus of
[-4 -2  1  2  0  0  0  0]
[-2 -4 -1  1  0  0  0  0]
[ 1 -1 -2 -1  0  0  0  0]
[ 2  1 -1 -2  0  0  0  0]
[ 0  0  0  0 -4 -2  1  2]
[ 0  0  0  0 -2 -4 -1  1]
[ 0  0  0  0  1 -1  0  0]
[ 0  0  0  0  2  1  0  0]
Signature:  (2, 6)
Genus symbol at 2:    1^8
Genus symbol at 3:     1^-4 3^-4
and
Genus of
[-4  0  0  0  0  0  2  2]
[ 0 -4 -2 -1  2 -2  0 -2]
[ 0 -2 -4 -2  2 -2  0 -2]
[ 0 -1 -2 -4  2 -2  0 -2]
[ 0  2  2  2 -4  1  1  2]
[ 0 -2 -2 -2  1 -4 -1 -2]
[ 2  0  0  0  1 -1 -4 -2]
[ 2 -2 -2 -2  2 -2 -2 -4]
Signature:  (0, 8)
Genus symbol at 2:    1^4 [2^4]_4
Genus symbol at 3:     1^-4 3^-4
above 3
2^1 * 3 -- 2^1
Genus of
[-18  -2  -6   1  -1   0 -15   0   0  -5  -6  -5   4  -7  -3  -6]
[ -2  -4   0   1   0   0   0   0   0   0   0   0   0   0   0   0]
[ -6   0  -4  -1  -1   0  -5   0   0  -1  -2  -2   0  -3  -1  -2]
[  1   1  -1  -2   0   0   0   0   0   0   0   0   0   0   0   0]
[ -1   0  -1   0  -2  -2   0   1   0   0   0   0  -1  -1   0   0]
[  0   0   0   0  -2  -4   0   1   0   0   0   0   0   0   0   0]
[-15   0  -5   0   0   0 -16   0   0  -6  -6  -6   5  -6  -1  -6]
[  0   0   0   0   1   1   0   0   0   0   0   0   0   0   0   0]
[  0   0   0   0   0   0   0   0  -4   0   0   0   0   0   2   2]
[ -5   0  -1   0   0   0  -6   0   0  -4  -2  -1   2  -2   0  -2]
[ -6   0  -2   0   0   0  -6   0   0  -2  -4  -2   2  -2   0  -2]
[ -5   0  -2   0   0   0  -6   0   0  -1  -2  -4   2  -2   0  -2]
[  4   0   0   0  -1   0   5   0   0   2   2   2  -4   1   1   2]
[ -7   0  -3   0  -1   0  -6   0   0  -2  -2  -2   1  -4  -1  -2]
[ -3   0  -1   0   0   0  -1   0   2   0   0   0   1  -1  -4  -2]
[ -6   0  -2   0   0   0  -6   0   2  -2  -2  -2   2  -2  -2  -4]
Signature:  (2, 14)
Genus symbol at 2:    1^12 [2^4]_4
glueing
Genus of
[-4  2]
[ 2 -4]
Signature:  (0, 2)
Genus symbol at 2:    2^-2
Genus symbol at 3:     1^-1 3^-1
and
Genus of
[ 2  0  0  0]
[ 0 -2 -1  0]
[ 0 -1 -2  0]
[ 0  0  0 -2]
Signature:  (1, 3)
Genus symbol at 2:    1^-2 [2^2]_0
Genus symbol at 3:     1^-3 3^1
above 3
glueing
Genus of
[-4 -2  1  2  0 -1  0  1  0  0]
[-2 -4 -1  1  1  0 -1  0  0  0]
[ 1 -1 -2 -1  1  1 -1 -1  0  0]
[ 2  1 -1 -2  0  1  0 -1  0  0]
[ 0  1  1  0 -2 -1  0  0  0 -1]
[-1  0  1  1 -1 -2  0  0  1  0]
[ 0 -1 -1  0  0  0 -4 -2  0  1]
[ 1  0 -1 -1  0  0 -2 -4 -1  0]
[ 0  0  0  0  0  1  0 -1  2  1]
[ 0  0  0  0 -1  0  1  0  1  2]
Signature:  (2, 8)
Genus symbol at 2:    1^8:2^-2
Genus symbol at 3:     1^5 3^5
and
Genus of
[-4 -2 -1 -1 -2  0]
[-2 -4 -2  1 -1  0]
[-1 -2 -4 -1 -2  0]
[-1  1 -1 -4 -2  0]
[-2 -1 -2 -2 -4  0]
[ 0  0  0  0  0 -6]
Signature:  (0, 6)
Genus symbol at 2:    1^-4 [2^2]_0
Genus symbol at 3:     1^-1 3^-5
above 3
glueing
Genus of
[-4 -2  1  2  0  0  0  0  0  0]
[-2 -4 -1  1  0  0  0  0  0  0]
[ 1 -1 -2 -1  0  0  0  0  0  0]
[ 2  1 -1 -2  0  0  0  0  0  0]
[ 0  0  0  0 -4 -2  1  2  0  0]
[ 0  0  0  0 -2 -4 -1  1  0  0]
[ 0  0  0  0  1 -1 -2 -1  0  0]
[ 0  0  0  0  2  1 -1 -2  0  0]
[ 0  0  0  0  0  0  0  0  4  2]
[ 0  0  0  0  0  0  0  0  2  4]
Signature:  (2, 8)
Genus symbol at 2:    1^8:2^-2
Genus symbol at 3:     1^5 3^5
and
Genus of
[-4 -2 -1 -1 -2  0]
[-2 -4 -2  1 -1  0]
[-1 -2 -4 -1 -2  0]
[-1  1 -1 -4 -2  0]
[-2 -1 -2 -2 -4  0]
[ 0  0  0  0  0 -6]
Signature:  (0, 6)
Genus symbol at 2:    1^-4 [2^2]_0
Genus symbol at 3:     1^-1 3^-5
above 3
2^1 * 3 -- 2^1
Genus of
[ -6  -2  -2   1  -4   0  -2   0  -6   0  -3  -2  -3  -2  -4   0]
[ -2  -4   0   1   0   0   0   0   0   0   0   0   0   0   0   0]
[ -2   0  -2  -1  -2   0  -1   0  -3   0  -1  -1  -2  -1  -2   0]
[  1   1  -1  -2   0   0   0   0   0   0   0   0   0   0   0   0]
[ -4   0  -2   0  -8  -2  -1   1  -9   0  -3  -3  -3  -1  -3  -4]
[  0   0   0   0  -2  -4   0   1   0   0   0   0   0   0   0   0]
[ -2   0  -1   0  -1   0  -2  -1  -2   0  -1   0  -1  -2  -2   0]
[  0   0   0   0   1   1  -1  -2   0   0   0   0   0   0   0   0]
[ -6   0  -3   0  -9   0  -2   0 -12   2  -5  -5  -5  -2  -4  -4]
[  0   0   0   0   0   0   0   0   2   4   0   0   0   0   0   0]
[ -3   0  -1   0  -3   0  -1   0  -5   0  -4  -2  -1  -1  -2   0]
[ -2   0  -1   0  -3   0   0   0  -5   0  -2  -4  -2   1  -1   0]
[ -3   0  -2   0  -3   0  -1   0  -5   0  -1  -2  -4  -1  -2   0]
[ -2   0  -1   0  -1   0  -2   0  -2   0  -1   1  -1  -4  -2   0]
[ -4   0  -2   0  -3   0  -2   0  -4   0  -2  -1  -2  -2  -4   0]
[  0   0   0   0  -4   0   0   0  -4   0   0   0   0   0   0  -6]
Signature:  (2, 14)
Genus symbol at 2:    1^12 [2^4]_4
glueing
Genus of
[-4  2]
[ 2 -4]
Signature:  (0, 2)
Genus symbol at 2:    2^-2
Genus symbol at 3:     1^-1 3^-1
and
Genus of
[ 2  0  0  0]
[ 0 -2 -1  0]
[ 0 -1 -2  0]
[ 0  0  0 -2]
Signature:  (1, 3)
Genus symbol at 2:    1^-2 [2^2]_0
Genus symbol at 3:     1^-3 3^1
above 3
glueing
Genus of
[-4 -2  1  2  0  0  0  0  0  0  0  0]
[-2 -4 -1  1  0  0  0  0  0  0  0  0]
[ 1 -1 -2 -1  0  0  0  0  0  0  0  0]
[ 2  1 -1 -2  0  0  0  0  0  0  0  0]
[ 0  0  0  0 -4 -2  1  2  0  0  0  0]
[ 0  0  0  0 -2 -4 -1  1  0  0  0  0]
[ 0  0  0  0  1 -1 -2 -1  0  0  0  0]
[ 0  0  0  0  2  1 -1 -2  0  0  0  0]
[ 0  0  0  0  0  0  0  0 -4 -2 -1 -1]
[ 0  0  0  0  0  0  0  0 -2 -4  0 -1]
[ 0  0  0  0  0  0  0  0 -1  0  0  0]
[ 0  0  0  0  0  0  0  0 -1 -1  0  0]
Signature:  (2, 10)
Genus symbol at 2:    1^12
Genus symbol at 3:     1^8 3^4
and
Genus of
[-6  0  0  0]
[ 0 -6  0  0]
[ 0  0 -6  0]
[ 0  0  0 -6]
Signature:  (0, 4)
Genus symbol at 2:    [2^4]_4
Genus symbol at 3:     3^4
above 3
2^1 * 3 -- 2^1
Genus of
[-4 -2 -1  1  0  0  0  0  0  0  0  0  0  0  0 -4]
[-2 -4  0  1  0  0  0  0  0  0  0  0  0  0  0  0]
[-1  0 -4 -1  0  0  0  0  0  0  0  0  0  0 -4 -2]
[ 1  1 -1 -2  0  0  0  0  0  0  0  0  0  0  0  0]
[ 0  0  0  0 -4 -2 -1  1  0  0  0  0  0 -4  0  0]
[ 0  0  0  0 -2 -4  0  1  0  0  0  0  0  0  0  0]
[ 0  0  0  0 -1  0 -4 -1  0  0  0  0 -4 -2  0  0]
[ 0  0  0  0  1  1 -1 -2  0  0  0  0  0  0  0  0]
[ 0  0  0  0  0  0  0  0 -4 -2 -1 -1  0  0  0  0]
[ 0  0  0  0  0  0  0  0 -2 -4  0 -1  0  0  0  0]
[ 0  0  0  0  0  0  0  0 -1  0  0  0  0  0  0  0]
[ 0  0  0  0  0  0  0  0 -1 -1  0  0  0  0  0  0]
[ 0  0  0  0  0  0 -4  0  0  0  0  0 -6  0  0  0]
[ 0  0  0  0 -4  0 -2  0  0  0  0  0  0 -6  0  0]
[ 0  0 -4  0  0  0  0  0  0  0  0  0  0  0 -6  0]
[-4  0 -2  0  0  0  0  0  0  0  0  0  0  0  0 -6]
Signature:  (2, 14)
Genus symbol at 2:    1^12 [2^4]_4
glueing
Genus of
[-4  2]
[ 2 -4]
Signature:  (0, 2)
Genus symbol at 2:    2^-2
Genus symbol at 3:     1^-1 3^-1
and
Genus of
[ 2  0  0  0]
[ 0 -2 -1  0]
[ 0 -1 -2  0]
[ 0  0  0 -2]
Signature:  (1, 3)
Genus symbol at 2:    1^-2 [2^2]_0
Genus symbol at 3:     1^-3 3^1
above 3
glueing
Genus of
[ -4  -2   1   2  -1   0  -3   0   0   0   0   0]
[ -2  -4  -1   1  -1  -1  -3  -3   0   0   0   0]
[  1  -1  -2  -1   0   0   0  -1   0   0   0   0]
[  2   1  -1  -2   0   0   1   0   0   0   0   0]
[ -1  -1   0   0  -2  -1  -2  -1   0   0   0   0]
[  0  -1   0   0  -1  -2  -1  -2   0   0   0   0]
[ -3  -3   0   1  -2  -1  -4  -2   0   0   0   0]
[  0  -3  -1   0  -1  -2  -2  -4   0   0   0   0]
[  0   0   0   0   0   0   0   0 -12  -6   0   3]
[  0   0   0   0   0   0   0   0  -6 -12  -3   0]
[  0   0   0   0   0   0   0   0   0  -3   0   0]
[  0   0   0   0   0   0   0   0   3   0   0   0]
Signature:  (2, 10)
Genus symbol at 2:    1^12
Genus symbol at 3:     1^8 3^4
and
Genus of
[-6  0  0  0]
[ 0 -6  0  0]
[ 0  0 -6  0]
[ 0  0  0 -6]
Signature:  (0, 4)
Genus symbol at 2:    [2^4]_4
Genus symbol at 3:     3^4
above 3
