1
glueing
Genus of
[-2  0  0 -1  1  0  0  0  0  0  0  0]
[ 0 -2  0  0 -1  1  0  0  0  0  0  0]
[ 0  0 -2  0  0 -1  0  0  0  0  0  0]
[-1  0  0 -2  0  0  0  0  0  0  0  0]
[ 1 -1  0  0 -2  0  0  0  0  0  0  0]
[ 0  1 -1  0  0 -2  0  0  0  0  0  0]
[ 0  0  0  0  0  0 -4  1  0 -3  3  0]
[ 0  0  0  0  0  0  1 -4  1  0 -3  3]
[ 0  0  0  0  0  0  0  1 -4  1  0 -3]
[ 0  0  0  0  0  0 -3  0  1 -4  1  0]
[ 0  0  0  0  0  0  3 -3  0  1 -4  1]
[ 0  0  0  0  0  0  0  3 -3  0  1 -4]
Signature:  (2, 10)
Genus symbol at 2:    1^12
Genus symbol at 7:     1^-10 7^-2
and
Genus of
[ -4  -2  -2   0]
[ -2  -4  -2   0]
[ -2  -2  -6   0]
[  0   0   0 -14]
Signature:  (0, 4)
Genus symbol at 2:    [2^4]_4
Genus symbol at 7:     1^-2 7^-2
above 7
2^1 * 7 -- 2^1
Genus of
[-14  -2  -1  -1  -2   0   0   0   0   0   0   0   0   0   0 -12]
[ -2  -2   0   0  -1   1   0   0   0   0   0   0   0   0   0   0]
[ -1   0  -2   0   0  -1   0   0   0   0   0   0   0   0   0   0]
[ -1   0   0  -2   0   0   0   0   0   0   0   0   0   0   0   0]
[ -2  -1   0   0  -2   0   0   0   0   0   0   0   0   0   0   0]
[  0   1  -1   0   0  -2   0   0   0   0   0   0   0   0   0   0]
[  0   0   0   0   0   0 -14  -4  -1  -1  -4   1  -4  -4  -6   0]
[  0   0   0   0   0   0  -4  -4   1   0  -3   3   0   0   0   0]
[  0   0   0   0   0   0  -1   1  -4   1   0  -3   0   0   0   0]
[  0   0   0   0   0   0  -1   0   1  -4   1   0   0   0   0   0]
[  0   0   0   0   0   0  -4  -3   0   1  -4   1   0   0   0   0]
[  0   0   0   0   0   0   1   3  -3   0   1  -4   0   0   0   0]
[  0   0   0   0   0   0  -4   0   0   0   0   0  -4  -2  -2   0]
[  0   0   0   0   0   0  -4   0   0   0   0   0  -2  -4  -2   0]
[  0   0   0   0   0   0  -6   0   0   0   0   0  -2  -2  -6   0]
[-12   0   0   0   0   0   0   0   0   0   0   0   0   0   0 -14]
Signature:  (2, 14)
Genus symbol at 2:    1^12 [2^4]_4
