1
glueing
Genus of
[-4 -2  1  2  0  0  0  0]
[-2 -4 -1  1  0  0  0  0]
[ 1 -1 -2 -1  0  0  0  0]
[ 2  1 -1 -2  0  0  0  0]
[ 0  0  0  0 -4 -2  1  2]
[ 0  0  0  0 -2 -4 -1  1]
[ 0  0  0  0  1 -1  0  0]
[ 0  0  0  0  2  1  0  0]
Signature:  (2, 6)
Genus symbol at 2:    1^8
Genus symbol at 3:     1^-4 3^-4
and
Genus of
[-4 -2  2 -2  2 -2 -2 -2]
[-2 -4  2 -1  2 -1 -1 -2]
[ 2  2 -4  2 -2  2  0  2]
[-2 -1  2 -4  2 -1 -1 -2]
[ 2  2 -2  2 -4  2  0  2]
[-2 -1  2 -1  2 -4 -1 -2]
[-2 -1  0 -1  0 -1 -4  0]
[-2 -2  2 -2  2 -2  0 -4]
Signature:  (0, 8)
Genus symbol at 2:    1^-4:2^-4
Genus symbol at 3:     1^-4 3^-4
above 3
2^1 * 3 -- 2^1
Genus of
[ -8  -2  -5   1   0   0  -2   0  -4  -2   2  -2   2  -4  -4  -2]
[ -2  -4   0   1   0   0   0   0   0   0   0   0   0   0   0   0]
[ -5   0 -10  -1  -3   0  -3   0  -4  -3   0  -2   0  -1  -5  -2]
[  1   1  -1  -2   0   0   0   0   0   0   0   0   0   0   0   0]
[  0   0  -3   0  -4  -2  -2   1   0   0  -2   1  -2   1  -1   0]
[  0   0   0   0  -2  -4   0   1   0   0   0   0   0   0   0   0]
[ -2   0  -3   0  -2   0  -4   0   0   1  -2   1  -2  -1  -2   0]
[  0   0   0   0   1   1   0   0   0   0   0   0   0   0   0   0]
[ -4   0  -4   0   0   0   0   0  -4  -2   2  -2   2  -2  -2  -2]
[ -2   0  -3   0   0   0   1   0  -2  -4   2  -1   2  -1  -1  -2]
[  2   0   0   0  -2   0  -2   0   2   2  -4   2  -2   2   0   2]
[ -2   0  -2   0   1   0   1   0  -2  -1   2  -4   2  -1  -1  -2]
[  2   0   0   0  -2   0  -2   0   2   2  -2   2  -4   2   0   2]
[ -4   0  -1   0   1   0  -1   0  -2  -1   2  -1   2  -4  -1  -2]
[ -4   0  -5   0  -1   0  -2   0  -2  -1   0  -1   0  -1  -4   0]
[ -2   0  -2   0   0   0   0   0  -2  -2   2  -2   2  -2   0  -4]
Signature:  (2, 14)
Genus symbol at 2:    1^-12:2^-4
glueing
Genus of
[-4  2]
[ 2 -4]
Signature:  (0, 2)
Genus symbol at 2:    2^-2
Genus symbol at 3:     1^-1 3^-1
and
Genus of
[ 0  0  0  2]
[ 0 -2 -1  0]
[ 0 -1 -2  0]
[ 2  0  0  0]
Signature:  (1, 3)
Genus symbol at 2:    1^-2:2^2
Genus symbol at 3:     1^-3 3^1
above 3
glueing
Genus of
[-4 -2  1  2  0  1  0 -1  0  0]
[-2 -4 -1  1 -1  0  1  0  0  0]
[ 1 -1 -2 -1 -1 -1  1  1  0  0]
[ 2  1 -1 -2  0 -1  0  1  0  0]
[ 0 -1 -1  0 -2 -1  0  0  0  1]
[ 1  0 -1 -1 -1 -2  0  0 -1  0]
[ 0  1  1  0  0  0 -4 -2  0 -1]
[-1  0  1  1  0  0 -2 -4  1  0]
[ 0  0  0  0  0 -1  0  1  2  1]
[ 0  0  0  0  1  0 -1  0  1  2]
Signature:  (2, 8)
Genus symbol at 2:    1^8:2^-2
Genus symbol at 3:     1^5 3^5
and
Genus of
[-4  2 -1 -1 -1 -1]
[ 2 -4 -1 -1 -1 -1]
[-1 -1 -4 -1 -1 -1]
[-1 -1 -1 -4 -1 -1]
[-1 -1 -1 -1 -4 -1]
[-1 -1 -1 -1 -1 -4]
Signature:  (0, 6)
Genus symbol at 2:    1^-4:2^2
Genus symbol at 3:     1^-1 3^-5
above 3
glueing
Genus of
[-4 -2  1  2  0  0  0  0  0  0]
[-2 -4 -1  1  0  0  0  0  0  0]
[ 1 -1 -2 -1  0  0  0  0  0  0]
[ 2  1 -1 -2  0  0  0  0  0  0]
[ 0  0  0  0 -4 -2  1  2  0  0]
[ 0  0  0  0 -2 -4 -1  1  0  0]
[ 0  0  0  0  1 -1 -2 -1  0  0]
[ 0  0  0  0  2  1 -1 -2  0  0]
[ 0  0  0  0  0  0  0  0  4  2]
[ 0  0  0  0  0  0  0  0  2  4]
Signature:  (2, 8)
Genus symbol at 2:    1^8:2^-2
Genus symbol at 3:     1^5 3^5
and
Genus of
[-4  2 -1 -1 -1 -1]
[ 2 -4 -1 -1 -1 -1]
[-1 -1 -4 -1 -1 -1]
[-1 -1 -1 -4 -1 -1]
[-1 -1 -1 -1 -4 -1]
[-1 -1 -1 -1 -1 -4]
Signature:  (0, 6)
Genus symbol at 2:    1^-4:2^2
Genus symbol at 3:     1^-1 3^-5
above 3
2^1 * 3 -- 2^1
Genus of
[ -6  -2  -7   1  -7   0  -5   0  -5   0  -2  -2  -2  -3  -2  -3]
[ -2  -4   0   1   0   0   0   0   0   0   0   0   0   0   0   0]
[ -7   0 -14  -1 -12   0  -9   0  -9   0  -2  -4  -3  -5  -5  -5]
[  1   1  -1  -2   0   0   0   0   0   0   0   0   0   0   0   0]
[ -7   0 -12   0 -14  -2  -9   1  -9   0  -4  -2  -4  -5  -5  -4]
[  0   0   0   0  -2  -4   0   1   0   0   0   0   0   0   0   0]
[ -5   0  -9   0  -9   0  -8  -1  -7   0  -3  -1  -2  -4  -4  -3]
[  0   0   0   0   1   1  -1  -2   0   0   0   0   0   0   0   0]
[ -5   0  -9   0  -9   0  -7   0  -6   2  -3  -1  -2  -3  -4  -4]
[  0   0   0   0   0   0   0   0   2   4   0   0   0   0   0   0]
[ -2   0  -2   0  -4   0  -3   0  -3   0  -4   2  -1  -1  -1  -1]
[ -2   0  -4   0  -2   0  -1   0  -1   0   2  -4  -1  -1  -1  -1]
[ -2   0  -3   0  -4   0  -2   0  -2   0  -1  -1  -4  -1  -1  -1]
[ -3   0  -5   0  -5   0  -4   0  -3   0  -1  -1  -1  -4  -1  -1]
[ -2   0  -5   0  -5   0  -4   0  -4   0  -1  -1  -1  -1  -4  -1]
[ -3   0  -5   0  -4   0  -3   0  -4   0  -1  -1  -1  -1  -1  -4]
Signature:  (2, 14)
Genus symbol at 2:    1^-12:2^-4
glueing
Genus of
[-4  2]
[ 2 -4]
Signature:  (0, 2)
Genus symbol at 2:    2^-2
Genus symbol at 3:     1^-1 3^-1
and
Genus of
[ 0  0  0  2]
[ 0 -2 -1  0]
[ 0 -1 -2  0]
[ 2  0  0  0]
Signature:  (1, 3)
Genus symbol at 2:    1^-2:2^2
Genus symbol at 3:     1^-3 3^1
above 3
