1
glueing
Genus of
[ -4  -2   1   2   0   0   0   3   0   0]
[ -2  -4  -1   1   0   0  -3   0   0   0]
[  1  -1  -2  -1   0   0  -2  -2   0   0]
[  2   1  -1  -2   0   0   0  -2   0   0]
[  0   0   0   0 -12  -6   2   1  -6   0]
[  0   0   0   0  -6 -12   1   2  -6  -6]
[  0  -3  -2   0   2   1  -4  -2   1   0]
[  3   0  -2  -2   1   2  -2  -4   1   1]
[  0   0   0   0  -6  -6   1   1  -2  -1]
[  0   0   0   0   0  -6   0   1  -1  -2]
Signature:  (2, 8)
Genus symbol at 2:    1^-10
Genus symbol at 3:     1^-5 3^-5
and
Genus of
[-4  0 -1 -1  1  2  0]
[ 0 -4  0  0  0  0  2]
[-1  0 -4  2 -2 -1  0]
[-1  0  2 -4  1  2  0]
[ 1  0 -2  1 -4 -2  0]
[ 2  0 -1  2 -2 -4  0]
[ 0  2  0  0  0  0 -4]
Signature:  (0, 7)
Genus symbol at 2:    1^-4 [2^3]_3
Genus symbol at 3:     1^2 3^5
above 3
glueing
Genus of
[-4 -2  1  2  0  0  0  0  0  0]
[-2 -4 -1  1  0  0  0  0  0  0]
[ 1 -1 -2 -1  0  0  0  0  0  0]
[ 2  1 -1 -2  0  0  0  0  0  0]
[ 0  0  0  0 -4 -2  1  2  0  0]
[ 0  0  0  0 -2 -4 -1  1  0  0]
[ 0  0  0  0  1 -1 -2 -1  0  0]
[ 0  0  0  0  2  1 -1 -2  0  0]
[ 0  0  0  0  0  0  0  0  2  1]
[ 0  0  0  0  0  0  0  0  1  2]
Signature:  (2, 8)
Genus symbol at 2:    1^-10
Genus symbol at 3:     1^-5 3^-5
and
Genus of
[-4  0  0  0  0  2  0]
[ 0 -4  2 -1  1  0 -2]
[ 0  2 -4  2 -2  0  1]
[ 0 -1  2 -4  1  0 -2]
[ 0  1 -2  1 -4  0 -1]
[ 2  0  0  0  0 -4  0]
[ 0 -2  1 -2 -1  0 -4]
Signature:  (0, 7)
Genus symbol at 2:    1^-4 [2^3]_3
Genus symbol at 3:     1^2 3^5
above 3
2^1 * 3 -- 2^1
Genus of
[-2 -2  0  1  0  0  0  0 -1  0  0 -1  0 -1  0  0 -1]
[-2 -4  0  1  0  0  0  0  0  0  0  0  0  0  0  0  0]
[ 0  0 -4 -1 -2  0 -2  0  1  0  0  1 -3  1 -3  0 -1]
[ 1  1 -1 -2  0  0  0  0  0  0  0  0  0  0  0  0  0]
[ 0  0 -2  0 -4 -2 -1  1  1  0 -2  1 -2  1 -2  0  0]
[ 0  0  0  0 -2 -4  0  1  0  0  0  0  0  0  0  0  0]
[ 0  0 -2  0 -1  0 -2 -1  1  0  0  1 -2  1 -2  0  0]
[ 0  0  0  0  1  1 -1 -2  0  0  0  0  0  0  0  0  0]
[-1  0  1  0  1  0  1  0 -2  1  0 -3  2 -2  1  0 -2]
[ 0  0  0  0  0  0  0  0  1  2  0  0  0  0  0  0  0]
[ 0  0  0  0 -2  0  0  0  0  0 -4  0  0  0  0  2  0]
[-1  0  1  0  1  0  1  0 -3  0  0 -4  2 -1  1  0 -2]
[ 0  0 -3  0 -2  0 -2  0  2  0  0  2 -4  2 -2  0  1]
[-1  0  1  0  1  0  1  0 -2  0  0 -1  2 -4  1  0 -2]
[ 0  0 -3  0 -2  0 -2  0  1  0  0  1 -2  1 -4  0 -1]
[ 0  0  0  0  0  0  0  0  0  0  2  0  0  0  0 -4  0]
[-1  0 -1  0  0  0  0  0 -2  0  0 -2  1 -2 -1  0 -4]
Signature:  (2, 15)
Genus symbol at 2:    1^14 [2^3]_3
glueing
Genus of
[-4  2]
[ 2 -4]
Signature:  (0, 2)
Genus symbol at 2:    2^-2
Genus symbol at 3:     1^-1 3^-1
and
Genus of
[ 0  0  1]
[ 0 -6  0]
[ 1  0  0]
Signature:  (1, 2)
Genus symbol at 2:    1^-2 [2^1]_1
Genus symbol at 3:     1^-2 3^1
above 3
glueing
Genus of
[-4 -2  1  2  0  0  0  0  0  0  0  0]
[-2 -4 -1  1  0  0  0  0  0  0  0  0]
[ 1 -1 -2 -1  0  0  0  0  0  0  0  0]
[ 2  1 -1 -2  0  0  0  0  0  0  0  0]
[ 0  0  0  0 -4 -2  1  2  0  0  3  3]
[ 0  0  0  0 -2 -4 -1  1  0  0  0  3]
[ 0  0  0  0  1 -1 -2 -1  0  0 -2  0]
[ 0  0  0  0  2  1 -1 -2  0  0 -2 -2]
[ 0  0  0  0  0  0  0  0 -4 -2 -2 -2]
[ 0  0  0  0  0  0  0  0 -2 -4  0 -2]
[ 0  0  0  0  3  0 -2 -2 -2  0 -4 -2]
[ 0  0  0  0  3  3  0 -2 -2 -2 -2 -4]
Signature:  (2, 10)
Genus symbol at 2:    1^-10:2^-2
Genus symbol at 3:     1^-8 3^-4
and
Genus of
[-4 -2 -1  2 -1]
[-2 -4 -2  1  1]
[-1 -2 -4 -1 -1]
[ 2  1 -1 -4 -1]
[-1  1 -1 -1 -4]
Signature:  (0, 5)
Genus symbol at 2:    1^4 [2^1]_7
Genus symbol at 3:     1^-1 3^-4
above 3
2^1 * 3 -- 2^1
Genus of
[ -4  -2  -3   1  -3   0  -4   0   0   0   0   0  -2   0  -1   0  -3]
[ -2  -4   0   1   0   0   0   0   0   0   0   0   0   0   0   0   0]
[ -3   0  -6  -1  -4   0  -6   0   0   0   0   0  -2   0  -2  -2  -4]
[  1   1  -1  -2   0   0   0   0   0   0   0   0   0   0   0   0   0]
[ -3   0  -4   0 -12  -2  -9   1   0   0   1   2  -5  -5  -5   1  -2]
[  0   0   0   0  -2  -4   0   1   0   0   0   3   0   0   0   0   0]
[ -4   0  -6   0  -9   0 -12  -1  -2  -2  -2  -2  -4  -3  -5  -1  -4]
[  0   0   0   0   1   1  -1  -2   0   0  -2  -2   0   0   0   0   0]
[  0   0   0   0   0   0  -2   0  -4  -2  -2  -2   0   0   0   0   0]
[  0   0   0   0   0   0  -2   0  -2  -4   0  -2   0   0   0   0   0]
[  0   0   0   0   1   0  -2  -2  -2   0  -4  -2   0   0   0   0   0]
[  0   0   0   0   2   3  -2  -2  -2  -2  -2  -4   0   0   0   0   0]
[ -2   0  -2   0  -5   0  -4   0   0   0   0   0  -4  -2  -1   2  -1]
[  0   0   0   0  -5   0  -3   0   0   0   0   0  -2  -4  -2   1   1]
[ -1   0  -2   0  -5   0  -5   0   0   0   0   0  -1  -2  -4  -1  -1]
[  0   0  -2   0   1   0  -1   0   0   0   0   0   2   1  -1  -4  -1]
[ -3   0  -4   0  -2   0  -4   0   0   0   0   0  -1   1  -1  -1  -4]
Signature:  (2, 15)
Genus symbol at 2:    1^14 [2^3]_3
glueing
Genus of
[-4  2]
[ 2 -4]
Signature:  (0, 2)
Genus symbol at 2:    2^-2
Genus symbol at 3:     1^-1 3^-1
and
Genus of
[ 0  0  1]
[ 0 -6  0]
[ 1  0  0]
Signature:  (1, 2)
Genus symbol at 2:    1^-2 [2^1]_1
Genus symbol at 3:     1^-2 3^1
above 3
glueing
Genus of
[-4 -2  1  2  0  0  0  0  0  0 -3 -3 -3 -3]
[-2 -4 -1  1  0  0  0  0  0  0  0 -3  0 -3]
[ 1 -1 -2 -1  0  0  0  0  0  0  2  0  1  0]
[ 2  1 -1 -2  0  0  0  0  0  0  2  2  1  1]
[ 0  0  0  0 -4 -2  1  2  0  0  0  0  0  0]
[ 0  0  0  0 -2 -4 -1  1  0  0  0  0  0  0]
[ 0  0  0  0  1 -1 -2 -1  0  0  0  0  0  0]
[ 0  0  0  0  2  1 -1 -2  0  0  0  0  0  0]
[ 0  0  0  0  0  0  0  0 -4 -2  1  1 -2 -2]
[ 0  0  0  0  0  0  0  0 -2 -4  0  1  0 -2]
[-3  0  2  2  0  0  0  0  1  0 -4 -2 -2 -1]
[-3 -3  0  2  0  0  0  0  1  1 -2 -4 -1 -2]
[-3  0  1  1  0  0  0  0 -2  0 -2 -1 -4 -2]
[-3 -3  0  1  0  0  0  0 -2 -2 -1 -2 -2 -4]
Signature:  (2, 12)
Genus symbol at 2:    1^-14
Genus symbol at 3:     1^-11 3^-3
and
Genus of
[-6  0  0]
[ 0 -6  0]
[ 0  0 -6]
Signature:  (0, 3)
Genus symbol at 2:    [2^-3]_7
Genus symbol at 3:     3^3
above 3
2^1 * 3 -- 2^1
Genus of
[-4 -2  0  1  0  0  0  0  0  0 -1 -2 -1 -2  0  0 -4]
[-2 -4 -1  1  0  0  0  0  0  0  0 -3  0 -3  0  0  0]
[ 0 -1 -2 -1  0  0  0  0  0  0  2  0  1  0  0  0  0]
[ 1  1 -1 -2  0  0  0  0  0  0  2  2  1  1  0  0  0]
[ 0  0  0  0 -4 -2 -1  1  0  0  0  0  0  0  0 -4  0]
[ 0  0  0  0 -2 -4  0  1  0  0  0  0  0  0  0  0  0]
[ 0  0  0  0 -1  0 -4 -1  0  0  0  0  0  0 -4 -2  0]
[ 0  0  0  0  1  1 -1 -2  0  0  0  0  0  0  0  0  0]
[ 0  0  0  0  0  0  0  0 -4 -2  1  1 -2 -2  0  0  0]
[ 0  0  0  0  0  0  0  0 -2 -4  0  1  0 -2  0  0  0]
[-1  0  2  2  0  0  0  0  1  0 -4 -2 -2 -1  0  0  0]
[-2 -3  0  2  0  0  0  0  1  1 -2 -4 -1 -2  0  0  0]
[-1  0  1  1  0  0  0  0 -2  0 -2 -1 -4 -2  0  0  0]
[-2 -3  0  1  0  0  0  0 -2 -2 -1 -2 -2 -4  0  0  0]
[ 0  0  0  0  0  0 -4  0  0  0  0  0  0  0 -6  0  0]
[ 0  0  0  0 -4  0 -2  0  0  0  0  0  0  0  0 -6  0]
[-4  0  0  0  0  0  0  0  0  0  0  0  0  0  0  0 -6]
Signature:  (2, 15)
Genus symbol at 2:    1^14 [2^3]_3
glueing
Genus of
[-4  2]
[ 2 -4]
Signature:  (0, 2)
Genus symbol at 2:    2^-2
Genus symbol at 3:     1^-1 3^-1
and
Genus of
[ 0  0  1]
[ 0 -6  0]
[ 1  0  0]
Signature:  (1, 2)
Genus symbol at 2:    1^-2 [2^1]_1
Genus symbol at 3:     1^-2 3^1
above 3
