1
glueing
Genus of
[-2  0  0 -1  1  0  0  0  0  0  0  0]
[ 0 -2  0  0 -1  1  0  0  0  0  0  0]
[ 0  0 -2  0  0 -1  0  0  0  0  0  0]
[-1  0  0 -2  0  0  0  0  0  0  0  0]
[ 1 -1  0  0 -2  0  0  0  0  0  0  0]
[ 0  1 -1  0  0 -2  0  0  0  0  0  0]
[ 0  0  0  0  0  0 -4  1  0 -3  3  0]
[ 0  0  0  0  0  0  1 -4  1  0 -3  3]
[ 0  0  0  0  0  0  0  1 -4  1  0 -3]
[ 0  0  0  0  0  0 -3  0  1 -4  1  0]
[ 0  0  0  0  0  0  3 -3  0  1 -4  1]
[ 0  0  0  0  0  0  0  3 -3  0  1 -4]
Signature:  (2, 10)
Genus symbol at 2:    1^12
Genus symbol at 7:     1^-10 7^-2
and
Genus of
[-4  0  0  0  2]
[ 0 -4  2  2  0]
[ 0  2 -4 -2  0]
[ 0  2 -2 -6  0]
[ 2  0  0  0 -8]
Signature:  (0, 5)
Genus symbol at 2:    [2^5]_3
Genus symbol at 7:     1^3 7^-2
above 7
2^1 * 7 -- 2^1
Genus of
[ -6  -2  -1  -1  -2   0   0   0   0   0   0   0   0   0   0   0  -4]
[ -2  -2   0   0  -1   1   0   0   0   0   0   0   0   0   0   0   0]
[ -1   0  -2   0   0  -1   0   0   0   0   0   0   0   0   0   0   0]
[ -1   0   0  -2   0   0   0   0   0   0   0   0   0   0   0   0   0]
[ -2  -1   0   0  -2   0   0   0   0   0   0   0   0   0   0   0   0]
[  0   1  -1   0   0  -2   0   0   0   0   0   0   0   0   0   0   0]
[  0   0   0   0   0   0 -10  -4  -1  -1  -4   1   0   0  -2  -4   0]
[  0   0   0   0   0   0  -4  -4   1   0  -3   3   0   0   0   0   0]
[  0   0   0   0   0   0  -1   1  -4   1   0  -3   0   0   0   0   0]
[  0   0   0   0   0   0  -1   0   1  -4   1   0   0   0   0   0   0]
[  0   0   0   0   0   0  -4  -3   0   1  -4   1   0   0   0   0   0]
[  0   0   0   0   0   0   1   3  -3   0   1  -4   0   0   0   0   0]
[  0   0   0   0   0   0   0   0   0   0   0   0  -4   0   0   0   2]
[  0   0   0   0   0   0   0   0   0   0   0   0   0  -4   2   2   0]
[  0   0   0   0   0   0  -2   0   0   0   0   0   0   2  -4  -2   0]
[  0   0   0   0   0   0  -4   0   0   0   0   0   0   2  -2  -6   0]
[ -4   0   0   0   0   0   0   0   0   0   0   0   2   0   0   0  -8]
Signature:  (2, 15)
Genus symbol at 2:    1^12 [2^5]_3
