1
glueing
Genus of
[-4 -2  1  2 -1  0  0  0  0  0 -1  0  0  0  0  0]
[-2 -4 -1  1 -1 -1  0  0  0  0 -1 -1  0  0  0  0]
[ 1 -1 -2 -1  0  0  0  0  0  0  0 -1  0  0  0  0]
[ 2  1 -1 -2  0  0  0  0  0  0  1  0  0  0  0  0]
[-1 -1  0  0 -2 -1  0  1  0  0  0  0  0  0  0  0]
[ 0 -1  0  0 -1 -2 -1  0  0  0  0  0  0  0  0  0]
[ 0  0  0  0  0 -1 -2 -1  0  0  0  0  0  0  0  0]
[ 0  0  0  0  1  0 -1 -2  0  0  0  0  0  0  0  0]
[ 0  0  0  0  0  0  0  0 -4 -2 -3  0  0  0  0  0]
[ 0  0  0  0  0  0  0  0 -2 -4 -3 -3  0  0  0  0]
[-1 -1  0  1  0  0  0  0 -3 -3 -4 -2  0  0  0  0]
[ 0 -1 -1  0  0  0  0  0  0 -3 -2 -4  0  0  0  0]
[ 0  0  0  0  0  0  0  0  0  0  0  0 -4 -2  1  0]
[ 0  0  0  0  0  0  0  0  0  0  0  0 -2 -4  1  1]
[ 0  0  0  0  0  0  0  0  0  0  0  0  1  1  0  0]
[ 0  0  0  0  0  0  0  0  0  0  0  0  0  1  0  0]
Signature:  (2, 14)
Genus symbol at 2:    1^16
Genus symbol at 3:     1^14 3^2
and
Genus of
[-6  0]
[ 0 -6]
Signature:  (0, 2)
Genus symbol at 2:    [2^2]_2
Genus symbol at 3:     3^2
above 3
2^1 * 3 -- 2^1
Genus of
[-6 -2 -2 -1  0 -1 -2 -2  0  0  0 -1  0  0  0  0  0 -2]
[-2 -4 -1  1 -1 -1  0  0  0  0 -1 -1  0  0  0  0  0  0]
[-2 -1 -2 -1  0  0  0  0  0  0  0 -1  0  0  0  0  0  0]
[-1  1 -1 -2  0  0  0  0  0  0  1  0  0  0  0  0  0  0]
[ 0 -1  0  0 -2 -1  0  1  0  0  0  0  0  0  0  0  0  0]
[-1 -1  0  0 -1 -2 -1  0  0  0  0  0  0  0  0  0  0  0]
[-2  0  0  0  0 -1 -2 -1  0  0  0  0  0  0  0  0  0  0]
[-2  0  0  0  1  0 -1 -2  0  0  0  0  0  0  0  0  0  0]
[ 0  0  0  0  0  0  0  0 -4 -2 -2 -1  0  0  0  0 -4  0]
[ 0  0  0  0  0  0  0  0 -2 -4 -3 -3  0  0  0  0  0  0]
[ 0 -1  0  1  0  0  0  0 -2 -3 -4 -2  0  0  0  0  0  0]
[-1 -1 -1  0  0  0  0  0 -1 -3 -2 -4  0  0  0  0  0  0]
[ 0  0  0  0  0  0  0  0  0  0  0  0 -4 -2  1  0  0  0]
[ 0  0  0  0  0  0  0  0  0  0  0  0 -2 -4  1  1  0  0]
[ 0  0  0  0  0  0  0  0  0  0  0  0  1  1  0  0  0  0]
[ 0  0  0  0  0  0  0  0  0  0  0  0  0  1  0  0  0  0]
[ 0  0  0  0  0  0  0  0 -4  0  0  0  0  0  0  0 -6  0]
[-2  0  0  0  0  0  0  0  0  0  0  0  0  0  0  0  0 -6]
Signature:  (2, 16)
Genus symbol at 2:    1^16 [2^2]_2
