1
glueing
Genus of
[ -4  -2   1   2   0   0   0   3   0   0]
[ -2  -4  -1   1   0   0  -3   0   0   0]
[  1  -1  -2  -1   0   0  -2  -2   0   0]
[  2   1  -1  -2   0   0   0  -2   0   0]
[  0   0   0   0 -12  -6   2   1  -6   0]
[  0   0   0   0  -6 -12   1   2  -6  -6]
[  0  -3  -2   0   2   1  -4  -2   1   0]
[  3   0  -2  -2   1   2  -2  -4   1   1]
[  0   0   0   0  -6  -6   1   1  -2  -1]
[  0   0   0   0   0  -6   0   1  -1  -2]
Signature:  (2, 8)
Genus symbol at 2:    1^-10
Genus symbol at 3:     1^-5 3^-5
and
Genus of
[-4 -1  2  1  0  1  1 -1]
[-1 -4 -1  1  0  1  1  2]
[ 2 -1 -4  1 -2  1 -1  1]
[ 1  1  1 -4  0 -1 -1  1]
[ 0  0 -2  0 -4  2 -2  0]
[ 1  1  1 -1  2 -4  1 -1]
[ 1  1 -1 -1 -2  1 -4 -1]
[-1  2  1  1  0 -1 -1 -6]
Signature:  (0, 8)
Genus symbol at 2:    1^-4 [2^4]_2
Genus symbol at 3:     1^3 3^5
above 3
glueing
Genus of
[ -4  -2   1   2   0   0   0   3   0   0]
[ -2  -4  -1   1   0   0  -3   0   0   0]
[  1  -1  -2  -1   0   0  -2  -2   0   0]
[  2   1  -1  -2   0   0   0  -2   0   0]
[  0   0   0   0 -12  -6   2   1  -6   0]
[  0   0   0   0  -6 -12   1   2  -6  -6]
[  0  -3  -2   0   2   1  -4  -2   1   0]
[  3   0  -2  -2   1   2  -2  -4   1   1]
[  0   0   0   0  -6  -6   1   1  -2  -1]
[  0   0   0   0   0  -6   0   1  -1  -2]
Signature:  (2, 8)
Genus symbol at 2:    1^-10
Genus symbol at 3:     1^-5 3^-5
and
Genus of
[-4  1  1 -2  2  2 -1 -1]
[ 1 -4 -2  2 -2  1  2  2]
[ 1 -2 -4  0 -2  1  2  2]
[-2  2  0 -4  1  1  0  0]
[ 2 -2 -2  1 -4 -1  2  2]
[ 2  1  1  1 -1 -4 -1 -1]
[-1  2  2  0  2 -1 -6  0]
[-1  2  2  0  2 -1  0 -6]
Signature:  (0, 8)
Genus symbol at 2:    1^-4 [2^4]_2
Genus symbol at 3:     1^3 3^5
above 3
glueing
Genus of
[-4 -2  1  2  0  0  0  0  0  0]
[-2 -4 -1  1  0  0  0  0  0  0]
[ 1 -1 -2 -1  0  0  0  0  0  0]
[ 2  1 -1 -2  0  0  0  0  0  0]
[ 0  0  0  0 -4 -2  1  2  0  0]
[ 0  0  0  0 -2 -4 -1  1  0  0]
[ 0  0  0  0  1 -1 -2 -1  0  0]
[ 0  0  0  0  2  1 -1 -2  0  0]
[ 0  0  0  0  0  0  0  0  2  1]
[ 0  0  0  0  0  0  0  0  1  2]
Signature:  (2, 8)
Genus symbol at 2:    1^-10
Genus symbol at 3:     1^-5 3^-5
and
Genus of
[-4  1  1 -1  2  1  1 -1]
[ 1 -4 -1  1  0 -1  1  2]
[ 1 -1 -4  1  0  2  1 -1]
[-1  1  1 -4  0  1 -1  1]
[ 2  0  0  0 -4 -2 -2  0]
[ 1 -1  2  1 -2 -4 -1  1]
[ 1  1  1 -1 -2 -1 -4 -1]
[-1  2 -1  1  0  1 -1 -6]
Signature:  (0, 8)
Genus symbol at 2:    1^-4 [2^4]_2
Genus symbol at 3:     1^3 3^5
above 3
2^1 * 3 -- 2^1
Genus of
[ -8  -2  -6   1  -4   0  -7   0  -3   0   1   1   1   0  -4  -3  -3  -3]
[ -2  -4   0   1   0   0   0   0   0   0   0   0   0   0   0   0   0   0]
[ -6   0 -10  -1  -5   0  -9   0  -4   0   0  -1   2  -1  -4  -4  -4  -1]
[  1   1  -1  -2   0   0   0   0   0   0   0   0   0   0   0   0   0   0]
[ -4   0  -5   0  -6  -2  -4   1  -2   0   0  -1  -1   0  -2  -1  -2  -3]
[  0   0   0   0  -2  -4   0   1   0   0   0   0   0   0   0   0   0   0]
[ -7   0  -9   0  -4   0 -12  -1  -5   0  -1   2   3  -3  -4  -3  -5  -2]
[  0   0   0   0   1   1  -1  -2   0   0   0   0   0   0   0   0   0   0]
[ -3   0  -4   0  -2   0  -5   0  -2   1  -1   1   1  -1  -2  -1  -2  -1]
[  0   0   0   0   0   0   0   0   1   2   0   0   0   0   0   0   0   0]
[  1   0   0   0   0   0  -1   0  -1   0  -4   1   1  -1   2   1   1  -1]
[  1   0  -1   0  -1   0   2   0   1   0   1  -4  -1   1   0  -1   1   2]
[  1   0   2   0  -1   0   3   0   1   0   1  -1  -4   1   0   2   1  -1]
[  0   0  -1   0   0   0  -3   0  -1   0  -1   1   1  -4   0   1  -1   1]
[ -4   0  -4   0  -2   0  -4   0  -2   0   2   0   0   0  -4  -2  -2   0]
[ -3   0  -4   0  -1   0  -3   0  -1   0   1  -1   2   1  -2  -4  -1   1]
[ -3   0  -4   0  -2   0  -5   0  -2   0   1   1   1  -1  -2  -1  -4  -1]
[ -3   0  -1   0  -3   0  -2   0  -1   0  -1   2  -1   1   0   1  -1  -6]
Signature:  (2, 16)
Genus symbol at 2:    1^14 [2^4]_2
glueing
Genus of
[-4  2]
[ 2 -4]
Signature:  (0, 2)
Genus symbol at 2:    2^-2
Genus symbol at 3:     1^-1 3^-1
and
Genus of
[ 2  2]
[ 2 -4]
Signature:  (1, 1)
Genus symbol at 2:    [2^-2]_6
Genus symbol at 3:     1^-1 3^1
above 3
glueing
Genus of
[-4 -2  1  2  0  0  0  0  0  0]
[-2 -4 -1  1  0  0  0  0  0  0]
[ 1 -1 -2 -1  0  0  0  0  0  0]
[ 2  1 -1 -2  0  0  0  0  0  0]
[ 0  0  0  0 -4 -2  1  2  0  0]
[ 0  0  0  0 -2 -4 -1  1  0  0]
[ 0  0  0  0  1 -1 -2 -1  0  0]
[ 0  0  0  0  2  1 -1 -2  0  0]
[ 0  0  0  0  0  0  0  0  2  1]
[ 0  0  0  0  0  0  0  0  1  2]
Signature:  (2, 8)
Genus symbol at 2:    1^-10
Genus symbol at 3:     1^-5 3^-5
and
Genus of
[-4 -1  2  1  0 -2 -2  0]
[-1 -4  0 -2 -1  1  0 -1]
[ 2  0 -4 -2  2  2  2  0]
[ 1 -2 -2 -4  0  2  2  0]
[ 0 -1  2  0 -4 -1  0  1]
[-2  1  2  2 -1 -4 -2  2]
[-2  0  2  2  0 -2 -6  2]
[ 0 -1  0  0  1  2  2 -6]
Signature:  (0, 8)
Genus symbol at 2:    1^-4 [2^4]_2
Genus symbol at 3:     1^3 3^5
above 3
2^1 * 3 -- 2^1
Genus of
[ -6  -2  -4   1  -4   0  -2   0  -3   0  -2  -3   0  -2  -1   0  -2   0]
[ -2  -4   0   1   0   0   0   0   0   0   0   0   0   0   0   0   0   0]
[ -4   0  -6  -1  -6   0  -3   0  -2   0  -1  -4   0  -3  -2   1   0  -1]
[  1   1  -1  -2   0   0   0   0   0   0   0   0   0   0   0   0   0   0]
[ -4   0  -6   0 -10  -2  -5   1  -2   0  -1  -5   0  -3  -2   2   2  -4]
[  0   0   0   0  -2  -4   0   1   0   0   0   0   0   0   0   0   0   0]
[ -2   0  -3   0  -5   0  -6  -1  -1   0   0  -3  -2  -2   1   2   2  -4]
[  0   0   0   0   1   1  -1  -2   0   0   0   0   0   0   0   0   0   0]
[ -3   0  -2   0  -2   0  -1   0  -4   1  -3  -2   2   1   0  -1  -4  -1]
[  0   0   0   0   0   0   0   0   1   2   0   0   0   0   0   0   0   0]
[ -2   0  -1   0  -1   0   0   0  -3   0  -4  -1   2   1   0  -2  -2   0]
[ -3   0  -4   0  -5   0  -3   0  -2   0  -1  -4   0  -2  -1   1   0  -1]
[  0   0   0   0   0   0  -2   0   2   0   2   0  -4  -2   2   2   2   0]
[ -2   0  -3   0  -3   0  -2   0   1   0   1  -2  -2  -4   0   2   2   0]
[ -1   0  -2   0  -2   0   1   0   0   0   0  -1   2   0  -4  -1   0   1]
[  0   0   1   0   2   0   2   0  -1   0  -2   1   2   2  -1  -4  -2   2]
[ -2   0   0   0   2   0   2   0  -4   0  -2   0   2   2   0  -2  -6   2]
[  0   0  -1   0  -4   0  -4   0  -1   0   0  -1   0   0   1   2   2  -6]
Signature:  (2, 16)
Genus symbol at 2:    1^14 [2^4]_2
glueing
Genus of
[-4  2]
[ 2 -4]
Signature:  (0, 2)
Genus symbol at 2:    2^-2
Genus symbol at 3:     1^-1 3^-1
and
Genus of
[ 2  2]
[ 2 -4]
Signature:  (1, 1)
Genus symbol at 2:    [2^-2]_6
Genus symbol at 3:     1^-1 3^1
above 3
glueing
Genus of
[-4 -2  1  2  0  0  0  0  0  0  0  0]
[-2 -4 -1  1  0  0  0  0  0  0  0  0]
[ 1 -1 -2 -1  0  0  0  0  0  0  0  0]
[ 2  1 -1 -2  0  0  0  0  0  0  0  0]
[ 0  0  0  0 -4 -2  1  2  0  0  0  0]
[ 0  0  0  0 -2 -4 -1  1  0  0  0  0]
[ 0  0  0  0  1 -1 -2 -1  0  0  0  0]
[ 0  0  0  0  2  1 -1 -2  0  0  0  0]
[ 0  0  0  0  0  0  0  0 -4 -2  0  1]
[ 0  0  0  0  0  0  0  0 -2 -4 -1  0]
[ 0  0  0  0  0  0  0  0  0 -1  0  0]
[ 0  0  0  0  0  0  0  0  1  0  0  0]
Signature:  (2, 10)
Genus symbol at 2:    1^12
Genus symbol at 3:     1^8 3^4
and
Genus of
[-4  0  2  0  0  0]
[ 0 -4  0  2 -1  1]
[ 2  0 -4  0  0  0]
[ 0  2  0 -4  2 -2]
[ 0 -1  0  2 -4  1]
[ 0  1  0 -2  1 -4]
Signature:  (0, 6)
Genus symbol at 2:    1^2 [2^4]_2
Genus symbol at 3:     1^2 3^4
above 3
2^1 * 3 -- 2^1
Genus of
[-4 -2 -1  1  0  0  0  0  0  0  0  0  0 -2  0  0  0 -2]
[-2 -4  0  1  0  0  0  0  0  0  0  0  0  0  0  0  0  0]
[-1  0 -6 -1  0  0  0  0  0  0  0  0  0  2  0 -4  2 -4]
[ 1  1 -1 -2  0  0  0  0  0  0  0  0  0  0  0  0  0  0]
[ 0  0  0  0 -4 -2 -1  1  0  0  0  0  0  0 -2  0 -2  0]
[ 0  0  0  0 -2 -4  0  1  0  0  0  0  0  0  0  0  0  0]
[ 0  0  0  0 -1  0 -2 -1  0  0  0  0  0  0 -2  0  0  0]
[ 0  0  0  0  1  1 -1 -2  0  0  0  0  0  0  0  0  0  0]
[ 0  0  0  0  0  0  0  0 -4 -2  0  1  0  0  0  0  0  0]
[ 0  0  0  0  0  0  0  0 -2 -4 -1  0  0  0  0  0  0  0]
[ 0  0  0  0  0  0  0  0  0 -1  0  0  0  0  0  0  0  0]
[ 0  0  0  0  0  0  0  0  1  0  0  0  0  0  0  0  0  0]
[ 0  0  0  0  0  0  0  0  0  0  0  0 -4  0  2  0  0  0]
[-2  0  2  0  0  0  0  0  0  0  0  0  0 -4  0  2 -1  1]
[ 0  0  0  0 -2  0 -2  0  0  0  0  0  2  0 -4  0  0  0]
[ 0  0 -4  0  0  0  0  0  0  0  0  0  0  2  0 -4  2 -2]
[ 0  0  2  0 -2  0  0  0  0  0  0  0  0 -1  0  2 -4  1]
[-2  0 -4  0  0  0  0  0  0  0  0  0  0  1  0 -2  1 -4]
Signature:  (2, 16)
Genus symbol at 2:    1^14 [2^4]_2
glueing
Genus of
[-4  2]
[ 2 -4]
Signature:  (0, 2)
Genus symbol at 2:    2^-2
Genus symbol at 3:     1^-1 3^-1
and
Genus of
[ 2  2]
[ 2 -4]
Signature:  (1, 1)
Genus symbol at 2:    [2^-2]_6
Genus symbol at 3:     1^-1 3^1
above 3
glueing
Genus of
[ -4  -2   1   2  -1  -1  -3  -3   0   0   0   0]
[ -2  -4  -1   1   0  -1   0  -3   0   0   0   0]
[  1  -1  -2  -1   0   0   1   0   0   0   0   0]
[  2   1  -1  -2   0   0   1   1   0   0   0   0]
[ -1   0   0   0  -2  -1  -2  -1   0   0   0   0]
[ -1  -1   0   0  -1  -2  -1  -2   0   0   0   0]
[ -3   0   1   1  -2  -1  -4  -2   0   0   0   0]
[ -3  -3   0   1  -1  -2  -2  -4   0   0   0   0]
[  0   0   0   0   0   0   0   0 -12  -6   3   3]
[  0   0   0   0   0   0   0   0  -6 -12   0   3]
[  0   0   0   0   0   0   0   0   3   0   0   0]
[  0   0   0   0   0   0   0   0   3   3   0   0]
Signature:  (2, 10)
Genus symbol at 2:    1^12
Genus symbol at 3:     1^8 3^4
and
Genus of
[-4  2  0  0  0  0]
[ 2 -4  0  0  0  0]
[ 0  0 -4  2 -1  1]
[ 0  0  2 -4  2 -2]
[ 0  0 -1  2 -4  1]
[ 0  0  1 -2  1 -4]
Signature:  (0, 6)
Genus symbol at 2:    1^2 [2^4]_2
Genus symbol at 3:     1^2 3^4
above 3
glueing
Genus of
[-4 -2  1  2  0  0  0  0 -3  0  0  0]
[-2 -4 -1  1  0  0  0  0 -3 -3  0  0]
[ 1 -1 -2 -1  0  0  0  0  0 -1  0  0]
[ 2  1 -1 -2  0  0  0  0  1  0  0  0]
[ 0  0  0  0 -4 -2 -3  0 -3  0  1  2]
[ 0  0  0  0 -2 -4 -3 -3 -3 -3 -1  1]
[ 0  0  0  0 -3 -3 -6 -3 -4 -2  0  0]
[ 0  0  0  0  0 -3 -3 -6 -2 -4  0  0]
[-3 -3  0  1 -3 -3 -4 -2 -8 -4  0  1]
[ 0 -3 -1  0  0 -3 -2 -4 -4 -8 -1  0]
[ 0  0  0  0  1 -1  0  0  0 -1  0  0]
[ 0  0  0  0  2  1  0  0  1  0  0  0]
Signature:  (2, 10)
Genus symbol at 2:    1^-10:2^-2
Genus symbol at 3:     1^6 3^6
and
Genus of
[-6 -3  3  0  3  3]
[-3 -6  3 -3  3  3]
[ 3  3 -6  0 -3 -3]
[ 0 -3  0 -6  3  0]
[ 3  3 -3  3 -6 -3]
[ 3  3 -3  0 -3 -6]
Signature:  (0, 6)
Genus symbol at 2:    1^4 [2^2]_6
Genus symbol at 3:     3^6
above 3
glueing
Genus of
[-4 -2  1  2  0  0  0  0  0  0  0  0]
[-2 -4 -1  1  0  0  0  0  0  0  0  0]
[ 1 -1 -2 -1  0  0  0  0  0  0  0  0]
[ 2  1 -1 -2  0  0  0  0  0  0  0  0]
[ 0  0  0  0 -4 -2  1  2  0  0  0  0]
[ 0  0  0  0 -2 -4 -1  1  0  0  0  0]
[ 0  0  0  0  1 -1 -2 -1  0  0  0  0]
[ 0  0  0  0  2  1 -1 -2  0  0  0  0]
[ 0  0  0  0  0  0  0  0 -4 -2  0  0]
[ 0  0  0  0  0  0  0  0 -2 -4  0  0]
[ 0  0  0  0  0  0  0  0  0  0  2  1]
[ 0  0  0  0  0  0  0  0  0  0  1  2]
Signature:  (2, 10)
Genus symbol at 2:    1^-10:2^-2
Genus symbol at 3:     1^6 3^6
and
Genus of
[-6 -3  3 -3  3 -3]
[-3 -6  3 -3  3 -3]
[ 3  3 -6  0 -3  3]
[-3 -3  0 -6  3 -3]
[ 3  3 -3  3 -6  3]
[-3 -3  3 -3  3 -6]
Signature:  (0, 6)
Genus symbol at 2:    1^4 [2^2]_6
Genus symbol at 3:     3^6
above 3
2^1 * 3 -- 2^1
Genus of
[-6 -2 -4  1 -5  0 -2  0 -1  0  2  0 -3 -3  1 -5  3 -4]
[-2 -4  0  1  0  0  0  0  0  0  0  0  0  0  0  0  0  0]
[-4  0 -8 -1 -5  0 -4  0 -2  0  0  0 -1 -1 -3 -5  0 -3]
[ 1  1 -1 -2  0  0  0  0  0  0  0  0  0  0  0  0  0  0]
[-5  0 -5  0 -8 -2 -3  1 -1  0  2  0 -4 -4  0 -6  3 -3]
[ 0  0  0  0 -2 -4  0  1  0  0  0  0  0  0  0  0  0  0]
[-2  0 -4  0 -3  0 -4 -1 -1  0  0  0  0 -1 -3 -3  0  0]
[ 0  0  0  0  1  1 -1 -2  0  0  0  0  0  0  0  0  0  0]
[-1  0 -2  0 -1  0 -1  0 -2 -2  0  0  0  0 -1 -1  0 -1]
[ 0  0  0  0  0  0  0  0 -2 -4  0  0  0  0  0  0  0  0]
[ 2  0  0  0  2  0  0  0  0  0 -2  1  2  2 -2  2 -4  2]
[ 0  0  0  0  0  0  0  0  0  0  1  2  0  0  0  0  0  0]
[-3  0 -1  0 -4  0  0  0  0  0  2  0 -6 -3  3 -3  3 -3]
[-3  0 -1  0 -4  0 -1  0  0  0  2  0 -3 -6  3 -3  3 -3]
[ 1  0 -3  0  0  0 -3  0 -1  0 -2  0  3  3 -6  0 -3  3]
[-5  0 -5  0 -6  0 -3  0 -1  0  2  0 -3 -3  0 -6  3 -3]
[ 3  0  0  0  3  0  0  0  0  0 -4  0  3  3 -3  3 -6  3]
[-4  0 -3  0 -3  0  0  0 -1  0  2  0 -3 -3  3 -3  3 -6]
Signature:  (2, 16)
Genus symbol at 2:    1^14 [2^4]_2
glueing
Genus of
[-4  2]
[ 2 -4]
Signature:  (0, 2)
Genus symbol at 2:    2^-2
Genus symbol at 3:     1^-1 3^-1
and
Genus of
[ 2  2]
[ 2 -4]
Signature:  (1, 1)
Genus symbol at 2:    [2^-2]_6
Genus symbol at 3:     1^-1 3^1
above 3
glueing
Genus of
[-4 -2  1  2  0  0  0  0  3  3  0  0  3  3]
[-2 -4 -1  1  0  0  0  0  0  3  0  0  0  3]
[ 1 -1 -2 -1  0  0  0  0 -2  0  0  0 -1  0]
[ 2  1 -1 -2  0  0  0  0 -2 -2  0  0 -1 -1]
[ 0  0  0  0 -4 -2  1  2  2  2  0  0 -2 -2]
[ 0  0  0  0 -2 -4 -1  1  0  2  0  0  0 -2]
[ 0  0  0  0  1 -1 -2 -1 -1  0  0  0  1  0]
[ 0  0  0  0  2  1 -1 -2 -1 -1  0  0  1  1]
[ 3  0 -2 -2  2  0 -1 -1 -6 -3 -1 -1 -2 -1]
[ 3  3  0 -2  2  2  0 -1 -3 -6  0 -1 -1 -2]
[ 0  0  0  0  0  0  0  0 -1  0 -2 -1  0  0]
[ 0  0  0  0  0  0  0  0 -1 -1 -1 -2  0  0]
[ 3  0 -1 -1 -2  0  1  1 -2 -1  0  0 -4 -2]
[ 3  3  0 -1 -2 -2  0  1 -1 -2  0  0 -2 -4]
Signature:  (2, 12)
Genus symbol at 2:    1^12:2^-2
Genus symbol at 3:     1^11 3^3
and
Genus of
[-4 -2  1 -1]
[-2 -4  2 -2]
[ 1  2 -4  1]
[-1 -2  1 -4]
Signature:  (0, 4)
Genus symbol at 2:    1^-2 [2^2]_6
Genus symbol at 3:     1^-1 3^-3
above 3
2^1 * 3 -- 2^1
Genus of
[-4 -2 -2  1 -1  0  0  0  1  2  0  0  1  2 -2 -2 -1 -1]
[-2 -4  0  1  0  0  0  0  0  3  0  0  0  3  0  0  0  0]
[-2  0 -4 -1 -1  0 -1 -1 -2 -1  0  0  0  0 -1 -2 -1 -2]
[ 1  1 -1 -2  0  0  0  0 -2 -2  0  0 -1 -1  0  0  0  0]
[-1  0 -1  0 -2 -2 -1  0  0  1  0  0  0 -1 -1  0 -1  0]
[ 0  0  0  0 -2 -4 -1  1  0  2  0  0  0 -2  0  0  0  0]
[ 0  0 -1  0 -1 -1 -2 -1 -1  0  0  0  1  0  0  0  0  0]
[ 0  0 -1  0  0  1 -1 -2 -1 -1  0  0  1  1  0  0  0  0]
[ 1  0 -2 -2  0  0 -1 -1 -6 -3 -1 -1 -2 -1  0  0  0  0]
[ 2  3 -1 -2  1  2  0 -1 -3 -6  0 -1 -1 -2  0  0  0  0]
[ 0  0  0  0  0  0  0  0 -1  0 -2 -1  0  0  0  0  0  0]
[ 0  0  0  0  0  0  0  0 -1 -1 -1 -2  0  0  0  0  0  0]
[ 1  0  0 -1  0  0  1  1 -2 -1  0  0 -4 -2  0  0  0  0]
[ 2  3  0 -1 -1 -2  0  1 -1 -2  0  0 -2 -4  0  0  0  0]
[-2  0 -1  0 -1  0  0  0  0  0  0  0  0  0 -4 -2  1 -1]
[-2  0 -2  0  0  0  0  0  0  0  0  0  0  0 -2 -4  2 -2]
[-1  0 -1  0 -1  0  0  0  0  0  0  0  0  0  1  2 -4  1]
[-1  0 -2  0  0  0  0  0  0  0  0  0  0  0 -1 -2  1 -4]
Signature:  (2, 16)
Genus symbol at 2:    1^14 [2^4]_2
glueing
Genus of
[-4  2]
[ 2 -4]
Signature:  (0, 2)
Genus symbol at 2:    2^-2
Genus symbol at 3:     1^-1 3^-1
and
Genus of
[ 2  2]
[ 2 -4]
Signature:  (1, 1)
Genus symbol at 2:    [2^-2]_6
Genus symbol at 3:     1^-1 3^1
above 3
