1
glueing
Genus of
[-2  0  0 -1  1  0  0  0  0  0  0  0  0  0  0  0  0  0]
[ 0 -2  0  0 -1  1  0  0  0  0  0  0  0  0  0  0  0  0]
[ 0  0 -2  0  0 -1  0  0  0  0  0  0  0  0  0  0  0  0]
[-1  0  0 -2  0  0  0  0  0  0  0  0  0  0  0  0  0  0]
[ 1 -1  0  0 -2  0  0  0  0  0  0  0  0  0  0  0  0  0]
[ 0  1 -1  0  0 -2  0  0  0  0  0  0  0  0  0  0  0  0]
[ 0  0  0  0  0  0 -2  0  0 -1  1  0  0  0  1  0  0  1]
[ 0  0  0  0  0  0  0 -2  0  0 -1  1  0  0  0  1  0  0]
[ 0  0  0  0  0  0  0  0 -2  0  0 -1 -1  0  0  0  1  0]
[ 0  0  0  0  0  0 -1  0  0 -2  0  0  0 -1  0  0  0  1]
[ 0  0  0  0  0  0  1 -1  0  0 -2  0  0  0 -1  0  0  0]
[ 0  0  0  0  0  0  0  1 -1  0  0 -2 -1  0  0 -1  0  0]
[ 0  0  0  0  0  0  0  0 -1  0  0 -1 -2  0  0 -1  1  0]
[ 0  0  0  0  0  0  0  0  0 -1  0  0  0 -2  0  0 -1  1]
[ 0  0  0  0  0  0  1  0  0  0 -1  0  0  0 -2  0  0 -1]
[ 0  0  0  0  0  0  0  1  0  0  0 -1 -1  0  0 -2  0  0]
[ 0  0  0  0  0  0  0  0  1  0  0  0  1 -1  0  0 -2  0]
[ 0  0  0  0  0  0  1  0  0  1  0  0  0  1 -1  0  0 -2]
Signature:  (2, 16)
Genus symbol at 2:    1^18
Genus symbol at 7:     1^17 7^1
and
Genus of
[-14]
Signature:  (0, 1)
Genus symbol at 2:    [2^1]_1
Genus symbol at 7:     7^-1
above 7
2^1 * 7 -- 2^1
Genus of
[-14  -2  -1  -1  -2   0   0   0   0   0   0   0   0   0   0   0   0   0 -12]
[ -2  -2   0   0  -1   1   0   0   0   0   0   0   0   0   0   0   0   0   0]
[ -1   0  -2   0   0  -1   0   0   0   0   0   0   0   0   0   0   0   0   0]
[ -1   0   0  -2   0   0   0   0   0   0   0   0   0   0   0   0   0   0   0]
[ -2  -1   0   0  -2   0   0   0   0   0   0   0   0   0   0   0   0   0   0]
[  0   1  -1   0   0  -2   0   0   0   0   0   0   0   0   0   0   0   0   0]
[  0   0   0   0   0   0  -2   0   0  -1   1   0   0   0   1   0   0   1   0]
[  0   0   0   0   0   0   0  -2   0   0  -1   1   0   0   0   1   0   0   0]
[  0   0   0   0   0   0   0   0  -2   0   0  -1  -1   0   0   0   1   0   0]
[  0   0   0   0   0   0  -1   0   0  -2   0   0   0  -1   0   0   0   1   0]
[  0   0   0   0   0   0   1  -1   0   0  -2   0   0   0  -1   0   0   0   0]
[  0   0   0   0   0   0   0   1  -1   0   0  -2  -1   0   0  -1   0   0   0]
[  0   0   0   0   0   0   0   0  -1   0   0  -1  -2   0   0  -1   1   0   0]
[  0   0   0   0   0   0   0   0   0  -1   0   0   0  -2   0   0  -1   1   0]
[  0   0   0   0   0   0   1   0   0   0  -1   0   0   0  -2   0   0  -1   0]
[  0   0   0   0   0   0   0   1   0   0   0  -1  -1   0   0  -2   0   0   0]
[  0   0   0   0   0   0   0   0   1   0   0   0   1  -1   0   0  -2   0   0]
[  0   0   0   0   0   0   1   0   0   1   0   0   0   1  -1   0   0  -2   0]
[-12   0   0   0   0   0   0   0   0   0   0   0   0   0   0   0   0   0 -14]
Signature:  (2, 17)
Genus symbol at 2:    1^18 [2^1]_1
