1
glueing
Genus of
[ -4  -2   1   2   0   0   3   3   0   0   0   0]
[ -2  -4  -1   1   0   0   0   3   0   0   0   0]
[  1  -1  -2  -1   0   0  -1   0   0   0   0   0]
[  2   1  -1  -2   0   0  -1  -1   0   0   0   0]
[  0   0   0   0  -4  -2   1   1   0   0   0   0]
[  0   0   0   0  -2  -4   0   1   0   0   0   0]
[  3   0  -1  -1   1   0  -4  -2   0   0   0   0]
[  3   3   0  -1   1   1  -2  -4   0   0   0   0]
[  0   0   0   0   0   0   0   0 -12  -6  -3  -3]
[  0   0   0   0   0   0   0   0  -6 -12   0  -3]
[  0   0   0   0   0   0   0   0  -3   0   0   0]
[  0   0   0   0   0   0   0   0  -3  -3   0   0]
Signature:  (2, 10)
Genus symbol at 2:    1^12
Genus symbol at 3:     1^-6 3^-6
and
Genus of
[-4  2  1 -1  1  0  0]
[ 2 -4 -2 -1  1  0  0]
[ 1 -2 -4  1  2  0  0]
[-1 -1  1 -4  1  0  0]
[ 1  1  2  1 -4  0  0]
[ 0  0  0  0  0 -6  0]
[ 0  0  0  0  0  0 -6]
Signature:  (0, 7)
Genus symbol at 2:    1^4 [2^3]_1
Genus symbol at 3:     1^-1 3^-6
above 3
glueing
Genus of
[ -4  -2   1   2   0   0   3   3   0   0   0   0]
[ -2  -4  -1   1   0   0   0   3   0   0   0   0]
[  1  -1  -2  -1   0   0  -1   0   0   0   0   0]
[  2   1  -1  -2   0   0  -1  -1   0   0   0   0]
[  0   0   0   0  -4  -2   1   1   0   0   0   0]
[  0   0   0   0  -2  -4   0   1   0   0   0   0]
[  3   0  -1  -1   1   0  -4  -2   0   0   0   0]
[  3   3   0  -1   1   1  -2  -4   0   0   0   0]
[  0   0   0   0   0   0   0   0 -12  -6  -3  -3]
[  0   0   0   0   0   0   0   0  -6 -12   0  -3]
[  0   0   0   0   0   0   0   0  -3   0   0   0]
[  0   0   0   0   0   0   0   0  -3  -3   0   0]
Signature:  (2, 10)
Genus symbol at 2:    1^12
Genus symbol at 3:     1^-6 3^-6
and
Genus of
[-4  1  2  1  1 -1  0]
[ 1 -4 -2 -1 -1  1  0]
[ 2 -2 -4 -2 -2  2  0]
[ 1 -1 -2 -4 -1  1  0]
[ 1 -1 -2 -1 -4  1  0]
[-1  1  2  1  1 -4  0]
[ 0  0  0  0  0  0 -6]
Signature:  (0, 7)
Genus symbol at 2:    1^4 [2^3]_1
Genus symbol at 3:     1^-1 3^-6
above 3
glueing
Genus of
[-4 -2  1  2  0  0  0  0  0  0  0  0]
[-2 -4 -1  1  0  0  0  0  0  0  0  0]
[ 1 -1 -2 -1  0  0  0  0  0  0  0  0]
[ 2  1 -1 -2  0  0  0  0  0  0  0  0]
[ 0  0  0  0 -4 -2  1  2  0  0  0  0]
[ 0  0  0  0 -2 -4 -1  1  0  0  0  0]
[ 0  0  0  0  1 -1 -2 -1  0  0  0  0]
[ 0  0  0  0  2  1 -1 -2  0  0  0  0]
[ 0  0  0  0  0  0  0  0 -4 -2  1  2]
[ 0  0  0  0  0  0  0  0 -2 -4 -1  1]
[ 0  0  0  0  0  0  0  0  1 -1  0  0]
[ 0  0  0  0  0  0  0  0  2  1  0  0]
Signature:  (2, 10)
Genus symbol at 2:    1^12
Genus symbol at 3:     1^-6 3^-6
and
Genus of
[-4  2  1 -1  1  0  0]
[ 2 -4 -2 -1  1  0  0]
[ 1 -2 -4  1  2  0  0]
[-1 -1  1 -4  1  0  0]
[ 1  1  2  1 -4  0  0]
[ 0  0  0  0  0 -6  0]
[ 0  0  0  0  0  0 -6]
Signature:  (0, 7)
Genus symbol at 2:    1^4 [2^3]_1
Genus symbol at 3:     1^-1 3^-6
above 3
2^1 * 3 -- 2^1
Genus of
[-8 -2 -4  1 -3  0 -1  0  0  0 -2  0  0 -3 -1 -3  1 -4  0]
[-2 -4  0  1  0  0  0  0  0  0  0  0  0  0  0  0  0  0  0]
[-4  0 -6 -1 -3  0 -1  0  0  0  2  0  1 -4 -2 -3  2  0  0]
[ 1  1 -1 -2  0  0  0  0  0  0  0  0  0  0  0  0  0  0  0]
[-3  0 -3  0 -4 -2 -1  1  0  0  0  0  0 -2 -1 -2  0  0  0]
[ 0  0  0  0 -2 -4  0  1  0  0  0  0  0  0  0  0  0  0  0]
[-1  0 -1  0 -1  0 -2 -1  0  0  0  0  1 -1 -1  0 -1  0  0]
[ 0  0  0  0  1  1 -1 -2  0  0  0  0  0  0  0  0  0  0  0]
[ 0  0  0  0  0  0  0  0 -2 -2 -1  1  0  0  0  0  0  0 -2]
[ 0  0  0  0  0  0  0  0 -2 -4  0  1  0  0  0  0  0  0  0]
[-2  0  2  0  0  0  0  0 -1  0 -8  0 -2  2  2  0 -2 -4 -4]
[ 0  0  0  0  0  0  0  0  1  1  0  0  0  0  0  0  0  0  0]
[ 0  0  1  0  0  0  1  0  0  0 -2  0 -4  2  1 -1  1  0  0]
[-3  0 -4  0 -2  0 -1  0  0  0  2  0  2 -4 -2 -1  1  0  0]
[-1  0 -2  0 -1  0 -1  0  0  0  2  0  1 -2 -4  1  2  0  0]
[-3  0 -3  0 -2  0  0  0  0  0  0  0 -1 -1  1 -4  1  0  0]
[ 1  0  2  0  0  0 -1  0  0  0 -2  0  1  1  2  1 -4  0  0]
[-4  0  0  0  0  0  0  0  0  0 -4  0  0  0  0  0  0 -6  0]
[ 0  0  0  0  0  0  0  0 -2  0 -4  0  0  0  0  0  0  0 -6]
Signature:  (2, 17)
Genus symbol at 2:    1^16 [2^3]_1
glueing
Genus of
[-4 -2  1  2  0  0  0  0  0  0  0  0]
[-2 -4 -1  1  0  0  0  0  0  0  0  0]
[ 1 -1 -2 -1  0  0  0  0  0  0  0  0]
[ 2  1 -1 -2  0  0  0  0  0  0  0  0]
[ 0  0  0  0 -4 -2  1  2  0  0  0  0]
[ 0  0  0  0 -2 -4 -1  1  0  0  0  0]
[ 0  0  0  0  1 -1 -2 -1  0  0  0  0]
[ 0  0  0  0  2  1 -1 -2  0  0  0  0]
[ 0  0  0  0  0  0  0  0 -4 -2  1  2]
[ 0  0  0  0  0  0  0  0 -2 -4 -1  1]
[ 0  0  0  0  0  0  0  0  1 -1  0  0]
[ 0  0  0  0  0  0  0  0  2  1  0  0]
Signature:  (2, 10)
Genus symbol at 2:    1^12
Genus symbol at 3:     1^-6 3^-6
and
Genus of
[-4  1  1  1  1  1  0]
[ 1 -4 -1 -1 -1 -1  0]
[ 1 -1 -4  2 -1 -1  0]
[ 1 -1  2 -4 -1 -1  0]
[ 1 -1 -1 -1 -4 -1  0]
[ 1 -1 -1 -1 -1 -4  0]
[ 0  0  0  0  0  0 -6]
Signature:  (0, 7)
Genus symbol at 2:    1^4 [2^3]_1
Genus symbol at 3:     1^-1 3^-6
above 3
2^1 * 3 -- 2^1
Genus of
[-4 -2 -1  1 -1  0 -2  0 -1  0 -4  0 -2  0  1 -1  0 -1 -2]
[-2 -4  0  1  0  0  0  0  0  0  0  0  0  0  0  0  0  0  0]
[-1  0 -4 -1 -2  0 -2  0  0  0 -4  0  1 -1 -1 -1 -2 -3 -2]
[ 1  1 -1 -2  0  0  0  0  0  0  0  0  0  0  0  0  0  0  0]
[-1  0 -2  0 -6 -2 -2  1  0  0 -2  0 -1 -2 -3  1 -2 -2  0]
[ 0  0  0  0 -2 -4  0  1  0  0  0  0  0  0  0  0  0  0  0]
[-2  0 -2  0 -2  0 -4 -1 -1  0 -4  0 -1 -1  0 -2 -2 -2  0]
[ 0  0  0  0  1  1 -1 -2  0  0  0  0  0  0  0  0  0  0  0]
[-1  0  0  0  0  0 -1  0 -2 -2 -1  1 -1  0  1 -1  0  0  0]
[ 0  0  0  0  0  0  0  0 -2 -4  0  1  0  0  0  0  0  0  0]
[-4  0 -4  0 -2  0 -4  0 -1  0 -8  0 -1 -1  1 -3 -2 -3 -4]
[ 0  0  0  0  0  0  0  0  1  1  0  0  0  0  0  0  0  0  0]
[-2  0  1  0 -1  0 -1  0 -1  0 -1  0 -4  1  1  1  1  1  0]
[ 0  0 -1  0 -2  0 -1  0  0  0 -1  0  1 -4 -1 -1 -1 -1  0]
[ 1  0 -1  0 -3  0  0  0  1  0  1  0  1 -1 -4  2 -1 -1  0]
[-1  0 -1  0  1  0 -2  0 -1  0 -3  0  1 -1  2 -4 -1 -1  0]
[ 0  0 -2  0 -2  0 -2  0  0  0 -2  0  1 -1 -1 -1 -4 -1  0]
[-1  0 -3  0 -2  0 -2  0  0  0 -3  0  1 -1 -1 -1 -1 -4  0]
[-2  0 -2  0  0  0  0  0  0  0 -4  0  0  0  0  0  0  0 -6]
Signature:  (2, 17)
Genus symbol at 2:    1^16 [2^3]_1
