1
glueing
Genus of
[-2  0  1  0  0 -1  0  0  0  0  0  0  0  0  0  0  0  0]
[ 0 -2  0  1  0  0  0  0  0  0  0  0  0  0  0  0  0  0]
[ 1  0 -2  0  1  0  0  0  0  0  0  0  0  0  0  0  0  0]
[ 0  1  0 -2  0  1  0  0  0  0  0  0  0  0  0  0  0  0]
[ 0  0  1  0 -2  0  0  0  0  0  0  0  0  0  0  0  0  0]
[-1  0  0  1  0 -2  0  0  0  0  0  0  0  0  0  0  0  0]
[ 0  0  0  0  0  0 -2  0  1  0  0 -1 -1  0  0  0  0 -1]
[ 0  0  0  0  0  0  0 -2  0  1  0  0  0 -1  0  0  0  0]
[ 0  0  0  0  0  0  1  0 -2  0  1  0  1  0 -1  0  0  0]
[ 0  0  0  0  0  0  0  1  0 -2  0  1  0  1  0 -1  0  0]
[ 0  0  0  0  0  0  0  0  1  0 -2  0  0  0  1  0 -1  0]
[ 0  0  0  0  0  0 -1  0  0  1  0 -2  0  0  0  1  0 -1]
[ 0  0  0  0  0  0 -1  0  1  0  0  0 -2  0  0 -1  1  0]
[ 0  0  0  0  0  0  0 -1  0  1  0  0  0 -2  0  0 -1  1]
[ 0  0  0  0  0  0  0  0 -1  0  1  0  0  0 -2  0  0 -1]
[ 0  0  0  0  0  0  0  0  0 -1  0  1 -1  0  0 -2  0  0]
[ 0  0  0  0  0  0  0  0  0  0 -1  0  1 -1  0  0 -2  0]
[ 0  0  0  0  0  0 -1  0  0  0  0 -1  0  1 -1  0  0 -2]
Signature:  (2, 16)
Genus symbol at 2:    1^18
Genus symbol at 7:     1^17 7^1
and
Genus of
[-4 -2]
[-2 -8]
Signature:  (0, 2)
Genus symbol at 2:    2^2
Genus symbol at 7:     1^-1 7^-1
above 7
2^1 * 7 -- 2^1
Genus of
[-6 -1  0  0 -1  0  0  0  0  0  0  0  0  0  0  0  0  0 -4 -4]
[-1 -2  0  1  0  0  0  0  0  0  0  0  0  0  0  0  0  0  0  0]
[ 0  0 -2  0  1  0  0  0  0  0  0  0  0  0  0  0  0  0  0  0]
[ 0  1  0 -2  0  1  0  0  0  0  0  0  0  0  0  0  0  0  0  0]
[-1  0  1  0 -2  0  0  0  0  0  0  0  0  0  0  0  0  0  0  0]
[ 0  0  0  1  0 -2  0  0  0  0  0  0  0  0  0  0  0  0  0  0]
[ 0  0  0  0  0  0 -2  0  1  0  0 -1 -1  0  0  0  0 -1  0  0]
[ 0  0  0  0  0  0  0 -2  0  1  0  0  0 -1  0  0  0  0  0  0]
[ 0  0  0  0  0  0  1  0 -2  0  1  0  1  0 -1  0  0  0  0  0]
[ 0  0  0  0  0  0  0  1  0 -2  0  1  0  1  0 -1  0  0  0  0]
[ 0  0  0  0  0  0  0  0  1  0 -2  0  0  0  1  0 -1  0  0  0]
[ 0  0  0  0  0  0 -1  0  0  1  0 -2  0  0  0  1  0 -1  0  0]
[ 0  0  0  0  0  0 -1  0  1  0  0  0 -2  0  0 -1  1  0  0  0]
[ 0  0  0  0  0  0  0 -1  0  1  0  0  0 -2  0  0 -1  1  0  0]
[ 0  0  0  0  0  0  0  0 -1  0  1  0  0  0 -2  0  0 -1  0  0]
[ 0  0  0  0  0  0  0  0  0 -1  0  1 -1  0  0 -2  0  0  0  0]
[ 0  0  0  0  0  0  0  0  0  0 -1  0  1 -1  0  0 -2  0  0  0]
[ 0  0  0  0  0  0 -1  0  0  0  0 -1  0  1 -1  0  0 -2  0  0]
[-4  0  0  0  0  0  0  0  0  0  0  0  0  0  0  0  0  0 -4 -2]
[-4  0  0  0  0  0  0  0  0  0  0  0  0  0  0  0  0  0 -2 -8]
Signature:  (2, 18)
Genus symbol at 2:    1^18:2^2
