1
glueing
Genus of
[-4 -2  1  2  0  0  0  0  0  0  0  0  0  0]
[-2 -4 -1  1  0  0  0  0  0  0  0  0  0  0]
[ 1 -1 -2 -1  0  0  0  0  0  0  0  0  0  0]
[ 2  1 -1 -2  0  0  0  0  0  0  0  0  0  0]
[ 0  0  0  0 -4 -2  1  2  0  0  0  0  0  0]
[ 0  0  0  0 -2 -4 -1  1  0  0  0  0  0  0]
[ 0  0  0  0  1 -1 -2 -1  0  0  0  0  0  0]
[ 0  0  0  0  2  1 -1 -2  0  0  0  0  0  0]
[ 0  0  0  0  0  0  0  0 -4 -2  1  2 -1  0]
[ 0  0  0  0  0  0  0  0 -2 -4 -1  1 -1 -1]
[ 0  0  0  0  0  0  0  0  1 -1 -2 -1  0 -1]
[ 0  0  0  0  0  0  0  0  2  1 -1 -2  1  0]
[ 0  0  0  0  0  0  0  0 -1 -1  0  1  0  0]
[ 0  0  0  0  0  0  0  0  0 -1 -1  0  0  0]
Signature:  (2, 12)
Genus symbol at 2:    1^-14
Genus symbol at 3:     1^9 3^5
and
Genus of
[-4 -2 -1 -1 -2  0]
[-2 -4 -2  1 -1  0]
[-1 -2 -4 -1 -2  0]
[-1  1 -1 -4 -2  0]
[-2 -1 -2 -2 -4  0]
[ 0  0  0  0  0 -6]
Signature:  (0, 6)
Genus symbol at 2:    1^-4 [2^2]_0
Genus symbol at 3:     1^-1 3^-5
above 3
2^1 * 3 -- 2^1
Genus of
[-10  -2  -5   1 -10   0  -3   0  -3   0   0   0   0   0  -3  -2  -4  -4  -5  -2]
[ -2  -4   0   1   0   0   0   0   0   0   0   0   0   0   0   0   0   0   0   0]
[ -5   0  -6  -1  -6   0  -2   0  -2   0   0   0   0   0  -4  -2  -2  -2  -4   0]
[  1   1  -1  -2   0   0   0   0   0   0   0   0   0   0   0   0   0   0   0   0]
[-10   0  -6   0 -14  -2  -3   1  -3   0   0   0   0   0  -4  -3  -5  -4  -5  -4]
[  0   0   0   0  -2  -4   0   1   0   0   0   0   0   0   0   0   0   0   0   0]
[ -3   0  -2   0  -3   0  -2  -1  -1   0   0   0   0   0  -1  -1  -2  -1  -2   0]
[  0   0   0   0   1   1  -1  -2   0   0   0   0   0   0   0   0   0   0   0   0]
[ -3   0  -2   0  -3   0  -1   0  -4  -2  -2  -1   0  -1  -1   0  -1  -2  -2   0]
[  0   0   0   0   0   0   0   0  -2  -4  -1   1  -1  -1   0   0   0   0   0   0]
[  0   0   0   0   0   0   0   0  -2  -1  -2  -1   0  -1   0   0   0   0   0   0]
[  0   0   0   0   0   0   0   0  -1   1  -1  -2   1   0   0   0   0   0   0   0]
[  0   0   0   0   0   0   0   0   0  -1   0   1   0   0   0   0   0   0   0   0]
[  0   0   0   0   0   0   0   0  -1  -1  -1   0   0   0   0   0   0   0   0   0]
[ -3   0  -4   0  -4   0  -1   0  -1   0   0   0   0   0  -4  -2  -1  -1  -2   0]
[ -2   0  -2   0  -3   0  -1   0   0   0   0   0   0   0  -2  -4  -2   1  -1   0]
[ -4   0  -2   0  -5   0  -2   0  -1   0   0   0   0   0  -1  -2  -4  -1  -2   0]
[ -4   0  -2   0  -4   0  -1   0  -2   0   0   0   0   0  -1   1  -1  -4  -2   0]
[ -5   0  -4   0  -5   0  -2   0  -2   0   0   0   0   0  -2  -1  -2  -2  -4   0]
[ -2   0   0   0  -4   0   0   0   0   0   0   0   0   0   0   0   0   0   0  -6]
Signature:  (2, 18)
Genus symbol at 2:    1^18 [2^2]_0
glueing
Genus of
[ -4  -2   1   2   0   0  -2  -2   0   0   3   3   0   0]
[ -2  -4  -1   1   0   0   0  -2   0   0   0   3   0   0]
[  1  -1  -2  -1   0   0   1   0   0   0  -2   0   0   0]
[  2   1  -1  -2   0   0   1   1   0   0  -2  -2   0   0]
[  0   0   0   0  -4  -2   1   1   0   0   0   0   0   0]
[  0   0   0   0  -2  -4   0   1   0   0   0   0   0   0]
[ -2   0   1   1   1   0  -2  -1   0   0   2   1   0   0]
[ -2  -2   0   1   1   1  -1  -2   0   0   1   2   0   0]
[  0   0   0   0   0   0   0   0 -12  -6   2   1  -6  -6]
[  0   0   0   0   0   0   0   0  -6 -12   1   2   0  -6]
[  3   0  -2  -2   0   0   2   1   2   1  -4  -2   1   1]
[  3   3   0  -2   0   0   1   2   1   2  -2  -4   0   1]
[  0   0   0   0   0   0   0   0  -6   0   1   0  -2  -1]
[  0   0   0   0   0   0   0   0  -6  -6   1   1  -1  -2]
Signature:  (2, 12)
Genus symbol at 2:    1^-14
Genus symbol at 3:     1^9 3^5
and
Genus of
[-4 -2 -1 -1 -2  0]
[-2 -4 -2  1 -1  0]
[-1 -2 -4 -1 -2  0]
[-1  1 -1 -4 -2  0]
[-2 -1 -2 -2 -4  0]
[ 0  0  0  0  0 -6]
Signature:  (0, 6)
Genus symbol at 2:    1^-4 [2^2]_0
Genus symbol at 3:     1^-1 3^-5
above 3
