1
glueing
Genus of
[ -4  -2   1   2   0   0   0   0   0   0   3   3   0   0]
[ -2  -4  -1   1   0   0   0   0   0   0   0   3   0   0]
[  1  -1  -2  -1   0   0   0   0   0   0  -2   0   0   0]
[  2   1  -1  -2   0   0   0   0   0   0  -2  -2   0   0]
[  0   0   0   0  -4  -2   1   2   0   0   0   0   0   0]
[  0   0   0   0  -2  -4  -1   1   0   0   0   0   0   0]
[  0   0   0   0   1  -1  -2  -1   0   0   0   0   0   0]
[  0   0   0   0   2   1  -1  -2   0   0   0   0   0   0]
[  0   0   0   0   0   0   0   0 -12  -6   2   1  -6  -6]
[  0   0   0   0   0   0   0   0  -6 -12   1   2   0  -6]
[  3   0  -2  -2   0   0   0   0   2   1  -4  -2   1   1]
[  3   3   0  -2   0   0   0   0   1   2  -2  -4   0   1]
[  0   0   0   0   0   0   0   0  -6   0   1   0  -2  -1]
[  0   0   0   0   0   0   0   0  -6  -6   1   1  -1  -2]
Signature:  (2, 12)
Genus symbol at 2:    1^-14
Genus symbol at 3:     1^-7 3^-7
and
Genus of
[-6 -3 -3  0 -3  0  0]
[-3 -6 -3  3 -3  0  0]
[-3 -3 -6  3 -3 -3  3]
[ 0  3  3 -6  3  3 -3]
[-3 -3 -3  3 -6 -3  3]
[ 0  0 -3  3 -3 -6  3]
[ 0  0  3 -3  3  3 -6]
Signature:  (0, 7)
Genus symbol at 2:    1^-6 [2^1]_7
Genus symbol at 3:     3^7
above 3
glueing
Genus of
[-4 -2  1  2  0  0  0  0  0  0  0  0  0  0]
[-2 -4 -1  1  0  0  0  0  0  0  0  0  0  0]
[ 1 -1 -2 -1  0  0  0  0  0  0  0  0  0  0]
[ 2  1 -1 -2  0  0  0  0  0  0  0  0  0  0]
[ 0  0  0  0 -4 -2  1  2  0  0  0  0  0  0]
[ 0  0  0  0 -2 -4 -1  1  0  0  0  0  0  0]
[ 0  0  0  0  1 -1 -2 -1  0  0  0  0  0  0]
[ 0  0  0  0  2  1 -1 -2  0  0  0  0  0  0]
[ 0  0  0  0  0  0  0  0 -4 -2  1  2  0  0]
[ 0  0  0  0  0  0  0  0 -2 -4 -1  1  0  0]
[ 0  0  0  0  0  0  0  0  1 -1 -2 -1  0  0]
[ 0  0  0  0  0  0  0  0  2  1 -1 -2  0  0]
[ 0  0  0  0  0  0  0  0  0  0  0  0  2  1]
[ 0  0  0  0  0  0  0  0  0  0  0  0  1  2]
Signature:  (2, 12)
Genus symbol at 2:    1^-14
Genus symbol at 3:     1^-7 3^-7
and
Genus of
[-6  3  0  3  3  3 -3]
[ 3 -6 -3 -3 -3 -3  3]
[ 0 -3 -6  0 -3 -3  3]
[ 3 -3  0 -6  0 -3  3]
[ 3 -3 -3  0 -6 -3  3]
[ 3 -3 -3 -3 -3 -6  3]
[-3  3  3  3  3  3 -6]
Signature:  (0, 7)
Genus symbol at 2:    1^-6 [2^1]_7
Genus symbol at 3:     3^7
above 3
2^1 * 3 -- 2^1
Genus
Signature:  (2, 19)
Genus symbol at 2:    1^20 [2^1]_7
glueing
Genus of
[-4 -2  1  2  0  0  0  0  0  0 -3 -3  0  0  0  0]
[-2 -4 -1  1  0  0  0  0  0  0  0 -3  0  0  0  0]
[ 1 -1 -2 -1  0  0  0  0  0  0  1  0  0  0  0  0]
[ 2  1 -1 -2  0  0  0  0  0  0  1  1  0  0  0  0]
[ 0  0  0  0 -4 -2  1  2  0  0  2  2  0  0  0  0]
[ 0  0  0  0 -2 -4 -1  1  0  0  0  2  0  0  0  0]
[ 0  0  0  0  1 -1 -2 -1  0  0 -1  0  0  0  0  0]
[ 0  0  0  0  2  1 -1 -2  0  0 -1 -1  0  0  0  0]
[ 0  0  0  0  0  0  0  0 -4 -2 -3 -3  0  0  0  0]
[ 0  0  0  0  0  0  0  0 -2 -4  0 -3  0  0  0  0]
[-3  0  1  1  2  0 -1 -1 -3  0 -8 -4  0  0  0  0]
[-3 -3  0  1  2  2  0 -1 -3 -3 -4 -8  0  0  0  0]
[ 0  0  0  0  0  0  0  0  0  0  0  0 -4 -2  1  1]
[ 0  0  0  0  0  0  0  0  0  0  0  0 -2 -4  0  1]
[ 0  0  0  0  0  0  0  0  0  0  0  0  1  0  0  0]
[ 0  0  0  0  0  0  0  0  0  0  0  0  1  1  0  0]
Signature:  (2, 14)
Genus symbol at 2:    1^16
Genus symbol at 3:     1^-12 3^-4
and
Genus of
[-4 -2 -1  2 -1]
[-2 -4 -2  1  1]
[-1 -2 -4 -1 -1]
[ 2  1 -1 -4 -1]
[-1  1 -1 -1 -4]
Signature:  (0, 5)
Genus symbol at 2:    1^4 [2^1]_7
Genus symbol at 3:     1^-1 3^-4
above 3
2^1 * 3 -- 2^1
Genus
Signature:  (2, 19)
Genus symbol at 2:    1^20 [2^1]_7
