1
7^1 * 2 -- 7^1
Genus of
[-2  1  0 -2  2  0]
[ 1 -2  1  0 -2  2]
[ 0  1 -2  1  0 -2]
[-2  0  1 -2  1  0]
[ 2 -2  0  1 -2  1]
[ 0  2 -2  0  1 -2]
Signature:  (2, 4)
Genus symbol at 2:    1^6
Genus symbol at 7:     1^-5 7^-1
glueing
Genus of
[-4 -2 -2]
[-2 -4 -2]
[-2 -2 -6]
Signature:  (0, 3)
Genus symbol at 2:    [2^3]_3
Genus symbol at 7:     1^-2 7^1
and
Genus of
[ 0  0  0  0  0  0  0  0  0  0  0  0  1]
[ 0 -2 -1  1  1  1 -1  1  1  0  0  0  0]
[ 0 -1 -2  1  1  1 -1  1  1  0  0  0  0]
[ 0  1  1 -2  0 -1  0  0  0  0  0  0  0]
[ 0  1  1  0 -2 -1  1 -1 -1  0  0  0  0]
[ 0  1  1 -1 -1 -2  1 -1 -1  0  0  0  0]
[ 0 -1 -1  0  1  1 -2  1  1  0  0  0  0]
[ 0  1  1  0 -1 -1  1 -2 -1  0  0  0  0]
[ 0  1  1  0 -1 -1  1 -1 -2  0  0  0  0]
[ 0  0  0  0  0  0  0  0  0 -2  0  0  0]
[ 0  0  0  0  0  0  0  0  0  0 -2  0  0]
[ 0  0  0  0  0  0  0  0  0  0  0 -2  0]
[ 1  0  0  0  0  0  0  0  0  0  0  0  0]
Signature:  (1, 12)
Genus symbol at 2:    1^10 [2^3]_5
above 2
glueing
Genus of
[-4  2  2  2 -2  2]
[ 2 -4 -2 -2  2 -2]
[ 2 -2 -4 -2  2 -2]
[ 2 -2 -2 -4  2 -2]
[-2  2  2  2 -4  2]
[ 2 -2 -2 -2  2 -4]
Signature:  (0, 6)
Genus symbol at 2:    2^6
Genus symbol at 7:     1^5 7^1
and
Genus of
[ 0  0  0  0  0  0  0  0  0  2]
[ 0 -2 -1  1  1  0  0  0  0  0]
[ 0 -1 -2  0  0  0  0  0  0  0]
[ 0  1  0 -2  0  0  0  0  0  0]
[ 0  1  0  0 -2  0  0  0  0  0]
[ 0  0  0  0  0 -2 -1  1  1  0]
[ 0  0  0  0  0 -1 -2  0  1  0]
[ 0  0  0  0  0  1  0 -2 -1  0]
[ 0  0  0  0  0  1  1 -1 -2  0]
[ 2  0  0  0  0  0  0  0  0  0]
Signature:  (1, 9)
Genus symbol at 2:    1^4:2^6
above 2
glueing
Genus of
[-4 -2  2 -2  2  0 -2  0]
[-2 -4  2  0  2 -2 -2  2]
[ 2  2 -4  2 -2  0  0 -2]
[-2  0  2 -4  2  0  0  0]
[ 2  2 -2  2 -4  2  2 -2]
[ 0 -2  0  0  2 -4 -2  2]
[-2 -2  0  0  2 -2 -4  0]
[ 0  2 -2  0 -2  2  0 -4]
Signature:  (0, 8)
Genus symbol at 2:    2^8
and
Genus of
[ 0  0  0  0  0  0  0  2]
[ 0 -4 -2 -2 -2 -2 -2  0]
[ 0 -2 -4 -2 -2 -2 -2  0]
[ 0 -2 -2 -4 -2 -2 -2  0]
[ 0 -2 -2 -2 -4 -2 -2  0]
[ 0 -2 -2 -2 -2 -4 -2  0]
[ 0 -2 -2 -2 -2 -2 -4  0]
[ 2  0  0  0  0  0  0  0]
Signature:  (1, 7)
Genus symbol at 2:    2^8
Genus symbol at 7:     1^-7 7^1
above 2
glueing
Genus of
[-4  2  2  0  2 -2  0  0]
[ 2 -4 -2 -2 -2  2 -2 -2]
[ 2 -2 -4  0  0  0 -2 -2]
[ 0 -2  0 -4  0  2 -2 -2]
[ 2 -2  0  0 -4  2  0  0]
[-2  2  0  2  2 -4  0  0]
[ 0 -2 -2 -2  0  0 -6 -4]
[ 0 -2 -2 -2  0  0 -4 -6]
Signature:  (0, 8)
Genus symbol at 2:    [2^8]_6
Genus symbol at 7:     1^7 7^1
and
Genus of
[ 0  0  0  0  0  0  0  2]
[ 0 -2  0  0  0  0  0  0]
[ 0  0 -2  0  0  0  0  0]
[ 0  0  0 -2  0  0  0  0]
[ 0  0  0  0 -2  0  0  0]
[ 0  0  0  0  0 -2  0  0]
[ 0  0  0  0  0  0 -2  0]
[ 2  0  0  0  0  0  0  0]
Signature:  (1, 7)
Genus symbol at 2:    [2^8]_2
above 2
