1
glueing
Genus of
[-4  2  0 -4  4  0]
[ 2 -4  2  0 -4  4]
[ 0  2 -4  2  0 -4]
[-4  0  2 -4  2  0]
[ 4 -4  0  2 -4  2]
[ 0  4 -4  0  2 -4]
Signature:  (2, 4)
Genus symbol at 2:    2^6
Genus symbol at 7:     1^-5 7^-1
and
Genus of
[ -6   2  -1   2   2  -1   6  -5   1  -4  -3  10]
[  2  -6   2  -1   2   2  -5   6  -5   1  -4  -3]
[ -1   2  -6   2  -1   2  10  -5   6  -5   1  -4]
[  2  -1   2  -6   2  -1  -3  10  -5   6  -5   1]
[  2   2  -1   2  -6   2  -4  -3  10  -5   6  -5]
[ -1   2   2  -1   2  -6   1  -4  -3  10  -5   6]
[  6  -5  10  -3  -4   1 -26  12  -2   3   3  -2]
[ -5   6  -5  10  -3  -4  12 -26  12  -2   3   3]
[  1  -5   6  -5  10  -3  -2  12 -26  12  -2   3]
[ -4   1  -5   6  -5  10   3  -2  12 -26  12  -2]
[ -3  -4   1  -5   6  -5   3   3  -2  12 -26  12]
[ 10  -3  -4   1  -5   6  -2   3   3  -2  12 -26]
Signature:  (0, 12)
Genus symbol at 2:    1^6:2^6
Genus symbol at 7:     1^10 7^2
above 2
7^1 * 2 -- 7^1
Genus of
[-10   0  -8  -7  -1  -7   2  -1  -3   0   0  -2   5  -5   4   7  -8  -5]
[  0 -16   6  -8   3  -5  -2   0   0   5  -6   2  -6  -8  15  -9  -1   3]
[ -8   6 -16  -5  -7  -7   1  -2   0   0   5  -6   6  -6  -8  15  -9  -1]
[ -7  -8  -5 -16   4  -8  -2  -1   2   0   0  -5  -3  -6   6   8 -15   9]
[ -1   3  -7   4 -10   0   0   0  -2   4   2  -1   7  -8  -5   2   5  -5]
[ -7  -5  -7  -8   0 -16   5  -6   2   1  -2   0  -9  -1   3   6  -6  -8]
[  2  -2   1  -2   0   5  -6   2  -1   2   2  -1   6  -5   1  -4  -3  10]
[ -1   0  -2  -1   0  -6   2  -6   2  -1   2   2  -5   6  -5   1  -4  -3]
[ -3   0   0   2  -2   2  -1   2  -6   2  -1   2  10  -5   6  -5   1  -4]
[  0   5   0   0   4   1   2  -1   2  -6   2  -1  -3  10  -5   6  -5   1]
[  0  -6   5   0   2  -2   2   2  -1   2  -6   2  -4  -3  10  -5   6  -5]
[ -2   2  -6  -5  -1   0  -1   2   2  -1   2  -6   1  -4  -3  10  -5   6]
[  5  -6   6  -3   7  -9   6  -5  10  -3  -4   1 -26  12  -2   3   3  -2]
[ -5  -8  -6  -6  -8  -1  -5   6  -5  10  -3  -4  12 -26  12  -2   3   3]
[  4  15  -8   6  -5   3   1  -5   6  -5  10  -3  -2  12 -26  12  -2   3]
[  7  -9  15   8   2   6  -4   1  -5   6  -5  10   3  -2  12 -26  12  -2]
[ -8  -1  -9 -15   5  -6  -3  -4   1  -5   6  -5   3   3  -2  12 -26  12]
[ -5   3  -1   9  -5  -8  10  -3  -4   1  -5   6  -2   3   3  -2  12 -26]
Signature:  (2, 16)
Genus symbol at 2:    1^18
Genus symbol at 7:     1^-15 7^-3
glueing
Genus of
[-14]
Signature:  (0, 1)
Genus symbol at 2:    [2^1]_1
Genus symbol at 7:     7^-1
and
Genus of
[ 0  0  7]
[ 0 -2  0]
[ 7  0  0]
Signature:  (1, 2)
Genus symbol at 2:    1^2 [2^1]_7
Genus symbol at 7:     1^-1 7^-2
above 2
glueing
Genus of
[-4 -2]
[-2 -8]
Signature:  (0, 2)
Genus symbol at 2:    2^2
Genus symbol at 7:     1^-1 7^-1
and
Genus of
[ 0 14]
[14  0]
Signature:  (1, 1)
Genus symbol at 2:    2^2
Genus symbol at 7:     7^-2
above 2
glueing
Genus of
[-14   0]
[  0 -14]
Signature:  (0, 2)
Genus symbol at 2:    [2^2]_2
Genus symbol at 7:     7^2
and
Genus of
[-4  2]
[ 2  6]
Signature:  (1, 1)
Genus symbol at 2:    [2^2]_6
Genus symbol at 7:     1^-1 7^1
above 2
glueing
Genus of
[-2  0  1  0  0 -1  0  1  0 -1  0  0]
[ 0 -2  0  1  0  0  0  0  1  0 -1  0]
[ 1  0 -2  0  1  0  0  0  0  1  0 -1]
[ 0  1  0 -2  0  1  0  0  0  0  1  0]
[ 0  0  1  0 -2  0  1  0  0  0  0  1]
[-1  0  0  1  0 -2  0  1  0  0  0  0]
[ 0  0  0  0  1  0 -2  0  0 -1  1  0]
[ 1  0  0  0  0  1  0 -2  0  0 -1  1]
[ 0  1  0  0  0  0  0  0 -2  0  0 -1]
[-1  0  1  0  0  0 -1  0  0 -2  0  0]
[ 0 -1  0  1  0  0  1 -1  0  0 -2  0]
[ 0  0 -1  0  1  0  0  1 -1  0  0 -2]
Signature:  (2, 10)
Genus symbol at 2:    1^12
and
Genus of
[-4  2 -1  1  1 -1]
[ 2 -4  2 -1  1  1]
[-1  2 -4  2 -1  1]
[ 1 -1  2 -4  2 -1]
[ 1  1 -1  2 -4  2]
[-1  1  1 -1  2 -4]
Signature:  (0, 6)
Genus symbol at 2:    1^6
Genus symbol at 7:     1^-3 7^-3
above 2
glueing
Genus of
[-2  0  1  0  0 -1  1  0 -1  0  0  1]
[ 0 -2  0  1  0  0 -1  1  0 -1  0  0]
[ 1  0 -2  0  1  0 -1 -1  1  0 -1  0]
[ 0  1  0 -2  0  1  0 -1 -1  1  0 -1]
[ 0  0  1  0 -2  0  0  0 -1 -1  1  0]
[-1  0  0  1  0 -2  1  0  0 -1 -1  1]
[ 1 -1 -1  0  0  1 -4  0  0 -2  2  0]
[ 0  1 -1 -1  0  0  0 -4  0  0 -2  2]
[-1  0  1 -1 -1  0  0  0 -4  0  0 -2]
[ 0 -1  0  1 -1 -1 -2  0  0 -4  0  0]
[ 0  0 -1  0  1 -1  2 -2  0  0 -4  0]
[ 1  0  0 -1  0  1  0  2 -2  0  0 -4]
Signature:  (2, 10)
Genus symbol at 2:    1^6:2^6
and
Genus of
[-8  4 -2  2  2 -2]
[ 4 -8  4 -2  2  2]
[-2  4 -8  4 -2  2]
[ 2 -2  4 -8  4 -2]
[ 2  2 -2  4 -8  4]
[-2  2  2 -2  4 -8]
Signature:  (0, 6)
Genus symbol at 2:    2^6
Genus symbol at 7:     1^-3 7^-3
above 2
glueing
Genus of
[-2  0  1  0  0 -1  0  0  0  0  0  0]
[ 0 -2  0  1  0  0  0  0  0  0  0  0]
[ 1  0 -2  0  1  0  0  0  0  0  0  0]
[ 0  1  0 -2  0  1  0  0  0  0  0  0]
[ 0  0  1  0 -2  0  0  0  0  0  0  0]
[-1  0  0  1  0 -2  0  0  0  0  0  0]
[ 0  0  0  0  0  0 -4  2  0 -4  4  0]
[ 0  0  0  0  0  0  2 -4  2  0 -4  4]
[ 0  0  0  0  0  0  0  2 -4  2  0 -4]
[ 0  0  0  0  0  0 -4  0  2 -4  2  0]
[ 0  0  0  0  0  0  4 -4  0  2 -4  2]
[ 0  0  0  0  0  0  0  4 -4  0  2 -4]
Signature:  (2, 10)
Genus symbol at 2:    1^6:2^6
Genus symbol at 7:     1^-10 7^-2
and
Genus of
[-4  2  0  0  0  0]
[ 2 -4  2  0  0  0]
[ 0  2 -4  2  0  0]
[ 0  0  2 -4  2  0]
[ 0  0  0  2 -4  2]
[ 0  0  0  0  2 -4]
Signature:  (0, 6)
Genus symbol at 2:    2^6
Genus symbol at 7:     1^5 7^1
above 2
7^1 * 2 -- 7^1
Genus of
[-2  0  1  0  0 -1  0  0  0  0  0  0  0  0  0  0  0  0]
[ 0 -2  0  1  0  0  0  0  0  0  0  0  0  0  0  0  0  0]
[ 1  0 -2  0  1  0  0  0  0  0  0  0  0  0  0  0  0  0]
[ 0  1  0 -2  0  1  0  0  0  0  0  0  0  0  0  0  0  0]
[ 0  0  1  0 -2  0  0  0  0  0  0  0  0  0  0  0  0  0]
[-1  0  0  1  0 -2  0  0  0  0  0  0  0  0  0  0  0  0]
[ 0  0  0  0  0  0 -2  1  0 -1  1  0 -2  1  0  0  0  0]
[ 0  0  0  0  0  0  1 -2  1  0 -1  1  1 -2  1  0  0  0]
[ 0  0  0  0  0  0  0  1 -2  1  0 -1  0  1 -2  1  0  0]
[ 0  0  0  0  0  0 -1  0  1 -2  1  0  0  0  1 -2  1  0]
[ 0  0  0  0  0  0  1 -1  0  1 -2  1  0  0  0  1 -2  1]
[ 0  0  0  0  0  0  0  1 -1  0  1 -2  0  0  0  0  1 -2]
[ 0  0  0  0  0  0 -2  1  0  0  0  0 -4  2  0  0  0  0]
[ 0  0  0  0  0  0  1 -2  1  0  0  0  2 -4  2  0  0  0]
[ 0  0  0  0  0  0  0  1 -2  1  0  0  0  2 -4  2  0  0]
[ 0  0  0  0  0  0  0  0  1 -2  1  0  0  0  2 -4  2  0]
[ 0  0  0  0  0  0  0  0  0  1 -2  1  0  0  0  2 -4  2]
[ 0  0  0  0  0  0  0  0  0  0  1 -2  0  0  0  0  2 -4]
Signature:  (2, 16)
Genus symbol at 2:    1^18
Genus symbol at 7:     1^-15 7^-3
glueing
Genus of
[-14]
Signature:  (0, 1)
Genus symbol at 2:    [2^1]_1
Genus symbol at 7:     7^-1
and
Genus of
[ 0  0  7]
[ 0 -2  0]
[ 7  0  0]
Signature:  (1, 2)
Genus symbol at 2:    1^2 [2^1]_7
Genus symbol at 7:     1^-1 7^-2
above 2
glueing
Genus of
[-4 -2]
[-2 -8]
Signature:  (0, 2)
Genus symbol at 2:    2^2
Genus symbol at 7:     1^-1 7^-1
and
Genus of
[ 0 14]
[14  0]
Signature:  (1, 1)
Genus symbol at 2:    2^2
Genus symbol at 7:     7^-2
above 2
glueing
Genus of
[-14   0]
[  0 -14]
Signature:  (0, 2)
Genus symbol at 2:    [2^2]_2
Genus symbol at 7:     7^2
and
Genus of
[-4  2]
[ 2  6]
Signature:  (1, 1)
Genus symbol at 2:    [2^2]_6
Genus symbol at 7:     1^-1 7^1
above 2
7^1 * 2 -- 7^1
Genus of
[-2  0  1  0  0 -1  0  0  0  0  0  0  0  0  0  0  0  0]
[ 0 -2  0  1  0  0  0  0  0  0  0  0  0  0  0  0  0  0]
[ 1  0 -2  0  1  0  0  0  0  0  0  0  0  0  0  0  0  0]
[ 0  1  0 -2  0  1  0  0  0  0  0  0  0  0  0  0  0  0]
[ 0  0  1  0 -2  0  0  0  0  0  0  0  0  0  0  0  0  0]
[-1  0  0  1  0 -2  0  0  0  0  0  0  0  0  0  0  0  0]
[ 0  0  0  0  0  0 -2  0  1  0  0 -1  0  0  0  0  0  0]
[ 0  0  0  0  0  0  0 -2  0  1  0  0  0  0  0  0  0  0]
[ 0  0  0  0  0  0  1  0 -2  0  1  0  0  0  0  0  0  0]
[ 0  0  0  0  0  0  0  1  0 -2  0  1  0  0  0  0  0  0]
[ 0  0  0  0  0  0  0  0  1  0 -2  0  0  0  0  0  0  0]
[ 0  0  0  0  0  0 -1  0  0  1  0 -2  0  0  0  0  0  0]
[ 0  0  0  0  0  0  0  0  0  0  0  0 -2  1  0 -2  2  0]
[ 0  0  0  0  0  0  0  0  0  0  0  0  1 -2  1  0 -2  2]
[ 0  0  0  0  0  0  0  0  0  0  0  0  0  1 -2  1  0 -2]
[ 0  0  0  0  0  0  0  0  0  0  0  0 -2  0  1 -2  1  0]
[ 0  0  0  0  0  0  0  0  0  0  0  0  2 -2  0  1 -2  1]
[ 0  0  0  0  0  0  0  0  0  0  0  0  0  2 -2  0  1 -2]
Signature:  (2, 16)
Genus symbol at 2:    1^18
Genus symbol at 7:     1^-15 7^-3
glueing
Genus of
[-14]
Signature:  (0, 1)
Genus symbol at 2:    [2^1]_1
Genus symbol at 7:     7^-1
and
Genus of
[ 0  0  7]
[ 0 -2  0]
[ 7  0  0]
Signature:  (1, 2)
Genus symbol at 2:    1^2 [2^1]_7
Genus symbol at 7:     1^-1 7^-2
above 2
glueing
Genus of
[-4 -2]
[-2 -8]
Signature:  (0, 2)
Genus symbol at 2:    2^2
Genus symbol at 7:     1^-1 7^-1
and
Genus of
[ 0 14]
[14  0]
Signature:  (1, 1)
Genus symbol at 2:    2^2
Genus symbol at 7:     7^-2
above 2
glueing
Genus of
[-14   0]
[  0 -14]
Signature:  (0, 2)
Genus symbol at 2:    [2^2]_2
Genus symbol at 7:     7^2
and
Genus of
[-4  2]
[ 2  6]
Signature:  (1, 1)
Genus symbol at 2:    [2^2]_6
Genus symbol at 7:     1^-1 7^1
above 2
