1
3^2 * 2 -- 3^2
Genus of
[ 0  2  1  0  1 -1]
[ 2  0  2  1  0  1]
[ 1  2  0  2  1  0]
[ 0  1  2  0  2  1]
[ 1  0  1  2  0  2]
[-1  1  0  1  2  0]
Signature:  (2, 4)
Genus symbol at 2:    1^-6
Genus symbol at 3:     1^-3 3^-3
3^1 * 2 -- 3^1
Genus of
[-6  3  3 -3]
[ 3 -6  0  3]
[ 3  0 -4  2]
[-3  3  2 -4]
Signature:  (0, 4)
Genus symbol at 2:    1^4
Genus symbol at 3:     1^-1 3^2 9^-1
glueing
Genus of
[-4 -2]
[-2 -4]
Signature:  (0, 2)
Genus symbol at 2:    2^-2
Genus symbol at 3:     1^-1 3^-1
and
Genus of
[-12   6]
[  6 -12]
Signature:  (0, 2)
Genus symbol at 2:    2^-2
Genus symbol at 3:     3^-1 9^-1
above 2
3^1 * 2 -- 3^1
Genus of
[ -4   1  -6   3]
[  1  -4   3  -6]
[ -6   3 -12   6]
[  3  -6   6 -12]
Signature:  (0, 4)
Genus symbol at 2:    1^4
Genus symbol at 3:     1^-1 3^2 9^-1
obstructed
glueing
Genus of
[-12  -6]
[ -6 -12]
Signature:  (0, 2)
Genus symbol at 2:    2^-2
Genus symbol at 3:     3^-1 9^-1
and
Genus of
[-4  2]
[ 2 -4]
Signature:  (0, 2)
Genus symbol at 2:    2^-2
Genus symbol at 3:     1^-1 3^-1
above 2
3^1 * 2 -- 3^1
Genus of
[-4 -1 -2  1]
[-1 -4  1 -2]
[-2  1 -4  2]
[ 1 -2  2 -4]
Signature:  (0, 4)
Genus symbol at 2:    1^4
Genus symbol at 3:     1^-1 3^2 9^-1
3^1 * 2 -- 3^1
Genus of
[-4 -2  3  3]
[-2 -4  0  3]
[ 3  0 -6 -3]
[ 3  3 -3 -6]
Signature:  (0, 4)
Genus symbol at 2:    1^4
Genus symbol at 3:     1^-1 3^2 9^-1
obstructed
obstructed
obstructed
obstructed
