1
3^2 * 2 -- 3^2
Genus of
[-4  0  2 -2 -2  2  1 -1  0  2  0 -1 -1  0  1  0 -1  1]
[ 0 -4  0  2 -2 -2  1  1 -1  0  2  0  0 -1  0  1  0 -1]
[ 2  0 -4  0  2 -2 -1  1  1 -1  0  2  1  0 -1  0  1  0]
[-2  2  0 -4  0  2 -1 -1  1  1 -1  0 -1  1  0 -1  0  1]
[-2 -2  2  0 -4  0  1 -1 -1  1  1 -1 -1 -1  1  0 -1  0]
[ 2 -2 -2  2  0 -4  0  1 -1 -1  1  1  1 -1 -1  1  0 -1]
[ 1  1 -1 -1  1  0 -2  0  1 -1 -1  1  0  1 -1 -1  1  0]
[-1  1  1 -1 -1  1  0 -2  0  1 -1 -1 -1  0  1 -1 -1  1]
[ 0 -1  1  1 -1 -1  1  0 -2  0  1 -1  0 -1  0  1 -1 -1]
[ 2  0 -1  1  1 -1 -1  1  0 -2  0  1  1  0 -1  0  1 -1]
[ 0  2  0 -1  1  1 -1 -1  1  0 -2  0  0  1  0 -1  0  1]
[-1  0  2  0 -1  1  1 -1 -1  1  0 -2 -1  0  1  0 -1  0]
[-1  0  1 -1 -1  1  0 -1  0  1  0 -1 -2  1  1 -1  0  0]
[ 0 -1  0  1 -1 -1  1  0 -1  0  1  0  1 -2  1  1 -1  0]
[ 1  0 -1  0  1 -1 -1  1  0 -1  0  1  1  1 -2  1  1 -1]
[ 0  1  0 -1  0  1 -1 -1  1  0 -1  0 -1  1  1 -2  1  1]
[-1  0  1  0 -1  0  1 -1 -1  1  0 -1  0 -1  1  1 -2  1]
[ 1 -1  0  1  0 -1  0  1 -1 -1  1  0  0  0 -1  1  1 -2]
Signature:  (2, 16)
Genus symbol at 2:    1^-18
Genus symbol at 3:     1^-17 3^-1
glueing
Genus of
[-6]
Signature:  (0, 1)
Genus symbol at 2:    [2^-1]_5
Genus symbol at 3:     3^1
and
Genus of
[ 0  0  1]
[ 0 -2  0]
[ 1  0  0]
Signature:  (1, 2)
Genus symbol at 2:    1^2 [2^1]_7
above 2
