1
3^2 * 2 -- 3^2
Genus of
[ 0  2  1  0  1 -1]
[ 2  0  2  1  0  1]
[ 1  2  0  2  1  0]
[ 0  1  2  0  2  1]
[ 1  0  1  2  0  2]
[-1  1  0  1  2  0]
Signature:  (2, 4)
Genus symbol at 2:    1^-6
Genus symbol at 3:     1^-3 3^-3
3^1 * 2 -- 3^1
Genus of
[-8  4  2 -4  2 -4  3 -3 -1  2]
[ 4 -8  2  2  2  2  0  3 -1 -1]
[ 2  2 -4  2 -2  1 -3  0  0  0]
[-4  2  2 -4  1 -2  3 -3  0  0]
[ 2  2 -2  1 -4  2 -3  0  0  0]
[-4  2  1 -2  2 -4  3 -3  0  0]
[ 3  0 -3  3 -3  3 -6  3  0  0]
[-3  3  0 -3  0 -3  3 -6  0  0]
[-1 -1  0  0  0  0  0  0 -4  2]
[ 2 -1  0  0  0  0  0  0  2 -4]
Signature:  (0, 10)
Genus symbol at 2:    1^-10
Genus symbol at 3:     1^-4 3^5 9^-1
glueing
Genus of
[-4 -2]
[-2 -4]
Signature:  (0, 2)
Genus symbol at 2:    2^-2
Genus symbol at 3:     1^-1 3^-1
and
Genus of
[-14   7  -5   1  -5   1   6  -3]
[  7 -14   4  -5   4  -5  -3   6]
[ -5   4  -4   2  -2   1   3  -3]
[  1  -5   2  -4   1  -2   0   3]
[ -5   4  -2   1  -4   2   3  -3]
[  1  -5   1  -2   2  -4   0   3]
[  6  -3   3   0   3   0  -6   3]
[ -3   6  -3   3  -3   3   3  -6]
Signature:  (0, 8)
Genus symbol at 2:    1^-6:2^-2
Genus symbol at 3:     1^3 3^-4 9^-1
above 2
3^1 * 2 -- 3^1
Genus of
[ -8   3  -9   6  -4   2  -4   2   3  -3]
[  3  -8   3  -9   2  -4   2  -4   0   3]
[ -9   3 -14   7  -5   1  -5   1   6  -3]
[  6  -9   7 -14   4  -5   4  -5  -3   6]
[ -4   2  -5   4  -4   2  -2   1   3  -3]
[  2  -4   1  -5   2  -4   1  -2   0   3]
[ -4   2  -5   4  -2   1  -4   2   3  -3]
[  2  -4   1  -5   1  -2   2  -4   0   3]
[  3   0   6  -3   3   0   3   0  -6   3]
[ -3   3  -3   6  -3   3  -3   3   3  -6]
Signature:  (0, 10)
Genus symbol at 2:    1^-10
Genus symbol at 3:     1^-4 3^5 9^-1
obstructed
glueing
Genus of
[-4 -2  0  0]
[-2 -4  0  0]
[ 0  0 -4 -2]
[ 0  0 -2 -4]
Signature:  (0, 4)
Genus symbol at 2:    2^4
Genus symbol at 3:     1^2 3^2
and
Genus of
[ -8   4   6   0   2   2]
[  4  -8  -6   6  -4   2]
[  6  -6 -12   6   0   0]
[  0   6   6 -12   0   0]
[  2  -4   0   0  -6   3]
[  2   2   0   0   3  -6]
Signature:  (0, 6)
Genus symbol at 2:    1^-2:2^4
Genus symbol at 3:     1^-2 3^3 9^-1
above 2
3^1 * 2 -- 3^1
Genus of
[ -6   3   0  -3   1  -5  -6   6  -1   2]
[  3  -6   0   3  -4   5   6  -6   1   1]
[  0   0  -4  -2   3   0  -3  -3   0   0]
[ -3   3  -2  -4   3  -3  -6   3   0   0]
[  1  -4   3   3  -8   4   6   0   2   2]
[ -5   5   0  -3   4  -8  -6   6  -4   2]
[ -6   6  -3  -6   6  -6 -12   6   0   0]
[  6  -6  -3   3   0   6   6 -12   0   0]
[ -1   1   0   0   2  -4   0   0  -6   3]
[  2   1   0   0   2   2   0   0   3  -6]
Signature:  (0, 10)
Genus symbol at 2:    1^-10
Genus symbol at 3:     1^-4 3^5 9^-1
obstructed
glueing
Genus of
[-28 -14 -18  -6  -4  -2]
[-14 -28 -12 -18  -2  -4]
[-18 -12 -24 -12   0   6]
[ -6 -18 -12 -24  -6   0]
[ -4  -2   0  -6  -6  -3]
[ -2  -4   6   0  -3  -6]
Signature:  (0, 6)
Genus symbol at 2:    1^-2:2^4
Genus symbol at 3:     1^-2 3^3 9^-1
and
Genus of
[-8  4  2  2]
[ 4 -8 -4  2]
[ 2 -4 -4  2]
[ 2  2  2 -4]
Signature:  (0, 4)
Genus symbol at 2:    2^4
Genus symbol at 3:     1^2 3^2
above 2
3^1 * 2 -- 3^1
Genus of
[-8 -4 -5 -2 -2 -1 -1 -1  0  0]
[-4 -8 -4 -4 -1 -2 -2  1  0  0]
[-5 -4 -8 -2  0  3 -3  0 -1  2]
[-2 -4 -2 -8 -3  0  3 -3 -1 -1]
[-2 -1  0 -3 -6 -3  0  0  0  0]
[-1 -2  3  0 -3 -6  0  0  0  0]
[-1 -2 -3  3  0  0 -8  4  2  2]
[-1  1  0 -3  0  0  4 -8 -4  2]
[ 0  0 -1 -1  0  0  2 -4 -4  2]
[ 0  0  2 -1  0  0  2  2  2 -4]
Signature:  (0, 10)
Genus symbol at 2:    1^-10
Genus symbol at 3:     1^-4 3^5 9^-1
glueing
Genus of
[-28 -14 -28   7   6 -12  -4  -2]
[-14 -28 -35 -28  18   6  -2  -4]
[-28 -35 -50 -25  21   0  -4  -5]
[  7 -28 -25 -50  21  21   1  -4]
[  6  18  21  21 -24 -12   6   0]
[-12   6   0  21 -12 -24   6   6]
[ -4  -2  -4   1   6   6  -6  -3]
[ -2  -4  -5  -4   0   6  -3  -6]
Signature:  (0, 8)
Genus symbol at 2:    1^-6:2^-2
Genus symbol at 3:     1^3 3^-4 9^-1
and
Genus of
[-4  2]
[ 2 -4]
Signature:  (0, 2)
Genus symbol at 2:    2^-2
Genus symbol at 3:     1^-1 3^-1
above 2
3^1 * 2 -- 3^1
Genus of
[-20 -12 -14  14  -3 -18   1   2  -2   1]
[-12 -14  -7   7  -9 -15   5   1   1  -2]
[-14  -7 -50 -25  21   0  -4  -5   0   0]
[ 14   7 -25 -50  21  21   1  -4   0   0]
[ -3  -9  21  21 -24 -12   6   0   0   0]
[-18 -15   0  21 -12 -24   6   6   0   0]
[  1   5  -4   1   6   6  -6  -3   0   0]
[  2   1  -5  -4   0   6  -3  -6   0   0]
[ -2   1   0   0   0   0   0   0  -4   2]
[  1  -2   0   0   0   0   0   0   2  -4]
Signature:  (0, 10)
Genus symbol at 2:    1^-10
Genus symbol at 3:     1^-4 3^5 9^-1
3^1 * 2 -- 3^1
Genus of
[ -4  -2   0   0  -2  -1   0   3   1   2]
[ -2  -4   0   0  -1  -2  -3   0  -1   1]
[  0   0  -4  -2  -2  -1   0   3   0   0]
[  0   0  -2  -4  -1  -2  -3   0   0   0]
[ -2  -1  -2  -1  -6  -3   0   6   0   0]
[ -1  -2  -1  -2  -3  -6  -6   0   0   0]
[  0  -3   0  -3   0  -6 -12  -6  -3   0]
[  3   0   3   0   6   0  -6 -12  -3  -3]
[  1  -1   0   0   0   0  -3  -3  -4  -2]
[  2   1   0   0   0   0   0  -3  -2  -4]
Signature:  (0, 10)
Genus symbol at 2:    1^-10
Genus symbol at 3:     1^-4 3^5 9^-1
