1
glueing
Genus of
[0 2 2 0 0 0]
[2 0 2 2 0 0]
[2 2 0 2 2 0]
[0 2 2 0 2 2]
[0 0 2 2 0 2]
[0 0 0 2 2 0]
Signature:  (2, 4)
Genus symbol at 2:    2^-6
Genus symbol at 3:     1^-5 3^-1
and
Genus of
[-4  2 -2  2  0  0]
[ 2 -4  2 -2  2  0]
[-2  2 -4  2 -2  2]
[ 2 -2  2 -4  2 -2]
[ 0  2 -2  2 -4  2]
[ 0  0  2 -2  2 -4]
Signature:  (0, 6)
Genus symbol at 2:    2^-6
Genus symbol at 3:     1^5 3^1
above 2
3^2 * 2 -- 3^2
Genus of
[-2 -1 -1 -1 -1 -1 -1  0 -1 -1  0 -1]
[-1 -2 -1 -1  0 -1 -2  1 -2  1 -1  0]
[-1 -1 -2 -1  0  0 -2  0 -1  0  1 -1]
[-1 -1 -1 -2  0  0 -2  0 -2  1  0  1]
[-1  0  0  0 -2  0  1 -2  0 -2  1  0]
[-1 -1  0  0  0 -2  0  1 -2  0 -2  1]
[-1 -2 -2 -2  1  0 -4  2 -2  2  0  0]
[ 0  1  0  0 -2  1  2 -4  2 -2  2  0]
[-1 -2 -1 -2  0 -2 -2  2 -4  2 -2  2]
[-1  1  0  1 -2  0  2 -2  2 -4  2 -2]
[ 0 -1  1  0  1 -2  0  2 -2  2 -4  2]
[-1  0 -1  1  0  1  0  0  2 -2  2 -4]
Signature:  (2, 10)
Genus symbol at 2:    1^12
Genus symbol at 3:     1^-10 3^-2
glueing
Genus of
[-6]
Signature:  (0, 1)
Genus symbol at 2:    [2^-1]_5
Genus symbol at 3:     3^1
and
Genus of
[ 0  0  0  0  0  0  0  0  1]
[ 0 -2  1  1 -1 -1 -1  0  0]
[ 0  1 -2 -1  1  0  1  0  0]
[ 0  1 -1 -2  0  0  1  0  0]
[ 0 -1  1  0 -2 -1 -1  0  0]
[ 0 -1  0  0 -1 -2  0  0  0]
[ 0 -1  1  1 -1  0 -2  0  0]
[ 0  0  0  0  0  0  0 -2  0]
[ 1  0  0  0  0  0  0  0  0]
Signature:  (1, 8)
Genus symbol at 2:    1^-8 [2^1]_7
Genus symbol at 3:     1^8 3^-1
above 2
glueing
Genus of
[-4 -2]
[-2 -4]
Signature:  (0, 2)
Genus symbol at 2:    2^-2
Genus symbol at 3:     1^-1 3^-1
and
Genus of
[ 0  0  0  0  0  0  0  1]
[ 0 -2 -1 -1  1  0  0  0]
[ 0 -1 -2  0  1  0  0  0]
[ 0 -1  0 -2  1  0  0  0]
[ 0  1  1  1 -2  0  0  0]
[ 0  0  0  0  0 -2 -1  0]
[ 0  0  0  0  0 -1 -2  0]
[ 1  0  0  0  0  0  0  0]
Signature:  (1, 7)
Genus symbol at 2:    1^6:2^-2
Genus symbol at 3:     1^-7 3^1
above 2
glueing
Genus of
[-4  2  0]
[ 2 -4  0]
[ 0  0 -6]
Signature:  (0, 3)
Genus symbol at 2:    [2^3]_5
Genus symbol at 3:     1^-1 3^-2
and
Genus of
[ 0  0  0  0  0  0  1]
[ 0 -2 -1 -1 -1  0  0]
[ 0 -1 -2 -1 -1  0  0]
[ 0 -1 -1 -2  0  0  0]
[ 0 -1 -1  0 -2  0  0]
[ 0  0  0  0  0 -2  0]
[ 1  0  0  0  0  0  0]
Signature:  (1, 6)
Genus symbol at 2:    1^4 [2^3]_3
above 2
3^2 * 2 -- 3^2
Genus of
[-4  0  2 -2 -2  2  1  2  2  2  2  2]
[ 0 -4  0  2 -2 -2  0  1  2  2  2  2]
[ 2  0 -4  0  2 -2  0  0  1  2  2  2]
[-2  2  0 -4  0  2 -1  0  0  1  2  2]
[-2 -2  2  0 -4  0 -2 -1  0  0  1  2]
[ 2 -2 -2  2  0 -4 -2 -2 -1  0  0  1]
[ 1  0  0 -1 -2 -2 -6 -5 -4 -3 -1  1]
[ 2  1  0  0 -1 -2 -5 -6 -5 -4 -3 -1]
[ 2  2  1  0  0 -1 -4 -5 -6 -5 -4 -3]
[ 2  2  2  1  0  0 -3 -4 -5 -6 -5 -4]
[ 2  2  2  2  1  0 -1 -3 -4 -5 -6 -5]
[ 2  2  2  2  2  1  1 -1 -3 -4 -5 -6]
Signature:  (2, 10)
Genus symbol at 2:    1^12
Genus symbol at 3:     1^-10 3^-2
glueing
Genus of
[-6]
Signature:  (0, 1)
Genus symbol at 2:    [2^-1]_5
Genus symbol at 3:     3^1
and
Genus of
[ 0  0  0  0  0  0  0  0  1]
[ 0 -2  1  1 -1 -1 -1  0  0]
[ 0  1 -2 -1  1  0  1  0  0]
[ 0  1 -1 -2  0  0  1  0  0]
[ 0 -1  1  0 -2 -1 -1  0  0]
[ 0 -1  0  0 -1 -2  0  0  0]
[ 0 -1  1  1 -1  0 -2  0  0]
[ 0  0  0  0  0  0  0 -2  0]
[ 1  0  0  0  0  0  0  0  0]
Signature:  (1, 8)
Genus symbol at 2:    1^-8 [2^1]_7
Genus symbol at 3:     1^8 3^-1
above 2
glueing
Genus of
[-4 -2]
[-2 -4]
Signature:  (0, 2)
Genus symbol at 2:    2^-2
Genus symbol at 3:     1^-1 3^-1
and
Genus of
[ 0  0  0  0  0  0  0  1]
[ 0 -2 -1 -1  1  0  0  0]
[ 0 -1 -2  0  1  0  0  0]
[ 0 -1  0 -2  1  0  0  0]
[ 0  1  1  1 -2  0  0  0]
[ 0  0  0  0  0 -2 -1  0]
[ 0  0  0  0  0 -1 -2  0]
[ 1  0  0  0  0  0  0  0]
Signature:  (1, 7)
Genus symbol at 2:    1^6:2^-2
Genus symbol at 3:     1^-7 3^1
above 2
glueing
Genus of
[-4  2  0]
[ 2 -4  0]
[ 0  0 -6]
Signature:  (0, 3)
Genus symbol at 2:    [2^3]_5
Genus symbol at 3:     1^-1 3^-2
and
Genus of
[ 0  0  0  0  0  0  1]
[ 0 -2 -1 -1 -1  0  0]
[ 0 -1 -2 -1 -1  0  0]
[ 0 -1 -1 -2  0  0  0]
[ 0 -1 -1  0 -2  0  0]
[ 0  0  0  0  0 -2  0]
[ 1  0  0  0  0  0  0]
Signature:  (1, 6)
Genus symbol at 2:    1^4 [2^3]_3
above 2
