1
3^2 * 2 -- 3^2
Genus of
[ 0  2  1  0  1 -1]
[ 2  0  2  1  0  1]
[ 1  2  0  2  1  0]
[ 0  1  2  0  2  1]
[ 1  0  1  2  0  2]
[-1  1  0  1  2  0]
Signature:  (2, 4)
Genus symbol at 2:    1^-6
Genus symbol at 3:     1^-3 3^-3
3^1 * 2 -- 3^1
Genus of
[-8  4 -4  2 -4  2  0  3  2 -1]
[ 4 -8  2 -4  2 -4 -3  0 -1  2]
[-4  2 -4  2 -2  1  0  3  0  0]
[ 2 -4  2 -4  1 -2 -3  0  0  0]
[-4  2 -2  1 -4  2  0  3  0  0]
[ 2 -4  1 -2  2 -4 -3  0  0  0]
[ 0 -3  0 -3  0 -3 -6  3  0  0]
[ 3  0  3  0  3  0  3 -6  0  0]
[ 2 -1  0  0  0  0  0  0 -4  2]
[-1  2  0  0  0  0  0  0  2 -4]
Signature:  (0, 10)
Genus symbol at 2:    1^-10
Genus symbol at 3:     1^-4 3^5 9^-1
