1
glueing
Genus of
[-4  0  2 -2 -2  2  0  0  0  0  0  0]
[ 0 -4  0  2 -2 -2  0  0  0  0  0  0]
[ 2  0 -4  0  2 -2  0  0  0  0  0  0]
[-2  2  0 -4  0  2  0  0  0  0  0  0]
[-2 -2  2  0 -4  0  0  0  0  0  0  0]
[ 2 -2 -2  2  0 -4  0  0  0  0  0  0]
[ 0  0  0  0  0  0  0  1  1  0  0  0]
[ 0  0  0  0  0  0  1  0  1  1  0  0]
[ 0  0  0  0  0  0  1  1  0  1  1  0]
[ 0  0  0  0  0  0  0  1  1  0  1  1]
[ 0  0  0  0  0  0  0  0  1  1  0  1]
[ 0  0  0  0  0  0  0  0  0  1  1  0]
Signature:  (2, 10)
Genus symbol at 2:    1^-6:2^-6
Genus symbol at 3:     1^10 3^2
and
Genus of
[-4  2 -2  2  0  0]
[ 2 -4  2 -2  2  0]
[-2  2 -4  2 -2  2]
[ 2 -2  2 -4  2 -2]
[ 0  2 -2  2 -4  2]
[ 0  0  2 -2  2 -4]
Signature:  (0, 6)
Genus symbol at 2:    2^-6
Genus symbol at 3:     1^5 3^1
above 2
3^2 * 2 -- 3^2
Genus of
[-4  0 -2  0 -3  0  0  0  0  0  0  0 -1 -1  0 -2  2 -2]
[ 0 -4  1 -3  2 -3  0  0  0  0  0  0 -2  1 -3  2 -2  2]
[-2  1 -4  2 -3  0  0  0  0  0  0  0  1 -2  1 -3  2 -2]
[ 0 -3  2 -6  4 -3  0  0  0  0  0  0 -3  3 -4  3 -3  2]
[-3  2 -3  4 -6  2  0  0  0  0  0  0  2 -3  3 -4  3 -3]
[ 0 -3  0 -3  2 -4  0  0  0  0  0  0 -2  2 -3  1 -2  1]
[ 0  0  0  0  0  0  0  1  1  0  0  0  0  0  0  0  0  0]
[ 0  0  0  0  0  0  1  0  1  1  0  0  0  0  0  0  0  0]
[ 0  0  0  0  0  0  1  1  0  1  1  0  0  0  0  0  0  0]
[ 0  0  0  0  0  0  0  1  1  0  1  1  0  0  0  0  0  0]
[ 0  0  0  0  0  0  0  0  1  1  0  1  0  0  0  0  0  0]
[ 0  0  0  0  0  0  0  0  0  1  1  0  0  0  0  0  0  0]
[-1 -2  1 -3  2 -2  0  0  0  0  0  0 -4  2 -2  2  0  0]
[-1  1 -2  3 -3  2  0  0  0  0  0  0  2 -4  2 -2  2  0]
[ 0 -3  1 -4  3 -3  0  0  0  0  0  0 -2  2 -4  2 -2  2]
[-2  2 -3  3 -4  1  0  0  0  0  0  0  2 -2  2 -4  2 -2]
[ 2 -2  2 -3  3 -2  0  0  0  0  0  0  0  2 -2  2 -4  2]
[-2  2 -2  2 -3  1  0  0  0  0  0  0  0  0  2 -2  2 -4]
Signature:  (2, 16)
Genus symbol at 2:    1^-18
Genus symbol at 3:     1^15 3^3
