1
glueing
Genus of
[ 0  2  2 -2]
[ 2  0  2  2]
[ 2  2  0  2]
[-2  2  2  0]
Signature:  (2, 2)
Genus symbol at 2:    2^-4
Genus symbol at 5:     1^3 5^1
and
Genus of
[-4  2  0  0]
[ 2 -4  2  0]
[ 0  2 -4  2]
[ 0  0  2 -4]
Signature:  (0, 4)
Genus symbol at 2:    2^-4
Genus symbol at 5:     1^-3 5^-1
above 2
5^1 * 2 -- 5^1
Genus of
[-2 -1  0  0 -1 -1  2 -2]
[-1 -2 -1  0 -2  1  1 -2]
[ 0 -1 -2 -1 -2  2 -1 -1]
[ 0  0 -1 -2 -2  2 -2  1]
[-1 -2 -2 -2 -4  2  0  0]
[-1  1  2  2  2 -4  2  0]
[ 2  1 -1 -2  0  2 -4  2]
[-2 -2 -1  1  0  0  2 -4]
Signature:  (2, 6)
Genus symbol at 2:    1^8
Genus symbol at 5:     1^-6 5^-2
glueing
Genus of
[-10]
Signature:  (0, 1)
Genus symbol at 2:    [2^-1]_3
Genus symbol at 5:     5^-1
and
Genus of
[ 0  0  0  0  0  0  0  0  0  0  0  0  1]
[ 0 -2 -1  1  1  1 -1  1  1  0  0  0  0]
[ 0 -1 -2  1  1  1 -1  1  1  0  0  0  0]
[ 0  1  1 -2  0 -1  0  0  0  0  0  0  0]
[ 0  1  1  0 -2 -1  1 -1 -1  0  0  0  0]
[ 0  1  1 -1 -1 -2  1 -1 -1  0  0  0  0]
[ 0 -1 -1  0  1  1 -2  1  1  0  0  0  0]
[ 0  1  1  0 -1 -1  1 -2 -1  0  0  0  0]
[ 0  1  1  0 -1 -1  1 -1 -2  0  0  0  0]
[ 0  0  0  0  0  0  0  0  0 -2  1  1  0]
[ 0  0  0  0  0  0  0  0  0  1 -2 -1  0]
[ 0  0  0  0  0  0  0  0  0  1 -1 -4  0]
[ 1  0  0  0  0  0  0  0  0  0  0  0  0]
Signature:  (1, 12)
Genus symbol at 2:    1^-12 [2^1]_1
Genus symbol at 5:     1^-12 5^1
above 2
glueing
Genus of
[-4 -2]
[-2 -6]
Signature:  (0, 2)
Genus symbol at 2:    [2^-2]_6
Genus symbol at 5:     1^1 5^1
and
Genus of
[  0   0   0   0   0   0   0   0   0   0   0   1]
[  0  -2  -1   1   1   1  -1   1   1   0   0   0]
[  0  -1  -2   1   1   1  -1   1   1   0   0   0]
[  0   1   1  -2   0  -1   0   0   0   0   0   0]
[  0   1   1   0  -2  -1   1  -1  -1   0   0   0]
[  0   1   1  -1  -1  -2   1  -1  -1   0   0   0]
[  0  -1  -1   0   1   1  -2   1   1   0   0   0]
[  0   1   1   0  -1  -1   1  -2  -1   0   0   0]
[  0   1   1   0  -1  -1   1  -1  -2   0   0   0]
[  0   0   0   0   0   0   0   0   0  -2   0   0]
[  0   0   0   0   0   0   0   0   0   0 -10   0]
[  1   0   0   0   0   0   0   0   0   0   0   0]
Signature:  (1, 11)
Genus symbol at 2:    1^-10 [2^2]_6
Genus symbol at 5:     1^-11 5^-1
above 2
glueing
Genus of
[-4 -1 -1]
[-1 -4  1]
[-1  1 -4]
Signature:  (0, 3)
Genus symbol at 2:    1^2 [2^1]_1
Genus symbol at 5:     1^1 5^-2
and
Genus of
[ 0  0  0  0  0  0  0  0  0  0  1]
[ 0 -2 -1  1  1  1 -1  1  1  0  0]
[ 0 -1 -2  1  1  1 -1  1  1  0  0]
[ 0  1  1 -2  0 -1  0  0  0  0  0]
[ 0  1  1  0 -2 -1  1 -1 -1  0  0]
[ 0  1  1 -1 -1 -2  1 -1 -1  0  0]
[ 0 -1 -1  0  1  1 -2  1  1  0  0]
[ 0  1  1  0 -1 -1  1 -2 -1  0  0]
[ 0  1  1  0 -1 -1  1 -1 -2  0  0]
[ 0  0  0  0  0  0  0  0  0 -2  0]
[ 1  0  0  0  0  0  0  0  0  0  0]
Signature:  (1, 10)
Genus symbol at 2:    1^10 [2^1]_7
above 2
glueing
Genus of
[ -4  -2   0]
[ -2  -6   0]
[  0   0 -10]
Signature:  (0, 3)
Genus symbol at 2:    [2^3]_1
Genus symbol at 5:     1^1 5^-2
and
Genus of
[ 0  0  0  0  0  0  0  0  0  0  1]
[ 0 -2  1 -1 -1  1 -1  1 -1  0  0]
[ 0  1 -2  1  1 -1  1 -1  1  0  0]
[ 0 -1  1 -2  0  0  0  0  0  0  0]
[ 0 -1  1  0 -2  1 -1  1 -1  0  0]
[ 0  1 -1  0  1 -2  1 -1  1  0  0]
[ 0 -1  1  0 -1  1 -2  1 -1  0  0]
[ 0  1 -1  0  1 -1  1 -2  1  0  0]
[ 0 -1  1  0 -1  1 -1  1 -2  0  0]
[ 0  0  0  0  0  0  0  0  0 -2  0]
[ 1  0  0  0  0  0  0  0  0  0  0]
Signature:  (1, 10)
Genus symbol at 2:    1^8 [2^3]_7
above 2
glueing
Genus of
[-4 -2  2  2]
[-2 -4  0  0]
[ 2  0 -4 -2]
[ 2  0 -2 -4]
Signature:  (0, 4)
Genus symbol at 2:    2^-4
Genus symbol at 5:     1^-3 5^-1
and
Genus of
[ 0  0  0  0  0  0  0  0  0  2]
[ 0 -2  1  1  1  1  1  1 -1  0]
[ 0  1 -2 -1  0  0  0  0  1  0]
[ 0  1 -1 -2 -1  0  0  0  1  0]
[ 0  1  0 -1 -2  0  0  0  1  0]
[ 0  1  0  0  0 -2 -1 -1  0  0]
[ 0  1  0  0  0 -1 -2 -1  0  0]
[ 0  1  0  0  0 -1 -1 -2  0  0]
[ 0 -1  1  1  1  0  0  0 -6  0]
[ 2  0  0  0  0  0  0  0  0  0]
Signature:  (1, 9)
Genus symbol at 2:    1^6:2^-4
Genus symbol at 5:     1^9 5^1
above 2
glueing
Genus of
[-4  2 -2 -2]
[ 2 -4  2  0]
[-2  2 -8 -4]
[-2  0 -4 -8]
Signature:  (0, 4)
Genus symbol at 2:    2^4
Genus symbol at 5:     1^-2 5^-2
and
Genus of
[ 0  0  0  0  0  0  0  0  0  2]
[ 0 -2  1  1 -1  1  1  1  1  0]
[ 0  1 -2 -1  1 -1 -1 -1  0  0]
[ 0  1 -1 -2  0 -1 -1 -1  0  0]
[ 0 -1  1  0 -2  1  1  1  0  0]
[ 0  1 -1 -1  1 -2 -1 -1  0  0]
[ 0  1 -1 -1  1 -1 -2 -1  0  0]
[ 0  1 -1 -1  1 -1 -1 -2  0  0]
[ 0  1  0  0  0  0  0  0 -2  0]
[ 2  0  0  0  0  0  0  0  0  0]
Signature:  (1, 9)
Genus symbol at 2:    1^6:2^4
above 2
glueing
Genus of
[-4  2  2  0 -2  0]
[ 2 -4 -2  0  2  0]
[ 2 -2 -4  0  2  0]
[ 0  0  0 -4  0 -2]
[-2  2  2  0 -4  0]
[ 0  0  0 -2  0 -6]
Signature:  (0, 6)
Genus symbol at 2:    [2^6]_6
Genus symbol at 5:     1^-4 5^-2
and
Genus of
[ 0  0  0  0  0  0  0  2]
[ 0 -2  0  0  0  0  0  0]
[ 0  0 -2 -1 -1 -1  0  0]
[ 0  0 -1 -2  0  0  0  0]
[ 0  0 -1  0 -2  0  0  0]
[ 0  0 -1  0  0 -2  0  0]
[ 0  0  0  0  0  0 -2  0]
[ 2  0  0  0  0  0  0  0]
Signature:  (1, 7)
Genus symbol at 2:    1^2 [2^6]_2
above 2
glueing
Genus of
[-4 -2  0  2  2  2  0]
[-2 -4  2  0  2  2  0]
[ 0  2 -4  0  0 -2 -2]
[ 2  0  0 -4  0 -2 -2]
[ 2  2  0  0 -4 -2  0]
[ 2  2 -2 -2 -2 -4 -2]
[ 0  0 -2 -2  0 -2 -6]
Signature:  (0, 7)
Genus symbol at 2:    [2^-7]_1
Genus symbol at 5:     1^-6 5^1
and
Genus of
[ 0  0  0  0  0  0  2]
[ 0 -2  0  0  0  0  0]
[ 0  0 -4 -2 -2 -2  0]
[ 0  0 -2 -4 -2 -2  0]
[ 0  0 -2 -2 -4 -2  0]
[ 0  0 -2 -2 -2 -4  0]
[ 2  0  0  0  0  0  0]
Signature:  (1, 6)
Genus symbol at 2:    [2^-7]_7
Genus symbol at 5:     1^6 5^-1
above 2
glueing
Genus of
[-4 -2  2  0  2  0 -2]
[-2 -4  2 -2  2 -2 -2]
[ 2  2 -4  2 -2  0  0]
[ 0 -2  2 -4  2 -2  0]
[ 2  2 -2  2 -6  2  0]
[ 0 -2  0 -2  2 -6 -2]
[-2 -2  0  0  0 -2 -6]
Signature:  (0, 7)
Genus symbol at 2:    [2^7]_5
Genus symbol at 5:     1^5 5^-2
and
Genus of
[ 0  0  0  0  0  0  2]
[ 0 -2  0  0  0  0  0]
[ 0  0 -2  0  0  0  0]
[ 0  0  0 -2  0  0  0]
[ 0  0  0  0 -2  0  0]
[ 0  0  0  0  0 -2  0]
[ 2  0  0  0  0  0  2]
Signature:  (1, 6)
Genus symbol at 2:    [2^7]_3
above 2
glueing
Genus of
[-4  2 -2 -2  2  2  0  0]
[ 2 -4  2  2 -2 -2 -1 -1]
[-2  2 -4  0  0  2  0  0]
[-2  2  0 -4  2  0  0  0]
[ 2 -2  0  2 -4 -2 -1 -1]
[ 2 -2  2  0 -2 -4 -1 -1]
[ 0 -1  0  0 -1 -1 -4  1]
[ 0 -1  0  0 -1 -1  1 -4]
Signature:  (0, 8)
Genus symbol at 2:    1^2 [2^6]_4
Genus symbol at 5:     1^-6 5^-2
and
Genus of
[ 0  0  0  0  0  2]
[ 0 -2  0  0  0  0]
[ 0  0 -2  0  0  0]
[ 0  0  0 -2  0  0]
[ 0  0  0  0 -2  0]
[ 2  0  0  0  0  0]
Signature:  (1, 5)
Genus symbol at 2:    [2^6]_4
above 2
5^1 * 2 -- 5^1
Genus of
[-4 -2  0  0 -1  1  3  4]
[-2 -4 -2  0 -3 -1  1  3]
[ 0 -2 -4 -2 -4 -3 -1  1]
[ 0  0 -2 -4 -3 -4 -3 -1]
[-1 -3 -4 -3 -4 -3 -1  1]
[ 1 -1 -3 -4 -3 -4 -3 -1]
[ 3  1 -1 -3 -1 -3 -4 -3]
[ 4  3  1 -1  1 -1 -3 -4]
Signature:  (2, 6)
Genus symbol at 2:    1^8
Genus symbol at 5:     1^-6 5^-2
glueing
Genus of
[-10]
Signature:  (0, 1)
Genus symbol at 2:    [2^-1]_3
Genus symbol at 5:     5^-1
and
Genus of
[ 0  0  0  0  0  0  0  0  0  0  0  0  1]
[ 0 -2 -1  1  1  1 -1  1  1  0  0  0  0]
[ 0 -1 -2  1  1  1 -1  1  1  0  0  0  0]
[ 0  1  1 -2  0 -1  0  0  0  0  0  0  0]
[ 0  1  1  0 -2 -1  1 -1 -1  0  0  0  0]
[ 0  1  1 -1 -1 -2  1 -1 -1  0  0  0  0]
[ 0 -1 -1  0  1  1 -2  1  1  0  0  0  0]
[ 0  1  1  0 -1 -1  1 -2 -1  0  0  0  0]
[ 0  1  1  0 -1 -1  1 -1 -2  0  0  0  0]
[ 0  0  0  0  0  0  0  0  0 -2  1  1  0]
[ 0  0  0  0  0  0  0  0  0  1 -2 -1  0]
[ 0  0  0  0  0  0  0  0  0  1 -1 -4  0]
[ 1  0  0  0  0  0  0  0  0  0  0  0  0]
Signature:  (1, 12)
Genus symbol at 2:    1^-12 [2^1]_1
Genus symbol at 5:     1^-12 5^1
above 2
glueing
Genus of
[-4 -2]
[-2 -6]
Signature:  (0, 2)
Genus symbol at 2:    [2^-2]_6
Genus symbol at 5:     1^1 5^1
and
Genus of
[  0   0   0   0   0   0   0   0   0   0   0   1]
[  0  -2  -1   1   1   1  -1   1   1   0   0   0]
[  0  -1  -2   1   1   1  -1   1   1   0   0   0]
[  0   1   1  -2   0  -1   0   0   0   0   0   0]
[  0   1   1   0  -2  -1   1  -1  -1   0   0   0]
[  0   1   1  -1  -1  -2   1  -1  -1   0   0   0]
[  0  -1  -1   0   1   1  -2   1   1   0   0   0]
[  0   1   1   0  -1  -1   1  -2  -1   0   0   0]
[  0   1   1   0  -1  -1   1  -1  -2   0   0   0]
[  0   0   0   0   0   0   0   0   0  -2   0   0]
[  0   0   0   0   0   0   0   0   0   0 -10   0]
[  1   0   0   0   0   0   0   0   0   0   0   0]
Signature:  (1, 11)
Genus symbol at 2:    1^-10 [2^2]_6
Genus symbol at 5:     1^-11 5^-1
above 2
glueing
Genus of
[-4 -1 -1]
[-1 -4  1]
[-1  1 -4]
Signature:  (0, 3)
Genus symbol at 2:    1^2 [2^1]_1
Genus symbol at 5:     1^1 5^-2
and
Genus of
[ 0  0  0  0  0  0  0  0  0  0  1]
[ 0 -2 -1  1  1  1 -1  1  1  0  0]
[ 0 -1 -2  1  1  1 -1  1  1  0  0]
[ 0  1  1 -2  0 -1  0  0  0  0  0]
[ 0  1  1  0 -2 -1  1 -1 -1  0  0]
[ 0  1  1 -1 -1 -2  1 -1 -1  0  0]
[ 0 -1 -1  0  1  1 -2  1  1  0  0]
[ 0  1  1  0 -1 -1  1 -2 -1  0  0]
[ 0  1  1  0 -1 -1  1 -1 -2  0  0]
[ 0  0  0  0  0  0  0  0  0 -2  0]
[ 1  0  0  0  0  0  0  0  0  0  0]
Signature:  (1, 10)
Genus symbol at 2:    1^10 [2^1]_7
above 2
glueing
Genus of
[ -4  -2   0]
[ -2  -6   0]
[  0   0 -10]
Signature:  (0, 3)
Genus symbol at 2:    [2^3]_1
Genus symbol at 5:     1^1 5^-2
and
Genus of
[ 0  0  0  0  0  0  0  0  0  0  1]
[ 0 -2  1 -1 -1  1 -1  1 -1  0  0]
[ 0  1 -2  1  1 -1  1 -1  1  0  0]
[ 0 -1  1 -2  0  0  0  0  0  0  0]
[ 0 -1  1  0 -2  1 -1  1 -1  0  0]
[ 0  1 -1  0  1 -2  1 -1  1  0  0]
[ 0 -1  1  0 -1  1 -2  1 -1  0  0]
[ 0  1 -1  0  1 -1  1 -2  1  0  0]
[ 0 -1  1  0 -1  1 -1  1 -2  0  0]
[ 0  0  0  0  0  0  0  0  0 -2  0]
[ 1  0  0  0  0  0  0  0  0  0  0]
Signature:  (1, 10)
Genus symbol at 2:    1^8 [2^3]_7
above 2
glueing
Genus of
[-4 -2  2  2]
[-2 -4  0  0]
[ 2  0 -4 -2]
[ 2  0 -2 -4]
Signature:  (0, 4)
Genus symbol at 2:    2^-4
Genus symbol at 5:     1^-3 5^-1
and
Genus of
[ 0  0  0  0  0  0  0  0  0  2]
[ 0 -2  1  1  1  1  1  1 -1  0]
[ 0  1 -2 -1  0  0  0  0  1  0]
[ 0  1 -1 -2 -1  0  0  0  1  0]
[ 0  1  0 -1 -2  0  0  0  1  0]
[ 0  1  0  0  0 -2 -1 -1  0  0]
[ 0  1  0  0  0 -1 -2 -1  0  0]
[ 0  1  0  0  0 -1 -1 -2  0  0]
[ 0 -1  1  1  1  0  0  0 -6  0]
[ 2  0  0  0  0  0  0  0  0  0]
Signature:  (1, 9)
Genus symbol at 2:    1^6:2^-4
Genus symbol at 5:     1^9 5^1
above 2
glueing
Genus of
[-4  2 -2 -2]
[ 2 -4  2  0]
[-2  2 -8 -4]
[-2  0 -4 -8]
Signature:  (0, 4)
Genus symbol at 2:    2^4
Genus symbol at 5:     1^-2 5^-2
and
Genus of
[ 0  0  0  0  0  0  0  0  0  2]
[ 0 -2  1  1 -1  1  1  1  1  0]
[ 0  1 -2 -1  1 -1 -1 -1  0  0]
[ 0  1 -1 -2  0 -1 -1 -1  0  0]
[ 0 -1  1  0 -2  1  1  1  0  0]
[ 0  1 -1 -1  1 -2 -1 -1  0  0]
[ 0  1 -1 -1  1 -1 -2 -1  0  0]
[ 0  1 -1 -1  1 -1 -1 -2  0  0]
[ 0  1  0  0  0  0  0  0 -2  0]
[ 2  0  0  0  0  0  0  0  0  0]
Signature:  (1, 9)
Genus symbol at 2:    1^6:2^4
above 2
glueing
Genus of
[-4 -2  2  2  0  0]
[-2 -4  2  2  0  0]
[ 2  2 -4 -2  0  0]
[ 2  2 -2 -4  0  0]
[ 0  0  0  0 -4 -2]
[ 0  0  0  0 -2 -6]
Signature:  (0, 6)
Genus symbol at 2:    [2^6]_6
Genus symbol at 5:     1^-4 5^-2
and
Genus of
[ 0  0  0  0  0  0  0  2]
[ 0 -2  0  0  0  0  0  0]
[ 0  0 -2 -1 -1 -1  0  0]
[ 0  0 -1 -2  0  0  0  0]
[ 0  0 -1  0 -2  0  0  0]
[ 0  0 -1  0  0 -2  0  0]
[ 0  0  0  0  0  0 -2  0]
[ 2  0  0  0  0  0  0  0]
Signature:  (1, 7)
Genus symbol at 2:    1^2 [2^6]_2
above 2
glueing
Genus of
[-4 -2  0  2  2  2  0]
[-2 -4  2  0  2  2  0]
[ 0  2 -4  0  0 -2 -2]
[ 2  0  0 -4  0 -2 -2]
[ 2  2  0  0 -4 -2  0]
[ 2  2 -2 -2 -2 -4 -2]
[ 0  0 -2 -2  0 -2 -6]
Signature:  (0, 7)
Genus symbol at 2:    [2^-7]_1
Genus symbol at 5:     1^-6 5^1
and
Genus of
[ 0  0  0  0  0  0  2]
[ 0 -2  0  0  0  0  0]
[ 0  0 -4 -2 -2 -2  0]
[ 0  0 -2 -4 -2 -2  0]
[ 0  0 -2 -2 -4 -2  0]
[ 0  0 -2 -2 -2 -4  0]
[ 2  0  0  0  0  0  0]
Signature:  (1, 6)
Genus symbol at 2:    [2^-7]_7
Genus symbol at 5:     1^6 5^-1
above 2
glueing
Genus of
[-4 -2  0  2  2 -2  0]
[-2 -4  2  2  2 -2  2]
[ 0  2 -4 -2  0  2 -2]
[ 2  2 -2 -4 -2  2 -2]
[ 2  2  0 -2 -6  2 -2]
[-2 -2  2  2  2 -6  0]
[ 0  2 -2 -2 -2  0 -6]
Signature:  (0, 7)
Genus symbol at 2:    [2^7]_5
Genus symbol at 5:     1^5 5^-2
and
Genus of
[ 0  0  0  0  0  0  2]
[ 0 -2  0  0  0  0  0]
[ 0  0 -2  0  0  0  0]
[ 0  0  0 -2  0  0  0]
[ 0  0  0  0 -2  0  0]
[ 0  0  0  0  0 -2  0]
[ 2  0  0  0  0  0  2]
Signature:  (1, 6)
Genus symbol at 2:    [2^7]_3
above 2
glueing
Genus of
[-4  0  0  0 -1 -1 -1  1]
[ 0 -4 -2  2 -2  0 -2  0]
[ 0 -2 -4  2  0 -2 -2  0]
[ 0  2  2 -4  2  0  2  0]
[-1 -2  0  2 -4  0 -2 -1]
[-1  0 -2  0  0 -4 -2 -1]
[-1 -2 -2  2 -2 -2 -4 -1]
[ 1  0  0  0 -1 -1 -1 -4]
Signature:  (0, 8)
Genus symbol at 2:    1^2 [2^6]_4
Genus symbol at 5:     1^-6 5^-2
and
Genus of
[ 0  0  0  0  0  2]
[ 0 -2  0  0  0  0]
[ 0  0 -2  0  0  0]
[ 0  0  0 -2  0  0]
[ 0  0  0  0 -2  0]
[ 2  0  0  0  0  0]
Signature:  (1, 5)
Genus symbol at 2:    [2^6]_4
above 2
