1
5^1 * 3 -- 5^1
Genus of
[ 2  3 -1 -2 -4 -1  1  3]
[ 3  2  3 -1 -2 -4 -1  1]
[-1  3  2  3 -1 -2 -4 -1]
[-2 -1  3  2  3 -1 -2 -4]
[-4 -2 -1  3  2  3 -1 -2]
[-1 -4 -2 -1  3  2  3 -1]
[ 1 -1 -4 -2 -1  3  2  3]
[ 3  1 -1 -4 -2 -1  3  2]
Signature:  (2, 6)
Genus symbol at 2:    1^8
Genus symbol at 5:     1^-6 5^-2
glueing
Genus of
[-10   5]
[  5 -10]
Signature:  (0, 2)
Genus symbol at 2:    1^-2
Genus symbol at 3:     1^-1 3^-1
Genus symbol at 5:     5^-2
and
Genus of
[ 0  0  0  0  0  0  0  0  0  0  0  1]
[ 0 -2 -1  1  1  1 -1  1  1  0  0  0]
[ 0 -1 -2  1  1  1 -1  1  1  0  0  0]
[ 0  1  1 -2  0 -1  0  0  0  0  0  0]
[ 0  1  1  0 -2 -1  1 -1 -1  0  0  0]
[ 0  1  1 -1 -1 -2  1 -1 -1  0  0  0]
[ 0 -1 -1  0  1  1 -2  1  1  0  0  0]
[ 0  1  1  0 -1 -1  1 -2 -1  0  0  0]
[ 0  1  1  0 -1 -1  1 -1 -2  0  0  0]
[ 0  0  0  0  0  0  0  0  0 -2 -1  0]
[ 0  0  0  0  0  0  0  0  0 -1 -2  0]
[ 1  0  0  0  0  0  0  0  0  0  0  0]
Signature:  (1, 11)
Genus symbol at 2:    1^-12
Genus symbol at 3:     1^-11 3^1
above 3
glueing
Genus of
[-6  3 -2  1]
[ 3 -6  1 -2]
[-2  1 -4  2]
[ 1 -2  2 -4]
Signature:  (0, 4)
Genus symbol at 2:    1^4
Genus symbol at 3:     1^-2 3^-2
Genus symbol at 5:     1^-2 5^-2
and
Genus of
[-2 -1  1 -1 -1 -1 -1 -1  1  1]
[-1 -2  1 -1  0  0  0 -1  1  1]
[ 1  1 -2  0  0  0  0  0  0 -1]
[-1 -1  0 -2 -1 -1 -1 -1  1  0]
[-1  0  0 -1 -2 -1 -1  0  0  0]
[-1  0  0 -1 -1 -2 -1  0  0  0]
[-1  0  0 -1 -1 -1 -2  0  0  0]
[-1 -1  0 -1  0  0  0 -2  3  0]
[ 1  1  0  1  0  0  0  3 -2 -1]
[ 1  1 -1  0  0  0  0  0 -1 -2]
Signature:  (1, 9)
Genus symbol at 2:    1^10
Genus symbol at 3:     1^8 3^-2
above 3
glueing
Genus of
[-18   9  -9   9  -9   9   5  -1]
[  9 -18   0  -9   0  -9  -4   5]
[ -9   0  -8   4  -6   3   1   1]
[  9  -9   4  -8   3  -6  -2   1]
[ -9   0  -6   3  -8   4   1   1]
[  9  -9   3  -6   4  -8  -2   1]
[  5  -4   1  -2   1  -2  -4   2]
[ -1   5   1   1   1   1   2  -4]
Signature:  (0, 8)
Genus symbol at 2:    1^8
Genus symbol at 3:     1^-4 3^-4
Genus symbol at 5:     1^-6 5^-2
and
Genus of
[ 0  0  0  0  0  3]
[ 0 -2  1  0  0  0]
[ 0  1 -2  0  0  0]
[ 0  0  0 -2 -1  0]
[ 0  0  0 -1 -2  0]
[ 3  0  0  0  0  0]
Signature:  (1, 5)
Genus symbol at 2:    1^6
Genus symbol at 3:     1^2 3^-4
above 3
