1
glueing
Genus of
[ 0  1 -1 -1 -2  0  1  2]
[ 1  0  1 -1 -1 -2  0  1]
[-1  1  0  1 -1 -1 -2  0]
[-1 -1  1  0  1 -1 -1 -2]
[-2 -1 -1  1  0  1 -1 -1]
[ 0 -2 -1 -1  1  0  1 -1]
[ 1  0 -2 -1 -1  1  0  1]
[ 2  1  0 -2 -1 -1  1  0]
Signature:  (2, 6)
Genus symbol at 2:    1^8
Genus symbol at 3:     1^-4 3^-4
and
Genus of
[-6  0  3  3]
[ 0 -6  0  3]
[ 3  0 -6  0]
[ 3  3  0 -6]
Signature:  (0, 4)
Genus symbol at 2:    1^-4
Genus symbol at 3:     3^-4
Genus symbol at 5:     1^-3 5^-1
above 3
5^1 * 3 -- 5^1
Genus of
[-2 -1  0 -1  0  0  1  0  1 -3  0  0]
[-1 -2  0 -1 -1  0  0  1 -1 -2  0  0]
[ 0  0 -2 -1 -1 -1  0  0  0  2  1 -3]
[-1 -1 -1 -2  0  0  0 -1  2 -1 -2 -1]
[ 0 -1 -1  0  0  1 -1 -1  0  0  0  0]
[ 0  0 -1  0  1  0  1 -1  0  0  0  0]
[ 1  0  0  0 -1  1  0  1  0  0  0  0]
[ 0  1  0 -1 -1 -1  1  0  0  0  0  0]
[ 1 -1  0  2  0  0  0  0 -6  0  3  3]
[-3 -2  2 -1  0  0  0  0  0 -6  0  3]
[ 0  0  1 -2  0  0  0  0  3  0 -6  0]
[ 0  0 -3 -1  0  0  0  0  3  3  0 -6]
Signature:  (2, 10)
Genus symbol at 2:    1^-12
Genus symbol at 5:     1^-11 5^-1
