1
glueing
Genus of
[-4 -2  0  0  0  0  0  0]
[-2 -4 -2  0  0  0  0  0]
[ 0 -2 -4 -2  0  0  0  0]
[ 0  0 -2 -4  0  0  0  0]
[ 0  0  0  0  4  4  2 -2]
[ 0  0  0  0  4  4  4  2]
[ 0  0  0  0  2  4  4  4]
[ 0  0  0  0 -2  2  4  4]
Signature:  (2, 6)
Genus symbol at 2:    2^8
Genus symbol at 5:     1^-6 5^-2
and
Genus of
[-8  0  4  4  0 -6  0  0]
[ 0 -8  0  4  6  0 -6  0]
[ 4  0 -8  0  0  6  0 -6]
[ 4  4  0 -8  0  0  6  0]
[ 0  6  0  0 -8  2  2  2]
[-6  0  6  0  2 -8  2  2]
[ 0 -6  0  6  2  2 -8  2]
[ 0  0 -6  0  2  2  2 -8]
Signature:  (0, 8)
Genus symbol at 2:    2^8
above 2
5^1 * 2 -- 5^1
Genus of
[-6 -4 -3  0  0  0 -1 -5 -1  3 -4  0 -2  1  3 -5]
[-4 -6 -1  2  0  0  0 -2  2  5 -3 -4 -3  2  5 -3]
[-3 -1 -6 -1  1  3 -2 -5  0 -2 -5  3  1  3 -2 -5]
[ 0  2 -1 -6 -1  0  0  0 -4  0  2  5 -3 -1 -3  2]
[ 0  0  1 -1  0 -1  1  0 -2  1  2  0 -1 -2  1  1]
[ 0  0  3  0 -1 -6  2  1 -5  2  5 -2  1 -7  4  1]
[-1  0 -2  0  1  2  0 -1  0 -1 -2  1  1  1 -1 -2]
[-5 -2 -5  0  0  1 -1 -6 -2  0 -5  2  1  1  1 -7]
[-1  2  0 -4 -2 -5  0 -2 -8  0  4  4  0 -6  0  0]
[ 3  5 -2  0  1  2 -1  0  0 -8  0  4  6  0 -6  0]
[-4 -3 -5  2  2  5 -2 -5  4  0 -8  0  0  6  0 -6]
[ 0 -4  3  5  0 -2  1  2  4  4  0 -8  0  0  6  0]
[-2 -3  1 -3 -1  1  1  1  0  6  0  0 -8  2  2  2]
[ 1  2  3 -1 -2 -7  1  1 -6  0  6  0  2 -8  2  2]
[ 3  5 -2 -3  1  4 -1  1  0 -6  0  6  2  2 -8  2]
[-5 -3 -5  2  1  1 -2 -7  0  0 -6  0  2  2  2 -8]
Signature:  (2, 14)
Genus symbol at 2:    1^16
Genus symbol at 5:     1^-14 5^-2
glueing
Genus of
[-10]
Signature:  (0, 1)
Genus symbol at 2:    [2^-1]_3
Genus symbol at 5:     5^-1
and
Genus of
[ 0  0  0  0  1]
[ 0 -2  1  1  0]
[ 0  1 -2 -1  0]
[ 0  1 -1 -4  0]
[ 1  0  0  0  0]
Signature:  (1, 4)
Genus symbol at 2:    1^-4 [2^1]_1
Genus symbol at 5:     1^-4 5^1
above 2
glueing
Genus of
[-4 -2]
[-2 -6]
Signature:  (0, 2)
Genus symbol at 2:    [2^-2]_6
Genus symbol at 5:     1^1 5^1
and
Genus of
[  0   0   0   1]
[  0  -2   0   0]
[  0   0 -10   0]
[  1   0   0   0]
Signature:  (1, 3)
Genus symbol at 2:    1^-2 [2^2]_6
Genus symbol at 5:     1^-3 5^-1
above 2
glueing
Genus of
[-4 -1 -1]
[-1 -4  1]
[-1  1 -4]
Signature:  (0, 3)
Genus symbol at 2:    1^2 [2^1]_1
Genus symbol at 5:     1^1 5^-2
and
Genus of
[ 0  0  1]
[ 0 -2  0]
[ 1  0  0]
Signature:  (1, 2)
Genus symbol at 2:    1^2 [2^1]_7
above 2
glueing
Genus of
[ -4  -2   0]
[ -2  -6   0]
[  0   0 -10]
Signature:  (0, 3)
Genus symbol at 2:    [2^3]_1
Genus symbol at 5:     1^1 5^-2
and
Genus of
[ 0  0  2]
[ 0 -2  0]
[ 2  0  0]
Signature:  (1, 2)
Genus symbol at 2:    [2^3]_7
above 2
glueing
Genus of
[-4  0  2 -2  1 -1  0  2  1  0  0  1]
[ 0 -4  0  2  0  1 -1  0  0  1  0  0]
[ 2  0 -4  0 -2  0  1 -1 -1  0  1  0]
[-2  2  0 -4  0 -2  0  1  0 -1  0  1]
[ 1  0 -2  0 -2  0  1 -1 -1  0  1  0]
[-1  1  0 -2  0 -2  0  1  0 -1  0  1]
[ 0 -1  1  0  1  0 -2  0  0  0 -1  0]
[ 2  0 -1  1 -1  1  0 -2 -1  0  0 -1]
[ 1  0 -1  0 -1  0  0 -1  0  1  1 -1]
[ 0  1  0 -1  0 -1  0  0  1  0  1  1]
[ 0  0  1  0  1  0 -1  0  1  1  0  1]
[ 1  0  0  1  0  1  0 -1 -1  1  1  0]
Signature:  (2, 10)
Genus symbol at 2:    1^8:2^-4
Genus symbol at 5:     1^11 5^1
and
Genus of
[-4  2  0  0]
[ 2 -4  2  0]
[ 0  2 -4  2]
[ 0  0  2 -4]
Signature:  (0, 4)
Genus symbol at 2:    2^-4
Genus symbol at 5:     1^-3 5^-1
above 2
5^1 * 2 -- 5^1
Genus of
[-4  0  2 -2  1  0  1  2  1  0  0  1  0  0  0  0]
[ 0 -4  0  2  0  1  0  0  0  1  0  0  0  0  0  0]
[ 2  0 -4  0 -1  0  0 -1 -1  0  1  0  0  0  0  0]
[-2  2  0 -4  0 -1  0  1  0 -1  0  1  0  0  0  0]
[ 1  0 -1  0 -2  2  1 -1  0  1  1  0 -2  2 -2  1]
[ 0  1  0 -1  2 -2 -1  0  0  0  1  1  1 -2  2 -2]
[ 1  0  0  0  1 -1 -2 -2  0  1  1  0 -1 -1  2 -2]
[ 2  0 -1  1 -1  0 -2 -4 -1  1  1 -1 -2  1  1 -2]
[ 1  0 -1  0  0  0  0 -1  0  1  1 -1  0  0  0  0]
[ 0  1  0 -1  1  0  1  1  1  0  1  1  0  0  0  0]
[ 0  0  1  0  1  1  1  1  1  1  0  1  0  0  0  0]
[ 1  0  0  1  0  1  0 -1 -1  1  1  0  0  0  0  0]
[ 0  0  0  0 -2  1 -1 -2  0  0  0  0 -4  2  0  0]
[ 0  0  0  0  2 -2 -1  1  0  0  0  0  2 -4  2  0]
[ 0  0  0  0 -2  2  2  1  0  0  0  0  0  2 -4  2]
[ 0  0  0  0  1 -2 -2 -2  0  0  0  0  0  0  2 -4]
Signature:  (2, 14)
Genus symbol at 2:    1^16
Genus symbol at 5:     1^-14 5^-2
glueing
Genus of
[-10]
Signature:  (0, 1)
Genus symbol at 2:    [2^-1]_3
Genus symbol at 5:     5^-1
and
Genus of
[ 0  0  0  0  1]
[ 0 -2  1  1  0]
[ 0  1 -2 -1  0]
[ 0  1 -1 -4  0]
[ 1  0  0  0  0]
Signature:  (1, 4)
Genus symbol at 2:    1^-4 [2^1]_1
Genus symbol at 5:     1^-4 5^1
above 2
glueing
Genus of
[-4 -2]
[-2 -6]
Signature:  (0, 2)
Genus symbol at 2:    [2^-2]_6
Genus symbol at 5:     1^1 5^1
and
Genus of
[  0   0   0   1]
[  0  -2   0   0]
[  0   0 -10   0]
[  1   0   0   0]
Signature:  (1, 3)
Genus symbol at 2:    1^-2 [2^2]_6
Genus symbol at 5:     1^-3 5^-1
above 2
glueing
Genus of
[-4 -1 -1]
[-1 -4  1]
[-1  1 -4]
Signature:  (0, 3)
Genus symbol at 2:    1^2 [2^1]_1
Genus symbol at 5:     1^1 5^-2
and
Genus of
[ 0  0  1]
[ 0 -2  0]
[ 1  0  0]
Signature:  (1, 2)
Genus symbol at 2:    1^2 [2^1]_7
above 2
glueing
Genus of
[ -4  -2   0]
[ -2  -6   0]
[  0   0 -10]
Signature:  (0, 3)
Genus symbol at 2:    [2^3]_1
Genus symbol at 5:     1^1 5^-2
and
Genus of
[ 0  0  2]
[ 0 -2  0]
[ 2  0  0]
Signature:  (1, 2)
Genus symbol at 2:    [2^3]_7
above 2
5^1 * 2 -- 5^1
Genus of
[ -4  -2   0   0   0   0   1   2   0   0   0   0   0   0   0   0]
[ -2  -4  -2   0  -1   0   0   1   0   0   0   0   0   0   0   0]
[  0  -2  -4  -2  -2  -1   0   0   0   0   0   0   0   0   0   0]
[  0   0  -2  -4  -1  -2  -1   0   0   0   0   0   0   0   0   0]
[  0  -1  -2  -1  -2  -1   0   0   0   0   0   0   0   0   1   1]
[  0   0  -1  -2  -1  -2  -1   0   0   0   0   0   0   0   0   1]
[  1   0   0  -1   0  -1  -2  -1   0   0   0   0  -1   0   0   0]
[  2   1   0   0   0   0  -1  -2   0   0   0   0  -1  -1   0   0]
[  0   0   0   0   0   0   0   0  -4  -2   0   0  -6  -6  -1   0]
[  0   0   0   0   0   0   0   0  -2  -4  -2   0  -1  -6  -6  -1]
[  0   0   0   0   0   0   0   0   0  -2  -4  -2   0  -1  -6  -6]
[  0   0   0   0   0   0   0   0   0   0  -2  -4   1   0  -1  -6]
[  0   0   0   0   0   0  -1  -1  -6  -1   0   1 -14  -6   1  -1]
[  0   0   0   0   0   0   0  -1  -6  -6  -1   0  -6 -14  -6   1]
[  0   0   0   0   1   0   0   0  -1  -6  -6  -1   1  -6 -14  -6]
[  0   0   0   0   1   1   0   0   0  -1  -6  -6  -1   1  -6 -14]
Signature:  (2, 14)
Genus symbol at 2:    1^16
Genus symbol at 5:     1^-14 5^-2
glueing
Genus of
[-10]
Signature:  (0, 1)
Genus symbol at 2:    [2^-1]_3
Genus symbol at 5:     5^-1
and
Genus of
[ 0  0  0  0  1]
[ 0 -2  1  1  0]
[ 0  1 -2 -1  0]
[ 0  1 -1 -4  0]
[ 1  0  0  0  0]
Signature:  (1, 4)
Genus symbol at 2:    1^-4 [2^1]_1
Genus symbol at 5:     1^-4 5^1
above 2
glueing
Genus of
[-4 -2]
[-2 -6]
Signature:  (0, 2)
Genus symbol at 2:    [2^-2]_6
Genus symbol at 5:     1^1 5^1
and
Genus of
[  0   0   0   1]
[  0  -2   0   0]
[  0   0 -10   0]
[  1   0   0   0]
Signature:  (1, 3)
Genus symbol at 2:    1^-2 [2^2]_6
Genus symbol at 5:     1^-3 5^-1
above 2
glueing
Genus of
[-4 -1 -1]
[-1 -4  1]
[-1  1 -4]
Signature:  (0, 3)
Genus symbol at 2:    1^2 [2^1]_1
Genus symbol at 5:     1^1 5^-2
and
Genus of
[ 0  0  1]
[ 0 -2  0]
[ 1  0  0]
Signature:  (1, 2)
Genus symbol at 2:    1^2 [2^1]_7
above 2
glueing
Genus of
[ -4  -2   0]
[ -2  -6   0]
[  0   0 -10]
Signature:  (0, 3)
Genus symbol at 2:    [2^3]_1
Genus symbol at 5:     1^1 5^-2
and
Genus of
[ 0  0  2]
[ 0 -2  0]
[ 2  0  0]
Signature:  (1, 2)
Genus symbol at 2:    [2^3]_7
above 2
