1
glueing
Genus of
[-2  1  0  0 -2  1  1  0]
[ 1 -2  1  0  0 -2  1  1]
[ 0  1 -2  1  0  0 -2  1]
[ 0  0  1 -2  1  0  0 -2]
[-2  0  0  1 -2  1  0  0]
[ 1 -2  0  0  1 -2  1  0]
[ 1  1 -2  0  0  1 -2  1]
[ 0  1  1 -2  0  0  1 -2]
Signature:  (2, 6)
Genus symbol at 2:    1^8
Genus symbol at 3:     1^-4 3^-4
and
Genus of
[ -6   2   1   1   0  -8   4  -4]
[  2  -6   2   1   8   0  -8   4]
[  1   2  -6   2  -4   8   0  -8]
[  1   1   2  -6   4  -4   8   0]
[  0   8  -4   4 -22   9   2   2]
[ -8   0   8  -4   9 -22   9   2]
[  4  -8   0   8   2   9 -22   9]
[ -4   4  -8   0   2   2   9 -22]
Signature:  (0, 8)
Genus symbol at 2:    1^8
Genus symbol at 3:     1^-4 3^-4
Genus symbol at 5:     1^-6 5^-2
above 3
5^1 * 3 -- 5^1
Genus of
[-18  -9  -1  -5   0  -1   1   0  -8   8  -2   2 -11  -6  10  -8]
[ -9  -8  -4  -4   0   0  -1   1  -4   4  -4   2  -5   0   5 -10]
[ -1  -4 -18  -5   0   0   0  -1   2   0  -8   8  -8  15 -11  -6]
[ -5  -4  -5  -4   0   0   0  -1  -3   1  -2   3  -2   0  -1  -5]
[  0   0   0   0  -2   1   0   0   0   0   0   0   0   0   0   0]
[ -1   0   0   0   1  -2   1   0   0   0   0   0   0   0   0   0]
[  1  -1   0   0   0   1  -2   1   0   0   0   0   0   0   0   0]
[  0   1  -1  -1   0   0   1  -2   0   0   0   0   0   0   0   0]
[ -8  -4   2  -3   0   0   0   0  -6   2   1   1   0  -8   4  -4]
[  8   4   0   1   0   0   0   0   2  -6   2   1   8   0  -8   4]
[ -2  -4  -8  -2   0   0   0   0   1   2  -6   2  -4   8   0  -8]
[  2   2   8   3   0   0   0   0   1   1   2  -6   4  -4   8   0]
[-11  -5  -8  -2   0   0   0   0   0   8  -4   4 -22   9   2   2]
[ -6   0  15   0   0   0   0   0  -8   0   8  -4   9 -22   9   2]
[ 10   5 -11  -1   0   0   0   0   4  -8   0   8   2   9 -22   9]
[ -8 -10  -6  -5   0   0   0   0  -4   4  -8   0   2   2   9 -22]
Signature:  (2, 14)
Genus symbol at 2:    1^16
Genus symbol at 5:     1^-14 5^-2
glueing
Genus of
[-10   5]
[  5 -10]
Signature:  (0, 2)
Genus symbol at 2:    1^-2
Genus symbol at 3:     1^-1 3^-1
Genus symbol at 5:     5^-2
and
Genus of
[ 0  0  0  1]
[ 0 -2 -1  0]
[ 0 -1 -2  0]
[ 1  0  0  0]
Signature:  (1, 3)
Genus symbol at 2:    1^-4
Genus symbol at 3:     1^-3 3^1
above 3
glueing
Genus of
[-6  3 -2  1]
[ 3 -6  1 -2]
[-2  1 -4  2]
[ 1 -2  2 -4]
Signature:  (0, 4)
Genus symbol at 2:    1^4
Genus symbol at 3:     1^-2 3^-2
Genus symbol at 5:     1^-2 5^-2
and
Genus of
[0 3]
[3 0]
Signature:  (1, 1)
Genus symbol at 2:    1^2
Genus symbol at 3:     3^-2
above 3
5^1 * 3 -- 5^1
Genus of
[-4 -1  0  0 -1  2  2  0 -1  0  0  1  2  2  1  0]
[-1 -4 -1  0  0 -1  2  2 -1 -1  0  0  1  2  2  1]
[ 0 -1 -4 -1  0  0 -1  2 -1 -1 -1  0  0  1  2  2]
[ 0  0 -1 -4 -1  0  0 -1  0 -1 -1 -1  0  0  1  2]
[-1  0  0 -1 -4 -1  0  0 -1  0 -1 -1 -1  0  0  1]
[ 2 -1  0  0 -1 -4 -1  0 -1 -1  0 -1 -1 -1  0  0]
[ 2  2 -1  0  0 -1 -4 -1 -1 -1 -1  0 -1 -1 -1  0]
[ 0  2  2 -1  0  0 -1 -4  0 -1 -1 -1  0 -1 -1 -1]
[-1 -1 -1  0 -1 -1 -1  0 -2 -1 -1  0  0  1  1  1]
[ 0 -1 -1 -1  0 -1 -1 -1 -1 -2 -1 -1  0  0  1  1]
[ 0  0 -1 -1 -1  0 -1 -1 -1 -1 -2 -1 -1  0  0  1]
[ 1  0  0 -1 -1 -1  0 -1  0 -1 -1 -2 -1 -1  0  0]
[ 2  1  0  0 -1 -1 -1  0  0  0 -1 -1 -2 -1 -1  0]
[ 2  2  1  0  0 -1 -1 -1  1  0  0 -1 -1 -2 -1 -1]
[ 1  2  2  1  0  0 -1 -1  1  1  0  0 -1 -1 -2 -1]
[ 0  1  2  2  1  0  0 -1  1  1  1  0  0 -1 -1 -2]
Signature:  (2, 14)
Genus symbol at 2:    1^16
Genus symbol at 5:     1^-14 5^-2
glueing
Genus of
[-10   5]
[  5 -10]
Signature:  (0, 2)
Genus symbol at 2:    1^-2
Genus symbol at 3:     1^-1 3^-1
Genus symbol at 5:     5^-2
and
Genus of
[ 0  0  0  1]
[ 0 -2 -1  0]
[ 0 -1 -2  0]
[ 1  0  0  0]
Signature:  (1, 3)
Genus symbol at 2:    1^-4
Genus symbol at 3:     1^-3 3^1
above 3
glueing
Genus of
[-6  3 -2  1]
[ 3 -6  1 -2]
[-2  1 -4  2]
[ 1 -2  2 -4]
Signature:  (0, 4)
Genus symbol at 2:    1^4
Genus symbol at 3:     1^-2 3^-2
Genus symbol at 5:     1^-2 5^-2
and
Genus of
[0 3]
[3 0]
Signature:  (1, 1)
Genus symbol at 2:    1^2
Genus symbol at 3:     3^-2
above 3
