1
glueing
Genus of
[ 4  4  2 -2]
[ 4  4  4  2]
[ 2  4  4  4]
[-2  2  4  4]
Signature:  (2, 2)
Genus symbol at 2:    2^-4
Genus symbol at 5:     1^3 5^1
and
Genus of
[ -6   1   2   2  -4   8   0   2   1  -4   0  -1]
[  1  -6   1   2  -6  -4   8   0   4   1  -4   0]
[  2   1  -6   1   2  -6  -4   8  -1   4   1  -4]
[  2   2   1  -6   0   2  -6  -4   0  -1   4   1]
[ -4  -6   2   0 -20   5   5   5  10  -4  -2  -4]
[  8  -4  -6   2   5 -20   5   5   0  10  -4  -2]
[  0   8  -4  -6   5   5 -20   5  -4   0  10  -4]
[  2   0   8  -4   5   5   5 -20  -2  -4   0  10]
[  1   4  -1   0  10   0  -4  -2  -6   1   2   2]
[ -4   1   4  -1  -4  10   0  -4   1  -6   1   2]
[  0  -4   1   4  -2  -4  10   0   2   1  -6   1]
[ -1   0  -4   1  -4  -2  -4  10   2   2   1  -6]
Signature:  (0, 12)
Genus symbol at 2:    1^8:2^-4
Genus symbol at 5:     1^-9 5^-3
above 2
glueing
Genus of
[ 4  4  2 -2]
[ 4  4  4  2]
[ 2  4  4  4]
[-2  2  4  4]
Signature:  (2, 2)
Genus symbol at 2:    2^-4
Genus symbol at 5:     1^3 5^1
and
Genus of
[  -6    1    2    2   -2    4    0    1   -1  -27    0    1]
[   1   -6    1    2   -3   -2    4    0   27   -1  -27    0]
[   2    1   -6    1    1   -3   -2    4    1   27   -1  -27]
[   2    2    1   -6    0    1   -3   -2    0    1   27   -1]
[  -2   -3    1    0   -8    2    2    2   35  -18  -11  -14]
[   4   -2   -3    1    2   -8    2    2    8   35  -18  -11]
[   0    4   -2   -3    2    2   -8    2  -14    8   35  -18]
[   1    0    4   -2    2    2    2   -8  -11  -14    8   35]
[  -1   27    1    0   35    8  -14  -11 -222   12   99   99]
[ -27   -1   27    1  -18   35    8  -14   12 -222   12   99]
[   0  -27   -1   27  -11  -18   35    8   99   12 -222   12]
[   1    0  -27   -1  -14  -11  -18   35   99   99   12 -222]
Signature:  (0, 12)
Genus symbol at 2:    1^8:2^-4
Genus symbol at 5:     1^-9 5^-3
above 2
glueing
Genus of
[ 4  4  2 -2]
[ 4  4  4  2]
[ 2  4  4  4]
[-2  2  4  4]
Signature:  (2, 2)
Genus symbol at 2:    2^-4
Genus symbol at 5:     1^3 5^1
and
Genus of
[-4  1  1  1  2 -1  1 -2  0  2 -2 -2]
[ 1 -4  1  1  0  2 -1  1  2  0  2 -2]
[ 1  1 -4  1 -2  0  2 -1 -2  2  0  2]
[ 1  1  1 -4  1 -2  0  2 -2 -2  2  0]
[ 2  0 -2  1 -4  2  0  0  0  0  0  0]
[-1  2  0 -2  2 -4  2  0  0  0  0  0]
[ 1 -1  2  0  0  2 -4  2  0  0  0  0]
[-2  1 -1  2  0  0  2 -4  0  0  0  0]
[ 0  2 -2 -2  0  0  0  0 -8  2  2  2]
[ 2  0  2 -2  0  0  0  0  2 -8  2  2]
[-2  2  0  2  0  0  0  0  2  2 -8  2]
[-2 -2  2  0  0  0  0  0  2  2  2 -8]
Signature:  (0, 12)
Genus symbol at 2:    1^8:2^-4
Genus symbol at 5:     1^-9 5^-3
above 2
5^1 * 2 -- 5^1
Genus of
[-2  3  1 -1 -1  2 -1  0  0  0  0  0 -3  2 -3  2]
[ 3 -2 -1  0  0 -1  2 -1  0  0  0  0  2 -3  2 -3]
[ 1 -1 -2 -1  0  0  1 -2  0  0  0  0 -2 -2  3 -2]
[-1  0 -1 -2 -1  0  0 -1  0  0  0  0 -3  2  2 -3]
[-1  0  0 -1 -4  1  1  1  2 -1  1 -2  0  2 -2 -2]
[ 2 -1  0  0  1 -4  1  1  0  2 -1  1  2  0  2 -2]
[-1  2  1  0  1  1 -4  1 -2  0  2 -1 -2  2  0  2]
[ 0 -1 -2 -1  1  1  1 -4  1 -2  0  2 -2 -2  2  0]
[ 0  0  0  0  2  0 -2  1 -4  2  0  0  0  0  0  0]
[ 0  0  0  0 -1  2  0 -2  2 -4  2  0  0  0  0  0]
[ 0  0  0  0  1 -1  2  0  0  2 -4  2  0  0  0  0]
[ 0  0  0  0 -2  1 -1  2  0  0  2 -4  0  0  0  0]
[-3  2 -2 -3  0  2 -2 -2  0  0  0  0 -8  2  2  2]
[ 2 -3 -2  2  2  0  2 -2  0  0  0  0  2 -8  2  2]
[-3  2  3  2 -2  2  0  2  0  0  0  0  2  2 -8  2]
[ 2 -3 -2 -3 -2 -2  2  0  0  0  0  0  2  2  2 -8]
Signature:  (2, 14)
Genus symbol at 2:    1^16
Genus symbol at 5:     1^-12 5^-4
glueing
Genus of
[-10]
Signature:  (0, 1)
Genus symbol at 2:    [2^-1]_3
Genus symbol at 5:     5^-1
and
Genus of
[ 0  0  0  0  5]
[ 0 -2 -1 -1  1]
[ 0 -1 -2 -1  1]
[ 0 -1 -1 -4 -1]
[ 5  1  1 -1 -4]
Signature:  (1, 4)
Genus symbol at 2:    1^-4 [2^1]_1
Genus symbol at 5:     1^-2 5^3
above 2
glueing
Genus of
[-4 -2]
[-2 -6]
Signature:  (0, 2)
Genus symbol at 2:    [2^-2]_6
Genus symbol at 5:     1^1 5^1
and
Genus of
[  0   0   0   5]
[  0  -2   0  -1]
[  0   0 -10   0]
[  5  -1   0   2]
Signature:  (1, 3)
Genus symbol at 2:    1^-2 [2^2]_6
Genus symbol at 5:     1^-1 5^-3
above 2
glueing
Genus of
[-10   0]
[  0 -10]
Signature:  (0, 2)
Genus symbol at 2:    [2^2]_6
Genus symbol at 5:     5^2
and
Genus of
[-2  0 -1  1]
[ 0  4  1  1]
[-1  1 -4  2]
[ 1  1  2 -4]
Signature:  (1, 3)
Genus symbol at 2:    1^2 [2^2]_2
Genus symbol at 5:     1^-2 5^-2
above 2
glueing
Genus of
[-4 -1 -1]
[-1 -4  1]
[-1  1 -4]
Signature:  (0, 3)
Genus symbol at 2:    1^2 [2^1]_1
Genus symbol at 5:     1^1 5^-2
and
Genus of
[  2  -1   0]
[ -1  -2   0]
[  0   0 -10]
Signature:  (1, 2)
Genus symbol at 2:    1^2 [2^1]_7
Genus symbol at 5:     1^-1 5^2
above 2
glueing
Genus of
[ -4  -2   0]
[ -2  -6   0]
[  0   0 -10]
Signature:  (0, 3)
Genus symbol at 2:    [2^3]_1
Genus symbol at 5:     1^1 5^-2
and
Genus of
[ 0  0 10]
[ 0 -2 -2]
[10 -2 -2]
Signature:  (1, 2)
Genus symbol at 2:    [2^3]_7
Genus symbol at 5:     1^-1 5^2
above 2
glueing
Genus of
[-10   0   0]
[  0 -10   0]
[  0   0 -10]
Signature:  (0, 3)
Genus symbol at 2:    [2^-3]_1
Genus symbol at 5:     5^-3
and
Genus of
[-2  0  0]
[ 0  4 -2]
[ 0 -2 -4]
Signature:  (1, 2)
Genus symbol at 2:    [2^-3]_7
Genus symbol at 5:     1^-2 5^1
above 2
glueing
Genus of
[-4  1  1 -1]
[ 1 -4  1 -1]
[ 1  1 -4 -1]
[-1 -1 -1 -4]
Signature:  (0, 4)
Genus symbol at 2:    1^-4
Genus symbol at 5:     1^1 5^3
and
Genus of
[ 2  1]
[ 1 -2]
Signature:  (1, 1)
Genus symbol at 2:    1^-2
Genus symbol at 5:     1^-1 5^-1
above 2
glueing
Genus of
[ -4  -1   1   0]
[ -1  -4  -1   0]
[  1  -1  -4   0]
[  0   0   0 -10]
Signature:  (0, 4)
Genus symbol at 2:    1^-2 [2^2]_0
Genus symbol at 5:     1^1 5^3
and
Genus of
[ 2  4]
[ 4 -2]
Signature:  (1, 1)
Genus symbol at 2:    [2^-2]_4
Genus symbol at 5:     1^-1 5^-1
above 2
glueing
Genus of
[ -4  -1  -1   1   0]
[ -1  -4   1  -1   0]
[ -1   1  -4  -1   0]
[  1  -1  -1  -4   0]
[  0   0   0   0 -10]
Signature:  (0, 5)
Genus symbol at 2:    1^4 [2^1]_7
Genus symbol at 5:     1^1 5^-4
and
Genus of
[2]
Signature:  (1, 0)
Genus symbol at 2:    [2^1]_1
above 2
glueing
Genus of
[-4 -2  0  0  0 -4 -4  0]
[-2 -4 -2  0  0  0 -4 -4]
[ 0 -2 -4 -2  0  0  0 -4]
[ 0  0 -2 -4  4  0  0  0]
[ 0  0  0  4 -6 -1  2 -2]
[-4  0  0  0 -1 -6 -1  2]
[-4 -4  0  0  2 -1 -6 -1]
[ 0 -4 -4  0 -2  2 -1 -6]
Signature:  (2, 6)
Genus symbol at 2:    1^-4:2^-4
and
Genus of
[-4  1  1  1  0  0  0  0]
[ 1 -4  1  1  0  0  0  0]
[ 1  1 -4  1  0  0  0  0]
[ 1  1  1 -4  0  0  0  0]
[ 0  0  0  0 -4  0  2  2]
[ 0  0  0  0  0 -4  0  2]
[ 0  0  0  0  2  0 -4  0]
[ 0  0  0  0  2  2  0 -4]
Signature:  (0, 8)
Genus symbol at 2:    1^-4:2^-4
Genus symbol at 5:     1^-4 5^-4
above 2
glueing
Genus of
[-4 -2  0  0  0 -4 -4  0]
[-2 -4 -2  0  0  0 -4 -4]
[ 0 -2 -4 -2  0  0  0 -4]
[ 0  0 -2 -4  4  0  0  0]
[ 0  0  0  4 -6 -1  2 -2]
[-4  0  0  0 -1 -6 -1  2]
[-4 -4  0  0  2 -1 -6 -1]
[ 0 -4 -4  0 -2  2 -1 -6]
Signature:  (2, 6)
Genus symbol at 2:    1^-4:2^-4
and
Genus of
[-14   6   1   1  11  -9  26  -4]
[  6 -14   6   1 -24  11  -9  26]
[  1   6 -14   6  -4 -24  11  -9]
[  1   1   6 -14  26  -4 -24  11]
[ 11 -24  -4  26 -86  20  23  23]
[ -9  11 -24  -4  20 -86  20  23]
[ 26  -9  11 -24  23  20 -86  20]
[ -4  26  -9  11  23  23  20 -86]
Signature:  (0, 8)
Genus symbol at 2:    1^-4:2^-4
Genus symbol at 5:     1^-4 5^-4
above 2
glueing
Genus of
[-4 -2  0  0  0  0  4  4]
[-2 -4 -2  0  0  0  0  4]
[ 0 -2 -4 -2 -4  0  0  0]
[ 0  0 -2 -4 -4 -4  0  0]
[ 0  0 -4 -4 -6 -1  2 -2]
[ 0  0  0 -4 -1 -6 -1  2]
[ 4  0  0  0  2 -1 -6 -1]
[ 4  4  0  0 -2  2 -1 -6]
Signature:  (2, 6)
Genus symbol at 2:    1^-4:2^-4
and
Genus of
[ -6   1   2   2   0  -6  -2   2]
[  1  -6   1   2   6   0  -6  -2]
[  2   1  -6   1   2   6   0  -6]
[  2   2   1  -6  -2   2   6   0]
[  0   6   2  -2 -12  -2   8   8]
[ -6   0   6   2  -2 -12  -2   8]
[ -2  -6   0   6   8  -2 -12  -2]
[  2  -2  -6   0   8   8  -2 -12]
Signature:  (0, 8)
Genus symbol at 2:    1^-4:2^-4
Genus symbol at 5:     1^-4 5^-4
above 2
glueing
Genus of
[-4  0  2 -2  0  0  0  0]
[ 0 -4  0  2  0  0  0  0]
[ 2  0 -4  0  0  0  0  0]
[-2  2  0 -4  0  0  0  0]
[ 0  0  0  0  0  2  2 -2]
[ 0  0  0  0  2  0  2  2]
[ 0  0  0  0  2  2  0  2]
[ 0  0  0  0 -2  2  2  0]
Signature:  (2, 6)
Genus symbol at 2:    2^8
Genus symbol at 5:     1^-6 5^-2
and
Genus of
[-8  0  4  4 -2 -2  0  4]
[ 0 -8  0  4  0 -2 -2  0]
[ 4  0 -8  0  4  0 -2 -2]
[ 4  4  0 -8  0  4  0 -2]
[-2  0  4  0 -4  0  2  2]
[-2 -2  0  4  0 -4  0  2]
[ 0 -2 -2  0  2  0 -4  0]
[ 4  0 -2 -2  2  2  0 -4]
Signature:  (0, 8)
Genus symbol at 2:    2^8
Genus symbol at 5:     1^6 5^2
above 2
5^1 * 2 -- 5^1
Genus of
[-6  0 -2 -3 -2 -2 -2  2  3 -3 -3 -2  1  1 -3 -1]
[ 0 -6 -3  4  1  1 -1 -3 -3 -5  1  5  0 -3 -1  1]
[-2 -3 -6  0 -2  0 -1  0  2 -5 -3  3  1 -2 -1 -1]
[-3  4  0 -6 -3 -2  0  4  5  2 -3 -5  1  3  0 -3]
[-2  1 -2 -3 -4  0  1  2  4  0 -5 -1  3  1 -1 -3]
[-2  1  0 -2  0 -2  0  2  2  0  0 -3  0  1 -1 -1]
[-2 -1 -1  0  1  0 -2  0 -1 -2  0  0 -1  0 -1  1]
[ 2 -3  0  4  2  2  0 -4 -5 -1  2  4 -1 -3  0  3]
[ 3 -3  2  5  4  2 -1 -5 -8  0  4  4 -2 -2  0  4]
[-3 -5 -5  2  0  0 -2 -1  0 -8  0  4  0 -2 -2  0]
[-3  1 -3 -3 -5  0  0  2  4  0 -8  0  4  0 -2 -2]
[-2  5  3 -5 -1 -3  0  4  4  4  0 -8  0  4  0 -2]
[ 1  0  1  1  3  0 -1 -1 -2  0  4  0 -4  0  2  2]
[ 1 -3 -2  3  1  1  0 -3 -2 -2  0  4  0 -4  0  2]
[-3 -1 -1  0 -1 -1 -1  0  0 -2 -2  0  2  0 -4  0]
[-1  1 -1 -3 -3 -1  1  3  4  0 -2 -2  2  2  0 -4]
Signature:  (2, 14)
Genus symbol at 2:    1^16
Genus symbol at 5:     1^-12 5^-4
glueing
Genus of
[-10]
Signature:  (0, 1)
Genus symbol at 2:    [2^-1]_3
Genus symbol at 5:     5^-1
and
Genus of
[ 0  0  0  0  5]
[ 0 -2 -1 -1  1]
[ 0 -1 -2 -1  1]
[ 0 -1 -1 -4 -1]
[ 5  1  1 -1 -4]
Signature:  (1, 4)
Genus symbol at 2:    1^-4 [2^1]_1
Genus symbol at 5:     1^-2 5^3
above 2
glueing
Genus of
[-4 -2]
[-2 -6]
Signature:  (0, 2)
Genus symbol at 2:    [2^-2]_6
Genus symbol at 5:     1^1 5^1
and
Genus of
[  0   0   0   5]
[  0  -2   0  -1]
[  0   0 -10   0]
[  5  -1   0   2]
Signature:  (1, 3)
Genus symbol at 2:    1^-2 [2^2]_6
Genus symbol at 5:     1^-1 5^-3
above 2
glueing
Genus of
[-10   0]
[  0 -10]
Signature:  (0, 2)
Genus symbol at 2:    [2^2]_6
Genus symbol at 5:     5^2
and
Genus of
[-2  0 -1  1]
[ 0  4  1  1]
[-1  1 -4  2]
[ 1  1  2 -4]
Signature:  (1, 3)
Genus symbol at 2:    1^2 [2^2]_2
Genus symbol at 5:     1^-2 5^-2
above 2
glueing
Genus of
[-4 -1 -1]
[-1 -4  1]
[-1  1 -4]
Signature:  (0, 3)
Genus symbol at 2:    1^2 [2^1]_1
Genus symbol at 5:     1^1 5^-2
and
Genus of
[  2  -1   0]
[ -1  -2   0]
[  0   0 -10]
Signature:  (1, 2)
Genus symbol at 2:    1^2 [2^1]_7
Genus symbol at 5:     1^-1 5^2
above 2
glueing
Genus of
[ -4  -2   0]
[ -2  -6   0]
[  0   0 -10]
Signature:  (0, 3)
Genus symbol at 2:    [2^3]_1
Genus symbol at 5:     1^1 5^-2
and
Genus of
[ 0  0 10]
[ 0 -2 -2]
[10 -2 -2]
Signature:  (1, 2)
Genus symbol at 2:    [2^3]_7
Genus symbol at 5:     1^-1 5^2
above 2
glueing
Genus of
[-10   0   0]
[  0 -10   0]
[  0   0 -10]
Signature:  (0, 3)
Genus symbol at 2:    [2^-3]_1
Genus symbol at 5:     5^-3
and
Genus of
[-2  0  0]
[ 0  4 -2]
[ 0 -2 -4]
Signature:  (1, 2)
Genus symbol at 2:    [2^-3]_7
Genus symbol at 5:     1^-2 5^1
above 2
glueing
Genus of
[-4  1  1 -1]
[ 1 -4  1 -1]
[ 1  1 -4 -1]
[-1 -1 -1 -4]
Signature:  (0, 4)
Genus symbol at 2:    1^-4
Genus symbol at 5:     1^1 5^3
and
Genus of
[ 2  1]
[ 1 -2]
Signature:  (1, 1)
Genus symbol at 2:    1^-2
Genus symbol at 5:     1^-1 5^-1
above 2
glueing
Genus of
[ -4  -1   1   0]
[ -1  -4  -1   0]
[  1  -1  -4   0]
[  0   0   0 -10]
Signature:  (0, 4)
Genus symbol at 2:    1^-2 [2^2]_0
Genus symbol at 5:     1^1 5^3
and
Genus of
[ 2  4]
[ 4 -2]
Signature:  (1, 1)
Genus symbol at 2:    [2^-2]_4
Genus symbol at 5:     1^-1 5^-1
above 2
glueing
Genus of
[ -4  -1  -1   1   0]
[ -1  -4   1  -1   0]
[ -1   1  -4  -1   0]
[  1  -1  -1  -4   0]
[  0   0   0   0 -10]
Signature:  (0, 5)
Genus symbol at 2:    1^4 [2^1]_7
Genus symbol at 5:     1^1 5^-4
and
Genus of
[2]
Signature:  (1, 0)
Genus symbol at 2:    [2^1]_1
above 2
glueing
Genus of
[-8 -2  2 -2  0  0  0  0]
[-2 -8 -2  2  0  0  0  0]
[ 2 -2 -8 -2  0  0  0  0]
[-2  2 -2 -8  0  0  0  0]
[ 0  0  0  0  4  4  2 -2]
[ 0  0  0  0  4  4  4  2]
[ 0  0  0  0  2  4  4  4]
[ 0  0  0  0 -2  2  4  4]
Signature:  (2, 6)
Genus symbol at 2:    2^8
Genus symbol at 5:     1^-4 5^-4
and
Genus of
[-8  4  0  0  0  0  0 -6]
[ 4 -8  4  0  6  0  0  0]
[ 0  4 -8  4 -6  6  0  0]
[ 0  0  4 -8  0 -6  6  0]
[ 0  6 -6  0 -8  2  2  2]
[ 0  0  6 -6  2 -8  2  2]
[ 0  0  0  6  2  2 -8  2]
[-6  0  0  0  2  2  2 -8]
Signature:  (0, 8)
Genus symbol at 2:    2^8
above 2
glueing
Genus of
[-4 -2  0  0  0  0  0  0]
[-2 -4 -2  0  0  0  0  0]
[ 0 -2 -4 -2  0  0  0  0]
[ 0  0 -2 -4  0  0  0  0]
[ 0  0  0  0  4  6  4 -4]
[ 0  0  0  0  6  4  6  4]
[ 0  0  0  0  4  6  4  6]
[ 0  0  0  0 -4  4  6  4]
Signature:  (2, 6)
Genus symbol at 2:    2^8
Genus symbol at 5:     1^-4 5^-4
and
Genus of
[-8  4  0  0  0  0  0  6]
[ 4 -8  4  0 -6  0  0  0]
[ 0  4 -8  4  6 -6  0  0]
[ 0  0  4 -8  0  6 -6  0]
[ 0 -6  6  0 -8  2  2  2]
[ 0  0 -6  6  2 -8  2  2]
[ 0  0  0 -6  2  2 -8  2]
[ 6  0  0  0  2  2  2 -8]
Signature:  (0, 8)
Genus symbol at 2:    2^8
above 2
glueing
Genus of
[ -4  -2   0   0   0   0   1   2   5   5   0   0]
[ -2  -4  -2   0  -1   0   0   1   0   5   5   0]
[  0  -2  -4  -2  -2  -1   0   0   0   0   5   5]
[  0   0  -2  -4  -1  -2  -1   0   0   0   0   5]
[  0  -1  -2  -1  -2  -1   0   0   0   0   3   3]
[  0   0  -1  -2  -1  -2  -1   0   0   0   0   3]
[  1   0   0  -1   0  -1  -2  -1  -3   0   0   0]
[  2   1   0   0   0   0  -1  -2  -3  -3   0   0]
[  5   0   0   0   0   0  -3  -3 -10  -2   3  -3]
[  5   5   0   0   0   0   0  -3  -2 -10  -2   3]
[  0   5   5   0   3   0   0   0   3  -2 -10  -2]
[  0   0   5   5   3   3   0   0  -3   3  -2 -10]
Signature:  (2, 10)
Genus symbol at 2:    1^-12
Genus symbol at 5:     1^-11 5^-1
and
Genus of
[-4  1  1  1]
[ 1 -4  1  1]
[ 1  1 -4  1]
[ 1  1  1 -4]
Signature:  (0, 4)
Genus symbol at 2:    1^-4
Genus symbol at 5:     1^1 5^3
above 2
glueing
Genus of
[-4 -2  0  0  0  0  1  2 -1  0  0  0]
[-2 -4 -2  0 -1  0  0  1 -1 -1  0  0]
[ 0 -2 -4 -2 -2 -1  0  0  0 -1 -1  0]
[ 0  0 -2 -4 -1 -2 -1  0  0  0 -1 -1]
[ 0 -1 -2 -1 -2 -1  0  0  0 -1 -1  0]
[ 0  0 -1 -2 -1 -2 -1  0  0  0 -1 -1]
[ 1  0  0 -1  0 -1 -2 -1  0  0  0 -1]
[ 2  1  0  0  0  0 -1 -2  1  0  0  0]
[-1 -1  0  0  0  0  0  1  0  1  1 -1]
[ 0 -1 -1  0 -1  0  0  0  1  0  1  1]
[ 0  0 -1 -1 -1 -1  0  0  1  1  0  1]
[ 0  0  0 -1  0 -1 -1  0 -1  1  1  0]
Signature:  (2, 10)
Genus symbol at 2:    1^8:2^-4
Genus symbol at 5:     1^11 5^1
and
Genus of
[-8  2  2  2]
[ 2 -8  2  2]
[ 2  2 -8  2]
[ 2  2  2 -8]
Signature:  (0, 4)
Genus symbol at 2:    2^-4
Genus symbol at 5:     1^-1 5^-3
above 2
glueing
Genus of
[-4 -2  0  0 -1 -2  0  2  0  0  1  1]
[-2 -4 -2  0 -1 -1 -2  0  0  0  0  1]
[ 0 -2 -4 -2 -2 -1 -1 -2 -1  0  0  0]
[ 0  0 -2 -4  0 -2 -1 -1 -1 -1  0  0]
[-1 -1 -2  0 -4 -1  1 -1 -1  1  1  0]
[-2 -1 -1 -2 -1 -4 -1  1 -1 -1  1  1]
[ 0 -2 -1 -1  1 -1 -4 -1  0 -1 -1  1]
[ 2  0 -2 -1 -1  1 -1 -4 -1  0 -1 -1]
[ 0  0 -1 -1 -1 -1  0 -1  0  1  1 -1]
[ 0  0  0 -1  1 -1 -1  0  1  0  1  1]
[ 1  0  0  0  1  1 -1 -1  1  1  0  1]
[ 1  1  0  0  0  1  1 -1 -1  1  1  0]
Signature:  (2, 10)
Genus symbol at 2:    1^8:2^-4
Genus symbol at 5:     1^9 5^3
and
Genus of
[-4  0  2  2]
[ 0 -4  0  2]
[ 2  0 -4  0]
[ 2  2  0 -4]
Signature:  (0, 4)
Genus symbol at 2:    2^-4
Genus symbol at 5:     1^-3 5^-1
above 2
glueing
Genus of
[-4 -2  0  0  0  0  1  2  0  0  0  0]
[-2 -4 -2  0 -1  0  0  1  0  0  0  0]
[ 0 -2 -4 -2 -2 -1  0  0  0  0  0  0]
[ 0  0 -2 -4 -1 -2 -1  0  0  0  0  0]
[ 0 -1 -2 -1 -2 -1  0  0  0  0  0  0]
[ 0  0 -1 -2 -1 -2 -1  0  0  0  0  0]
[ 1  0  0 -1  0 -1 -2 -1  0  0  0  0]
[ 2  1  0  0  0  0 -1 -2  0  0  0  0]
[ 0  0  0  0  0  0  0  0  4  4  2 -2]
[ 0  0  0  0  0  0  0  0  4  4  4  2]
[ 0  0  0  0  0  0  0  0  2  4  4  4]
[ 0  0  0  0  0  0  0  0 -2  2  4  4]
Signature:  (2, 10)
Genus symbol at 2:    1^8:2^-4
Genus symbol at 5:     1^9 5^3
and
Genus of
[-4  2  0  0]
[ 2 -4  2  0]
[ 0  2 -4  2]
[ 0  0  2 -4]
Signature:  (0, 4)
Genus symbol at 2:    2^-4
Genus symbol at 5:     1^-3 5^-1
above 2
5^1 * 2 -- 5^1
Genus of
[-4 -2  0  0  0  0  1  2  0  0  0  0  0  0  0  0]
[-2 -4 -2  0 -1  0  0  1  0  0  0  0  0  0  0  0]
[ 0 -2 -4 -2 -2 -1  0  0  0  0  0  0  0  0  0  0]
[ 0  0 -2 -4 -1 -2 -1  0  0  0  0  0  0  0  0  0]
[ 0 -1 -2 -1 -2 -1  0  0  0  0  0  0  0  0  0  0]
[ 0  0 -1 -2 -1 -2 -1  0  0  0  0  0  0  0  0  0]
[ 1  0  0 -1  0 -1 -2 -1  0  0  0  0  0  0  0  0]
[ 2  1  0  0  0  0 -1 -2  0  0  0  0  0  0  0  0]
[ 0  0  0  0  0  0  0  0  0  1  0 -1  1 -1  0 -1]
[ 0  0  0  0  0  0  0  0  1  0  1  1 -1 -1  1  0]
[ 0  0  0  0  0  0  0  0  0  1  0  1  1 -1 -1  1]
[ 0  0  0  0  0  0  0  0 -1  1  1  0  0  1 -1 -1]
[ 0  0  0  0  0  0  0  0  1 -1  1  0 -4  2  0  0]
[ 0  0  0  0  0  0  0  0 -1 -1 -1  1  2 -4  2  0]
[ 0  0  0  0  0  0  0  0  0  1 -1 -1  0  2 -4  2]
[ 0  0  0  0  0  0  0  0 -1  0  1 -1  0  0  2 -4]
Signature:  (2, 14)
Genus symbol at 2:    1^16
Genus symbol at 5:     1^-12 5^-4
glueing
Genus of
[-10]
Signature:  (0, 1)
Genus symbol at 2:    [2^-1]_3
Genus symbol at 5:     5^-1
and
Genus of
[ 0  0  0  0  5]
[ 0 -2 -1 -1  1]
[ 0 -1 -2 -1  1]
[ 0 -1 -1 -4 -1]
[ 5  1  1 -1 -4]
Signature:  (1, 4)
Genus symbol at 2:    1^-4 [2^1]_1
Genus symbol at 5:     1^-2 5^3
above 2
glueing
Genus of
[-4 -2]
[-2 -6]
Signature:  (0, 2)
Genus symbol at 2:    [2^-2]_6
Genus symbol at 5:     1^1 5^1
and
Genus of
[  0   0   0   5]
[  0  -2   0  -1]
[  0   0 -10   0]
[  5  -1   0   2]
Signature:  (1, 3)
Genus symbol at 2:    1^-2 [2^2]_6
Genus symbol at 5:     1^-1 5^-3
above 2
glueing
Genus of
[-10   0]
[  0 -10]
Signature:  (0, 2)
Genus symbol at 2:    [2^2]_6
Genus symbol at 5:     5^2
and
Genus of
[-2  0 -1  1]
[ 0  4  1  1]
[-1  1 -4  2]
[ 1  1  2 -4]
Signature:  (1, 3)
Genus symbol at 2:    1^2 [2^2]_2
Genus symbol at 5:     1^-2 5^-2
above 2
glueing
Genus of
[-4 -1 -1]
[-1 -4  1]
[-1  1 -4]
Signature:  (0, 3)
Genus symbol at 2:    1^2 [2^1]_1
Genus symbol at 5:     1^1 5^-2
and
Genus of
[  2  -1   0]
[ -1  -2   0]
[  0   0 -10]
Signature:  (1, 2)
Genus symbol at 2:    1^2 [2^1]_7
Genus symbol at 5:     1^-1 5^2
above 2
glueing
Genus of
[ -4  -2   0]
[ -2  -6   0]
[  0   0 -10]
Signature:  (0, 3)
Genus symbol at 2:    [2^3]_1
Genus symbol at 5:     1^1 5^-2
and
Genus of
[ 0  0 10]
[ 0 -2 -2]
[10 -2 -2]
Signature:  (1, 2)
Genus symbol at 2:    [2^3]_7
Genus symbol at 5:     1^-1 5^2
above 2
glueing
Genus of
[-10   0   0]
[  0 -10   0]
[  0   0 -10]
Signature:  (0, 3)
Genus symbol at 2:    [2^-3]_1
Genus symbol at 5:     5^-3
and
Genus of
[-2  0  0]
[ 0  4 -2]
[ 0 -2 -4]
Signature:  (1, 2)
Genus symbol at 2:    [2^-3]_7
Genus symbol at 5:     1^-2 5^1
above 2
glueing
Genus of
[-4  1  1 -1]
[ 1 -4  1 -1]
[ 1  1 -4 -1]
[-1 -1 -1 -4]
Signature:  (0, 4)
Genus symbol at 2:    1^-4
Genus symbol at 5:     1^1 5^3
and
Genus of
[ 2  1]
[ 1 -2]
Signature:  (1, 1)
Genus symbol at 2:    1^-2
Genus symbol at 5:     1^-1 5^-1
above 2
glueing
Genus of
[ -4  -1   1   0]
[ -1  -4  -1   0]
[  1  -1  -4   0]
[  0   0   0 -10]
Signature:  (0, 4)
Genus symbol at 2:    1^-2 [2^2]_0
Genus symbol at 5:     1^1 5^3
and
Genus of
[ 2  4]
[ 4 -2]
Signature:  (1, 1)
Genus symbol at 2:    [2^-2]_4
Genus symbol at 5:     1^-1 5^-1
above 2
glueing
Genus of
[ -4  -1  -1   1   0]
[ -1  -4   1  -1   0]
[ -1   1  -4  -1   0]
[  1  -1  -1  -4   0]
[  0   0   0   0 -10]
Signature:  (0, 5)
Genus symbol at 2:    1^4 [2^1]_7
Genus symbol at 5:     1^1 5^-4
and
Genus of
[2]
Signature:  (1, 0)
Genus symbol at 2:    [2^1]_1
above 2
5^1 * 2 -- 5^1
Genus of
[-4  0  2 -2  1 -1  0  2  0  0  0  0  0  0  0  0]
[ 0 -4  0  2  0  1 -1  0  0  0  0  0  0  0  0  0]
[ 2  0 -4  0 -2  0  1 -1  0  0  0  0  0  0  0  0]
[-2  2  0 -4  0 -2  0  1  0  0  0  0  0  0  0  0]
[ 1  0 -2  0 -2  0  1 -1  0  0  0  0  0  0  0  0]
[-1  1  0 -2  0 -2  0  1  0  0  0  0  0  0  0  0]
[ 0 -1  1  0  1  0 -2  0  0  0  0  0  0  0  0  0]
[ 2  0 -1  1 -1  1  0 -2  0  0  0  0  0  0  0  0]
[ 0  0  0  0  0  0  0  0 -4  0  2 -2  0  0  1  2]
[ 0  0  0  0  0  0  0  0  0 -4  0  2 -1  0  0  1]
[ 0  0  0  0  0  0  0  0  2  0 -4  0 -2 -1  0  0]
[ 0  0  0  0  0  0  0  0 -2  2  0 -4 -1 -2 -1  0]
[ 0  0  0  0  0  0  0  0  0 -1 -2 -1 -2 -1  0  0]
[ 0  0  0  0  0  0  0  0  0  0 -1 -2 -1 -2 -1  0]
[ 0  0  0  0  0  0  0  0  1  0  0 -1  0 -1 -2 -1]
[ 0  0  0  0  0  0  0  0  2  1  0  0  0  0 -1 -2]
Signature:  (2, 14)
Genus symbol at 2:    1^16
Genus symbol at 5:     1^-12 5^-4
glueing
Genus of
[-10]
Signature:  (0, 1)
Genus symbol at 2:    [2^-1]_3
Genus symbol at 5:     5^-1
and
Genus of
[ 0  0  0  0  5]
[ 0 -2 -1 -1  1]
[ 0 -1 -2 -1  1]
[ 0 -1 -1 -4 -1]
[ 5  1  1 -1 -4]
Signature:  (1, 4)
Genus symbol at 2:    1^-4 [2^1]_1
Genus symbol at 5:     1^-2 5^3
above 2
glueing
Genus of
[-4 -2]
[-2 -6]
Signature:  (0, 2)
Genus symbol at 2:    [2^-2]_6
Genus symbol at 5:     1^1 5^1
and
Genus of
[  0   0   0   5]
[  0  -2   0  -1]
[  0   0 -10   0]
[  5  -1   0   2]
Signature:  (1, 3)
Genus symbol at 2:    1^-2 [2^2]_6
Genus symbol at 5:     1^-1 5^-3
above 2
glueing
Genus of
[-10   0]
[  0 -10]
Signature:  (0, 2)
Genus symbol at 2:    [2^2]_6
Genus symbol at 5:     5^2
and
Genus of
[-2  0 -1  1]
[ 0  4  1  1]
[-1  1 -4  2]
[ 1  1  2 -4]
Signature:  (1, 3)
Genus symbol at 2:    1^2 [2^2]_2
Genus symbol at 5:     1^-2 5^-2
above 2
glueing
Genus of
[-4 -1 -1]
[-1 -4  1]
[-1  1 -4]
Signature:  (0, 3)
Genus symbol at 2:    1^2 [2^1]_1
Genus symbol at 5:     1^1 5^-2
and
Genus of
[  2  -1   0]
[ -1  -2   0]
[  0   0 -10]
Signature:  (1, 2)
Genus symbol at 2:    1^2 [2^1]_7
Genus symbol at 5:     1^-1 5^2
above 2
glueing
Genus of
[ -4  -2   0]
[ -2  -6   0]
[  0   0 -10]
Signature:  (0, 3)
Genus symbol at 2:    [2^3]_1
Genus symbol at 5:     1^1 5^-2
and
Genus of
[ 0  0 10]
[ 0 -2 -2]
[10 -2 -2]
Signature:  (1, 2)
Genus symbol at 2:    [2^3]_7
Genus symbol at 5:     1^-1 5^2
above 2
glueing
Genus of
[-10   0   0]
[  0 -10   0]
[  0   0 -10]
Signature:  (0, 3)
Genus symbol at 2:    [2^-3]_1
Genus symbol at 5:     5^-3
and
Genus of
[-2  0  0]
[ 0  4 -2]
[ 0 -2 -4]
Signature:  (1, 2)
Genus symbol at 2:    [2^-3]_7
Genus symbol at 5:     1^-2 5^1
above 2
glueing
Genus of
[-4  1  1 -1]
[ 1 -4  1 -1]
[ 1  1 -4 -1]
[-1 -1 -1 -4]
Signature:  (0, 4)
Genus symbol at 2:    1^-4
Genus symbol at 5:     1^1 5^3
and
Genus of
[ 2  1]
[ 1 -2]
Signature:  (1, 1)
Genus symbol at 2:    1^-2
Genus symbol at 5:     1^-1 5^-1
above 2
glueing
Genus of
[ -4  -1   1   0]
[ -1  -4  -1   0]
[  1  -1  -4   0]
[  0   0   0 -10]
Signature:  (0, 4)
Genus symbol at 2:    1^-2 [2^2]_0
Genus symbol at 5:     1^1 5^3
and
Genus of
[ 2  4]
[ 4 -2]
Signature:  (1, 1)
Genus symbol at 2:    [2^-2]_4
Genus symbol at 5:     1^-1 5^-1
above 2
glueing
Genus of
[ -4  -1  -1   1   0]
[ -1  -4   1  -1   0]
[ -1   1  -4  -1   0]
[  1  -1  -1  -4   0]
[  0   0   0   0 -10]
Signature:  (0, 5)
Genus symbol at 2:    1^4 [2^1]_7
Genus symbol at 5:     1^1 5^-4
and
Genus of
[2]
Signature:  (1, 0)
Genus symbol at 2:    [2^1]_1
above 2
