1
glueing
Genus of
[-2  1  0  0 -2  1  1  0]
[ 1 -2  1  0  0 -2  1  1]
[ 0  1 -2  1  0  0 -2  1]
[ 0  0  1 -2  1  0  0 -2]
[-2  0  0  1 -2  1  0  0]
[ 1 -2  0  0  1 -2  1  0]
[ 1  1 -2  0  0  1 -2  1]
[ 0  1  1 -2  0  0  1 -2]
Signature:  (2, 6)
Genus symbol at 2:    1^8
Genus symbol at 3:     1^-4 3^-4
and
Genus of
[-4  1  1  1  0  0  0  0]
[ 1 -4  1  1  0  0  0  0]
[ 1  1 -4  1  0  0  0  0]
[ 1  1  1 -4  0  0  0  0]
[ 0  0  0  0 -6  3  0  0]
[ 0  0  0  0  3 -6  3  0]
[ 0  0  0  0  0  3 -6  3]
[ 0  0  0  0  0  0  3 -6]
Signature:  (0, 8)
Genus symbol at 2:    1^8
Genus symbol at 3:     1^-4 3^-4
Genus symbol at 5:     1^-4 5^-4
above 3
glueing
Genus of
[-2  1  0  0 -2  1  1  0]
[ 1 -2  1  0  0 -2  1  1]
[ 0  1 -2  1  0  0 -2  1]
[ 0  0  1 -2  1  0  0 -2]
[-2  0  0  1 -2  1  0  0]
[ 1 -2  0  0  1 -2  1  0]
[ 1  1 -2  0  0  1 -2  1]
[ 0  1  1 -2  0  0  1 -2]
Signature:  (2, 6)
Genus symbol at 2:    1^8
Genus symbol at 3:     1^-4 3^-4
and
Genus of
[ -14    6    1    1  -27   13  -12   28]
[   6  -14    6    1   -2  -27   13  -12]
[   1    6  -14    6   28   -2  -27   13]
[   1    1    6  -14  -12   28   -2  -27]
[ -27   -2   28  -12 -104   30   22   22]
[  13  -27   -2   28   30 -104   30   22]
[ -12   13  -27   -2   22   30 -104   30]
[  28  -12   13  -27   22   22   30 -104]
Signature:  (0, 8)
Genus symbol at 2:    1^8
Genus symbol at 3:     1^-4 3^-4
Genus symbol at 5:     1^-4 5^-4
above 3
glueing
Genus of
[-2  1  0  0 -2  1  1  0]
[ 1 -2  1  0  0 -2  1  1]
[ 0  1 -2  1  0  0 -2  1]
[ 0  0  1 -2  1  0  0 -2]
[-2  0  0  1 -2  1  0  0]
[ 1 -2  0  0  1 -2  1  0]
[ 1  1 -2  0  0  1 -2  1]
[ 0  1  1 -2  0  0  1 -2]
Signature:  (2, 6)
Genus symbol at 2:    1^8
Genus symbol at 3:     1^-4 3^-4
and
Genus of
[   -46      4     19     19   -480   -245    -10    225]
[     4    -46      4     19    510   -480   -245    -10]
[    19      4    -46      4    225    510   -480   -245]
[    19     19      4    -46    -10    225    510   -480]
[  -480    510    225    -10 -10060   1754   3276   3276]
[  -245   -480    510    225   1754 -10060   1754   3276]
[   -10   -245   -480    510   3276   1754 -10060   1754]
[   225    -10   -245   -480   3276   3276   1754 -10060]
Signature:  (0, 8)
Genus symbol at 2:    1^8
Genus symbol at 3:     1^-4 3^-4
Genus symbol at 5:     1^-4 5^-4
above 3
glueing
Genus of
[ 0  1 -1 -1 -2  0  1  2]
[ 1  0  1 -1 -1 -2  0  1]
[-1  1  0  1 -1 -1 -2  0]
[-1 -1  1  0  1 -1 -1 -2]
[-2 -1 -1  1  0  1 -1 -1]
[ 0 -2 -1 -1  1  0  1 -1]
[ 1  0 -2 -1 -1  1  0  1]
[ 2  1  0 -2 -1 -1  1  0]
Signature:  (2, 6)
Genus symbol at 2:    1^8
Genus symbol at 3:     1^-4 3^-4
and
Genus of
[ -6   1   2   2  -3   1   5   4]
[  1  -6   1   2  -7  -3   1   5]
[  2   1  -6   1   4  -7  -3   1]
[  2   2   1  -6   5   4  -7  -3]
[ -3  -7   4   5 -16  -1   9   9]
[  1  -3  -7   4  -1 -16  -1   9]
[  5   1  -3  -7   9  -1 -16  -1]
[  4   5   1  -3   9   9  -1 -16]
Signature:  (0, 8)
Genus symbol at 2:    1^8
Genus symbol at 3:     1^-4 3^-4
Genus symbol at 5:     1^-4 5^-4
above 3
glueing
Genus of
[ 0  1 -1 -1 -2  0  1  2]
[ 1  0  1 -1 -1 -2  0  1]
[-1  1  0  1 -1 -1 -2  0]
[-1 -1  1  0  1 -1 -1 -2]
[-2 -1 -1  1  0  1 -1 -1]
[ 0 -2 -1 -1  1  0  1 -1]
[ 1  0 -2 -1 -1  1  0  1]
[ 2  1  0 -2 -1 -1  1  0]
Signature:  (2, 6)
Genus symbol at 2:    1^8
Genus symbol at 3:     1^-4 3^-4
and
Genus of
[-20   7   3   3   6  -9  21   6]
[  7 -20   7   3 -24   6  -9  21]
[  3   7 -20   7   6 -24   6  -9]
[  3   3   7 -20  21   6 -24   6]
[  6 -24   6  21 -48  12  12  12]
[ -9   6 -24   6  12 -48  12  12]
[ 21  -9   6 -24  12  12 -48  12]
[  6  21  -9   6  12  12  12 -48]
Signature:  (0, 8)
Genus symbol at 2:    1^8
Genus symbol at 3:     1^-4 3^-4
Genus symbol at 5:     1^-4 5^-4
above 3
