1
glueing
Genus of
[ -4  -1   0   0  -1   2   2   0   0   6   0   0   0   6  -6   0]
[ -1  -4  -1   0   0  -1   2   2  -6   0   6   0   0   0   6  -6]
[  0  -1  -4  -1   0   0  -1   2   0  -6   0   6   0   0   0   6]
[  0   0  -1  -4  -1   0   0  -1   0   0  -6   0   6   0   0   0]
[ -1   0   0  -1  -4  -1   0   0   0   0   0  -6   0   6   0   0]
[  2  -1   0   0  -1  -4  -1   0  -6   0   0   0  -6   0   6   0]
[  2   2  -1   0   0  -1  -4  -1   6  -6   0   0   0  -6   0   6]
[  0   2   2  -1   0   0  -1  -4   0   6  -6   0   0   0  -6   0]
[  0  -6   0   0   0  -6   6   0 -36  19  -9  16 -21  18   2  -7]
[  6   0  -6   0   0   0  -6   6  19 -36  19  -9  16 -21  18   2]
[  0   6   0  -6   0   0   0  -6  -9  19 -36  19  -9  16 -21  18]
[  0   0   6   0  -6   0   0   0  16  -9  19 -36  19  -9  16 -21]
[  0   0   0   6   0  -6   0   0 -21  16  -9  19 -36  19  -9  16]
[  6   0   0   0   6   0  -6   0  18 -21  16  -9  19 -36  19  -9]
[ -6   6   0   0   0   6   0  -6   2  18 -21  16  -9  19 -36  19]
[  0  -6   6   0   0   0   6   0  -7   2  18 -21  16  -9  19 -36]
Signature:  (2, 14)
Genus symbol at 2:    1^16
Genus symbol at 3:     1^-12 3^-4
and
Genus of
[-6  3  0  0]
[ 3 -6  3  0]
[ 0  3 -6  3]
[ 0  0  3 -6]
Signature:  (0, 4)
Genus symbol at 2:    1^-4
Genus symbol at 3:     3^-4
Genus symbol at 5:     1^-3 5^-1
above 3
5^1 * 3 -- 5^1
Genus of
[ -4  -1   0  -3  -1  -2   0   0  -4   2   0   0  -4   2   2   0  -2   0   0  -2]
[ -1  -2   0  -1   0  -1  -2   0   2  -4   2   0   0  -4   2   2  -2   1   0   0]
[  0   0  -2  -2   0   0  -1  -2   0   2  -4   2   0   0  -4   2   1  -2   1   0]
[ -3  -1  -2  -6  -2  -2  -2  -2   0   0  -4  -2   0   0   0   2   0  -2   2  -3]
[ -1   0   0  -2  -4  -1   0   0   0   0   0  -6   0   6   0   0   0   0   0   0]
[ -2  -1   0  -2  -1  -4  -1   0  -6   0   0   0  -6   0   6   0   0   0   0   0]
[  0  -2  -1  -2   0  -1  -4  -1   6  -6   0   0   0  -6   0   6   0   0   0   0]
[  0   0  -2  -2   0   0  -1  -4   0   6  -6   0   0   0  -6   0   0   0   0   0]
[ -4   2   0   0   0  -6   6   0 -36  19  -9  16 -21  18   2  -7   0   0   0   0]
[  2  -4   2   0   0   0  -6   6  19 -36  19  -9  16 -21  18   2   0   0   0   0]
[  0   2  -4  -4   0   0   0  -6  -9  19 -36  19  -9  16 -21  18   0   0   0   0]
[  0   0   2  -2  -6   0   0   0  16  -9  19 -36  19  -9  16 -21   0   0   0   0]
[ -4   0   0   0   0  -6   0   0 -21  16  -9  19 -36  19  -9  16   0   0   0   0]
[  2  -4   0   0   6   0  -6   0  18 -21  16  -9  19 -36  19  -9   0   0   0   0]
[  2   2  -4   0   0   6   0  -6   2  18 -21  16  -9  19 -36  19   0   0   0   0]
[  0   2   2   2   0   0   6   0  -7   2  18 -21  16  -9  19 -36   0   0   0   0]
[ -2  -2   1   0   0   0   0   0   0   0   0   0   0   0   0   0  -6   3   0   0]
[  0   1  -2  -2   0   0   0   0   0   0   0   0   0   0   0   0   3  -6   3   0]
[  0   0   1   2   0   0   0   0   0   0   0   0   0   0   0   0   0   3  -6   3]
[ -2   0   0  -3   0   0   0   0   0   0   0   0   0   0   0   0   0   0   3  -6]
Signature:  (2, 18)
Genus symbol at 2:    1^-20
Genus symbol at 5:     1^-19 5^-1
