1
glueing
Genus of
[-6  1  3 -4 -3  5  0 -5]
[ 1 -6  1  3 -4 -3  5  0]
[ 3  1 -6  1  3 -4 -3  5]
[-4  3  1 -6  1  3 -4 -3]
[-3 -4  3  1 -6  1  3 -4]
[ 5 -3 -4  3  1 -6  1  3]
[ 0  5 -3 -4  3  1 -6  1]
[-5  0  5 -3 -4  3  1 -6]
Signature:  (2, 6)
Genus symbol at 2:    1^-2:2^-6
Genus symbol at 3:     1^4 3^4
and
Genus of
[-6 -3  0  3]
[-3 -6 -3  0]
[ 0 -3 -6 -3]
[ 3  0 -3 -6]
Signature:  (0, 4)
Genus symbol at 2:    1^-2:2^-2
Genus symbol at 3:     3^4
above 3
2^3 * 3 -- 2^3
Genus of
[ -4   0   1  -4  -3   2   1  -3   1  -1  -3  -3]
[  0  -4  -3  -1  -1  -3   2   1  -3  -2  -1   0]
[  1  -3 -10  -5   2  -1  -3   2  -6  -6  -2   2]
[ -4  -1  -5 -10  -1   2  -1  -3  -2  -6  -6  -2]
[ -3  -1   2  -1  -6   1   3  -4   0   0   0   0]
[  2  -3  -1   2   1  -6   1   3   0   0   0   0]
[  1   2  -3  -1   3   1  -6   1   0   0   0   0]
[ -3   1   2  -3  -4   3   1  -6   0   0   0   0]
[  1  -3  -6  -2   0   0   0   0  -6  -3   0   3]
[ -1  -2  -6  -6   0   0   0   0  -3  -6  -3   0]
[ -3  -1  -2  -6   0   0   0   0   0  -3  -6  -3]
[ -3   0   2  -2   0   0   0   0   3   0  -3  -6]
Signature:  (2, 10)
Genus symbol at 2:    1^4:2^8
Found an isometry of order: 24
