1
5^1 * 2 -- 5^1
Genus of
[ 0  4  4 -4]
[ 4  0  4  4]
[ 4  4  0  4]
[-4  4  4  0]
Signature:  (2, 2)
Genus symbol at 2:    4^-4
Genus symbol at 5:     1^-3 5^-1
glueing
Genus of
[-10]
Signature:  (0, 1)
Genus symbol at 2:    [2^-1]_3
Genus symbol at 5:     5^-1
and
Genus of
[ 0  0  1]
[ 0 -2  0]
[ 1  0  0]
Signature:  (1, 2)
Genus symbol at 2:    1^2 [2^1]_7
above 2
Found an isometry of order: 10
glueing
Genus of
[-4]
Signature:  (0, 1)
Genus symbol at 2:    [4^1]_7
and
Genus of
[-2  1 -1]
[ 1 -2  3]
[-1  3  2]
Signature:  (1, 2)
Genus symbol at 2:    1^-2:[4^1]_7
Genus symbol at 5:     1^-2 5^-1
above 2
glueing
Genus of
[-10]
Signature:  (0, 1)
Genus symbol at 2:    [2^-1]_3
Genus symbol at 5:     5^-1
and
Genus of
[ 0  0  2]
[ 0 -2  0]
[ 2  0  0]
Signature:  (1, 2)
Genus symbol at 2:    [2^3]_7
above 2
Found an isometry of order: 10
glueing
Genus of
[ -4   0]
[  0 -10]
Signature:  (0, 2)
Genus symbol at 2:    [2^-1 4^1]_2
Genus symbol at 5:     1^1 5^-1
and
Genus of
[ 2  2]
[ 2 -2]
Signature:  (1, 1)
Genus symbol at 2:    [2^1 4^1]_0
above 2
Found an isometry of order: 10
