1
glueing
Genus of
[ 0  1  1 -1]
[ 1  0  1  1]
[ 1  1  0  1]
[-1  1  1  0]
Signature:  (2, 2)
Genus symbol at 2:    1^-4
Genus symbol at 5:     1^-3 5^-1
and
Genus of
[-8  4  0  0  6  0  0  0]
[ 4 -8  4  0 -6  6  0  0]
[ 0  4 -8  4  0 -6  6  0]
[ 0  0  4 -8  0  0 -6  6]
[ 6 -6  0  0 -8  2  2  2]
[ 0  6 -6  0  2 -8  2  2]
[ 0  0  6 -6  2  2 -8  2]
[ 0  0  0  6  2  2  2 -8]
Signature:  (0, 8)
Genus symbol at 2:    2^8
above 2
5^1 * 2 -- 5^1
Genus of
[ 0  1  1 -1  0  0  0  0  0  0  0  0]
[ 1  0  1  1  0  0  0  0  0  0  0  0]
[ 1  1  0  1  0  0  0  0  0  0  0  0]
[-1  1  1  0  0  0  0  0  0  0  0  0]
[ 0  0  0  0 -8  4  0  0  6  0  0  0]
[ 0  0  0  0  4 -8  4  0 -6  6  0  0]
[ 0  0  0  0  0  4 -8  4  0 -6  6  0]
[ 0  0  0  0  0  0  4 -8  0  0 -6  6]
[ 0  0  0  0  6 -6  0  0 -8  2  2  2]
[ 0  0  0  0  0  6 -6  0  2 -8  2  2]
[ 0  0  0  0  0  0  6 -6  2  2 -8  2]
[ 0  0  0  0  0  0  0  6  2  2  2 -8]
Signature:  (2, 10)
Genus symbol at 2:    1^-4:2^8
Genus symbol at 5:     1^-11 5^-1
glueing
Genus of
[-10]
Signature:  (0, 1)
Genus symbol at 2:    [2^-1]_3
Genus symbol at 5:     5^-1
and
Genus of
[2]
Signature:  (1, 0)
Genus symbol at 2:    [2^1]_1
above 2
Found an isometry of order: 10
glueing
Genus of
[-4  0  2 -2  0 -4  0  4]
[ 0 -4  0  2  0  0 -4  0]
[ 2  0 -4  0 -4  0  0 -4]
[-2  2  0 -4  0 -4  0  0]
[ 0  0 -4  0 -6 -1  2 -2]
[-4  0  0 -4 -1 -6 -1  2]
[ 0 -4  0  0  2 -1 -6 -1]
[ 4  0 -4  0 -2  2 -1 -6]
Signature:  (2, 6)
Genus symbol at 2:    1^-4:2^-4
and
Genus of
[-4  0  2  2]
[ 0 -4  0  2]
[ 2  0 -4  0]
[ 2  2  0 -4]
Signature:  (0, 4)
Genus symbol at 2:    2^-4
Genus symbol at 5:     1^-3 5^-1
above 2
5^1 * 2 -- 5^1
Genus of
[-4  0  2 -2  0 -4  0  4  0  0  0  0]
[ 0 -4  0  2  0  0 -4  0  0  0  0  0]
[ 2  0 -4  0 -4  0  0 -4  0  0  0  0]
[-2  2  0 -4  0 -4  0  0  0  0  0  0]
[ 0  0 -4  0 -6 -1  2 -2  0  0  0  0]
[-4  0  0 -4 -1 -6 -1  2  0  0  0  0]
[ 0 -4  0  0  2 -1 -6 -1  0  0  0  0]
[ 4  0 -4  0 -2  2 -1 -6  0  0  0  0]
[ 0  0  0  0  0  0  0  0 -4  0  2  2]
[ 0  0  0  0  0  0  0  0  0 -4  0  2]
[ 0  0  0  0  0  0  0  0  2  0 -4  0]
[ 0  0  0  0  0  0  0  0  2  2  0 -4]
Signature:  (2, 10)
Genus symbol at 2:    1^-4:2^8
Genus symbol at 5:     1^-11 5^-1
Found an isometry of order: 10
glueing
Genus of
[-10]
Signature:  (0, 1)
Genus symbol at 2:    [2^-1]_3
Genus symbol at 5:     5^-1
and
Genus of
[2]
Signature:  (1, 0)
Genus symbol at 2:    [2^1]_1
above 2
5^1 * 2 -- 5^1
Genus of
[-4 -2  0  0  0  0  0  0  0  0  0  0]
[-2 -4 -2  0  0  0  0  0  0  0  0  0]
[ 0 -2 -4 -2  0  0  0  0  0  0  0  0]
[ 0  0 -2 -4  0  0  0  0  0  0  0  0]
[ 0  0  0  0 -4 -2  0  0  4  4  0  0]
[ 0  0  0  0 -2 -4 -2  0  0  4  4  0]
[ 0  0  0  0  0 -2 -4 -2  0  0  4  4]
[ 0  0  0  0  0  0 -2 -4  0  0  0  4]
[ 0  0  0  0  4  0  0  0 -6 -1  2 -2]
[ 0  0  0  0  4  4  0  0 -1 -6 -1  2]
[ 0  0  0  0  0  4  4  0  2 -1 -6 -1]
[ 0  0  0  0  0  0  4  4 -2  2 -1 -6]
Signature:  (2, 10)
Genus symbol at 2:    1^-4:2^8
Genus symbol at 5:     1^-11 5^-1
glueing
Genus of
[-10]
Signature:  (0, 1)
Genus symbol at 2:    [2^-1]_3
Genus symbol at 5:     5^-1
and
Genus of
[2]
Signature:  (1, 0)
Genus symbol at 2:    [2^1]_1
above 2
Found an isometry of order: 10
