1
5^1 * 2 -- 5^1
Genus of
[ 2  2  1 -1]
[ 2  2  2  1]
[ 1  2  2  2]
[-1  1  2  2]
Signature:  (2, 2)
Genus symbol at 2:    1^-4
Genus symbol at 5:     1^-3 5^-1
glueing
Genus of
[-4]
Signature:  (0, 1)
Genus symbol at 2:    [4^1]_7
and
Genus of
[ 0  0  0  0  0  0  0  0  2]
[ 0 -2 -1 -1  1  0  0  0  0]
[ 0 -1 -2 -1  0  0  0  0  0]
[ 0 -1 -1 -2  1  0  0  0  0]
[ 0  1  0  1 -2  0  0  0  0]
[ 0  0  0  0  0 -4  2  2  0]
[ 0  0  0  0  0  2 -4 -2  0]
[ 0  0  0  0  0  2 -2 -8  0]
[ 2  0  0  0  0  0  0  0  0]
Signature:  (1, 8)
Genus symbol at 2:    1^-2:2^6 [4^1]_1
Genus symbol at 5:     1^-8 5^-1
above 2
glueing
Genus of
[-10]
Signature:  (0, 1)
Genus symbol at 2:    [2^-1]_3
Genus symbol at 5:     5^-1
and
Genus of
[ 0  0  0  0  0  0  0  0  2]
[ 0 -2  0  0  0  0  0  0  0]
[ 0  0 -2  0  0  0  0  0  0]
[ 0  0  0 -2  0  0  0  0  0]
[ 0  0  0  0 -2  0  0  0  0]
[ 0  0  0  0  0 -2  0  0  0]
[ 0  0  0  0  0  0 -2  0  0]
[ 0  0  0  0  0  0  0 -2  0]
[ 2  0  0  0  0  0  0  0  0]
Signature:  (1, 8)
Genus symbol at 2:    [2^9]_1
above 2
Found an isometry of order: 10
glueing
Genus of
[-4  0]
[ 0 -4]
Signature:  (0, 2)
Genus symbol at 2:    [4^2]_6
and
Genus of
[  0   0   0   0   0   0   0   2]
[  0  -2  -1  -1  -1   0   0   1]
[  0  -1  -2  -1  -1   0   0   1]
[  0  -1  -1  -2   0   0   0   2]
[  0  -1  -1   0  -2   0   0   2]
[  0   0   0   0   0  -8   4  -2]
[  0   0   0   0   0   4 -12   0]
[  2   1   1   2   2  -2   0   2]
Signature:  (1, 7)
Genus symbol at 2:    1^-2:2^4 [4^2]_2
Genus symbol at 5:     1^-7 5^-1
above 2
glueing
Genus of
[ -4   0]
[  0 -10]
Signature:  (0, 2)
Genus symbol at 2:    [2^-1 4^1]_2
Genus symbol at 5:     1^1 5^-1
and
Genus of
[ 0  0  0  0  0  0  0  2]
[ 0 -2  0  0  0  0  0  0]
[ 0  0 -2  0  0  0  0  0]
[ 0  0  0 -2  0  0  0  0]
[ 0  0  0  0 -2  0  0  0]
[ 0  0  0  0  0 -2  0  0]
[ 0  0  0  0  0  0 -4  0]
[ 2  0  0  0  0  0  0  0]
Signature:  (1, 7)
Genus symbol at 2:    [2^7 4^1]_2
above 2
Found an isometry of order: 10
glueing
Genus of
[ -8  -4]
[ -4 -12]
Signature:  (0, 2)
Genus symbol at 2:    [4^-2]_6
Genus symbol at 5:     1^-1 5^-1
and
Genus of
[ 0  0  0  0  0  0  0  2]
[ 0 -2 -1  1 -1  0  0  0]
[ 0 -1 -2  1 -1  0  0  0]
[ 0  1  1 -2  0  0  0  0]
[ 0 -1 -1  0 -2  0  0  0]
[ 0  0  0  0  0 -4  0  0]
[ 0  0  0  0  0  0 -4  0]
[ 2  0  0  0  0  0  0  0]
Signature:  (1, 7)
Genus symbol at 2:    1^-2:2^-4 [4^2]_6
above 2
Found an isometry of order: 10
glueing
Genus of
[-4 -2 -2]
[-2 -4  0]
[-2  0 -8]
Signature:  (0, 3)
Genus symbol at 2:    2^-2 [4^1]_1
Genus symbol at 5:     1^-2 5^-1
and
Genus of
[ 0  0  0  0  0  0  2]
[ 0 -2 -1 -1 -1  0  0]
[ 0 -1 -2 -1  0  0  0]
[ 0 -1 -1 -2 -1  0  0]
[ 0 -1  0 -1 -2  0  0]
[ 0  0  0  0  0 -4  0]
[ 2  0  0  0  0  0  0]
Signature:  (1, 6)
Genus symbol at 2:    1^-2:2^-4 [4^1]_7
above 2
Found an isometry of order: 10
glueing
Genus of
[-4 -2 -2]
[-2 -4  0]
[-2  0 -8]
Signature:  (0, 3)
Genus symbol at 2:    2^-2 [4^1]_1
Genus symbol at 5:     1^-2 5^-1
and
Genus of
[ 0  0  0  0  0  0  2]
[ 0 -2  0  0  0  0  0]
[ 0  0 -2  0  0  0  0]
[ 0  0  0 -2  0  0  0]
[ 0  0  0  0 -2  0  0]
[ 0  0  0  0  0 -4  0]
[ 2  0  0  0  0  0  0]
Signature:  (1, 6)
Genus symbol at 2:    [2^6 4^1]_3
above 2
glueing
Genus of
[-4  0  0]
[ 0 -4  0]
[ 0  0 -4]
Signature:  (0, 3)
Genus symbol at 2:    [4^3]_5
and
Genus of
[-2  0  0  1  1  0  0]
[ 0 -2  0  1 -1  0  0]
[ 0  0 -2  1 -1  0  0]
[ 1  1  1 -2 -1 -2 -2]
[ 1 -1 -1 -1 -2  2  2]
[ 0  0  0 -2  2 -4  0]
[ 0  0  0 -2  2  0 -4]
Signature:  (1, 6)
Genus symbol at 2:    1^-2:2^2 [4^3]_3
Genus symbol at 5:     1^-6 5^-1
above 2
glueing
Genus of
[ -4   0   0]
[  0  -4   0]
[  0   0 -10]
Signature:  (0, 3)
Genus symbol at 2:    [2^-1 4^2]_1
Genus symbol at 5:     1^2 5^-1
and
Genus of
[-2  0  0  0  0  0  0]
[ 0  2  0  0  0  0  0]
[ 0  0 -2  0  0  0  0]
[ 0  0  0 -2  0  0  0]
[ 0  0  0  0 -2  0  0]
[ 0  0  0  0  0 -4  0]
[ 0  0  0  0  0  0 -4]
Signature:  (1, 6)
Genus symbol at 2:    [2^5 4^2]_3
above 2
Found an isometry of order: 10
glueing
Genus of
[ -4   0   0]
[  0  -8  -4]
[  0  -4 -12]
Signature:  (0, 3)
Genus symbol at 2:    [4^-3]_5
Genus symbol at 5:     1^-2 5^-1
and
Genus of
[ 0  0  0  0  0  0  4]
[ 0 -2  1 -1 -1  0  0]
[ 0  1 -2  0  1  0  0]
[ 0 -1  0 -2 -1  0  0]
[ 0 -1  1 -1 -2  0  0]
[ 0  0  0  0  0 -4  0]
[ 4  0  0  0  0  0  0]
Signature:  (1, 6)
Genus symbol at 2:    1^-2:2^-2 [4^3]_7
above 2
Found an isometry of order: 10
glueing
Genus of
[-4 -2  2  2]
[-2 -4  0  0]
[ 2  0 -4 -2]
[ 2  0 -2 -4]
Signature:  (0, 4)
Genus symbol at 2:    2^-4
Genus symbol at 5:     1^-3 5^-1
and
Genus of
[ 0  0  0  0  0  2]
[ 0 -2 -1 -1 -1  0]
[ 0 -1 -2 -1  0  0]
[ 0 -1 -1 -2 -1  0]
[ 0 -1  0 -1 -2  0]
[ 2  0  0  0  0  0]
Signature:  (1, 5)
Genus symbol at 2:    1^-2:2^-4
above 2
Found an isometry of order: 10
glueing
Genus of
[-4 -2  2  2]
[-2 -4  0  0]
[ 2  0 -4 -2]
[ 2  0 -2 -4]
Signature:  (0, 4)
Genus symbol at 2:    2^-4
Genus symbol at 5:     1^-3 5^-1
and
Genus of
[ 0  0  0  0  0  2]
[ 0 -2  0  0  0  0]
[ 0  0 -2  0  0  0]
[ 0  0  0 -2  0  0]
[ 0  0  0  0 -2  0]
[ 2  0  0  0  0  0]
Signature:  (1, 5)
Genus symbol at 2:    [2^6]_4
above 2
glueing
Genus of
[-4 -2 -2 -2]
[-2 -4  0  0]
[-2  0 -4  0]
[-2  0  0 -4]
Signature:  (0, 4)
Genus symbol at 2:    2^-2:4^-2
and
Genus of
[-2 -1 -1 -1  0  0]
[-1 -2  0  0  0  0]
[-1  0 -2  0  0  0]
[-1  0  0 -2  0  0]
[ 0  0  0  0 -8  4]
[ 0  0  0  0  4  8]
Signature:  (1, 5)
Genus symbol at 2:    1^-2:2^-2:4^-2
Genus symbol at 5:     1^-5 5^-1
above 2
glueing
Genus of
[ -4   2   2   2]
[  2  -4   0  -2]
[  2   0  -4  -2]
[  2  -2  -2 -12]
Signature:  (0, 4)
Genus symbol at 2:    2^-2:4^2
Genus symbol at 5:     1^-3 5^-1
and
Genus of
[ 0  0  0  0  0  4]
[ 0 -2 -1  1 -1  0]
[ 0 -1 -2  1 -1  0]
[ 0  1  1 -2  0  0]
[ 0 -1 -1  0 -2  0]
[ 4  0  0  0  0  0]
Signature:  (1, 5)
Genus symbol at 2:    1^-2:2^-2:4^2
above 2
Found an isometry of order: 10
glueing
Genus of
[-4  0  0  0]
[ 0 -4 -2  2]
[ 0 -2 -4  2]
[ 0  2  2 -8]
Signature:  (0, 4)
Genus symbol at 2:    2^-2 [4^2]_0
Genus symbol at 5:     1^-3 5^-1
and
Genus of
[-2 -1 -1 -1  0  0]
[-1 -2 -1  0  0  0]
[-1 -1 -2 -1  0  0]
[-1  0 -1 -2  0  0]
[ 0  0  0  0 -4  0]
[ 0  0  0  0  0  4]
Signature:  (1, 5)
Genus symbol at 2:    1^-2:2^-2 [4^2]_0
above 2
Found an isometry of order: 10
glueing
Genus of
[-4 -2 -2 -2]
[-2 -4  0  0]
[-2  0 -4  0]
[-2  0  0 -4]
Signature:  (0, 4)
Genus symbol at 2:    2^-2:4^-2
and
Genus of
[  0   0   0   0   0   4]
[  0  -2   0   0   0   0]
[  0   0  -2   0   0   0]
[  0   0   0  -2   0   0]
[  0   0   0   0 -10   0]
[  4   0   0   0   0   0]
Signature:  (1, 5)
Genus symbol at 2:    [2^-4]_0 4^2
Genus symbol at 5:     1^-5 5^-1
above 2
glueing
Genus of
[-4 -2 -2 -2]
[-2 -4  0  0]
[-2  0 -4  0]
[-2  0  0 -4]
Signature:  (0, 4)
Genus symbol at 2:    2^-2:4^-2
and
Genus of
[  0   0   0   0   0   2]
[  0  -4   2   2  -2   0]
[  0   2  -4   0   2   0]
[  0   2   0  -4   2   0]
[  0  -2   2   2 -12   0]
[  2   0   0   0   0   0]
Signature:  (1, 5)
Genus symbol at 2:    2^-4:4^2
Genus symbol at 5:     1^-5 5^-1
above 2
glueing
Genus of
[ -4   2   2   2]
[  2  -4   0  -2]
[  2   0  -4  -2]
[  2  -2  -2 -12]
Signature:  (0, 4)
Genus symbol at 2:    2^-2:4^2
Genus symbol at 5:     1^-3 5^-1
and
Genus of
[ 0  0  0  0  0  2]
[ 0 -4 -2  2  2  0]
[ 0 -2 -4  2  2  0]
[ 0  2  2 -4  0  0]
[ 0  2  2  0 -4  0]
[ 2  0  0  0  0  0]
Signature:  (1, 5)
Genus symbol at 2:    2^-4:4^-2
above 2
glueing
Genus of
[ -4   2   2   2]
[  2  -4   0  -2]
[  2   0  -4  -2]
[  2  -2  -2 -12]
Signature:  (0, 4)
Genus symbol at 2:    2^-2:4^2
Genus symbol at 5:     1^-3 5^-1
and
Genus of
[ 2  0  0  0  0  0]
[ 0 -2  0  0  0  0]
[ 0  0 -4 -2 -2 -2]
[ 0  0 -2 -4  0  0]
[ 0  0 -2  0 -4  0]
[ 0  0 -2  0  0 -4]
Signature:  (1, 5)
Genus symbol at 2:    [2^4]_4 4^2
above 2
glueing
Genus of
[-4  0  0  0]
[ 0 -4 -2  2]
[ 0 -2 -4  2]
[ 0  2  2 -8]
Signature:  (0, 4)
Genus symbol at 2:    2^-2 [4^2]_0
Genus symbol at 5:     1^-3 5^-1
and
Genus of
[ 0  0  0  0  0  2]
[ 0 -2  0  0  0  0]
[ 0  0 -2  0  0  0]
[ 0  0  0 -4  0  0]
[ 0  0  0  0 -4  0]
[ 2  0  0  0  0  0]
Signature:  (1, 5)
Genus symbol at 2:    [2^4 4^2]_4
above 2
glueing
Genus of
[-4  0  0  0]
[ 0 -4  0  0]
[ 0  0 -4  0]
[ 0  0  0 -4]
Signature:  (0, 4)
Genus symbol at 2:    [4^4]_4
and
Genus of
[-2 -1 -1  0  0  0]
[-1 -2 -1  0  0  0]
[-1 -1 -2  0  0  0]
[ 0  0  0 -4  0  0]
[ 0  0  0  0 -8  4]
[ 0  0  0  0  4  8]
Signature:  (1, 5)
Genus symbol at 2:    1^-2:[4^4]_4
Genus symbol at 5:     1^-5 5^-1
above 2
glueing
Genus of
[ -4   0   0   0]
[  0  -4   0   0]
[  0   0  -4   0]
[  0   0   0 -10]
Signature:  (0, 4)
Genus symbol at 2:    [2^-1 4^3]_0
Genus symbol at 5:     1^3 5^-1
and
Genus of
[ 0  0  0  0  0  2]
[ 0 -2  0  0  0  0]
[ 0  0 -4  0  0  0]
[ 0  0  0 -4  0  0]
[ 0  0  0  0 -4  0]
[ 2  0  0  0  0  0]
Signature:  (1, 5)
Genus symbol at 2:    [2^3 4^3]_4
above 2
Found an isometry of order: 10
glueing
Genus of
[ -4   0   0   0]
[  0  -4   0   0]
[  0   0  -8   4]
[  0   0   4 -12]
Signature:  (0, 4)
Genus symbol at 2:    [4^-4]_4
Genus symbol at 5:     1^-3 5^-1
and
Genus of
[ 0  0  0  0  0  4]
[ 0 -2 -1  1  0  0]
[ 0 -1 -2  1  0  0]
[ 0  1  1 -2  0  0]
[ 0  0  0  0 -4  0]
[ 4  0  0  0  0  0]
Signature:  (1, 5)
Genus symbol at 2:    1^-2:[4^-4]_4
above 2
Found an isometry of order: 10
glueing
Genus of
[-4  0  0  0  0]
[ 0 -4 -2  2 -2]
[ 0 -2 -4  0  0]
[ 0  2  0 -4  2]
[ 0 -2  0  2 -4]
Signature:  (0, 5)
Genus symbol at 2:    2^-4 [4^1]_7
Genus symbol at 5:     1^-4 5^-1
and
Genus of
[ 0  0  0  0  2]
[ 0 -2 -1  1  0]
[ 0 -1 -2  1  0]
[ 0  1  1 -2  0]
[ 2  0  0  0  0]
Signature:  (1, 4)
Genus symbol at 2:    1^-2:2^-2 [4^1]_1
above 2
Found an isometry of order: 10
glueing
Genus of
[-4  0  0  0  0]
[ 0 -4 -2  2 -2]
[ 0 -2 -4  0  0]
[ 0  2  0 -4  2]
[ 0 -2  0  2 -4]
Signature:  (0, 5)
Genus symbol at 2:    2^-4 [4^1]_7
Genus symbol at 5:     1^-4 5^-1
and
Genus of
[ 0  0  0  0  2]
[ 0 -2  0  0  0]
[ 0  0 -2  0  0]
[ 0  0  0 -4  0]
[ 2  0  0  0  0]
Signature:  (1, 4)
Genus symbol at 2:    [2^4 4^1]_5
above 2
glueing
Genus of
[-4 -2 -2 -2  0]
[-2 -4  0  0  0]
[-2  0 -4  0  0]
[-2  0  0 -4  0]
[ 0  0  0  0 -4]
Signature:  (0, 5)
Genus symbol at 2:    2^2 [4^3]_3
and
Genus of
[  2   0   1   0   1]
[  0  -2   1   0   1]
[  1   1  -2   0   0]
[  0   0   0  -4   0]
[  1   1   0   0 -10]
Signature:  (1, 4)
Genus symbol at 2:    1^-2:[4^3]_5
Genus symbol at 5:     1^-4 5^-1
above 2
glueing
Genus of
[ -4  -2  -2  -2   0]
[ -2  -4   0   0   0]
[ -2   0  -4   0   0]
[ -2   0   0  -4   0]
[  0   0   0   0 -10]
Signature:  (0, 5)
Genus symbol at 2:    [2^-3]_7 4^2
Genus symbol at 5:     1^4 5^-1
and
Genus of
[ 0  0  0  0  4]
[ 0 -2  0  0  0]
[ 0  0 -2  0  0]
[ 0  0  0 -2  0]
[ 4  0  0  0  0]
Signature:  (1, 4)
Genus symbol at 2:    [2^3]_5 4^2
above 2
Found an isometry of order: 10
glueing
Genus of
[-4 -2  0  0 -2]
[-2 -4  0  0  0]
[ 0  0 -4  0  0]
[ 0  0  0 -4  0]
[-2  0  0  0 -8]
Signature:  (0, 5)
Genus symbol at 2:    2^-2 [4^3]_7
Genus symbol at 5:     1^-4 5^-1
and
Genus of
[ 0  0  0  0  4]
[ 0 -2 -1  1  0]
[ 0 -1 -2  1  0]
[ 0  1  1 -2  0]
[ 4  0  0  0  0]
Signature:  (1, 4)
Genus symbol at 2:    1^-2:[4^-3]_5
above 2
Found an isometry of order: 10
glueing
Genus of
[ -4  -2   2   0   2]
[ -2  -4   2   0   2]
[  2   2  -4   0   0]
[  0   0   0  -4   0]
[  2   2   0   0 -12]
Signature:  (0, 5)
Genus symbol at 2:    2^-2 [4^3]_7
Genus symbol at 5:     1^-4 5^-1
and
Genus of
[ 0  0  0  0  4]
[ 0 -2 -1  1  0]
[ 0 -1 -2  1  0]
[ 0  1  1 -2  0]
[ 4  0  0  0  0]
Signature:  (1, 4)
Genus symbol at 2:    1^-2:[4^-3]_5
above 2
Found an isometry of order: 10
glueing
Genus of
[-4 -2 -2 -2  0]
[-2 -4  0  0  0]
[-2  0 -4  0  0]
[-2  0  0 -4  0]
[ 0  0  0  0 -4]
Signature:  (0, 5)
Genus symbol at 2:    2^2 [4^3]_3
and
Genus of
[  0   0   0   0   4]
[  0  -2   0   0   0]
[  0   0  -4   0   0]
[  0   0   0 -10   0]
[  4   0   0   0   0]
Signature:  (1, 4)
Genus symbol at 2:    [2^-2 4^3]_1
Genus symbol at 5:     1^-4 5^-1
above 2
glueing
Genus of
[-4 -2 -2 -2  0]
[-2 -4  0  0  0]
[-2  0 -4  0  0]
[-2  0  0 -4  0]
[ 0  0  0  0 -4]
Signature:  (0, 5)
Genus symbol at 2:    2^2 [4^3]_3
and
Genus of
[ 0  0  0  0  4]
[ 0 -4 -2  2  0]
[ 0 -2 -4  2  0]
[ 0  2  2 -8  0]
[ 4  0  0  0  0]
Signature:  (1, 4)
Genus symbol at 2:    2^-2 [4^3]_1
Genus symbol at 5:     1^-4 5^-1
above 2
glueing
Genus of
[ -4   0  -2   2   2]
[  0  -4  -2   2  -2]
[ -2  -2  -6   4   2]
[  2   2   4  -6   0]
[  2  -2   2   0 -10]
Signature:  (0, 5)
Genus symbol at 2:    [2^-2 4^3]_7
Genus symbol at 5:     1^-4 5^-1
and
Genus of
[ 0  0  0  0  2]
[ 0 -4  0  0  0]
[ 0  0 -4  0  0]
[ 0  0  0 -4  0]
[ 2  0  0  0  0]
Signature:  (1, 4)
Genus symbol at 2:    2^2 [4^3]_5
above 2
glueing
Genus of
[ -4   0  -2   2   2]
[  0  -4  -2   2  -2]
[ -2  -2  -6   4   2]
[  2   2   4  -6   0]
[  2  -2   2   0 -10]
Signature:  (0, 5)
Genus symbol at 2:    [2^-2 4^3]_7
Genus symbol at 5:     1^-4 5^-1
and
Genus of
[ 0  0  0  0  4]
[ 0 -2  0  0  0]
[ 0  0 -2  0  0]
[ 0  0  0 -4  0]
[ 4  0  0  0  0]
Signature:  (1, 4)
Genus symbol at 2:    [2^2 4^3]_5
above 2
Found an isometry of order: 10
glueing
Genus of
[-4 -2  0  0 -2]
[-2 -4  0  0  0]
[ 0  0 -4  0  0]
[ 0  0  0 -4  0]
[-2  0  0  0 -8]
Signature:  (0, 5)
Genus symbol at 2:    2^-2 [4^3]_7
Genus symbol at 5:     1^-4 5^-1
and
Genus of
[ 0  0  0  0  2]
[ 0 -4  0  0  0]
[ 0  0 -4  0  0]
[ 0  0  0 -4  0]
[ 2  0  0  0  0]
Signature:  (1, 4)
Genus symbol at 2:    2^2 [4^3]_5
above 2
glueing
Genus of
[ -4  -2   2   0   2]
[ -2  -4   2   0   2]
[  2   2  -4   0   0]
[  0   0   0  -4   0]
[  2   2   0   0 -12]
Signature:  (0, 5)
Genus symbol at 2:    2^-2 [4^3]_7
Genus symbol at 5:     1^-4 5^-1
and
Genus of
[ 0  0  0  0  2]
[ 0 -4  0  0  0]
[ 0  0 -4  0  0]
[ 0  0  0 -4  0]
[ 2  0  0  0  0]
Signature:  (1, 4)
Genus symbol at 2:    2^2 [4^3]_5
above 2
glueing
Genus of
[-4 -2  0  0 -2]
[-2 -4  0  0  0]
[ 0  0 -4  0  0]
[ 0  0  0 -4  0]
[-2  0  0  0 -8]
Signature:  (0, 5)
Genus symbol at 2:    2^-2 [4^3]_7
Genus symbol at 5:     1^-4 5^-1
and
Genus of
[ 0  0  0  0  4]
[ 0 -2  0  0  0]
[ 0  0 -2  0  0]
[ 0  0  0 -4  0]
[ 4  0  0  0  0]
Signature:  (1, 4)
Genus symbol at 2:    [2^2 4^3]_5
above 2
glueing
Genus of
[ -4  -2   2   0   2]
[ -2  -4   2   0   2]
[  2   2  -4   0   0]
[  0   0   0  -4   0]
[  2   2   0   0 -12]
Signature:  (0, 5)
Genus symbol at 2:    2^-2 [4^3]_7
Genus symbol at 5:     1^-4 5^-1
and
Genus of
[ 0  0  0  0  4]
[ 0 -2  0  0  0]
[ 0  0 -2  0  0]
[ 0  0  0 -4  0]
[ 4  0  0  0  0]
Signature:  (1, 4)
Genus symbol at 2:    [2^2 4^3]_5
above 2
glueing
Genus of
[ -4   0   0   0   0]
[  0  -4   0   0   0]
[  0   0  -4   0   0]
[  0   0   0  -4   0]
[  0   0   0   0 -10]
Signature:  (0, 5)
Genus symbol at 2:    [2^-1 4^4]_7
Genus symbol at 5:     1^4 5^-1
and
Genus of
[ 0  0  0  0  4]
[ 0 -2  0  0  0]
[ 0  0 -4  0  0]
[ 0  0  0 -4  0]
[ 4  0  0  0  0]
Signature:  (1, 4)
Genus symbol at 2:    [2^1 4^4]_5
above 2
Found an isometry of order: 10
glueing
Genus of
[-4  0 -2 -2  0  0]
[ 0 -4 -2 -2 -2 -2]
[-2 -2 -4 -2 -2 -2]
[-2 -2 -2 -4 -2 -2]
[ 0 -2 -2 -2 -4 -2]
[ 0 -2 -2 -2 -2 -4]
Signature:  (0, 6)
Genus symbol at 2:    2^4 [4^2]_2
and
Genus of
[  2   0   1   1]
[  0  -2   1   1]
[  1   1  -2   0]
[  1   1   0 -10]
Signature:  (1, 3)
Genus symbol at 2:    1^-2:[4^2]_6
Genus symbol at 5:     1^-3 5^-1
above 2
glueing
Genus of
[-4  2  2  2  0  0]
[ 2 -4 -2 -2  0  0]
[ 2 -2 -4 -2  0  0]
[ 2 -2 -2 -4  0  0]
[ 0  0  0  0 -4  0]
[ 0  0  0  0  0 -4]
Signature:  (0, 6)
Genus symbol at 2:    2^-4 [4^2]_6
Genus symbol at 5:     1^-5 5^-1
and
Genus of
[ 0  0  0  2]
[ 0 -2  0  1]
[ 0  0 -2  1]
[ 2  1  1  2]
Signature:  (1, 3)
Genus symbol at 2:    1^-2:[4^-2]_6
above 2
Found an isometry of order: 10
glueing
Genus of
[ -4  -2  -2  -2   2   2]
[ -2  -4  -2  -2   0   2]
[ -2  -2  -4  -2   2   2]
[ -2  -2  -2  -4   0   2]
[  2   0   2   0  -4   0]
[  2   2   2   2   0 -12]
Signature:  (0, 6)
Genus symbol at 2:    2^-4 [4^2]_6
Genus symbol at 5:     1^-5 5^-1
and
Genus of
[ 0  0  0  2]
[ 0 -2  0  1]
[ 0  0 -2  1]
[ 2  1  1  2]
Signature:  (1, 3)
Genus symbol at 2:    1^-2:[4^-2]_6
above 2
Found an isometry of order: 10
glueing
Genus of
[-4  2  2  2  2  2]
[ 2 -4 -2  0 -2 -2]
[ 2 -2 -4 -2 -2 -2]
[ 2  0 -2 -4 -2 -2]
[ 2 -2 -2 -2 -4 -2]
[ 2 -2 -2 -2 -2 -4]
Signature:  (0, 6)
Genus symbol at 2:    2^4 [4^2]_2
and
Genus of
[  0   0   0   2]
[  0  -8   4   0]
[  0   4 -12   0]
[  2   0   0   0]
Signature:  (1, 3)
Genus symbol at 2:    2^-2 [4^2]_2
Genus symbol at 5:     1^-3 5^-1
above 2
glueing
Genus of
[-4  2  2  2  2  2]
[ 2 -4 -2  0 -2 -2]
[ 2 -2 -4 -2 -2 -2]
[ 2  0 -2 -4 -2 -2]
[ 2 -2 -2 -2 -4 -2]
[ 2 -2 -2 -2 -2 -4]
Signature:  (0, 6)
Genus symbol at 2:    2^4 [4^2]_2
and
Genus of
[  0   0   0   2]
[  0  -8   4   0]
[  0   4 -12   0]
[  2   0   0   2]
Signature:  (1, 3)
Genus symbol at 2:    [2^-2 4^2]_2
Genus symbol at 5:     1^-3 5^-1
above 2
glueing
Genus of
[-4  0  0  0  0  0]
[ 0 -4 -2 -2  0 -2]
[ 0 -2 -4 -2  0 -2]
[ 0 -2 -2 -4  0 -2]
[ 0  0  0  0 -4  0]
[ 0 -2 -2 -2  0 -4]
Signature:  (0, 6)
Genus symbol at 2:    2^-4 [4^2]_6
Genus symbol at 5:     1^-5 5^-1
and
Genus of
[-2  0  0  0]
[ 0 -2  0  0]
[ 0  0 -4  0]
[ 0  0  0  4]
Signature:  (1, 3)
Genus symbol at 2:    [2^2 4^2]_6
above 2
glueing
Genus of
[ -4   0  -2  -2   2   2]
[  0  -4   0  -2   2   0]
[ -2   0  -4  -2   2   2]
[ -2  -2  -2  -4   2   2]
[  2   2   2   2  -4  -2]
[  2   0   2   2  -2 -12]
Signature:  (0, 6)
Genus symbol at 2:    2^-4 [4^2]_6
Genus symbol at 5:     1^-5 5^-1
and
Genus of
[-2  0  0  0]
[ 0 -2  0  0]
[ 0  0 -4  0]
[ 0  0  0  4]
Signature:  (1, 3)
Genus symbol at 2:    [2^2 4^2]_6
above 2
glueing
Genus of
[-4  0  0  0  0  0]
[ 0 -4 -2 -2  0 -2]
[ 0 -2 -4 -2  0 -2]
[ 0 -2 -2 -4  0 -2]
[ 0  0  0  0 -4  0]
[ 0 -2 -2 -2  0 -4]
Signature:  (0, 6)
Genus symbol at 2:    2^-4 [4^2]_6
Genus symbol at 5:     1^-5 5^-1
and
Genus of
[ 0  0  0  2]
[ 0 -4  0  0]
[ 0  0 -4  0]
[ 2  0  0  0]
Signature:  (1, 3)
Genus symbol at 2:    2^2 [4^2]_6
above 2
glueing
Genus of
[ -4   0  -2  -2   2   2]
[  0  -4   0  -2   2   0]
[ -2   0  -4  -2   2   2]
[ -2  -2  -2  -4   2   2]
[  2   2   2   2  -4  -2]
[  2   0   2   2  -2 -12]
Signature:  (0, 6)
Genus symbol at 2:    2^-4 [4^2]_6
Genus symbol at 5:     1^-5 5^-1
and
Genus of
[ 0  0  0  2]
[ 0 -4  0  0]
[ 0  0 -4  0]
[ 2  0  0  0]
Signature:  (1, 3)
Genus symbol at 2:    2^2 [4^2]_6
above 2
glueing
Genus of
[-4  2  2  0  2 -2]
[ 2 -4 -2  0 -2  2]
[ 2 -2 -4  0 -2  2]
[ 0  0  0 -4  2  2]
[ 2 -2 -2  2 -6  2]
[-2  2  2  2  2 -6]
Signature:  (0, 6)
Genus symbol at 2:    [2^-4 4^2]_6
Genus symbol at 5:     1^-5 5^-1
and
Genus of
[-2  0  0  0]
[ 0 -2  0  0]
[ 0  0 -4  0]
[ 0  0  0  4]
Signature:  (1, 3)
Genus symbol at 2:    [2^2 4^2]_6
above 2
Found an isometry of order: 10
glueing
Genus of
[-4  2  2  0  2 -2]
[ 2 -4 -2  0 -2  2]
[ 2 -2 -4  0 -2  2]
[ 0  0  0 -4  2  2]
[ 2 -2 -2  2 -6  2]
[-2  2  2  2  2 -6]
Signature:  (0, 6)
Genus symbol at 2:    [2^-4 4^2]_6
Genus symbol at 5:     1^-5 5^-1
and
Genus of
[ 0  0  0  2]
[ 0 -4  0  0]
[ 0  0 -4  0]
[ 2  0  0  0]
Signature:  (1, 3)
Genus symbol at 2:    2^2 [4^2]_6
above 2
glueing
Genus of
[-4 -2  0 -2  2  2]
[-2 -4  0 -2  2  2]
[ 0  0 -4 -2  2  2]
[-2 -2 -2 -6  4  2]
[ 2  2  2  4 -6 -4]
[ 2  2  2  2 -4 -6]
Signature:  (0, 6)
Genus symbol at 2:    [2^-4]_6 4^2
Genus symbol at 5:     1^-5 5^-1
and
Genus of
[ 0  0  0  4]
[ 0 -2  0  0]
[ 0  0 -2  0]
[ 4  0  0  0]
Signature:  (1, 3)
Genus symbol at 2:    [2^2]_6 4^2
above 2
Found an isometry of order: 10
glueing
Genus of
[ -4   2   2  -2   0   0]
[  2  -4   0   2   0   0]
[  2   0  -4   2   0   0]
[ -2   2   2  -4   0   0]
[  0   0   0   0  -4   0]
[  0   0   0   0   0 -10]
Signature:  (0, 6)
Genus symbol at 2:    [2^-3 4^3]_6
Genus symbol at 5:     1^5 5^-1
and
Genus of
[ 0  0  0  4]
[ 0 -2  0  0]
[ 0  0 -4  0]
[ 4  0  0  0]
Signature:  (1, 3)
Genus symbol at 2:    [2^1 4^3]_6
above 2
Found an isometry of order: 10
glueing
Genus of
[-4 -2 -2 -2 -2  2  2]
[-2 -4 -2 -2 -2  2  2]
[-2 -2 -4  0 -2  2  0]
[-2 -2  0 -4  0  2  2]
[-2 -2 -2  0 -4  2  0]
[ 2  2  2  2  2 -4  0]
[ 2  2  0  2  0  0 -4]
Signature:  (0, 7)
Genus symbol at 2:    2^6 [4^1]_1
and
Genus of
[-2  1 -1]
[ 1 -2  3]
[-1  3  2]
Signature:  (1, 2)
Genus symbol at 2:    1^-2:[4^1]_7
Genus symbol at 5:     1^-2 5^-1
above 2
glueing
Genus of
[-4 -2 -2 -2 -2  2  2]
[-2 -4 -2 -2 -2  2  2]
[-2 -2 -4  0 -2  2  0]
[-2 -2  0 -4  0  2  2]
[-2 -2 -2  0 -4  2  0]
[ 2  2  2  2  2 -4  0]
[ 2  2  0  2  0  0 -4]
Signature:  (0, 7)
Genus symbol at 2:    2^6 [4^1]_1
and
Genus of
[ -2   0   0]
[  0   4   0]
[  0   0 -10]
Signature:  (1, 2)
Genus symbol at 2:    [2^-2 4^1]_3
Genus symbol at 5:     1^-2 5^-1
above 2
glueing
Genus of
[-4 -2  0 -2  0  2 -2]
[-2 -4  2 -2 -2  2 -2]
[ 0  2 -4  2  2  0  0]
[-2 -2  2 -4 -2  2 -2]
[ 0 -2  2 -2 -4  2 -2]
[ 2  2  0  2  2 -6  4]
[-2 -2  0 -2 -2  4 -6]
Signature:  (0, 7)
Genus symbol at 2:    [2^-6 4^1]_5
Genus symbol at 5:     1^-6 5^-1
and
Genus of
[ 0  0  2]
[ 0 -4  0]
[ 2  0  2]
Signature:  (1, 2)
Genus symbol at 2:    [2^2 4^1]_7
above 2
Found an isometry of order: 10
glueing
Genus of
[-4 -2  0 -2  0  2 -2]
[-2 -4  2 -2 -2  2 -2]
[ 0  2 -4  2  2  0  0]
[-2 -2  2 -4 -2  2 -2]
[ 0 -2  2 -2 -4  2 -2]
[ 2  2  0  2  2 -6  4]
[-2 -2  0 -2 -2  4 -6]
Signature:  (0, 7)
Genus symbol at 2:    [2^-6 4^1]_5
Genus symbol at 5:     1^-6 5^-1
and
Genus of
[ 0  0  2]
[ 0 -4  0]
[ 2  0  0]
Signature:  (1, 2)
Genus symbol at 2:    2^2 [4^1]_7
above 2
glueing
Genus of
[ -4   2  -2  -2  -2   2   0]
[  2  -4   2   2   2  -2   0]
[ -2   2  -4  -2   0   2   0]
[ -2   2  -2  -4  -2   2   0]
[ -2   2   0  -2  -4   2   0]
[  2  -2   2   2   2  -4   0]
[  0   0   0   0   0   0 -10]
Signature:  (0, 7)
Genus symbol at 2:    [2^-5 4^2]_5
Genus symbol at 5:     1^6 5^-1
and
Genus of
[ 2  0  0]
[ 0 -4  0]
[ 0  0 -4]
Signature:  (1, 2)
Genus symbol at 2:    [2^1 4^2]_7
above 2
Found an isometry of order: 10
glueing
Genus of
[-4 -2  2 -2  2  0 -2  0]
[-2 -4  2  0  2 -2 -2  2]
[ 2  2 -4  2 -2  0  0 -2]
[-2  0  2 -4  2  0  0  0]
[ 2  2 -2  2 -4  2  2 -2]
[ 0 -2  0  0  2 -4 -2  2]
[-2 -2  0  0  2 -2 -4  0]
[ 0  2 -2  0 -2  2  0 -4]
Signature:  (0, 8)
Genus symbol at 2:    2^8
and
Genus of
[ 2  1]
[ 1 -2]
Signature:  (1, 1)
Genus symbol at 2:    1^-2
Genus symbol at 5:     1^-1 5^-1
above 2
glueing
Genus of
[-4 -2  2 -2  2  0 -2  0]
[-2 -4  2  0  2 -2 -2  2]
[ 2  2 -4  2 -2  0  0 -2]
[-2  0  2 -4  2  0  0  0]
[ 2  2 -2  2 -4  2  2 -2]
[ 0 -2  0  0  2 -4 -2  2]
[-2 -2  0  0  2 -2 -4  0]
[ 0  2 -2  0 -2  2  0 -4]
Signature:  (0, 8)
Genus symbol at 2:    2^8
and
Genus of
[ 2  4]
[ 4 -2]
Signature:  (1, 1)
Genus symbol at 2:    [2^-2]_4
Genus symbol at 5:     1^-1 5^-1
above 2
glueing
Genus of
[-4 -2 -2  2  2  2 -2 -2]
[-2 -4 -2  2  2  2 -2 -2]
[-2 -2 -4  2  0  2 -2  0]
[ 2  2  2 -4 -2 -2  2  2]
[ 2  2  0 -2 -4 -2  2  2]
[ 2  2  2 -2 -2 -4  2  0]
[-2 -2 -2  2  2  2 -4  0]
[-2 -2  0  2  2  0  0 -6]
Signature:  (0, 8)
Genus symbol at 2:    [2^-8]_4
Genus symbol at 5:     1^-7 5^-1
and
Genus of
[0 2]
[2 0]
Signature:  (1, 1)
Genus symbol at 2:    2^2
above 2
glueing
Genus of
[-4 -2 -2  2  2  2 -2 -2]
[-2 -4 -2  2  2  2 -2 -2]
[-2 -2 -4  2  0  2 -2  0]
[ 2  2  2 -4 -2 -2  2  2]
[ 2  2  0 -2 -4 -2  2  2]
[ 2  2  2 -2 -2 -4  2  0]
[-2 -2 -2  2  2  2 -4  0]
[-2 -2  0  2  2  0  0 -6]
Signature:  (0, 8)
Genus symbol at 2:    [2^-8]_4
Genus symbol at 5:     1^-7 5^-1
and
Genus of
[2 2]
[2 0]
Signature:  (1, 1)
Genus symbol at 2:    [2^2]_0
above 2
Found an isometry of order: 10
glueing
Genus of
[ -4   2  -2  -2   2  -2   0   0]
[  2  -4   2   2  -2   2  -2   0]
[ -2   2  -4   0   0  -2   0   0]
[ -2   2   0  -4   2   0   2   0]
[  2  -2   0   2  -4   0   0   0]
[ -2   2  -2   0   0  -4   0   0]
[  0  -2   0   2   0   0  -4   0]
[  0   0   0   0   0   0   0 -10]
Signature:  (0, 8)
Genus symbol at 2:    [2^-7 4^1]_4
Genus symbol at 5:     1^7 5^-1
and
Genus of
[ 2  2]
[ 2 -2]
Signature:  (1, 1)
Genus symbol at 2:    [2^1 4^1]_0
above 2
Found an isometry of order: 10
glueing
Genus of
[ -4  -2   0   2  -2   2   0   0   0]
[ -2  -4   2   2  -2   2   2  -2   0]
[  0   2  -4  -2   0  -2  -2   2   0]
[  2   2  -2  -4   2  -2  -2   2   0]
[ -2  -2   0   2  -4   2   0  -2   0]
[  2   2  -2  -2   2  -4   0   2   0]
[  0   2  -2  -2   0   0  -4   2   0]
[  0  -2   2   2  -2   2   2  -4   0]
[  0   0   0   0   0   0   0   0 -10]
Signature:  (0, 9)
Genus symbol at 2:    [2^-9]_3
Genus symbol at 5:     1^8 5^-1
and
Genus of
[2]
Signature:  (1, 0)
Genus symbol at 2:    [2^1]_1
above 2
Found an isometry of order: 10
