1
5^1 * 2 -- 5^1
Genus of
[ 4  4  2 -2]
[ 4  4  4  2]
[ 2  4  4  4]
[-2  2  4  4]
Signature:  (2, 2)
Genus symbol at 2:    2^-4
Genus symbol at 5:     1^3 5^1
glueing
Genus of
[-4]
Signature:  (0, 1)
Genus symbol at 2:    [4^1]_7
and
Genus of
[-2 -1 -1  1  1  0  0  0  1]
[-1 -2 -1  0  1  0  0  0  1]
[-1 -1 -2  1  1  0  0  0  1]
[ 1  0  1 -2 -1  0  0  0 -1]
[ 1  1  1 -1 -2  0  0  0 -1]
[ 0  0  0  0  0 -2  1 -1  0]
[ 0  0  0  0  0  1 -2  0  0]
[ 0  0  0  0  0 -1  0 -2  0]
[ 1  1  1 -1 -1  0  0  0  4]
Signature:  (1, 8)
Genus symbol at 2:    1^6:2^-2 [4^1]_1
Genus symbol at 5:     1^8 5^1
above 2
glueing
Genus of
[-20]
Signature:  (0, 1)
Genus symbol at 2:    [4^-1]_3
Genus symbol at 5:     5^1
and
Genus of
[ 0  0  0  0  0  0  0  0  2]
[ 0 -2 -1 -1 -1  1 -1 -1  0]
[ 0 -1 -2  0  0  0 -1 -1  0]
[ 0 -1  0 -2  0  1  0  0  0]
[ 0 -1  0  0 -2  1  0  0  0]
[ 0  1  0  1  1 -2  0  0  0]
[ 0 -1 -1  0  0  0 -2 -1  0]
[ 0 -1 -1  0  0  0 -1 -2  0]
[ 2  0  0  0  0  0  0  0  0]
Signature:  (1, 8)
Genus symbol at 2:    1^6:2^2 [4^1]_1
above 2
Found an isometry of order: 10
glueing
Genus of
[-4 -2]
[-2 -6]
Signature:  (0, 2)
Genus symbol at 2:    [2^-2]_6
Genus symbol at 5:     1^1 5^1
and
Genus of
[ 0  0  0  0  0  0  0  1]
[ 0 -2  0  0  0  0  0  0]
[ 0  0 -2 -1 -1 -1  0  0]
[ 0  0 -1 -2  0  0  0  0]
[ 0  0 -1  0 -2  0  0  0]
[ 0  0 -1  0  0 -2  0  0]
[ 0  0  0  0  0  0 -2  0]
[ 1  0  0  0  0  0  0  0]
Signature:  (1, 7)
Genus symbol at 2:    1^4 [2^4]_2
above 2
Found an isometry of order: 10
glueing
Genus of
[-4  0]
[ 0 -4]
Signature:  (0, 2)
Genus symbol at 2:    [4^2]_6
and
Genus of
[ 0  0  0  0  0  0  0  1]
[ 0 -2  0  0  1  1  1  0]
[ 0  0 -2 -1  1 -1  1  0]
[ 0  0 -1 -2  0 -1  1  0]
[ 0  1  1  0 -4  1  0  0]
[ 0  1 -1 -1  1 -4  1  0]
[ 0  1  1  1  0  1 -4  0]
[ 1  0  0  0  0  0  0  0]
Signature:  (1, 7)
Genus symbol at 2:    1^6:[4^-2]_6
Genus symbol at 5:     1^7 5^1
above 2
glueing
Genus of
[-4 -2]
[-2 -6]
Signature:  (0, 2)
Genus symbol at 2:    [2^-2]_6
Genus symbol at 5:     1^1 5^1
and
Genus of
[ 0  0  0  0  0  0  0  2]
[ 0 -2  0  0  0  0  0  0]
[ 0  0 -2 -1 -1 -1  0  0]
[ 0  0 -1 -2  0  0  0  0]
[ 0  0 -1  0 -2  0  0  0]
[ 0  0 -1  0  0 -2  0  0]
[ 0  0  0  0  0  0 -2  0]
[ 2  0  0  0  0  0  0  0]
Signature:  (1, 7)
Genus symbol at 2:    1^2 [2^6]_2
above 2
Found an isometry of order: 10
glueing
Genus of
[ -4   0]
[  0 -20]
Signature:  (0, 2)
Genus symbol at 2:    [4^-2]_2
Genus symbol at 5:     1^1 5^1
and
Genus of
[ 0  0  0  0  0  0  0  1]
[ 0 -2  0  0  0 -1 -1  0]
[ 0  0 -2 -1 -1  0  0  0]
[ 0  0 -1 -2  0  0  0  0]
[ 0  0 -1  0 -2  0  0  0]
[ 0 -1  0  0  0 -2 -1  0]
[ 0 -1  0  0  0 -1 -2  0]
[ 1  0  0  0  0  0  0  0]
Signature:  (1, 7)
Genus symbol at 2:    1^6:[4^2]_2
above 2
Found an isometry of order: 10
glueing
Genus of
[-4  0  0]
[ 0 -4 -2]
[ 0 -2 -6]
Signature:  (0, 3)
Genus symbol at 2:    [2^-2 4^1]_5
Genus symbol at 5:     1^2 5^1
and
Genus of
[ 0  0  0  0  0  0  1]
[ 0 -2  0  0  0  0  0]
[ 0  0 -2 -1 -1  0  0]
[ 0  0 -1 -2 -1  0  0]
[ 0  0 -1 -1 -2  0  0]
[ 0  0  0  0  0 -2  0]
[ 1  0  0  0  0  0  0]
Signature:  (1, 6)
Genus symbol at 2:    1^4 [2^2 4^1]_3
above 2
Found an isometry of order: 10
glueing
Genus of
[-4  0  0]
[ 0 -4 -2]
[ 0 -2 -6]
Signature:  (0, 3)
Genus symbol at 2:    [2^-2 4^1]_5
Genus symbol at 5:     1^2 5^1
and
Genus of
[ 0  0  0  0  0  0  2]
[ 0 -2 -1  1 -1 -1  0]
[ 0 -1 -2  1 -1  0  0]
[ 0  1  1 -2  0  0  0]
[ 0 -1 -1  0 -2  0  0]
[ 0 -1  0  0  0 -2  0]
[ 2  0  0  0  0  0  0]
Signature:  (1, 6)
Genus symbol at 2:    1^-4:2^-2 [4^1]_7
above 2
glueing
Genus of
[-4  0  0]
[ 0 -4 -2]
[ 0 -2 -6]
Signature:  (0, 3)
Genus symbol at 2:    [2^-2 4^1]_5
Genus symbol at 5:     1^2 5^1
and
Genus of
[ 0  0  0  0  0  0  2]
[ 0 -2 -1 -1 -1  0  0]
[ 0 -1 -2 -1  0  0  0]
[ 0 -1 -1 -2 -1  0  0]
[ 0 -1  0 -1 -2  0  0]
[ 0  0  0  0  0 -4  0]
[ 2  0  0  0  0  0  0]
Signature:  (1, 6)
Genus symbol at 2:    1^-2:2^-4 [4^1]_7
above 2
glueing
Genus of
[-4  0  0]
[ 0 -4 -2]
[ 0 -2 -6]
Signature:  (0, 3)
Genus symbol at 2:    [2^-2 4^1]_5
Genus symbol at 5:     1^2 5^1
and
Genus of
[ 0  0  0  0  0  0  2]
[ 0 -2  0  0  0  0  0]
[ 0  0 -2 -1 -1  0  0]
[ 0  0 -1 -2 -1  0  0]
[ 0  0 -1 -1 -2  0  0]
[ 0  0  0  0  0 -2  0]
[ 2  0  0  0  0  0  0]
Signature:  (1, 6)
Genus symbol at 2:    1^2 [2^4 4^1]_3
above 2
Found an isometry of order: 10
glueing
Genus of
[-4 -2 -2 -2]
[-2 -4  0  0]
[-2  0 -4  0]
[-2  0  0 -4]
Signature:  (0, 4)
Genus symbol at 2:    2^-2:4^-2
and
Genus of
[ 0  0  0  0  0  4]
[ 0 -2 -1 -1 -1  0]
[ 0 -1 -2 -1 -1  0]
[ 0 -1 -1 -2  0  0]
[ 0 -1 -1  0 -6  0]
[ 4  0  0  0  0  0]
Signature:  (1, 5)
Genus symbol at 2:    1^-2:2^2:4^2
Genus symbol at 5:     1^5 5^1
above 2
glueing
Genus of
[-4 -2 -2 -2]
[-2 -4  0  0]
[-2  0 -4  0]
[-2  0  0 -4]
Signature:  (0, 4)
Genus symbol at 2:    2^-2:4^-2
and
Genus of
[ 0  0  0  0  0  2]
[ 0 -2 -1  1  1  0]
[ 0 -1 -4  1  1  0]
[ 0  1  1 -4  0  0]
[ 0  1  1  0 -4  0]
[ 2  0  0  0  0  0]
Signature:  (1, 5)
Genus symbol at 2:    1^2:2^2:4^-2
Genus symbol at 5:     1^5 5^1
above 2
glueing
Genus of
[-4 -2 -2 -2]
[-2 -4  0  0]
[-2  0 -4  0]
[-2  0  0 -4]
Signature:  (0, 4)
Genus symbol at 2:    2^-2:4^-2
and
Genus of
[-2  0  0 -1 -1 -1]
[ 0  2  0  0  0  0]
[ 0  0 -2  0  0  0]
[-1  0  0 -4 -1 -1]
[-1  0  0 -1 -4  0]
[-1  0  0 -1  0 -4]
Signature:  (1, 5)
Genus symbol at 2:    1^-2 [2^2]_0 4^2
Genus symbol at 5:     1^5 5^1
above 2
glueing
Genus of
[-4  0  0  0]
[ 0 -4  0  0]
[ 0  0 -4 -2]
[ 0  0 -2 -6]
Signature:  (0, 4)
Genus symbol at 2:    [2^-2 4^2]_4
Genus symbol at 5:     1^3 5^1
and
Genus of
[-2 -1 -1 -1  0  0]
[-1 -2 -1  0  0  0]
[-1 -1 -2 -1  0  0]
[-1  0 -1 -2  0  0]
[ 0  0  0  0 -4  0]
[ 0  0  0  0  0  4]
Signature:  (1, 5)
Genus symbol at 2:    1^-2:2^-2 [4^2]_0
above 2
glueing
Genus of
[-4  0  0  0]
[ 0 -4  0  0]
[ 0  0 -4 -2]
[ 0  0 -2 -6]
Signature:  (0, 4)
Genus symbol at 2:    [2^-2 4^2]_4
Genus symbol at 5:     1^3 5^1
and
Genus of
[ 0  0  0  0  0  1]
[ 0 -2  0  0  0  0]
[ 0  0 -2  0  0  0]
[ 0  0  0 -4  0  0]
[ 0  0  0  0 -4  0]
[ 1  0  0  0  0  0]
Signature:  (1, 5)
Genus symbol at 2:    1^2 [2^2 4^2]_4
above 2
Found an isometry of order: 10
glueing
Genus of
[-4  0  0 -2]
[ 0 -4  0  2]
[ 0  0 -4 -2]
[-2  2 -2 -8]
Signature:  (0, 4)
Genus symbol at 2:    2^2:4^-2
Genus symbol at 5:     1^3 5^1
and
Genus of
[ 0  0  0  0  0  4]
[ 0 -2 -1  1 -1  0]
[ 0 -1 -2  1 -1  0]
[ 0  1  1 -2  0  0]
[ 0 -1 -1  0 -2  0]
[ 4  0  0  0  0  0]
Signature:  (1, 5)
Genus symbol at 2:    1^-2:2^-2:4^2
above 2
glueing
Genus of
[-4  0  0 -2]
[ 0 -4  0  2]
[ 0  0 -4 -2]
[-2  2 -2 -8]
Signature:  (0, 4)
Genus symbol at 2:    2^2:4^-2
Genus symbol at 5:     1^3 5^1
and
Genus of
[ 0  0  0  0  0  1]
[ 0 -4 -2 -2 -2  0]
[ 0 -2 -4  0  0  0]
[ 0 -2  0 -4  0  0]
[ 0 -2  0  0 -4  0]
[ 1  0  0  0  0  0]
Signature:  (1, 5)
Genus symbol at 2:    1^2:2^-2:4^-2
above 2
glueing
Genus of
[-4 -2 -2  2  2]
[-2 -4 -2  0  2]
[-2 -2 -4  2  0]
[ 2  0  2 -6 -2]
[ 2  2  0 -2 -8]
Signature:  (0, 5)
Genus symbol at 2:    [2^-3 4^2]_3
Genus symbol at 5:     1^-4 5^1
and
Genus of
[ 0  0  0  0  4]
[ 0 -2  0  0  0]
[ 0  0 -2  0  0]
[ 0  0  0 -2  0]
[ 4  0  0  0  4]
Signature:  (1, 4)
Genus symbol at 2:    [2^3 4^2]_5
above 2
Found an isometry of order: 10
glueing
Genus of
[-4 -2 -2  2 -2  0]
[-2 -4 -2  2 -2  2]
[-2 -2 -4  2 -2  0]
[ 2  2  2 -4  2 -2]
[-2 -2 -2  2 -4  0]
[ 0  2  0 -2  0 -6]
Signature:  (0, 6)
Genus symbol at 2:    [2^-5 4^1]_2
Genus symbol at 5:     1^-5 5^1
and
Genus of
[ 0  0  0  2]
[ 0 -2  0  0]
[ 0  0 -4  0]
[ 2  0  0  0]
Signature:  (1, 3)
Genus symbol at 2:    [2^3 4^1]_6
above 2
Found an isometry of order: 10
glueing
Genus of
[-4  2  0 -2  2 -2  0]
[ 2 -4  2  2 -2  2  0]
[ 0  2 -4 -2  0 -2 -2]
[-2  2 -2 -4  0 -2  0]
[ 2 -2  0  0 -4  2  0]
[-2  2 -2 -2  2 -4 -2]
[ 0  0 -2  0  0 -2 -6]
Signature:  (0, 7)
Genus symbol at 2:    [2^-7]_1
Genus symbol at 5:     1^-6 5^1
and
Genus of
[ 0  0  2]
[ 0 -2  0]
[ 2  0  0]
Signature:  (1, 2)
Genus symbol at 2:    [2^3]_7
above 2
Found an isometry of order: 10
