1
5^1 * 2 -- 5^1
Genus of
[-4 -2  0  0  0  0  4  4]
[-2 -4 -2  0  0  0  0  4]
[ 0 -2 -4 -2 -4  0  0  0]
[ 0  0 -2 -4 -4 -4  0  0]
[ 0  0 -4 -4 -6 -1  2 -2]
[ 0  0  0 -4 -1 -6 -1  2]
[ 4  0  0  0  2 -1 -6 -1]
[ 4  4  0  0 -2  2 -1 -6]
Signature:  (2, 6)
Genus symbol at 2:    1^-4:2^-4
Found an isometry of order: 10
glueing
Genus of
[-4]
Signature:  (0, 1)
Genus symbol at 2:    [4^1]_7
and
Genus of
[ 0  0  0  0  2]
[ 0 -2 -1  1  0]
[ 0 -1 -2  1  0]
[ 0  1  1 -2  0]
[ 2  0  0  0  0]
Signature:  (1, 4)
Genus symbol at 2:    1^-2:2^-2 [4^1]_1
above 2
Found an isometry of order: 10
glueing
Genus of
[-4  0]
[ 0 -4]
Signature:  (0, 2)
Genus symbol at 2:    [4^2]_6
and
Genus of
[ 0  0  0  2]
[ 0 -2  0  1]
[ 0  0 -2  1]
[ 2  1  1  2]
Signature:  (1, 3)
Genus symbol at 2:    1^-2:[4^-2]_6
above 2
Found an isometry of order: 10
