1
glueing
Genus of
[ 2  2  1 -1]
[ 2  2  2  1]
[ 1  2  2  2]
[-1  1  2  2]
Signature:  (2, 2)
Genus symbol at 2:    1^-4
Genus symbol at 5:     1^-3 5^-1
and
Genus of
[-6  0  3  3]
[ 0 -6  0  3]
[ 3  0 -6  0]
[ 3  3  0 -6]
Signature:  (0, 4)
Genus symbol at 2:    1^-4
Genus symbol at 3:     3^-4
Genus symbol at 5:     1^-3 5^-1
above 2
5^1 * 2 -- 5^1
Genus of
[ 2  2  1 -1  0  0  0  0]
[ 2  2  2  1  0  0  0  0]
[ 1  2  2  2  0  0  0  0]
[-1  1  2  2  0  0  0  0]
[ 0  0  0  0 -6  0  3  3]
[ 0  0  0  0  0 -6  0  3]
[ 0  0  0  0  3  0 -6  0]
[ 0  0  0  0  3  3  0 -6]
Signature:  (2, 6)
Genus symbol at 2:    1^8
Genus symbol at 3:     1^-4 3^-4
Genus symbol at 5:     1^6 5^2
glueing
Genus of
[-30]
Signature:  (0, 1)
Genus symbol at 2:    [2^1]_1
Genus symbol at 3:     3^-1
Genus symbol at 5:     5^1
and
Genus of
[30]
Signature:  (1, 0)
Genus symbol at 2:    [2^1]_7
Genus symbol at 3:     3^1
Genus symbol at 5:     5^1
above 2
glueing
Genus of
[ 0  2  2 -2]
[ 2  0  2  2]
[ 2  2  0  2]
[-2  2  2  0]
Signature:  (2, 2)
Genus symbol at 2:    2^-4
Genus symbol at 5:     1^3 5^1
and
Genus of
[-12   6   0   0]
[  6 -12   6   0]
[  0   6 -12   6]
[  0   0   6 -12]
Signature:  (0, 4)
Genus symbol at 2:    2^-4
Genus symbol at 3:     3^-4
Genus symbol at 5:     1^3 5^1
above 2
5^1 * 2 -- 5^1
Genus of
[ -6  -4  -1   1  -3  -3   6  -6]
[ -4  -6  -4  -1  -6   3   3  -6]
[ -1  -4  -6  -4  -6   6  -3  -3]
[  1  -1  -4  -6  -6   6  -6   3]
[ -3  -6  -6  -6 -12   6   0   0]
[ -3   3   6   6   6 -12   6   0]
[  6   3  -3  -6   0   6 -12   6]
[ -6  -6  -3   3   0   0   6 -12]
Signature:  (2, 6)
Genus symbol at 2:    1^8
Genus symbol at 3:     1^-4 3^-4
Genus symbol at 5:     1^6 5^2
glueing
Genus of
[-30]
Signature:  (0, 1)
Genus symbol at 2:    [2^1]_1
Genus symbol at 3:     3^-1
Genus symbol at 5:     5^1
and
Genus of
[30]
Signature:  (1, 0)
Genus symbol at 2:    [2^1]_7
Genus symbol at 3:     3^1
Genus symbol at 5:     5^1
above 2
Found an isometry of order: 10
glueing
Genus of
[ 0  6  6 -6]
[ 6  0  6  6]
[ 6  6  0  6]
[-6  6  6  0]
Signature:  (2, 2)
Genus symbol at 2:    2^-4
Genus symbol at 3:     3^-4
Genus symbol at 5:     1^-3 5^-1
and
Genus of
[-4  2  0  0]
[ 2 -4  2  0]
[ 0  2 -4  2]
[ 0  0  2 -4]
Signature:  (0, 4)
Genus symbol at 2:    2^-4
Genus symbol at 5:     1^-3 5^-1
above 2
5^1 * 2 -- 5^1
Genus of
[-2  0  1 -1 -1 -1  2 -2]
[ 0 -2  0  1 -2  1  1 -2]
[ 1  0 -2  0 -2  2 -1 -1]
[-1  1  0 -2 -2  2 -2  1]
[-1 -2 -2 -2 -4  2  0  0]
[-1  1  2  2  2 -4  2  0]
[ 2  1 -1 -2  0  2 -4  2]
[-2 -2 -1  1  0  0  2 -4]
Signature:  (2, 6)
Genus symbol at 2:    1^8
Genus symbol at 3:     1^-4 3^-4
Genus symbol at 5:     1^6 5^2
glueing
Genus of
[-30]
Signature:  (0, 1)
Genus symbol at 2:    [2^1]_1
Genus symbol at 3:     3^-1
Genus symbol at 5:     5^1
and
Genus of
[30]
Signature:  (1, 0)
Genus symbol at 2:    [2^1]_7
Genus symbol at 3:     3^1
Genus symbol at 5:     5^1
above 2
5^1 * 2 -- 5^1
Genus of
[-4  0  2 -2  0  0  1  2]
[ 0 -4  0  2 -1  0  0  1]
[ 2  0 -4  0 -2 -1  0  0]
[-2  2  0 -4 -1 -2 -1  0]
[ 0 -1 -2 -1 -2  0  1 -1]
[ 0  0 -1 -2  0 -2  0  1]
[ 1  0  0 -1  1  0 -2  0]
[ 2  1  0  0 -1  1  0 -2]
Signature:  (2, 6)
Genus symbol at 2:    1^8
Genus symbol at 3:     1^-4 3^-4
Genus symbol at 5:     1^6 5^2
glueing
Genus of
[-30]
Signature:  (0, 1)
Genus symbol at 2:    [2^1]_1
Genus symbol at 3:     3^-1
Genus symbol at 5:     5^1
and
Genus of
[30]
Signature:  (1, 0)
Genus symbol at 2:    [2^1]_7
Genus symbol at 3:     3^1
Genus symbol at 5:     5^1
above 2
