1
5^1 * 2 -- 5^1
Genus of
[ 0  2  2 -2]
[ 2  0  2  2]
[ 2  2  0  2]
[-2  2  2  0]
Signature:  (2, 2)
Genus symbol at 2:    2^-4
Genus symbol at 5:     1^3 5^1
glueing
Genus of
[-8]
Signature:  (0, 1)
Genus symbol at 2:    [8^1]_7
and
Genus of
[ 4  2]
[ 2 -4]
Signature:  (1, 1)
Genus symbol at 2:    2^-2
Genus symbol at 5:     1^1 5^1
above 2
glueing
Genus of
[-4]
Signature:  (0, 1)
Genus symbol at 2:    [4^1]_7
and
Genus of
[ 12   4]
[  4 -12]
Signature:  (1, 1)
Genus symbol at 2:    [4^-1 8^1]_4
Genus symbol at 5:     1^-1 5^1
above 2
glueing
Genus of
[-8]
Signature:  (0, 1)
Genus symbol at 2:    [8^1]_7
and
Genus of
[ 4  8]
[ 8 -4]
Signature:  (1, 1)
Genus symbol at 2:    [4^-2]_4
Genus symbol at 5:     1^1 5^1
above 2
glueing
Genus of
[-20]
Signature:  (0, 1)
Genus symbol at 2:    [4^-1]_3
Genus symbol at 5:     5^1
and
Genus of
[ 4  4]
[ 4 -4]
Signature:  (1, 1)
Genus symbol at 2:    [4^1 8^1]_0
above 2
Found an isometry of order: 10
glueing
Genus of
[-4  0]
[ 0 -8]
Signature:  (0, 2)
Genus symbol at 2:    [4^1 8^1]_6
and
Genus of
[20]
Signature:  (1, 0)
Genus symbol at 2:    [4^-1]_5
Genus symbol at 5:     5^1
above 2
glueing
Genus of
[ -4   0]
[  0 -20]
Signature:  (0, 2)
Genus symbol at 2:    [4^-2]_2
Genus symbol at 5:     1^1 5^1
and
Genus of
[8]
Signature:  (1, 0)
Genus symbol at 2:    [8^1]_1
above 2
Found an isometry of order: 10
glueing
Genus of
[ -8   0]
[  0 -20]
Signature:  (0, 2)
Genus symbol at 2:    [4^-1 8^1]_2
Genus symbol at 5:     1^-1 5^1
and
Genus of
[4]
Signature:  (1, 0)
Genus symbol at 2:    [4^1]_1
above 2
Found an isometry of order: 10
