1
2^3 * 3 -- 2^3
Genus of
[-2  1 -1  1 -1  0  0  0  0  0  0  0  0  0  0  0]
[ 1 -2  1 -1  1 -1  0  0  0  0  0  0  0  0  0  0]
[-1  1 -2  1 -1  1 -1  0  0  0  0  0  0  0  0  0]
[ 1 -1  1 -2  1 -1  1 -1  0  0  0  0  0  0  0  0]
[-1  1 -1  1 -2  1 -1  1  0  0  0  0  0  0  0  0]
[ 0 -1  1 -1  1 -2  1 -1  0  0  0  0  0  0  0  0]
[ 0  0 -1  1 -1  1 -2  1  0  0  0  0  0  0  0  0]
[ 0  0  0 -1  1 -1  1 -2  0  0  0  0  0  0  0  0]
[ 0  0  0  0  0  0  0  0 -8  7 -7  5 -4  2  0 -2]
[ 0  0  0  0  0  0  0  0  7 -8  7 -7  5 -4  2  0]
[ 0  0  0  0  0  0  0  0 -7  7 -8  7 -7  5 -4  2]
[ 0  0  0  0  0  0  0  0  5 -7  7 -8  7 -7  5 -4]
[ 0  0  0  0  0  0  0  0 -4  5 -7  7 -8  7 -7  5]
[ 0  0  0  0  0  0  0  0  2 -4  5 -7  7 -8  7 -7]
[ 0  0  0  0  0  0  0  0  0  2 -4  5 -7  7 -8  7]
[ 0  0  0  0  0  0  0  0 -2  0  2 -4  5 -7  7 -8]
Signature:  (2, 14)
Genus symbol at 2:    1^-14:2^-2
glueing
Genus of
[-4  2]
[ 2 -4]
Signature:  (0, 2)
Genus symbol at 2:    2^-2
Genus symbol at 3:     1^-1 3^-1
and
Genus of
[ 0  0  0  1]
[ 0 -2 -1  0]
[ 0 -1 -2  0]
[ 1  0  0  0]
Signature:  (1, 3)
Genus symbol at 2:    1^-4
Genus symbol at 3:     1^-3 3^1
above 3
