1
glueing
Genus of
[-6 -1 -3 -2 -3  1  0 -1]
[-1 -6 -1 -3 -2 -3  1  0]
[-3 -1 -6 -1 -3 -2 -3  1]
[-2 -3 -1 -6 -1 -3 -2 -3]
[-3 -2 -3 -1 -6 -1 -3 -2]
[ 1 -3 -2 -3 -1 -6 -1 -3]
[ 0  1 -3 -2 -3 -1 -6 -1]
[-1  0  1 -3 -2 -3 -1 -6]
Signature:  (2, 6)
Genus symbol at 2:    1^-2:2^-6
Genus symbol at 3:     1^4 3^4
and
Genus of
[-6 -3  0  3]
[-3 -6 -3  0]
[ 0 -3 -6 -3]
[ 3  0 -3 -6]
Signature:  (0, 4)
Genus symbol at 2:    1^-2:2^-2
Genus symbol at 3:     3^4
above 3
2^3 * 3 -- 2^3
Genus of
[ -8  -8 -10 -10  -3   0  -1  -1  -4  -5  -4  -1]
[ -8 -12 -12 -13  -1  -3   0  -1  -5  -7  -5  -1]
[-10 -12 -16 -15  -2  -1  -3   0  -5  -8  -7  -2]
[-10 -13 -15 -18  -1  -2  -1  -3  -4  -8  -8  -4]
[ -3  -1  -2  -1  -6  -1  -3  -2   0   0   0   0]
[  0  -3  -1  -2  -1  -6  -1  -3   0   0   0   0]
[ -1   0  -3  -1  -3  -1  -6  -1   0   0   0   0]
[ -1  -1   0  -3  -2  -3  -1  -6   0   0   0   0]
[ -4  -5  -5  -4   0   0   0   0  -6  -3   0   3]
[ -5  -7  -8  -8   0   0   0   0  -3  -6  -3   0]
[ -4  -5  -7  -8   0   0   0   0   0  -3  -6  -3]
[ -1  -1  -2  -4   0   0   0   0   3   0  -3  -6]
Signature:  (2, 10)
Genus symbol at 2:    1^4:2^8
2^2 * 3 -- 2^2
Genus of
[-4  0  2 -2]
[ 0 -4  2  2]
[ 2  2 -4  0]
[-2  2  0 -4]
Signature:  (0, 4)
Genus symbol at 2:    2^-2:4^-2
2^1 * 3 -- 2^1
Genus of
[-4  0  0]
[ 0 -4  0]
[ 0  0 -4]
Signature:  (0, 3)
Genus symbol at 2:    [4^3]_5
