  ***   Warning: not enough memory, new PARI stack 8713719808
1
2^3 * 5 -- 2^3
Genus of
[-8  3  4 -7  2  5 -7  1  6 -6  0  6 -6 -1  7 -5]
[ 3 -8  3  4 -7  2  5 -7  1  6 -6  0  6 -6 -1  7]
[ 4  3 -8  3  4 -7  2  5 -7  1  6 -6  0  6 -6 -1]
[-7  4  3 -8  3  4 -7  2  5 -7  1  6 -6  0  6 -6]
[ 2 -7  4  3 -8  3  4 -7  2  5 -7  1  6 -6  0  6]
[ 5  2 -7  4  3 -8  3  4 -7  2  5 -7  1  6 -6  0]
[-7  5  2 -7  4  3 -8  3  4 -7  2  5 -7  1  6 -6]
[ 1 -7  5  2 -7  4  3 -8  3  4 -7  2  5 -7  1  6]
[ 6  1 -7  5  2 -7  4  3 -8  3  4 -7  2  5 -7  1]
[-6  6  1 -7  5  2 -7  4  3 -8  3  4 -7  2  5 -7]
[ 0 -6  6  1 -7  5  2 -7  4  3 -8  3  4 -7  2  5]
[ 6  0 -6  6  1 -7  5  2 -7  4  3 -8  3  4 -7  2]
[-6  6  0 -6  6  1 -7  5  2 -7  4  3 -8  3  4 -7]
[-1 -6  6  0 -6  6  1 -7  5  2 -7  4  3 -8  3  4]
[ 7 -1 -6  6  0 -6  6  1 -7  5  2 -7  4  3 -8  3]
[-5  7 -1 -6  6  0 -6  6  1 -7  5  2 -7  4  3 -8]
Signature:  (2, 14)
Genus symbol at 2:    1^-12:2^-4
2^1 * 5 -- 2^1
Genus of
[-4  0]
[ 0 -4]
Signature:  (0, 2)
Genus symbol at 2:    [4^2]_6
Traceback (most recent call last):
  File "/home/lehrstuhl/ag-brandhorst/brandhorst/sage/src/bin/sage-eval", line 10, in <module>
    eval(compile(s,'<cmdline>','exec'))
  File "<cmdline>", line 1, in <module>
  File "<string>", line 319, in classify
  File "<string>", line 296, in classify_purely_ns_peq
  File "<string>", line 759, in pnq_actions
  File "<string>", line 773, in pnq_actions
AssertionError
