1
found 0 extensions at level 5
computing representatives of Genus of
None
Signature:  (0, 1)
Genus symbol at 2:    [2^1]_7
computing representatives of Genus of
None
Signature:  (0, 1)
Genus symbol at 2:    [4^1]_7
Cp,fp: 1
Genus of
[-4]
Signature:  (0, 1)
Genus symbol at 2:    [4^1]_7
C1: 1 Genus symbol at 2:    1^-2:2^-2 [4^1]_1
computing representatives
Found 1 matching extensions
found 0 extensions at level 5
computing representatives of Genus of
None
Signature:  (0, 2)
Genus symbol at 2:    [2^2]_6
computing representatives of Genus of
None
Signature:  (0, 2)
Genus symbol at 2:    [2^1 4^1]_6
computing representatives of Genus of
None
Signature:  (0, 2)
Genus symbol at 2:    [4^2]_6
Cp,fp: 2
Genus of
[-4  0]
[ 0 -4]
Signature:  (0, 2)
Genus symbol at 2:    [4^2]_6
C1: 2 Genus symbol at 2:    1^-2:[4^-2]_6
computing representatives
Found 1 matching extensions
found 1 extensions at level 5
computing representatives of Genus of
None
Signature:  (0, 3)
Genus symbol at 2:    1^-2:[4^-1]_5
computing representatives of Genus of
None
Signature:  (0, 3)
Genus symbol at 2:    [2^3]_5
computing representatives of Genus of
None
Signature:  (0, 3)
Genus symbol at 2:    [2^2 4^1]_5
computing representatives of Genus of
None
Signature:  (0, 3)
Genus symbol at 2:    [2^2 4^1]_5
computing representatives of Genus of
None
Signature:  (0, 3)
Genus symbol at 2:    [2^1 4^2]_5
computing representatives of Genus of
None
Signature:  (0, 4)
Genus symbol at 2:    1^-2:2^-2
computing representatives of Genus of
None
Signature:  (0, 4)
Genus symbol at 2:    [2^4]_4
computing representatives of Genus of
None
Signature:  (0, 4)
Genus symbol at 2:    [2^4]_4
computing representatives of Genus of
None
Signature:  (0, 4)
Genus symbol at 2:    1^-2:[4^-2]_4
computing representatives of Genus of
None
Signature:  (0, 4)
Genus symbol at 2:    [2^3 4^1]_4
computing representatives of Genus of
None
Signature:  (0, 5)
Genus symbol at 2:    1^-2:2^-2 [4^1]_7
computing representatives of Genus of
None
Signature:  (0, 5)
Genus symbol at 2:    [2^5]_3
