  ***   Warning: not enough memory, new PARI stack 8713719808
1
2^3 * 5 -- 2^3
Genus of
[-10   7  -9   6  -7   5  -5   3  -2   1   0  -1   2  -3   5  -5]
[  7 -10   7  -9   6  -7   5  -5   3  -2   1   0  -1   2  -3   5]
[ -9   7 -10   7  -9   6  -7   5  -5   3  -2   1   0  -1   2  -3]
[  6  -9   7 -10   7  -9   6  -7   5  -5   3  -2   1   0  -1   2]
[ -7   6  -9   7 -10   7  -9   6  -7   5  -5   3  -2   1   0  -1]
[  5  -7   6  -9   7 -10   7  -9   6  -7   5  -5   3  -2   1   0]
[ -5   5  -7   6  -9   7 -10   7  -9   6  -7   5  -5   3  -2   1]
[  3  -5   5  -7   6  -9   7 -10   7  -9   6  -7   5  -5   3  -2]
[ -2   3  -5   5  -7   6  -9   7 -10   7  -9   6  -7   5  -5   3]
[  1  -2   3  -5   5  -7   6  -9   7 -10   7  -9   6  -7   5  -5]
[  0   1  -2   3  -5   5  -7   6  -9   7 -10   7  -9   6  -7   5]
[ -1   0   1  -2   3  -5   5  -7   6  -9   7 -10   7  -9   6  -7]
[  2  -1   0   1  -2   3  -5   5  -7   6  -9   7 -10   7  -9   6]
[ -3   2  -1   0   1  -2   3  -5   5  -7   6  -9   7 -10   7  -9]
[  5  -3   2  -1   0   1  -2   3  -5   5  -7   6  -9   7 -10   7]
[ -5   5  -3   2  -1   0   1  -2   3  -5   5  -7   6  -9   7 -10]
Signature:  (2, 14)
Genus symbol at 2:    1^-12:2^-4
glueing
Genus of
[-4  2  0  0]
[ 2 -4  2  0]
[ 0  2 -4  2]
[ 0  0  2 -4]
Signature:  (0, 4)
Genus symbol at 2:    2^-4
Genus symbol at 5:     1^-3 5^-1
and
Genus of
[ 2  1]
[ 1 -2]
Signature:  (1, 1)
Genus symbol at 2:    1^-2
Genus symbol at 5:     1^-1 5^-1
above 5
