1
glueing
Genus of
[ 0  1 -3 -1  0  2  0 -2]
[ 1  0  1 -3 -1  0  2  0]
[-3  1  0  1 -3 -1  0  2]
[-1 -3  1  0  1 -3 -1  0]
[ 0 -1 -3  1  0  1 -3 -1]
[ 2  0 -1 -3  1  0  1 -3]
[ 0  2  0 -1 -3  1  0  1]
[-2  0  2  0 -1 -3  1  0]
Signature:  (2, 6)
Genus symbol at 2:    1^-6:2^-2
Genus symbol at 3:     1^4 3^4
and
Genus of
[-6  0  0  0]
[ 0 -6  0  0]
[ 0  0 -6  0]
[ 0  0  0 -6]
Signature:  (0, 4)
Genus symbol at 2:    [2^4]_4
Genus symbol at 3:     3^4
above 3
2^3 * 3 -- 2^3
Genus of
[-2 -1 -3 -3  0  1 -1 -1  0 -2 -2 -2]
[-1 -4 -3 -5  0  0  1 -1 -4  0 -2 -2]
[-3 -3 -6 -5 -2  0  0  1 -4 -4  0 -2]
[-3 -5 -5 -8  0 -2  0  0 -4 -4 -4  0]
[ 0  0 -2  0  0  1 -3 -1  0  0  0  0]
[ 1  0  0 -2  1  0  1 -3  0  0  0  0]
[-1  1  0  0 -3  1  0  1  0  0  0  0]
[-1 -1  1  0 -1 -3  1  0  0  0  0  0]
[ 0 -4 -4 -4  0  0  0  0 -6  0  0  0]
[-2  0 -4 -4  0  0  0  0  0 -6  0  0]
[-2 -2  0 -4  0  0  0  0  0  0 -6  0]
[-2 -2 -2  0  0  0  0  0  0  0  0 -6]
Signature:  (2, 10)
Genus symbol at 2:    1^6 [2^6]_0
2^2 * 3 -- 2^2
Genus of
[-4  0]
[ 0 -4]
Signature:  (0, 2)
Genus symbol at 2:    [4^2]_6
2^1 * 3 -- 2^1
Genus of
[-8]
Signature:  (0, 1)
Genus symbol at 2:    [8^1]_7
