1
2^4 * 3 -- 2^4
Genus of
[-4  0  0 -1 -3  1  0 -2 -2  2  0 -2  0  2  0 -2]
[ 0 -4  0  0 -1 -3  1  0 -2 -2  2  0 -2  0  2  0]
[ 0  0 -4  0  0 -1 -3  1  0 -2 -2  2  0 -2  0  2]
[-1  0  0 -4  0  0 -1 -3  1  0 -2 -2  2  0 -2  0]
[-3 -1  0  0 -4  0  0 -1 -3  1  0 -2 -2  2  0 -2]
[ 1 -3 -1  0  0 -4  0  0 -1 -3  1  0 -2 -2  2  0]
[ 0  1 -3 -1  0  0 -4  0  0 -1 -3  1  0 -2 -2  2]
[-2  0  1 -3 -1  0  0 -4  0  0 -1 -3  1  0 -2 -2]
[-2 -2  0  1 -3 -1  0  0 -4  0  0 -1 -3  1  0 -2]
[ 2 -2 -2  0  1 -3 -1  0  0 -4  0  0 -1 -3  1  0]
[ 0  2 -2 -2  0  1 -3 -1  0  0 -4  0  0 -1 -3  1]
[-2  0  2 -2 -2  0  1 -3 -1  0  0 -4  0  0 -1 -3]
[ 0 -2  0  2 -2 -2  0  1 -3 -1  0  0 -4  0  0 -1]
[ 2  0 -2  0  2 -2 -2  0  1 -3 -1  0  0 -4  0  0]
[ 0  2  0 -2  0  2 -2 -2  0  1 -3 -1  0  0 -4  0]
[-2  0  2  0 -2  0  2 -2 -2  0  1 -3 -1  0  0 -4]
Signature:  (2, 14)
Genus symbol at 2:    1^-14:2^-2
glueing
Genus of
[-4  2]
[ 2 -4]
Signature:  (0, 2)
Genus symbol at 2:    2^-2
Genus symbol at 3:     1^-1 3^-1
and
Genus of
[ 0  0  0  1]
[ 0 -2 -1  0]
[ 0 -1 -2  0]
[ 1  0  0  0]
Signature:  (1, 3)
Genus symbol at 2:    1^-4
Genus symbol at 3:     1^-3 3^1
above 3
2
