1
glueing
Genus of
[-2  3 -3  0 -1  3  0 -3]
[ 3 -2  3 -3  0 -1  3  0]
[-3  3 -2  3 -3  0 -1  3]
[ 0 -3  3 -2  3 -3  0 -1]
[-1  0 -3  3 -2  3 -3  0]
[ 3 -1  0 -3  3 -2  3 -3]
[ 0  3 -1  0 -3  3 -2  3]
[-3  0  3 -1  0 -3  3 -2]
Signature:  (2, 6)
Genus symbol at 2:    1^-2:2^-6
Genus symbol at 3:     1^4 3^4
and
Genus of
[-6 -3  0  3]
[-3 -6 -3  0]
[ 0 -3 -6 -3]
[ 3  0 -3 -6]
Signature:  (0, 4)
Genus symbol at 2:    1^-2:2^-2
Genus symbol at 3:     3^4
above 3
2^3 * 3 -- 2^3
Genus of
[-12 -10 -12 -10  -1   2  -1  -1  -4  -7  -6  -3]
[-10 -12 -10 -11   1  -1   2  -1  -3  -7  -7  -3]
[-12 -10 -12  -9  -2   1  -1   2  -3  -6  -7  -4]
[-10 -11  -9 -10   1  -2   1  -1  -2  -6  -6  -4]
[ -1   1  -2   1  -2   3  -3   0   0   0   0   0]
[  2  -1   1  -2   3  -2   3  -3   0   0   0   0]
[ -1   2  -1   1  -3   3  -2   3   0   0   0   0]
[ -1  -1   2  -1   0  -3   3  -2   0   0   0   0]
[ -4  -3  -3  -2   0   0   0   0  -6  -3   0   3]
[ -7  -7  -6  -6   0   0   0   0  -3  -6  -3   0]
[ -6  -7  -7  -6   0   0   0   0   0  -3  -6  -3]
[ -3  -3  -4  -4   0   0   0   0   3   0  -3  -6]
Signature:  (2, 10)
Genus symbol at 2:    1^4:2^8
2^2 * 3 -- 2^2
Genus of
[-4  0  2  2]
[ 0 -4 -2  2]
[ 2 -2 -4  0]
[ 2  2  0 -4]
Signature:  (0, 4)
Genus symbol at 2:    2^-2:4^-2
2^1 * 3 -- 2^1
Genus of
[-4]
Signature:  (0, 1)
Genus symbol at 2:    [4^1]_7
2^2 * 3 -- 2^2
Genus of
[-4  2 -2  0]
[ 2 -4  2 -2]
[-2  2 -4  2]
[ 0 -2  2 -4]
Signature:  (0, 4)
Genus symbol at 2:    2^-2:4^-2
2^1 * 3 -- 2^1
Genus of
[-4]
Signature:  (0, 1)
Genus symbol at 2:    [4^1]_7
