1
glueing
Genus of
[-10   9  -9   6  -5   3   0  -3]
[  9 -10   9  -9   6  -5   3   0]
[ -9   9 -10   9  -9   6  -5   3]
[  6  -9   9 -10   9  -9   6  -5]
[ -5   6  -9   9 -10   9  -9   6]
[  3  -5   6  -9   9 -10   9  -9]
[  0   3  -5   6  -9   9 -10   9]
[ -3   0   3  -5   6  -9   9 -10]
Signature:  (2, 6)
Genus symbol at 2:    1^-2:2^-6
Genus symbol at 3:     1^4 3^4
and
Genus of
[-6 -3  0  3]
[-3 -6 -3  0]
[ 0 -3 -6 -3]
[ 3  0 -3 -6]
Signature:  (0, 4)
Genus symbol at 2:    1^-2:2^-2
Genus symbol at 3:     3^4
above 3
2^3 * 3 -- 2^3
Genus of
[ -8   2  -2   0  -5   4  -3   1   2  -1  -4  -5]
[  2  -4   2  -4   5  -5   4  -3  -1  -1  -1  -1]
[ -2   2  -8   0  -6   5  -5   4  -5  -4  -1   2]
[  0  -4   0  -8   5  -6   5  -5  -2  -5  -4  -1]
[ -5   5  -6   5 -10   9  -9   6   0   0   0   0]
[  4  -5   5  -6   9 -10   9  -9   0   0   0   0]
[ -3   4  -5   5  -9   9 -10   9   0   0   0   0]
[  1  -3   4  -5   6  -9   9 -10   0   0   0   0]
[  2  -1  -5  -2   0   0   0   0  -6  -3   0   3]
[ -1  -1  -4  -5   0   0   0   0  -3  -6  -3   0]
[ -4  -1  -1  -4   0   0   0   0   0  -3  -6  -3]
[ -5  -1   2  -1   0   0   0   0   3   0  -3  -6]
Signature:  (2, 10)
Genus symbol at 2:    1^4:2^8
2^2 * 3 -- 2^2
Genus of
[-4  0 -2 -2]
[ 0 -4  2 -2]
[-2  2 -4  0]
[-2 -2  0 -4]
Signature:  (0, 4)
Genus symbol at 2:    2^-2:4^-2
2^1 * 3 -- 2^1
Genus of
[-4  0  0]
[ 0 -4  0]
[ 0  0 -4]
Signature:  (0, 3)
Genus symbol at 2:    [4^3]_5
2^1 * 3 -- 2^1
Genus of
[ -4  -4  -4]
[ -4  -8   0]
[ -4   0 -12]
Signature:  (0, 3)
Genus symbol at 2:    [4^3]_5
2^2 * 3 -- 2^2
Genus of
[-4 -2 -2  0]
[-2 -4 -2 -2]
[-2 -2 -4 -2]
[ 0 -2 -2 -4]
Signature:  (0, 4)
Genus symbol at 2:    2^-2:4^-2
2^1 * 3 -- 2^1
Genus of
[-4  0  0]
[ 0 -4  0]
[ 0  0 -4]
Signature:  (0, 3)
Genus symbol at 2:    [4^3]_5
2^1 * 3 -- 2^1
Genus of
[ -4  -4  -4]
[ -4  -8   0]
[ -4   0 -12]
Signature:  (0, 3)
Genus symbol at 2:    [4^3]_5
