1
glueing
Genus of
[ 2  5 -9 -2  1  7  0 -7]
[ 5  2  5 -9 -2  1  7  0]
[-9  5  2  5 -9 -2  1  7]
[-2 -9  5  2  5 -9 -2  1]
[ 1 -2 -9  5  2  5 -9 -2]
[ 7  1 -2 -9  5  2  5 -9]
[ 0  7  1 -2 -9  5  2  5]
[-7  0  7  1 -2 -9  5  2]
Signature:  (2, 6)
Genus symbol at 2:    1^-2:2^-6
Genus symbol at 3:     1^4 3^4
and
Genus of
[-6  0  0  0]
[ 0 -6  0  0]
[ 0  0 -6  0]
[ 0  0  0 -6]
Signature:  (0, 4)
Genus symbol at 2:    [2^4]_4
Genus symbol at 3:     3^4
above 3
2^3 * 3 -- 2^3
Genus of
[-6 -3 -9 -6  1  4 -3 -3 -2 -4 -2 -4]
[-3 -4 -3 -7  1  1  4 -3 -2 -2 -4 -2]
[-9 -3 -6 -3 -6  1  1  4 -4 -2 -2 -4]
[-6 -7 -3 -4  1 -6  1  1 -2 -4 -2 -2]
[ 1  1 -6  1  2  5 -9 -2  0  0  0  0]
[ 4  1  1 -6  5  2  5 -9  0  0  0  0]
[-3  4  1  1 -9  5  2  5  0  0  0  0]
[-3 -3  4  1 -2 -9  5  2  0  0  0  0]
[-2 -2 -4 -2  0  0  0  0 -6  0  0  0]
[-4 -2 -2 -4  0  0  0  0  0 -6  0  0]
[-2 -4 -2 -2  0  0  0  0  0  0 -6  0]
[-4 -2 -4 -2  0  0  0  0  0  0  0 -6]
Signature:  (2, 10)
Genus symbol at 2:    1^2 [2^10]_0
2^2 * 3 -- 2^2
Genus of
[-8  0  4  0]
[ 0 -8  0  4]
[ 4  0 -4  0]
[ 0  4  0 -4]
Signature:  (0, 4)
Genus symbol at 2:    [4^4]_4
2^1 * 3 -- 2^1
Genus of
[-4  0  0]
[ 0 -8  0]
[ 0  0 -8]
Signature:  (0, 3)
Genus symbol at 2:    [4^1 8^2]_5
