1
glueing
Genus of
[-4  2 -3  1 -2  1  0 -1]
[ 2 -4  2 -3  1 -2  1  0]
[-3  2 -4  2 -3  1 -2  1]
[ 1 -3  2 -4  2 -3  1 -2]
[-2  1 -3  2 -4  2 -3  1]
[ 1 -2  1 -3  2 -4  2 -3]
[ 0  1 -2  1 -3  2 -4  2]
[-1  0  1 -2  1 -3  2 -4]
Signature:  (2, 6)
Genus symbol at 2:    1^-6:2^-2
Genus symbol at 3:     1^4 3^4
and
Genus of
[-6  3  0 -3]
[ 3 -6  3  0]
[ 0  3 -6  3]
[-3  0  3 -6]
Signature:  (0, 4)
Genus symbol at 2:    1^-2:2^-2
Genus symbol at 3:     3^4
above 3
2^3 * 3 -- 2^3
Genus of
[-2  1 -1  0 -2  1 -1  0 -2  1  0 -1]
[ 1 -2  1 -1  1 -2  1 -1  1 -2  1  0]
[-1  1 -2  1 -2  1 -2  1  0  1 -2  1]
[ 0 -1  1 -2  1 -2  1 -2 -1  0  1 -2]
[-2  1 -2  1 -4  2 -3  1  0  0  0  0]
[ 1 -2  1 -2  2 -4  2 -3  0  0  0  0]
[-1  1 -2  1 -3  2 -4  2  0  0  0  0]
[ 0 -1  1 -2  1 -3  2 -4  0  0  0  0]
[-2  1  0 -1  0  0  0  0 -6  3  0 -3]
[ 1 -2  1  0  0  0  0  0  3 -6  3  0]
[ 0  1 -2  1  0  0  0  0  0  3 -6  3]
[-1  0  1 -2  0  0  0  0 -3  0  3 -6]
Signature:  (2, 10)
Genus symbol at 2:    1^8:2^4
2^1 * 3 -- 2^1
Genus of
[-4]
Signature:  (0, 1)
Genus symbol at 2:    [4^1]_7
