1
7^1 * 2 -- 7^1
Genus of
[-4  1  0 -3  3  0]
[ 1 -4  1  0 -3  3]
[ 0  1 -4  1  0 -3]
[-3  0  1 -4  1  0]
[ 3 -3  0  1 -4  1]
[ 0  3 -3  0  1 -4]
Signature:  (2, 4)
Genus symbol at 2:    1^6
Genus symbol at 7:     1^-5 7^-1
glueing
Genus of
[-4]
Signature:  (0, 1)
Genus symbol at 2:    [4^1]_7
and
Genus of
[ 0  0  0  0  0  0  2]
[ 0 -4 -2 -2 -2 -2  0]
[ 0 -2 -4 -2 -2  0  0]
[ 0 -2 -2 -4 -2 -2  0]
[ 0 -2 -2 -2 -4 -2  0]
[ 0 -2  0 -2 -2 -8  0]
[ 2  0  0  0  0  0  0]
Signature:  (1, 6)
Genus symbol at 2:    2^6 [4^1]_1
Genus symbol at 7:     1^6 7^1
above 2
glueing
Genus of
[-4  0]
[ 0 -4]
Signature:  (0, 2)
Genus symbol at 2:    [4^2]_6
and
Genus of
[ 0  0  0  0  0  2]
[ 0 -4 -2  2 -2  0]
[ 0 -2 -4  0  0  0]
[ 0  2  0 -8  4  0]
[ 0 -2  0  4 -8  0]
[ 2  0  0  0  0  0]
Signature:  (1, 5)
Genus symbol at 2:    2^4 [4^2]_2
Genus symbol at 7:     1^-5 7^1
above 2
glueing
Genus of
[-4  0  0]
[ 0 -4  0]
[ 0  0 -4]
Signature:  (0, 3)
Genus symbol at 2:    [4^3]_5
and
Genus of
[ 4  0 -2 -2 -2]
[ 0 -4  0  0  0]
[-2  0 -4  0  2]
[-2  0  0 -4  2]
[-2  0  2  2 -4]
Signature:  (1, 4)
Genus symbol at 2:    2^2 [4^3]_3
Genus symbol at 7:     1^4 7^1
above 2
glueing
Genus of
[ -8   4   4]
[  4  -8  -4]
[  4  -4 -12]
Signature:  (0, 3)
Genus symbol at 2:    [4^3]_3
Genus symbol at 7:     1^-2 7^1
and
Genus of
[ 0  0  0  0  2]
[ 0 -4  0  0  0]
[ 0  0 -4  0  0]
[ 0  0  0 -4  0]
[ 2  0  0  0  0]
Signature:  (1, 4)
Genus symbol at 2:    2^2 [4^3]_5
above 2
Found an isometry of order: 14
glueing
Genus of
[-4 -2 -2 -2]
[-2 -4  0  0]
[-2  0 -4  0]
[-2  0  0 -4]
Signature:  (0, 4)
Genus symbol at 2:    2^-2:4^-2
and
Genus of
[ 4 -2 -2 -2]
[-2 -4  0  2]
[-2  0 -4  2]
[-2  2  2 -4]
Signature:  (1, 3)
Genus symbol at 2:    2^-2:4^-2
Genus symbol at 7:     1^-3 7^1
above 2
glueing
Genus of
[-4  2 -2  2]
[ 2 -4  0  0]
[-2  0 -8  4]
[ 2  0  4 -8]
Signature:  (0, 4)
Genus symbol at 2:    2^2 [4^2]_2
Genus symbol at 7:     1^3 7^1
and
Genus of
[ 0  0  0  2]
[ 0 -4  0  0]
[ 0  0 -4  0]
[ 2  0  0  0]
Signature:  (1, 3)
Genus symbol at 2:    2^2 [4^2]_6
above 2
Found an isometry of order: 14
glueing
Genus of
[-4  0  0  0]
[ 0 -4  0  0]
[ 0  0 -4  0]
[ 0  0  0 -4]
Signature:  (0, 4)
Genus symbol at 2:    [4^4]_4
and
Genus of
[  4   0   0   0]
[  0  -8   4  -4]
[  0   4  -8   4]
[  0  -4   4 -12]
Signature:  (1, 3)
Genus symbol at 2:    [4^4]_4
Genus symbol at 7:     1^-3 7^1
above 2
glueing
Genus of
[ -4   0   0   0]
[  0  -8   4   4]
[  0   4  -8  -4]
[  0   4  -4 -12]
Signature:  (0, 4)
Genus symbol at 2:    [4^4]_2
Genus symbol at 7:     1^3 7^1
and
Genus of
[ 0  0  0  4]
[ 0 -4  0  0]
[ 0  0 -4  0]
[ 4  0  0  0]
Signature:  (1, 3)
Genus symbol at 2:    [4^4]_6
above 2
Found an isometry of order: 14
glueing
Genus of
[-4  2 -2 -2 -2]
[ 2 -4  0  0  2]
[-2  0 -4 -2 -2]
[-2  0 -2 -4 -2]
[-2  2 -2 -2 -8]
Signature:  (0, 5)
Genus symbol at 2:    2^4 [4^1]_1
Genus symbol at 7:     1^-4 7^1
and
Genus of
[ 0  0  2]
[ 0 -4  0]
[ 2  0  0]
Signature:  (1, 2)
Genus symbol at 2:    2^2 [4^1]_7
above 2
Found an isometry of order: 14
glueing
Genus of
[-4 -2 -2 -2  0]
[-2 -4  0  0  0]
[-2  0 -4  0  0]
[-2  0  0 -4  0]
[ 0  0  0  0 -4]
Signature:  (0, 5)
Genus symbol at 2:    2^2 [4^3]_3
and
Genus of
[-4  0  0]
[ 0 -4  0]
[ 0  0 28]
Signature:  (1, 2)
Genus symbol at 2:    [4^3]_5
Genus symbol at 7:     1^2 7^1
above 2
glueing
Genus of
[-4  0  0  0  0]
[ 0 -4 -2  2  2]
[ 0 -2 -4  2  2]
[ 0  2  2 -8 -4]
[ 0  2  2 -4 -8]
Signature:  (0, 5)
Genus symbol at 2:    2^2 [4^3]_1
Genus symbol at 7:     1^-4 7^1
and
Genus of
[ 0  0  4]
[ 0 -4  0]
[ 4  0  0]
Signature:  (1, 2)
Genus symbol at 2:    [4^3]_7
above 2
Found an isometry of order: 14
glueing
Genus of
[ -4  -2   2   2   2]
[ -2  -4   2   2   2]
[  2   2  -4   0   0]
[  2   2   0  -8  -4]
[  2   2   0  -4 -12]
Signature:  (0, 5)
Genus symbol at 2:    2^2 [4^3]_1
Genus symbol at 7:     1^-4 7^1
and
Genus of
[ 0  0  4]
[ 0 -4  0]
[ 4  0  0]
Signature:  (1, 2)
Genus symbol at 2:    [4^3]_7
above 2
Found an isometry of order: 14
glueing
Genus of
[-4 -2  2  2  2 -2]
[-2 -4  2  2  2 -2]
[ 2  2 -4 -2 -2  2]
[ 2  2 -2 -4 -2  2]
[ 2  2 -2 -2 -4  2]
[-2 -2  2  2  2 -4]
Signature:  (0, 6)
Genus symbol at 2:    2^6
Genus symbol at 7:     1^5 7^1
and
Genus of
[0 2]
[2 0]
Signature:  (1, 1)
Genus symbol at 2:    2^2
above 2
Found an isometry of order: 14
glueing
Genus of
[-4 -2 -2 -2  2 -2]
[-2 -4 -2  0  2 -2]
[-2 -2 -4 -2  2 -2]
[-2  0 -2 -4  2 -2]
[ 2  2  2  2 -4  2]
[-2 -2 -2 -2  2 -4]
Signature:  (0, 6)
Genus symbol at 2:    2^4 [4^2]_2
and
Genus of
[-8  4]
[ 4 12]
Signature:  (1, 1)
Genus symbol at 2:    [4^2]_6
Genus symbol at 7:     1^-1 7^1
above 2
glueing
Genus of
[-4  2  0  0  0  0]
[ 2 -4  2  0  0  2]
[ 0  2 -4  0  0  0]
[ 0  0  0 -4 -2  2]
[ 0  0  0 -2 -4  2]
[ 0  2  0  2  2 -8]
Signature:  (0, 6)
Genus symbol at 2:    2^4:4^2
Genus symbol at 7:     1^5 7^1
and
Genus of
[0 4]
[4 0]
Signature:  (1, 1)
Genus symbol at 2:    4^2
above 2
Found an isometry of order: 14
glueing
Genus of
[-4  0 -2 -2  2 -2]
[ 0 -4  0  0  0  0]
[-2  0 -4 -2  2  0]
[-2  0 -2 -4  2  0]
[ 2  0  2  2 -4  2]
[-2  0  0  0  2 -8]
Signature:  (0, 6)
Genus symbol at 2:    2^4 [4^2]_0
Genus symbol at 7:     1^5 7^1
and
Genus of
[4 4]
[4 0]
Signature:  (1, 1)
Genus symbol at 2:    [4^2]_0
above 2
Found an isometry of order: 14
glueing
Genus of
[ -4  -2   2  -2  -2   2]
[ -2  -4   2  -2  -2   0]
[  2   2  -4   2   2  -2]
[ -2  -2   2  -4  -2   2]
[ -2  -2   2  -2  -4   2]
[  2   0  -2   2   2 -12]
Signature:  (0, 6)
Genus symbol at 2:    2^4 [4^2]_0
Genus symbol at 7:     1^5 7^1
and
Genus of
[4 4]
[4 0]
Signature:  (1, 1)
Genus symbol at 2:    [4^2]_0
above 2
Found an isometry of order: 14
glueing
Genus of
[-4 -2 -2 -2 -2  2  2]
[-2 -4 -2 -2 -2  2  2]
[-2 -2 -4  0 -2  2  0]
[-2 -2  0 -4  0  2  2]
[-2 -2 -2  0 -4  2  0]
[ 2  2  2  2  2 -4  0]
[ 2  2  0  2  0  0 -4]
Signature:  (0, 7)
Genus symbol at 2:    2^6 [4^1]_1
and
Genus of
[28]
Signature:  (1, 0)
Genus symbol at 2:    [4^1]_7
Genus symbol at 7:     7^1
above 2
glueing
Genus of
[-4  2  2 -2  2  2  0]
[ 2 -4 -2  2 -2 -2  0]
[ 2 -2 -4  2 -2 -2  0]
[-2  2  2 -4  2  2  0]
[ 2 -2 -2  2 -4 -2  0]
[ 2 -2 -2  2 -2 -4  0]
[ 0  0  0  0  0  0 -4]
Signature:  (0, 7)
Genus symbol at 2:    2^6 [4^1]_7
Genus symbol at 7:     1^-6 7^1
and
Genus of
[4]
Signature:  (1, 0)
Genus symbol at 2:    [4^1]_1
above 2
Found an isometry of order: 14
glueing
Genus of
[ -4   0   2   2   2   2  -2]
[  0  -4  -2  -2  -2   0   0]
[  2  -2  -4  -2  -2  -2   2]
[  2  -2  -2  -4  -2  -2   2]
[  2  -2  -2  -2  -4  -2   2]
[  2   0  -2  -2  -2  -4   2]
[ -2   0   2   2   2   2 -12]
Signature:  (0, 7)
Genus symbol at 2:    2^6 [4^1]_7
Genus symbol at 7:     1^-6 7^1
and
Genus of
[4]
Signature:  (1, 0)
Genus symbol at 2:    [4^1]_1
above 2
Found an isometry of order: 14
