1
7^1 * 2 -- 7^1
Genus of
[-6  3  0 -6  6  0]
[ 3 -6  3  0 -6  6]
[ 0  3 -6  3  0 -6]
[-6  0  3 -6  3  0]
[ 6 -6  0  3 -6  3]
[ 0  6 -6  0  3 -6]
Signature:  (2, 4)
Genus symbol at 2:    1^6
Genus symbol at 3:     3^6
Genus symbol at 7:     1^5 7^1
glueing
Genus of
[-14]
Signature:  (0, 1)
Genus symbol at 2:    [2^1]_1
Genus symbol at 7:     7^-1
and
Genus of
[ 0  0  1]
[ 0 -2  0]
[ 1  0  0]
Signature:  (1, 2)
Genus symbol at 2:    1^2 [2^1]_7
above 2
Found an isometry of order: 14
glueing
Genus of
[-4 -2]
[-2 -8]
Signature:  (0, 2)
Genus symbol at 2:    2^2
Genus symbol at 7:     1^-1 7^-1
and
Genus of
[0 2]
[2 0]
Signature:  (1, 1)
Genus symbol at 2:    2^2
above 2
Found an isometry of order: 14
