1
glueing
Genus of
[-2  1  0 -2  2  0]
[ 1 -2  1  0 -2  2]
[ 0  1 -2  1  0 -2]
[-2  0  1 -2  1  0]
[ 2 -2  0  1 -2  1]
[ 0  2 -2  0  1 -2]
Signature:  (2, 4)
Genus symbol at 2:    1^6
Genus symbol at 7:     1^-5 7^-1
and
Genus of
[-4  2  0  0  0  0]
[ 2 -4  2  0  0  0]
[ 0  2 -4  2  0  0]
[ 0  0  2 -4  2  0]
[ 0  0  0  2 -4  2]
[ 0  0  0  0  2 -4]
Signature:  (0, 6)
Genus symbol at 2:    2^6
Genus symbol at 7:     1^5 7^1
above 2
7^1 * 2 -- 7^1
Genus of
[-2  1  0 -2  2  0  0  0  0  0  0  0]
[ 1 -2  1  0 -2  2  0  0  0  0  0  0]
[ 0  1 -2  1  0 -2  0  0  0  0  0  0]
[-2  0  1 -2  1  0  0  0  0  0  0  0]
[ 2 -2  0  1 -2  1  0  0  0  0  0  0]
[ 0  2 -2  0  1 -2  0  0  0  0  0  0]
[ 0  0  0  0  0  0 -4  2  0  0  0  0]
[ 0  0  0  0  0  0  2 -4  2  0  0  0]
[ 0  0  0  0  0  0  0  2 -4  2  0  0]
[ 0  0  0  0  0  0  0  0  2 -4  2  0]
[ 0  0  0  0  0  0  0  0  0  2 -4  2]
[ 0  0  0  0  0  0  0  0  0  0  2 -4]
Signature:  (2, 10)
Genus symbol at 2:    1^6:2^6
Genus symbol at 7:     1^-10 7^-2
glueing
Genus of
[-28]
Signature:  (0, 1)
Genus symbol at 2:    [4^1]_1
Genus symbol at 7:     7^-1
and
Genus of
[28]
Signature:  (1, 0)
Genus symbol at 2:    [4^1]_7
Genus symbol at 7:     7^1
above 2
glueing
Genus of
[-8  2  0 -6  6  0]
[ 2 -8  2  0 -6  6]
[ 0  2 -8  2  0 -6]
[-6  0  2 -8  2  0]
[ 6 -6  0  2 -8  2]
[ 0  6 -6  0  2 -8]
Signature:  (2, 4)
Genus symbol at 2:    2^6
Genus symbol at 7:     1^-5 7^-1
and
Genus of
[-4  2  0  0  0  0]
[ 2 -4  2  0  0  0]
[ 0  2 -4  2  0  0]
[ 0  0  2 -4  2  0]
[ 0  0  0  2 -4  2]
[ 0  0  0  0  2 -4]
Signature:  (0, 6)
Genus symbol at 2:    2^6
Genus symbol at 7:     1^5 7^1
above 2
7^1 * 2 -- 7^1
Genus of
[ -4  -2  -4  -2   0  -3  -2   1   0   1  -1  -1]
[ -2  -8  -2  -3  -5   0   1  -2   2  -1   0  -1]
[ -4  -2 -10  -3   2  -7   0   1  -1  -1   2  -2]
[ -2  -3  -3  -8   2   0   0   0   0   0   0   0]
[  0  -5   2   2  -8   2   0   0   0   0   0   0]
[ -3   0  -7   0   2  -8   0   0   0   0   0   0]
[ -2   1   0   0   0   0  -4   2   0   0   0   0]
[  1  -2   1   0   0   0   2  -4   2   0   0   0]
[  0   2  -1   0   0   0   0   2  -4   2   0   0]
[  1  -1  -1   0   0   0   0   0   2  -4   2   0]
[ -1   0   2   0   0   0   0   0   0   2  -4   2]
[ -1  -1  -2   0   0   0   0   0   0   0   2  -4]
Signature:  (2, 10)
Genus symbol at 2:    1^6:2^6
Genus symbol at 7:     1^-10 7^-2
glueing
Genus of
[-28]
Signature:  (0, 1)
Genus symbol at 2:    [4^1]_1
Genus symbol at 7:     7^-1
and
Genus of
[28]
Signature:  (1, 0)
Genus symbol at 2:    [4^1]_7
Genus symbol at 7:     7^1
above 2
7^1 * 2 -- 7^1
Genus of
[ -8  -2  -2  -6   1  -3  -2   1   1  -1   0  -1]
[ -2 -10   1  -3  -6   4   1  -2   2  -1  -1   1]
[ -2   1 -10   2  -3  -6   0   1  -2   2  -1  -1]
[ -6  -3   2  -8   2   0   0   0   0   0   0   0]
[  1  -6  -3   2  -8   2   0   0   0   0   0   0]
[ -3   4  -6   0   2  -8   0   0   0   0   0   0]
[ -2   1   0   0   0   0  -4   2   0   0   0   0]
[  1  -2   1   0   0   0   2  -4   2   0   0   0]
[  1   2  -2   0   0   0   0   2  -4   2   0   0]
[ -1  -1   2   0   0   0   0   0   2  -4   2   0]
[  0  -1  -1   0   0   0   0   0   0   2  -4   2]
[ -1   1  -1   0   0   0   0   0   0   0   2  -4]
Signature:  (2, 10)
Genus symbol at 2:    1^6:2^6
Genus symbol at 7:     1^-10 7^-2
glueing
Genus of
[-28]
Signature:  (0, 1)
Genus symbol at 2:    [4^1]_1
Genus symbol at 7:     7^-1
and
Genus of
[28]
Signature:  (1, 0)
Genus symbol at 2:    [4^1]_7
Genus symbol at 7:     7^1
above 2
7^1 * 2 -- 7^1
Genus of
[-2  0  1  0  0 -1  0  0  0  0  0  0]
[ 0 -2  0  1  0  0  0  0  0  0  0  0]
[ 1  0 -2  0  1  0  0  0  0  0  0  0]
[ 0  1  0 -2  0  1  0  0  0  0  0  0]
[ 0  0  1  0 -2  0  0  0  0  0  0  0]
[-1  0  0  1  0 -2  0  0  0  0  0  0]
[ 0  0  0  0  0  0 -4  2  0 -4  4  0]
[ 0  0  0  0  0  0  2 -4  2  0 -4  4]
[ 0  0  0  0  0  0  0  2 -4  2  0 -4]
[ 0  0  0  0  0  0 -4  0  2 -4  2  0]
[ 0  0  0  0  0  0  4 -4  0  2 -4  2]
[ 0  0  0  0  0  0  0  4 -4  0  2 -4]
Signature:  (2, 10)
Genus symbol at 2:    1^6:2^6
Genus symbol at 7:     1^-10 7^-2
glueing
Genus of
[-28]
Signature:  (0, 1)
Genus symbol at 2:    [4^1]_1
Genus symbol at 7:     7^-1
and
Genus of
[28]
Signature:  (1, 0)
Genus symbol at 2:    [4^1]_7
Genus symbol at 7:     7^1
above 2
