1
7^1 * 2 -- 7^1
Genus of
[-4  2  0 -4  4  0]
[ 2 -4  2  0 -4  4]
[ 0  2 -4  2  0 -4]
[-4  0  2 -4  2  0]
[ 4 -4  0  2 -4  2]
[ 0  4 -4  0  2 -4]
Signature:  (2, 4)
Genus symbol at 2:    2^6
Genus symbol at 7:     1^-5 7^-1
glueing
Genus of
[-4]
Signature:  (0, 1)
Genus symbol at 2:    [4^1]_7
and
Genus of
[28]
Signature:  (1, 0)
Genus symbol at 2:    [4^1]_7
Genus symbol at 7:     7^1
above 2
glueing
Genus of
[-8]
Signature:  (0, 1)
Genus symbol at 2:    [8^1]_7
and
Genus of
[56]
Signature:  (1, 0)
Genus symbol at 2:    [8^1]_7
Genus symbol at 7:     7^1
above 2
